load model path: ../weights/point5_lambda4_194999.pth

Evaluation of proposed methods for: X101
Settings ID: 5
VTM paramerters      : {'QP': 1, 'threads': 50}
Feature dump subsample ratio: 9
Loading pick4 ...
[ResizeShortestEdge(short_edge_length=(800, 800), max_size=1333, sample_style='choice')] ==================augmentations
pick4 Loaded
0.0931781045751634
0.05183931185944363
0.08881326687116564
0.07168246445497631
0.10107064421669107
0.10493035190615836
0.1180708516886931
0.052154541015625
0.0896139705882353
0.1792391304347826
0.09505597014925374
0.08935761346998536
0.058634440104166664
0.07769033674963396
0.08920670037926676
0.0752859477124183
0.07178806734992679
0.046852189781021895
0.0596923828125
0.049343961625282165
0.07054093567251463
0.08784993489583333
0.09041483918128655
0.072509765625
0.0679931640625
0.044956793802145414
0.07255045572916667
0.06825980392156862
0.026847340641494112
0.03955078125
0.10225183823529412
0.08144216691068815
0.054351806640625
0.056803385416666664
0.06280517578125
0.06619751908396947
0.07157389322916667
0.07447604790419161
0.078125
0.11136530014641288
0.08310389133627019
0.07013392857142857
0.0428228021978022
0.06815592447916667
0.048126220703125
0.0707140234948605
0.08978613569321534
0.08443196614583333
0.11113653001464129
0.08034407027818448
0.11082935560859189
0.11421712239583333
0.06146345208845209
0.07543498168498168
0.07963217338217338
0.07613469985358712
0.11537964876033058
0.0704345703125
0.142578125
0.0691189236111111
0.13563368055555555
0.09622071742313323
0.07539876302083333
0.16622740963855423
0.05169677734375
0.07979329427083333
0.05959051724137931
0.07267252604166667
0.06031021897810219
0.074462890625
0.042521158854166664
0.09659830729166667
0.08203125
0.07759882869692533
0.1487087673611111
0.10326286764705882
0.08797200520833333
0.048624674479166664
0.05577415812591508
0.079345703125
0.08647875816993464
0.0911865234375
0.08389598540145986
0.08148792093704246
0.04145314787701318
0.07356532356532357
0.08125921828908554
0.07682101024890191
0.031402587890625
0.1280241935483871
0.038818359375
0.048543294270833336
0.12971266471449489
0.09737141927083333
0.07929172767203514
0.058563232421875
0.046714860907759885
0.046696224256292905
0.0546875
0.07945393041237113
0.0771484375
0.07503660322108345
0.08744303385416667
0.093017578125
0.13803137651821862
0.052164713541666664
0.1031929347826087
0.07819363103953147
0.045224946120689655
0.041839599609375
0.13131405563689605
0.060532576866764276
0.06978352864583333
0.047444661458333336
0.08772786458333333
0.08089048672566372
0.07242862371888727
0.04622196738022426
0.071044921875
0.08793923865300146
0.06734212239583333
0.12039233576642336
0.0706476897689769
0.10919117647058824
0.08844253294289897
0.052300347222222224
0.0760889458272328
0.097412109375
0.08915201822916667
0.08170572916666667
0.0677490234375
0.10206377151799687
0.07007299270072993
0.07240966076696165
0.0972059968847352
0.07401529947916667
0.11615668402777778
0.10580817378497791
0.09013543191800878
0.11993613138686131
0.10127766927083333
0.08431523224043716
0.05386636636636637
0.07714128843338214
0.0791015625
0.10457356770833333
0.12922173274596183
0.10776018922852984
0.07636346998535871
0.13767386530014641
0.09208170572916667
0.07747395833333333
0.05738457502623295
0.0853770131771596
0.06363932291666667
0.1090087890625
0.07014973958333333
0.0735252808988764
0.06673177083333333
0.08024088541666667
0.08492024739583333
0.06001984126984127
0.06791178385416667
0.07146778916544656
0.06167642752562225
0.11749633967789165
0.08982843137254902
0.06914119359534207
0.08345428156748912
0.06368001302083333
0.07192532942898976
0.07320149739583333
0.09632352941176471
0.13138338414634146
0.0764189774696707
0.08901143790849673
0.029815673828125
0.055694580078125
0.10371907552083333
0.1081271701388889
0.09227825745682888
0.0901811859443631
0.09095900439238654
0.07465720663265306
0.03611407249466951
0.07906295754026355
0.07242838541666667
0.0380859375
0.09553440702781844
0.07572428385416667
0.11017940717628705
0.09745762711864407
0.068115234375
0.059733072916666664
0.11577560240963855
0.09522710487444609
0.09416178623718888
0.07851346685082873
0.051831113801452784
0.09650875190258752
0.07741581259150805
0.07178806734992679
0.07218424479166667
0.12440321180555555
0.09407074780058651
0.08736165364583333
0.1003940615835777
0.09932454427083333
0.04668398533007335
0.08428308823529412
0.13268667642752563
0.07450358072916667
0.07722981770833333
0.12100118483412323
0.06937939110070257
0.04767569546120059
0.09693413391557497
0.12203427065026362
0.12678440702781846
0.0868208516886931
0.11313868613138686
0.07695827232796486
0.10164388020833333
0.09082174231332357
0.037880710659898474
0.07513786764705882
0.06037321624588365
0.051055908203125
0.07107843137254902
0.0859375
0.06294759114583333
0.089599609375
0.08348540145985402
0.07755533854166667
0.12655791788856305
0.11909773060029283
0.11672522189349112
0.09944661458333333
0.10610465116279069
0.10871350364963504
0.06378111273792093
0.08635140728476821
0.0526123046875
0.087898244473342
0.049985011990407675
0.0559691011235955
0.042022705078125
0.06
0.11272977941176471
0.08739019033674963
0.041107177734375
0.06526692708333333
0.07930501302083333
0.0809326171875
0.11429355783308931
0.13507922535211267
0.10054154829545454
0.09228515625
0.06291790490341753
0.08478221083455344
0.07100972540045766
0.07328287760416667
0.09048713235294117
0.0540771484375
0.09181985294117648
0.04218521229868229
0.06789108187134503
0.07829063604240283
0.0944044502617801
0.13032305433186492
0.03865039281705948
0.05632320644216691
0.07659224011713031
0.10374087591240876
0.08427891654465593
0.10404465592972181
0.12541178623718888
0.11091068642745709
0.11058035714285715
0.052437106918238996
0.1091218703976436
0.06442166910688141
0.08846028645833333
0.10976277372262774
0.07137044270833333
0.07950846354166667
0.1511437908496732
0.09737518355359764
0.07666015625
0.09698275862068965
0.09402452415812591
0.03973388671875
0.09706975920679886
0.13081076134699854
0.0577392578125
0.095703125
0.07564290364583333
0.08015950520833333
0.078369140625
0.060638427734375
0.07283528645833333
0.12883211678832115
0.06660970052083333
0.0819777397260274
0.0789794921875
0.07976726726726727
0.0424597364568082
0.12124816983894583
0.09512262079062958
0.09076433121019108
0.047932942708333336
0.081298828125
0.13537077826725405
0.10599772135416667
0.09061686197916667
0.09676106770833333
0.10024834437086093
0.08611918604651163
0.08036295572916667
0.08113606770833333
0.07710774739583333
0.11170789930555555
0.10848017621145374
0.06149341142020498
0.061238606770833336
0.09882869692532943
0.08194986979166667
0.07148081924577374
0.07338023560209424
0.104248046875
0.10393389199255121
0.11502757352941176
0.09197339650145772
0.06288156288156288
0.041951497395833336
0.06636555989583333
0.08018695014662756
0.07331204379562044
0.069921875
0.07222493489583333
0.12010431918008785
0.0421377183967112
0.07198079427083333
0.10935212298682284
0.08318081991215227
0.07987467447916667
0.08333333333333333
0.060953776041666664
0.060628255208333336
0.09854497354497355
0.0989990234375
0.0773654513888889
0.049397786458333336
0.04534313725490196
0.09227430555555556
0.04866412213740458
0.0714111328125
0.057861328125
0.0833740234375
0.13401354319180087
0.06384452411994784
0.03797584187408492
0.09985315712187959
0.1175454186413902
0.08450768667642752
0.11464416058394161
0.0831298828125
0.07578812316715543
0.07303873697916667
0.08432904411764706
0.07382179675994109
0.09960651537335286
0.09820772058823529
0.07246907552083333
0.1110781990521327
0.10972222222222222
0.05252918287937743
0.06245424597364568
0.041259765625
0.12344436310395315
0.11246744791666667
0.12050293685756241
0.093658357771261
0.16482965931863727
0.045301418439716315
0.06881405563689605
0.07637867647058824
0.10490576496674058
0.0606689453125
0.06211890243902439
0.10036764705882353
0.08812225475841874
0.0704345703125
0.09680851063829787
0.06824074074074074
0.10061825148032044
0.09390822784810127
0.07931709809264305
0.14780112651646446
0.07049900530503979
0.11598645680819912
0.057332356770833336
0.06320541760722348
0.1307483277591973
0.09370437956204379
0.08880131964809385
0.06167642752562225
0.07450274348422496
0.06988936591809776
0.08036295572916667
0.0693359375
0.07332356770833333
0.0853271484375
0.09392099863201095
0.08544921875
0.06298828125
0.16450991189427314
0.09124654696132596
0.08116764275256222
0.0789794921875
0.0577392578125
0.07185872395833333
0.09882869692532943
0.06732019064124783
0.09985315712187959
0.07008539244186046
0.048258463541666664
0.038729809104258446
0.03905109489051095
0.0333251953125
0.07368977864583333
0.0832723279648609
0.0823974609375
0.09016927083333333
0.06862745098039216
0.06121826171875
0.08743594436310395
0.07595870206489676
0.08561197916666667
0.07563140556368961
0.12239984591679506
0.07370118549511855
0.09977213541666667
0.09443631039531479
0.14028013582342955
0.11777086383601756
0.031474358974358976
0.10347493489583333
0.13666130514705882
0.08144556714471969
0.09776785714285714
0.06746419270833333
0.04053308823529412
0.07023111979166667
0.12120225694444445
0.08298203812316715
0.1075487012987013
0.08661994784876141
0.053548177083333336
0.07743326822916667
0.045440673828125
0.037679036458333336
0.09855417276720352
0.109283357771261
0.058244875549048315
0.08246870882740448
0.14441535776614312
0.109466642228739
0.054534912109375
0.14925130208333334
0.06921728971962617
0.11299641927083333
0.09632581648522551
0.0843505859375
0.08949487554904832
0.08748169838945827
0.11535714285714285
0.06392415364583333
0.08501519097222222
0.03251628075253256
0.0792236328125
0.09466776798825256
0.0484619140625
0.10290080527086383
0.12122933884297521
0.1151798825256975
0.047726104830421376
0.043497721354166664
0.09696451822916667
0.07636363636363637
0.09625244140625
0.08400439238653001
0.06315104166666667
0.05258507853403142
0.16877297794117646
0.1125
0.0564064558629776
0.08816800878477306
0.07766990291262135
0.06827799479166667
0.0743408203125
0.06591796875
0.07137628111273792
0.0921384529147982
0.12270021645021645
0.051971435546875
0.07521961932650073
0.076171875
0.08109544049459042
0.06043388429752066
0.08256964809384164
0.07900390625
0.07515462239583333
0.08516438802083333
0.11707899305555555
0.08662923177083333
0.05242673992673993
0.0836181640625
0.09787390029325513
0.0953971449487555
0.09224446614583333
0.11897786458333333
0.06290971394517282
0.07892569546120058
0.11084992625368732
0.07497710622710622
0.06521381578947369
0.08062591776798825
0.11015625
0.1128294289897511
0.0740966796875
0.033610026041666664
0.052897135416666664
0.0430908203125
0.11346357850070721
0.08463145896656535
0.07427602639296188
0.14294724770642203
0.05369475138121547
0.07857259114583333
0.08214058524173028
0.1279325513196481
0.08084736456808199
0.09673274596182085
0.08199055989583333
0.11973828696925329
0.10186033724340177
0.06747895077720208
0.03884516837481698
0.0896551724137931
0.048065185546875
0.08955627705627706
0.09155380673499268
0.11479685212298682
0.10761346998535871
0.11599264705882353
0.10159447476125512
0.10035532069970846
0.07018667642752562
0.13300695461200585
0.08199668141592921
0.0783420138888889
0.061129032258064514
0.04853896103896104
0.07181803385416667
0.056013431013431016
0.09468587239583333
0.11722689075630252
0.03848830734966593
0.045774217221135026
0.1458695652173913
0.07132975260416667
0.09586588541666667
0.039388020833333336
0.08662280701754387
0.097900390625
0.10173905367231638
0.11162683823529412
0.08048502604166667
0.10595703125
0.08139641288433382
0.07244318181818182
0.11743951612903226
0.01849365234375
0.07873376623376624
0.0849194729136164
0.0816650390625
0.09000365497076024
0.08614095052083333
0.0822479702300406
0.07743326822916667
0.052434114202049784
0.10948905109489052
0.08647555096418733
0.1267391304347826
0.07176945668135096
0.05670968882602546
0.08368566176470588
0.12211749633967789
0.12955729166666666
0.0413818359375
0.0853271484375
0.08447265625
0.11681002928257686
0.06711691086691086
0.0556640625
0.09859992679355783
0.057413736979166664
0.10843912760416667
0.09285481770833333
0.04459830339321357
0.09452311197916667
0.08638509114583333
0.07219985358711567
0.044026692708333336
0.07581018518518519
0.08497968980797636
0.07892569546120058
0.0926690251572327
0.07992224178403756
0.09123883928571429
0.06477469670710571
0.03569113070539419
0.09110514322916667
0.08036295572916667
0.0358201581027668
0.061604817708333336
0.07430013020833333
0.147077802359882
0.07109375
0.0806884765625
0.09953383977900553
0.07759882869692533
0.08028157552083333
0.080078125
0.06844075520833333
0.12911786237188871
0.06368786549707603
0.11196010248901904
0.04581037074148297
0.06927447552447552
0.048624674479166664
0.11973828696925329
0.04491361071932299
0.08275462962962964
0.10061310395314788
0.06941898826979472
0.09232584635416667
0.11278367496339678
0.041422526041666664
0.07425944010416667
0.07198079427083333
0.07633463541666667
0.1306734992679356
0.09868178466076696
0.08321126302083333
0.0706787109375
0.08172723935389134
0.09928623718887263
0.04149590163934426
0.14984309623430964
0.022583674863387977
0.12775735294117646
0.11385909763313609
0.050333658854166664
0.0997314453125
0.04323377581120944
0.08235677083333333
0.05320945945945946
0.050611413043478264
0.08526011560693642
0.07735188802083333
0.13695848375451264
0.047629941434846265
0.08107485250737463
0.09444173177083333
0.1407766990291262
0.13758235724743778
0.13060897435897437
0.06715864116094987
0.055582682291666664
0.07759602864583333
0.10109031593406594
0.1482059282371295
0.09068627450980392
0.092041015625
0.09342447916666667
0.047607421875
0.081787109375
0.06274509803921569
0.10861784140969163
0.07695997807017543
0.07103658536585365
0.11832567185289958
0.0816650390625
0.06856282552083333
0.04655330882352941
0.10036764705882353
0.08180819912152269
0.056734992679355785
0.09616416309012875
0.07288616398243046
0.05118613138686132
0.09356563421828909
0.07649739583333333
0.046142578125
0.09310850439882698
0.11708455344070279
0.11152859237536657
0.12774604569420034
0.07344563802083333
0.0897216796875
0.10953467153284671
0.05470811345646438
0.07336051930758988
0.056643484626647145
0.04871830209481808
0.07942898975109809
0.06819661458333333
0.046834309895833336
0.060709635416666664
0.1458549896049896
0.10238970588235294
0.14816176470588235
0.07942708333333333
0.10054524739583333
0.11692469418960244
0.08186848958333333
0.057088216145833336
0.08642578125
0.0935546875
0.10237226277372263
0.08883037694013304
0.08650965379494008
0.05742725880551302
0.0703125
0.08854166666666667
0.11827299412915851
0.10017903645833333
0.09078733766233767
0.09571742313323572
0.10477672035139092
0.048295454545454544
0.09175701530612244
0.1156434365781711
0.04964311859443631
0.08162518301610541
0.1109619140625
0.06917317708333333
0.1776252408477842
0.07311580882352942
0.12219669117647058
0.07586375488917861
0.08870442708333333
0.06966145833333333
0.07332966226138032
0.09174262152777778
0.06517295597484277
0.07108561197916667
0.06876627604166667
0.10738469985358712
0.13423061056105612
0.07244318181818182
0.06931734992679356
0.08284505208333333
0.0955810546875
0.033365885416666664
0.07470703125
0.08351688693098384
0.05333438685208597
0.08304850260416667
0.10701866764275256
0.06302897135416667
0.07486979166666667
0.09743713733075435
0.10264423076923077
0.04740117130307467
0.125507005899705
0.09342972181551977
0.038616398243045386
0.0876569423929099
0.058064778645833336
0.058308919270833336
0.070556640625
0.04424747757847534
0.13023127753303965
0.14331479690522245
0.046875
0.10229779411764706
0.02691650390625
0.04535186199342826
0.1202127659574468
0.06375
0.094482421875
0.08003743489583333
0.07657877604166667
0.07837484624846248
0.08884714076246335
0.08894582723279648
0.0313720703125
0.05588600852272727
0.0939625850340136
0.055419921875
0.08153367496339678
0.07391910739191074
0.05180800293685756
0.08375347705146036
0.1675347222222222
0.10966796875
0.13451286764705883
0.09037272135416667
0.038867955439056356
0.10547385620915033
0.08511029411764706
0.13403684701492538
0.07242862371888727
0.04805484693877551
0.09035228898426323
0.11861213235294117
0.07747395833333333
0.0394287109375
0.06211463004484305
0.0487060546875
0.06854423868312758
0.055511474609375
0.0711669921875
0.0913707906295754
0.08596041055718476
0.06819661458333333
0.08624633967789165
0.0611219195849546
0.09050546448087432
0.12037206744868036
0.08036295572916667
0.08226573938506589
0.0654296875
0.07194410319410319
0.08369954427083333
0.12927504816955684
0.11328696925329429
0.10575853115727003
0.03342391304347826
0.08432467057101024
0.1304904831625183
0.06644694010416667
0.08640734265734265
0.060506184895833336
0.07987467447916667
0.08084736456808199
0.0751953125
0.08363836017569547
0.08487955729166667
0.08114035087719298
0.08991013071895425
0.0844485294117647
0.047088623046875
0.14686414930555555
0.09068627450980392
0.0999755859375
0.07128477306002928
0.057088216145833336
0.0875244140625
0.07112226277372263
0.04128482404692082
0.058878580729166664
0.053059895833333336
0.10085445468509985
0.077392578125
0.09595588235294118
0.10282464212678936
0.10110294117647059
0.10326683748169839
0.09525988286969253
0.09696451822916667
0.09239699720670391
0.06497071742313323
0.069580078125
0.05404788011695907
0.06400553385416667
0.07609049479166667
0.07234700520833333
0.08452722063037249
0.08017880154639176
0.06315104166666667
0.11135869565217392
0.09004720052083333
0.07141544117647058
0.12294106881405564
0.10111639824304539
0.05828198356807512
0.058199121522694
0.083740234375
0.08284505208333333
0.062174479166666664
0.05783420138888889
0.03463894681960376
0.10781708211143695
0.06520061728395062
0.09012858072916667
0.13223973607038123
0.082763671875
0.081298828125
0.02619179600886918
0.0597640218878249
0.11772510980966325
0.059529622395833336
0.08329264322916667
0.09041341145833333
0.020548502604166668
0.07670036764705883
0.0972900390625
0.0616455078125
0.11625
0.09733455882352941
0.074462890625
0.09940592447916667
0.06494140625
0.0853770131771596
0.06001984126984127
0.11891471449487555
0.06883259911894272
0.06332599118942732
0.07688492063492064
0.12289531478770131
0.082997803806735
0.0716552734375
0.09782807917888563
0.09444173177083333
0.06756664853101196
0.06361903183023873
0.0726318359375
0.07376669139465876
0.0950927734375
0.0982796486090776
0.04662408759124088
0.07645670572916667
0.08635948905109489
0.0914656432748538
0.08031045751633988
0.0745849609375
0.062337239583333336
0.05322265625
0.061222627737226275
0.0992431640625
0.07494509516837482
0.1182861328125
0.08443196614583333
0.12158203125
0.09134928385416667
0.09837115666178624
0.10031734837799718
0.06937662760416667
0.041229248046875
0.09104258443465492
0.1375186846038864
0.08533653846153846
0.0382080078125
0.12180656934306569
0.07144160583941606
0.13845168374816985
0.07390603799185888
0.05309823340471092
0.10120790629575403
0.0982796486090776
0.08489656381486677
0.08807650073206442
0.09847005208333333
0.1206406020558003
0.08450768667642752
0.12024158125915081
0.0691800878477306
0.07902018229166667
0.0560302734375
0.11154446177847113
0.1070556640625
0.12235401459854015
0.08349609375
0.05714760638297872
0.08582516339869281
0.1166270131771596
0.09603770131771595
0.053751627604166664
0.058349609375
0.09928385416666667
0.06986490885416667
0.034749348958333336
0.050444596443228455
0.059773763020833336
0.09260614934114202
0.07370105421686747
0.09419759114583333
0.08204648894668401
0.06593137254901961
0.07173665364583333
0.07987534153005464
0.0936587591240876
0.08066434846266471
0.04092920353982301
0.0880126953125
0.05659773060029283
0.0477294921875
0.07218424479166667
0.05981012658227848
0.05010986328125
0.09837793255131964
0.0509033203125
0.07095390309555855
0.1372907949790795
0.11241764275256222
0.0792002196193265
0.13472529498525074
0.08148792093704246
0.09498717008797654
0.059065934065934064
0.12967391304347825
0.1042276720351391
0.055867513020833336
0.052520751953125
0.0905883431085044
0.09379194630872484
0.060577392578125
0.03613826815642458
0.0345458984375
0.09113436123348018
0.07275390625
0.10127766927083333
0.0731156207366985
0.034759521484375
0.07078147877013177
0.08280642023346303
0.0814208984375
0.047271728515625
0.056681315104166664
0.09452554744525547
0.10575358072916667
0.0811698717948718
0.12490822320117474
0.050502232142857144
0.048583984375
0.06021838331160365
0.10347493489583333
0.046346028645833336
0.07389322916666667
0.07548014322916667
0.11970653789004458
0.10347493489583333
0.0830078125
0.061726888020833336
0.0647888639760837
0.058990478515625
0.153162265758092
0.08446193265007321
0.11291058394160584
0.06538899739583333
0.12705893118594436
0.10208944281524927
0.056884765625
0.1218841642228739
0.06451612903225806
0.06121826171875
0.110625
0.09081744868035191
0.10807291666666667
0.06534830729166667
0.07574926900584796
0.13000206270627063
0.07856093979441997
0.10575358072916667
0.1291015625
0.05322265625
0.1028684017595308
0.05018403171007928
0.067138671875
0.08771046852122986
0.08670387994143484
0.08732326478149101
0.07700747724317296
0.0675990675990676
0.0804443359375
0.08336383601756954
0.10005868544600939
0.05600292825768668
0.12755474452554744
0.059814453125
0.0968017578125
0.07146778916544656
0.09346516927083333
0.0937041788856305
0.09604779411764706
0.1036376953125
0.07572428385416667
0.13512646627565983
0.16650390625
0.0980383211678832
0.046875
0.0633544921875
0.0823974609375
0.08757320644216691
0.056784441805225655
0.10055738304093567
0.06537624378109452
0.06516513377926421
0.069091796875
0.10254765395894429
0.06890556368960468
0.10750325520833333
0.07598039215686274
0.0293314639905549
0.08248156836461126
0.08322657393850659
0.0517578125
0.0858803074670571
0.06594669117647059
0.0961292093704246
0.11154831625183016
0.1266928989751098
0.05220534407027819
0.08793131510416667
0.06273045722713864
0.07169117647058823
0.08089192708333333
0.09285481770833333
0.08467610677083333
0.07828513909224012
0.08430125368731563
0.16432250396196513
0.09916178385416667
0.04004765395894428
0.0682373046875
0.1196769456681351
0.057535807291666664
0.0483204845814978
0.07787093495934959
0.10046600877192982
0.10113413838120104
0.0899658203125
0.053706030150753765
0.12158054711246201
0.04499141999141999
0.11066365979381443
0.07430013020833333
0.09301470588235294
0.0592041015625
0.07757948877805486
0.09132281553398058
0.07000366032210835
0.07446428571428572
0.09571742313323572
0.08652086383601756
0.05952380952380952
0.0847160766961652
0.06612141927083333
0.05706308777429467
0.06457106038291606
0.0501708984375
0.07816569010416667
0.09462573746312684
0.056844075520833336
0.06343587239583333
0.085205078125
0.09960651537335286
0.07140234948604993
0.07723279648609077
0.0877685546875
0.047566731770833336
0.05998352855051244
0.0813324780058651
0.12547508445945946
0.10353860294117648
0.08085123697916667
0.06507352941176471
0.07168784029038112
0.1016196925329429
0.09050146412884334
0.03019765739385066
0.11600748697916667
0.026641845703125
0.0769764216366158
0.0535888671875
0.07628038194444445
0.07149251302083333
0.09361273792093704
0.09672401171303074
0.052224289580514206
0.1083941605839416
0.10929276315789474
0.11107038123167155
0.07755533854166667
0.09506630265210608
0.08391288433382138
0.10893906020558003
0.11262175324675325
0.0782470703125
0.0610207100591716
0.08171106557377049
0.07569271481942715
0.06620279947916667
0.05202118138424821
0.0760498046875
0.06295888399412629
0.08702415812591507
0.07901720351390923
0.11717606149341142
0.06852213541666667
0.07767740885416667
0.10592830882352941
0.06962076822916667
0.13397412536443148
0.0551909307875895
0.07621256510416667
0.09330240885416667
0.08528645833333333
0.05409987669543773
0.1028225806451613
0.07568359375
0.053995768229166664
0.055094401041666664
0.12371888726207907
0.06475257437070939
0.1263229927007299
0.062296637744034704
0.07624658469945356
0.10483576642335767
0.06253060724779627
0.13660307517084283
0.08976939970717424
0.06477568270481145
0.07161458333333333
0.05616605616605617
0.05957174231332357
0.0607933859223301
0.118548682284041
0.08614659367396593
0.11792279411764706
0.08693265007320644
0.056020220588235296
0.1130690161527166
0.07606304985337244
0.06149341142020498
0.06218434343434343
0.1001953125
0.08508211678832117
0.11250915080527087
0.11510263929618768
0.08170572916666667
0.08186848958333333
0.055623372395833336
0.1376281112737921
0.07380514705882353
0.05616740088105727
0.08060709635416667
0.06030380673499268
0.060791015625
0.0635986328125
0.06685384114583333
0.10204409246575342
0.1061493411420205
0.039276123046875
0.09672401171303074
0.041046142578125
0.1120876736111111
0.11680772569444445
0.052276611328125
0.09347426470588235
0.049479166666666664
0.10782877604166667
0.1069182389937107
0.10111823855755894
0.06498209635416667
0.06266276041666667
0.11483895705521473
0.08605205278592376
0.06339518229166667
0.10054524739583333
0.087548828125
0.05641471449487555
0.143125
0.05487060546875
0.13604240282685512
0.08720717423133235
0.07691251830161054
0.0833637026239067
0.09447780203784571
0.10381588579795022
0.1438474870017331
0.0584716796875
0.049763997395833336
0.10953513909224012
0.06380208333333333
0.1065673828125
0.0869140625
0.041534423828125
0.06762545899632803
0.0924072265625
0.04658882783882784
0.09232584635416667
0.044230143229166664
0.08699544270833333
0.08897058823529412
0.12769948755490484
0.08896725032425422
0.06776171303074671
0.049094025465230166
0.07156209362808842
0.07731119791666667
0.062164306640625
0.11264641288433382
0.10289634146341463
0.0650634765625
0.08176763803680982
0.09214860907759882
0.1160888671875
0.10193997071742314
0.08514861563517916
0.059855143229166664
0.09334309895833333
0.07390945747800587
0.12744140625
0.082997803806735
0.0703125
0.030838274044795784
0.10757743362831858
0.09002293577981652
0.07462686567164178
0.06047197640117994
0.09503111273792093
0.01763916015625
0.08577473958333333
0.07750732064421668
0.0722913616398243
0.10123697916666667
0.14162234042553193
0.06031021897810219
0.0780029296875
0.07686360677083333
0.13684402332361517
0.07194010416666667
0.046061197916666664
0.0897216796875
0.0477294921875
0.11699304538799414
0.07447687224669604
0.09883093525179856
0.11237266553480475
0.08272298177083333
0.105712890625
0.073486328125
0.06103515625
0.09623209635416667
0.07047526041666667
0.1400824652777778
0.08139641288433382
0.12004405286343613
0.06578947368421052
0.07120768229166667
0.0490617048346056
0.081298828125
0.05838815789473684
0.10546875
0.07577838827838827
0.10659875183553598
0.05287124582869855
0.08030958721704394
0.08210348506401138
0.026947021484375
0.07101531942633638
0.07997651734104046
0.11571691176470589
0.11649782923299566
0.08305678466076696
0.026214599609375
0.05841503267973856
0.07663362701908957
0.0507172131147541
0.0504150390625
0.0894775390625
0.041778564453125
0.07613469985358712
0.0662841796875
0.04119873046875
0.060099283854166664
0.06544972640218878
0.07312091503267974
0.0875
0.07373046875
0.0947080291970803
0.11913314176245211
0.07332356770833333
0.05889892578125
0.09333639705882353
0.06745594713656387
0.03729248046875
0.063507080078125
0.09312749003984064
0.09232584635416667
0.10584821428571428
0.12445255474452555
0.0789714494875549
0.08857221407624634
0.05908203125
0.06789077212806026
0.08182779947916667
0.097473604826546
0.1238103953147877
0.09580078125
0.08597819010416667
0.13698755490483164
0.07006195335276968
0.057820638020833336
0.09867350260416667
0.096240234375
0.08316532258064516
0.109283357771261
0.1569552951388889
0.09859992679355783
0.12104044834307992
0.107177734375
0.06502278645833333
0.1582573784722222
0.08341471354166667
0.055856832971800434
0.07755533854166667
0.059722222222222225
0.0694580078125
0.06913433382137628
0.060441068814055636
0.07344563802083333
0.05191605839416059
0.06661786237188873
0.10894033674963396
0.11559287812041116
0.08255323054331865
0.032684326171875
0.0421142578125
0.042683919270833336
0.07320149739583333
0.08733059914407988
0.07151354319180088
0.07767740885416667
0.10514275256222548
0.07822580645161291
0.09737141927083333
0.05894356343283582
0.08807650073206442
0.07470703125
0.057820638020833336
0.07967122395833333
0.10729319180087847
0.0635986328125
0.12288411458333333
0.040139296187683284
0.08565153733528551
0.1175878477306003
0.06931900289017341
0.1029052734375
0.1065359477124183
0.05847364568081991
0.10230600292825769
0.07320149739583333
0.06164169787765293
0.08980359765051395
0.06351725260416667
0.07071940104166667
0.08299247382198953
0.08066434846266471
0.033660888671875
0.13073604992657856
0.09696451822916667
0.060384114583333336
0.11384587020648967
0.036529541015625
0.054728190104166664
0.1014404296875
0.09466508052708639
0.06640625
0.08015950520833333
0.10198572474377746
0.068115234375
0.0499267578125
0.0616455078125
0.1270889037433155
0.1134765625
0.079
0.10591042584434655
0.1567532942898975
0.07893880208333333
0.07610887096774194
0.036655578300921185
0.039886474609375
0.09256998697916667
0.035003662109375
0.07157389322916667
0.11366556534508077
0.06656901041666667
0.081787109375
0.07177734375
0.05877685546875
0.08784773060029283
0.09429904831625183
0.05401611328125
0.08089192708333333
0.028045654296875
0.0836181640625
0.049967447916666664
0.0552978515625
0.08037683823529412
0.07796223958333333
0.061319986979166664
0.1036376953125
0.08121744791666667
0.08980305989583333
0.10955882352941176
0.060901749663526246
0.11709558823529412
0.10033857979502196
0.0806884765625
0.10367862371888727
0.12730935534591195
0.060262044270833336
0.06978352864583333
0.08388399412628487
0.11371145374449339
0.08487955729166667
0.1120334201388889
0.08222680097680098
0.09306368960468521
0.10059306569343066
0.09585468521229869
0.07383777633289987
0.10950499168053245
0.116650390625
0.0880126953125
0.0593887262079063
0.04632568359375
0.08858235677083333
0.12200218023255814
0.11666362973760933
0.05419921875
0.06908857979502196
0.0545617816091954
0.13891721044045677
0.08455344070278184
0.1847873263888889
0.10079612005856516
0.084716796875
0.0724311440677966
0.11122803806734993
0.12161420204978038
0.04974302496328928
0.07830882352941176
0.08984375
0.12902635431918008
0.09730839416058394
0.11342423133235725
0.1349826388888889
0.042683919270833336
0.08016826923076924
0.0880126953125
0.06976232394366197
0.0428466796875
0.06547619047619048
0.021209716796875
0.0661764705882353
0.09824846860643185
0.09347426470588235
0.11126746894409938
0.09683098591549295
0.0396728515625
0.09647623697916667
0.0789794921875
0.08677884615384615
0.13118489583333334
0.09395345052083333
0.1124543795620438
0.052897135416666664
0.0990889498432602
0.091064453125
0.08907063802083333
0.08170572916666667
0.07132975260416667
0.07256741982507289
0.09812956204379562
0.12444933920704845
0.08780924479166667
0.047682584269662924
0.08780924479166667
0.11484800362976406
0.08835730088495575
0.0264892578125
0.053590238764044944
0.0838623046875
0.11028046062407132
0.081787109375
0.054484049479166664
0.0699462890625
0.094482421875
0.09841691068814055
0.07861328125
0.08217423133235725
0.08174641927083333
0.07076949860724234
0.08835102489019034
0.06773897058823529
0.07924597364568083
0.0421142578125
0.06862824675324675
0.044407894736842105
0.10694738700564972
0.06959187408491947
0.06808035714285714
0.09896595900439238
0.08359260614934114
0.08958638360175696
0.063720703125
0.07964409722222222
0.11751302083333333
0.04306076017130621
0.06795247395833333
0.05510752688172043
0.11416594076655052
0.05574448529411765
0.06180632630410655
0.030120849609375
0.11829399141630902
0.08761840324763194
0.06932565789473684
0.1615117130307467
0.08024088541666667
0.07320149739583333
0.08687337239583333
0.09765625
0.08505673499267935
0.06815592447916667
0.07584635416666667
0.08699544270833333
0.06552301864801865
0.0626215953307393
0.12042459736456808
0.09774229074889867
0.08536783854166667
0.06291555851063829
0.08357771260997067
0.0948921783625731
0.031112334801762113
0.13383838383838384
0.10651537335285505
0.07377115885416667
0.06859557867360208
0.09525767543859649
0.06333841463414634
0.10621630727762803
0.10016447368421053
0.06938614900314795
0.070556640625
0.08262638504155125
0.07757923673997413
0.09324670571010249
0.059366861979166664
0.1042276720351391
0.07101024890190337
0.09379960317460317
0.07782759882869693
0.09439055636896047
0.06940885797950219
0.0850200177935943
0.09375
0.038492357001972385
0.10188802083333333
0.0814994131455399
0.07079646017699115
0.05708180708180708
0.08275293255131964
0.14338235294117646
0.10564604685212299
0.10087076822916667
0.04058837890625
0.12173913043478261
0.12628676470588235
0.08519399707174231
0.08562775330396476
0.0621559633027523
0.10784224011713031
0.068115234375
0.12825
0.0627297794117647
0.09370404411764706
0.08170955882352941
0.06498209635416667
0.11740483162518302
0.073876953125
0.049601236979166664
0.10493995633187773
0.11018880208333333
0.075439453125
0.08638509114583333
0.09885204081632654
0.042633056640625
0.11024816176470588
0.08546852122986823
0.10926061493411421
0.1047309663250366
0.09577581032412966
0.07861328125
0.0615234375
0.08574304538799414
0.051350911458333336
0.0693359375
0.0633544921875
0.07857259114583333
0.10436493411420204
0.0881076388888889
0.063232421875
0.08001658374792703
0.06392463235294117
0.0765380859375
0.0861755540166205
0.05891330891330891
0.10237375533428165
0.12529592803030304
0.08935117302052786
0.09887445095168375
0.0968017578125
0.04708089311859444
0.053466796875
0.12748893805309736
0.11955527086383602
0.0622712298682284
0.07503660322108345
0.08301983584131327
0.05375946034879895
0.08290629575402636
0.06775402046783625
0.035858154296875
0.1137784090909091
0.06966145833333333
0.07604319180087847
0.09974377745241582
0.09676106770833333
0.08829752604166667
0.08877331420373027
0.08019822006472492
0.08406575520833333
0.06856282552083333
0.0345356308411215
0.11589494875549049
0.08101399739583333
0.08056640625
0.08553059895833333
0.10102489019033675
0.09765051395007342
0.08756510416666667
0.11369875549048317
0.0333251953125
0.0819091796875
0.04359115347018573
0.12385614934114202
0.08304850260416667
0.08446822308690013
0.093994140625
0.08414713541666667
0.07246907552083333
0.09342972181551977
0.06368001302083333
0.05078696925329429
0.045857747395833336
0.09407552083333333
0.08736165364583333
0.1013215859030837
0.07745448634590377
0.06291299559471365
0.05943861323155216
0.04770861833105335
0.09808006535947712
0.10093060661764706
0.13506588579795023
0.07454427083333333
0.0491943359375
0.1104014598540146
0.06632486979166667
0.14307284040995608
0.06835361356932153
0.0847232404692082
0.08258601756954612
0.09365849194729137
0.06574853587115666
0.13317555938037864
0.10709635416666667
0.067138671875
0.08882649739583333
0.11468978102189781
0.04911670235546039
0.10891544117647059
0.06868489583333333
0.049560546875
0.06294759114583333
0.12088213762811127
0.0844983552631579
0.067138671875
0.052490234375
0.12334801762114538
0.07857259114583333
0.060831705729166664
0.0859375
0.09488932291666667
0.0754725392296719
0.08819444444444445
0.10677083333333333
0.09928623718887263
0.0658400439238653
0.03799365303244006
0.10989130434782608
0.055266579973992196
0.038604736328125
0.057576497395833336
0.056793212890625
0.09407027818448023
0.10493977864583333
0.08447265625
0.08020833333333334
0.046966552734375
0.058390299479166664
0.03533935546875
0.08162434895833333
0.12371323529411765
0.0939670138888889
0.08660216178521618
0.09358723958333333
0.08882649739583333
0.050211588541666664
0.04275456919060052
0.0799560546875
0.053349194729136164
0.04775116822429906
0.043635033444816056
0.07596842447916667
0.06861733490566038
0.05751477104874446
0.0909132503660322
0.0833938953488372
0.035929361979166664
0.04296875
0.06759361233480177
0.11375734214390602
0.07552083333333333
0.0750732421875
0.08553059895833333
0.0787353515625
0.09169106881405564
0.07565359477124182
0.08986090775988287
0.08816800878477306
0.054850260416666664
0.09786184210526316
0.03887939453125
0.06734992679355783
0.07828513909224012
0.07548014322916667
0.07741910866910867
0.07137628111273792
0.08988970588235294
0.09337022569444445
0.10656112737920936
0.032185872395833336
0.04783912830558276
0.07955496651785714
0.1318014705882353
0.08254977876106195
0.10815169039145907
0.10054347826086957
0.06588801711840228
0.08699544270833333
0.09196559297218156
0.060089111328125
0.0909132503660322
0.0702054794520548
0.09741032210834553
0.0882568359375
0.11717606149341142
0.01483154296875
0.05325551044083527
0.06381460336538461
0.083984375
0.07176094890510949
0.07320644216691069
0.0892333984375
0.11945199275362318
0.0467529296875
0.06632486979166667
0.055246350364963503
0.07987467447916667
0.10598841554559044
0.054107666015625
0.11401333789329686
0.07592199738903395
0.037933349609375
0.05823237885462555
0.06868773349937733
0.055623372395833336
0.0821533203125
0.11780608504398828
0.08076985677083333
0.0472412109375
0.08489990234375
0.06700832305795315
0.07004941434846267
0.12605388563049855
0.091552734375
0.03448486328125
0.060089111328125
0.1203125
0.0748291015625
0.10614561586638831
0.08455403645833333
0.09277758132956153
0.0753946402349486
0.07495915032679738
0.08661237188872621
0.09742107195301028
0.07442220052083333
0.10519301470588235
0.0638427734375
0.10170833333333333
0.07577472144846796
0.08940336749633968
0.061808268229166664
0.04786160058737151
0.08784993489583333
0.0501708984375
0.13373901903367497
0.08176244509516838
0.08093887262079064
0.0877685546875
0.06887842465753424
0.09745279947916667
0.07902018229166667
0.10115559895833333
0.06421061415220294
0.024993896484375
0.10366865869853918
0.10317887931034483
0.0462646484375
0.09274341142020498
0.07782759882869693
0.072265625
0.12596701954397393
0.10520527859237537
0.0823974609375
0.08833821614583333
0.0574190097799511
0.08662923177083333
0.13134449244060475
0.08447265625
0.058878580729166664
0.07700402635431917
0.11969253294289897
0.08037023460410557
0.1035701174743025
0.05518225331369661
0.106640625
0.08582899305555555
0.035807291666666664
0.09517045454545454
0.07544052863436124
0.045746991978609625
0.09430147058823529
0.08821614583333333
0.09169106881405564
0.10582906295754026
0.05510602678571429
0.14721715328467153
0.11332194010416667
0.0091796875
0.09073893229166667
0.06049780150753769
0.09521842878120411
0.12339860907759882
0.062459309895833336
0.08093887262079064
0.09183756510416667
0.0844941348973607
0.1142578125
0.10793374816983894
0.050862630208333336
0.040812174479166664
0.11043198529411764
0.048421223958333336
0.09100115740740741
0.04418438796680498
0.10360401459854014
0.086669921875
0.10857430453879942
0.09361233480176212
0.059395424836601304
0.08211263020833333
0.08972812097812098
0.09383138020833333
0.08707682291666667
0.099609375
0.07682291666666667
0.085693359375
0.07746156661786237
0.03945197947214076
0.0957868782161235
0.09851118500604594
0.0914306640625
0.09464518229166667
0.05078696925329429
0.08862554904831625
0.09722730600292825
0.10935212298682284
0.10939787701317716
0.07499078171091446
0.08876281112737922
0.06663223140495868
0.08402165932452275
0.03265380859375
0.042887369791666664
0.12628600823045266
0.10610358711566618
0.035970052083333336
0.0939787701317716
0.0897216796875
0.04065462085308057
0.12182671081677704
0.05064970717423133
0.07718704245973645
0.10595703125
0.11209736456808199
0.028778076171875
0.07613469985358712
0.059977213541666664
0.06608487833140209
0.08026228419654714
0.0560302734375
0.09620991253644315
0.09591629793510324
0.10592723004694836
0.06376139322916667
0.09159342447916667
0.05194091796875
0.093994140625
0.09023692810457516
0.07694498697916667
0.0477294921875
0.1248046875
0.07438151041666667
0.033416748046875
0.1036509900990099
0.08258079847908745
0.06351725260416667
0.09686127379209371
0.11183915770609319
0.053619384765625
0.04849926793557833
0.0876279239766082
0.09763071895424837
0.0882595168374817
0.059012481644640236
0.12756222547584187
0.11383572567783094
0.1235816251830161
0.07267252604166667
0.06608072916666667
0.0768213866039953
0.10544032023289665
0.058319091796875
0.053466796875
0.068359375
0.07161458333333333
0.059407552083333336
0.06591796875
0.07523600260416667
0.11420204978038068
0.07438151041666667
0.09017070484581498
0.069091796875
0.08176100628930817
0.09649524158125915
0.07128477306002928
0.11061217008797654
0.0640869140625
0.11438506588579796
0.1154374084919473
0.052490234375
0.14828879941434847
0.08606332357247438
0.03867302052785924
0.08447265625
0.09855143229166667
0.07284040995607613
0.08672907488986784
0.09979405444126074
0.0799560546875
0.116455078125
0.07534875183553598
0.0562132892804699
0.081298828125
0.05884265279583875
0.064605712890625
0.09666545189504373
0.0644078144078144
0.04426319648093842
0.0722913616398243
0.06144301470588235
0.0980224609375
0.0758056640625
0.05768878299120234
0.11324121522693997
0.0836181640625
0.15595684803001877
0.10699230205278593
0.07938323572474378
0.06314055636896047
0.0592041015625
0.08940336749633968
0.07042910447761194
0.07814787701317716
0.08290629575402636
0.07385204081632653
0.057698567708333336
0.06639975041597337
0.06087515114873035
0.11726756954612005
0.08551427525622254
0.06346224340175953
0.07523826979472141
0.056844075520833336
0.10335286458333333
0.09333821376281112
0.11004601226993865
0.03997802734375
0.11372800586510264
0.053426106770833336
0.08951497860199714
0.051587301587301584
0.08421920821114369
0.07540584415584416
0.0679931640625
0.056051587301587304
0.12201605902777778
0.1033125915080527
0.08565266927083333
0.11003843338213763
0.0375
0.07577838827838827
0.0682796556122449
0.10493290258449305
0.08474264705882353
0.07573051948051948
0.10344985358711567
0.04250919117647059
0.10673641703377386
0.0726318359375
0.07377115885416667
0.07588704427083333
0.08739019033674963
0.07609049479166667
0.08551427525622254
0.095703125
0.053873697916666664
0.0815794289897511
0.09744525547445256
0.11681002928257686
0.0902099609375
0.09627278645833333
0.07129765395894429
0.07469958968347011
0.032196969696969696
0.05028339460784314
0.12222978227060653
0.07523314203730272
0.02536764705882353
0.039703369140625
0.07971763085399448
0.05434344790547798
0.059814453125
0.10022810218978102
0.07202015027322405
0.12033308931185945
0.11186859443631039
0.07295735677083333
0.06144301470588235
0.05636444557477111
0.11177708638360176
0.08026960784313726
0.072021484375
0.1013909224011713
0.08643790849673202
0.08935761346998536
0.04282407407407408
0.10396321614583333
0.07339262402088773
0.070556640625
0.08382161458333333
0.07051991150442478
0.0916748046875
0.06342040673211781
0.036295572916666664
0.06917997542997543
0.12362737920937042
0.1527777777777778
0.07706489675516225
0.11907245827010622
0.08487371888726208
0.13935009487666034
0.08369954427083333
0.07378854625550661
0.054036458333333336
0.027618408203125
0.06319173177083333
0.12457540760869565
0.08264802631578948
0.05165629575402635
0.14657608695652175
0.10404465592972181
0.056793212890625
0.08793131510416667
0.062042459736456806
0.12720913107511045
0.09059297218155198
0.06817349926793558
0.076904296875
0.0951683748169839
0.09415690104166667
0.06062649880095923
0.061116536458333336
0.0428495115995116
0.06644694010416667
0.03326416015625
0.14543269230769232
0.07557819383259912
0.07233191906005222
0.06821925329428989
0.09048713235294117
0.06884765625
0.09036420204978038
0.10012848751835536
0.09040014684287812
0.054728190104166664
0.12261029411764705
0.04572105788423154
0.07728268194070081
0.11388177159590043
0.07064421669106881
0.08959009740259741
0.11155764966740576
0.026491581259150805
0.10118392070484582
0.05263643067846608
0.10505124450951683
0.07438151041666667
0.06819661458333333
0.08020680819912153
0.07177734375
0.13011615044247787
0.11827415812591507
0.12370466321243523
0.08191906005221933
0.07421875
0.06789148351648351
0.1375114259597806
0.059978834661354584
0.13074817518248175
0.05789233576642336
0.060791015625
0.11987554904831625
0.06860411547911548
0.12385614934114202
0.09761555989583333
0.11516288433382138
0.08130490483162518
0.09955148205928237
0.12559306569343065
0.07275862068965518
0.091599560761347
0.08779519543973942
0.0740966796875
0.09633190883190883
0.10969480994152046
0.09716796875
0.05475802407221665
0.08695475260416667
0.061279296875
0.08634440104166667
0.07194010416666667
0.079833984375
0.10850183823529412
0.04455726538849647
0.04736328125
0.036905924479166664
0.06950653370013755
0.04890075376884422
0.09160767511177348
0.039814552661381654
0.08443952802359882
0.034637451171875
0.07332356770833333
0.0927734375
0.05629185267857143
0.08341471354166667
0.11473540145985402
0.09699853587115666
0.051835317460317464
0.064453125
0.03819942611190818
0.11263020833333333
0.07401529947916667
0.10566666666666667
0.08878462099125364
0.12660139092240116
0.11239844903988183
0.08171669106881406
0.09989420572916667
0.08854166666666667
0.06835432816537468
0.08290629575402636
0.09832540263543192
0.08870442708333333
0.09347547584187409
0.07869692532942898
0.10532576866764275
0.10029282576866765
0.08866071428571429
0.05188506588579795
0.041656494140625
0.03293010752688172
0.0845947265625
0.07832845052083333
0.040863037109375
0.08296712239583333
0.12435255524861878
0.11027018229166667
0.082763671875
0.10147982804232804
0.0963134765625
0.08091051532033426
0.10290605095541401
0.13359375
0.1232103524229075
0.16780598958333334
0.12044172932330827
0.07270665322580645
0.036494006849315065
0.08691262848751835
0.09931569343065694
0.10341825513196481
0.06461588541666667
0.10958089311859444
0.08154296875
0.0906982421875
0.11182284040995608
0.07027180989583333
0.051191634241245135
0.0593887262079063
0.08015950520833333
0.06717592592592593
0.04780735596707819
0.09556950509461426
0.10491398243045388
0.033517644135188866
0.09094343696027633
0.10859375
0.11845717423133235
0.03582763671875
0.08601190476190476
0.055460611979166664
0.020660400390625
0.09418162983425414
0.06851138032305433
0.036346435546875
0.1471896701388889
0.088134765625
0.07046488946684006
0.13730641592920353
0.09864341085271318
0.06509336099585063
0.0546875
0.11393805309734513
0.049572172619047616
0.09452411994784876
0.072998046875
0.09791361639824304
0.07146778916544656
0.07023111979166667
0.06849377745241582
0.1121826171875
0.05295907079646018
0.08459919472913617
0.10720168374816984
0.1264183748169839
0.11141703377386197
0.09512262079062958
0.08839677891654465
0.0933837890625
0.02081298828125
0.10030718336483932
0.10463945827232797
0.12301806784660767
0.06856751824817518
0.0776502642007926
0.0809326171875
0.06277452415812591
0.09636563876651982
0.051788330078125
0.06136775362318841
0.09537760416666667
0.06831868489583333
0.10152180989583333
0.06669108072916667
0.08504901960784314
0.06583072100313479
0.04937744140625
0.07885933420365535
0.07503255208333333
0.09318033854166667
0.10902868318122555
0.0865666178623719
0.08732096354166667
0.09733072916666667
0.1182842287694974
0.09467552264808363
0.08455403645833333
0.04536290322580645
0.08479817708333333
0.13007869692532942
0.0939031862745098
0.10703125
0.11055501302083333
0.052937825520833336
0.08409926470588236
0.045939127604166664
0.0857077205882353
0.04804172767203514
0.08322704081632654
0.054345703125
0.08333333333333333
0.11255490483162518
0.09576317715959004
0.06512721238938053
0.031219482421875
0.1268759150805271
0.1330837673611111
0.061360677083333336
0.12912390029325513
0.0325927734375
0.08501098096632503
0.06389252948885976
0.058634440104166664
0.09701767304860089
0.10701174743024963
0.1331688596491228
0.07967122395833333
0.05383895131086142
0.09086100260416667
0.09722730600292825
0.1073389458272328
0.05710102489019034
0.07914225260416667
0.11050257731958762
0.08460582386363637
0.09077962239583333
0.07666015625
0.057373046875
0.08836524300441827
0.08455403645833333
0.058764367816091956
0.05897693997071742
0.07521961932650073
0.06868489583333333
0.0888671875
0.052978515625
0.08784993489583333
0.08843259162303665
0.054290771484375
0.05254221732745962
0.03138726207906296
0.08182779947916667
0.08390299479166667
0.026763916015625
0.09859992679355783
0.0484619140625
0.07636346998535871
0.08824024226110364
0.059434480234260616
0.074951171875
0.04172767203513909
0.06553308823529412
0.14332592891760904
0.09600183823529412
0.0798477564102564
0.085205078125
0.060384114583333336
0.06455893118594436
0.08553059895833333
0.06773477157360407
0.06693522135416667
0.1035413616398243
0.1037518436578171
0.05312042459736457
0.08740234375
0.07080078125
0.056396484375
0.062270220588235295
0.043426513671875
0.1394064124783362
0.07790549169859515
0.07837738619676946
0.08927292263610315
0.08391288433382138
0.07454630788485607
0.09505753138075314
0.13657576866764276
0.11086200585651537
0.1538628472222222
0.057487309644670054
0.093505859375
0.061075846354166664
0.05220534407027819
0.12738141524105753
0.061482747395833336
0.04918557833089312
0.05296610169491525
0.09361273792093704
0.12655791788856305
0.04830586080586081
0.08560578330893119
0.06551106770833333
0.06430288461538461
0.06673177083333333
0.09944661458333333
0.07984581497797356
0.08109537760416667
0.07950846354166667
0.12294106881405564
0.0849609375
0.03799460431654676
0.029164560161779575
0.09182833089311859
0.08558192457737321
0.0615234375
0.05551470588235294
0.04505813953488372
0.07696309655937847
0.051666259765625
0.13503482404692083
0.08138020833333333
0.0313720703125
0.09833883994126284
0.055285831509846825
0.060506184895833336
0.0820827232796486
0.07070197947214077
0.08298203812316715
0.049433479532163746
0.08721673976608187
0.09220377604166667
0.087158203125
0.032958984375
0.09631222547584187
0.14106093979441997
0.09580893118594436
0.06024169921875
0.08089192708333333
0.058919270833333336
0.07215073529411764
0.07002766927083333
0.096435546875
0.07540263543191801
0.09512262079062958
0.08272298177083333
0.10653202328966521
0.11438506588579796
0.09442934782608696
0.06528540903540904
0.06237712975098296
0.08060709635416667
0.034749348958333336
0.034016927083333336
0.054515418502202644
0.09989420572916667
0.07975260416666667
0.04660373263888889
0.07255116959064327
0.06392045454545454
0.105224609375
0.06319173177083333
0.07026654411764706
0.044637044270833336
0.07071596244131455
0.12307833089311859
0.04697039072039072
0.11191434846266471
0.07080078125
0.07125183284457479
0.046844482421875
0.09338283289817233
0.05879392386530015
0.10151681286549707
0.07696984435797666
0.11552891654465593
0.08977044235924933
0.0930179355783309
0.07625325520833333
0.09818814055636896
0.040974934895833336
0.08915201822916667
0.09110514322916667
0.12978260869565217
0.10015556368960468
0.09745279947916667
0.08817340067340067
0.0694580078125
0.10438689217758985
0.09347181008902077
0.11799963396778916
0.060953776041666664
0.07560221354166667
0.0979275173611111
0.0954560585885486
0.04734460382513661
0.09566605839416058
0.10800044883303411
0.081298828125
0.03765869140625
0.08076985677083333
0.08948237885462555
0.04873032904148784
0.05599340175953079
0.08841959635416667
0.034820556640625
0.06949869791666667
0.10988051470588235
0.080849478390462
0.06208941605839416
0.06492496339677892
0.11049597364568083
0.06667477302204929
0.08437042459736457
0.10770497803806735
0.08589680989583333
0.056100816582914576
0.09466508052708639
0.10620404411764706
0.07757352941176471
0.10193014705882353
0.03791360294117647
0.046834309895833336
0.0540771484375
0.060221354166666664
0.038237311385459535
0.11441605839416058
0.0596923828125
0.08056640625
0.06389589337175793
0.0771484375
0.08282930107526881
0.07677051083591331
0.12523900573613767
0.13044472913616398
0.05850537330316742
0.12902173913043477
0.053792317708333336
0.08447265625
0.066248370273794
0.11181066176470589
0.0762939453125
0.056982697740113
0.09831267217630854
0.045857747395833336
0.09544538123167155
0.06577249262536873
0.11218887262079064
0.09201908682634731
0.0545654296875
0.08416377816291161
0.0850830078125
0.10889458272327965
0.11260369532428356
0.09342925219941349
0.08138020833333333
0.059895833333333336
0.08882649739583333
0.08280436197916667
0.13125875350140057
0.049072265625
0.14641288433382138
0.08926610541727673
0.0816194089456869
0.0882568359375
0.07865117130307467
0.08516438802083333
0.08952579941860465
0.0625
0.07706705729166667
0.12776839339339338
0.13465409956076135
0.07920337738619677
0.068603515625
0.11690153733528551
0.09163411458333333
0.0670166015625
0.08605272861356932
0.09635416666666667
0.08801395007342144
0.04831614077669903
0.0944820644216691
0.039383059788980074
0.057332356770833336
0.06319173177083333
0.1102214494875549
0.0709228515625
0.07659224011713031
0.0391845703125
0.07438151041666667
0.08866373697916667
0.07051595052083333
0.043253580729166664
0.1104814335060449
0.09883626302083333
0.07332966226138032
0.06705729166666667
0.09841691068814055
0.049407958984375
0.06597730600292825
0.05647590361445783
0.04875366568914956
0.10706442166910689
0.12529296875
0.089111328125
0.14431818181818182
0.06364889705882353
0.09859212239583333
0.11342423133235725
0.0621337890625
0.042510986328125
0.0745849609375
0.07610161870503597
0.08455344070278184
0.08406575520833333
0.0921486801242236
0.03303912213740458
0.10232300884955753
0.13155241935483872
0.0693359375
0.09782210834553441
0.06177325581395349
0.047526041666666664
0.09951500732064422
0.06717936197916667
0.10450367647058824
0.17287071078431374
0.13476277372262774
0.04565250611246944
0.08189970717423133
0.12380514705882353
0.030883967789165447
0.0783420138888889
0.08071010248901904
0.13881771595900438
0.10258652430044182
0.11320668135095448
0.0828857421875
0.07523600260416667
0.0802689352360044
0.0704345703125
0.09403483072916667
0.08245759587020648
0.079345703125
0.0839586383601757
0.07283528645833333
0.1431985294117647
0.07853190104166667
0.07979992657856094
0.1003092203898051
0.03858159117305459
0.08013451443569554
0.050195749440715885
0.071533203125
0.08318081991215227
0.0733642578125
0.07166970802919707
0.06518881453154876
0.10360153958944282
0.09578450520833333
0.13294095665171898
0.08461820851688694
0.0704345703125
0.0672607421875
0.08125813802083333
0.09281412760416667
0.06481164383561644
0.025970458984375
0.062174479166666664
0.09878294289897512
0.09512867647058823
0.07666015625
0.10871156661786237
0.08011881510416667
0.06186386768447837
0.08072916666666667
0.10957618025751073
0.11343901453957997
0.08977521929824561
0.0885009765625
0.103515625
0.10062316715542521
0.077392578125
0.03686797752808989
0.12261730205278593
0.11619783904619971
0.054056534508076355
0.08072569906790945
0.05723443223443223
0.07845052083333333
0.06856282552083333
0.0708029197080292
0.06461086637298091
0.041951497395833336
0.032958984375
0.08378092447916667
0.08723958333333333
0.13340928819444445
0.1257052951388889
0.11648975109809663
0.07535762942779292
0.085205078125
0.07291666666666667
0.11421460176991151
0.08874829001367988
0.04900256222547584
0.048328488372093026
0.1319088579795022
0.09859992679355783
0.09334309895833333
0.09297218155197658
0.09847005208333333
0.13026258680555555
0.07881673177083333
0.07541360294117647
0.08867130307467057
0.12522910557184752
0.08020680819912153
0.12417642752562226
0.061930338541666664
0.07594530102790015
0.061722181551976577
0.12050953079178886
0.09848345588235294
0.05301582969432314
0.11924219910846955
0.06219618055555556
0.07879192073170732
0.10404411764705883
0.07910871156661786
0.1525462962962963
0.07406214203894616
0.06403627098321343
0.0814208984375
0.09730392156862745
0.08473645680819912
0.10015556368960468
0.09937774524158126
0.054972330729166664
0.07128477306002928
0.09969802342606149
0.06693814055636896
0.06884191176470589
0.10361600587371513
0.12979368932038834
0.09031844802342606
0.12264476102941177
0.0637646866840731
0.05937958883994126
0.035919189453125
0.05075728527607362
0.059041341145833336
0.05810032894736842
0.07933748169838946
0.051788330078125
0.042073567708333336
0.08792217327459619
0.08553059895833333
0.09288067349926793
0.10770985401459854
0.051839192708333336
0.06828552803129075
0.052205403645833336
0.07101024890190337
0.044677734375
0.11603221083455344
0.08835102489019034
0.08569729136163982
0.07952049780380674
0.065185546875
0.072998046875
0.09461805555555555
0.06168407310704961
0.04438140556368961
0.0931075624082232
0.1137902635431918
0.10762532552083333
0.11490885416666667
0.06327781844802342
0.08661237188872621
0.057146778916544655
0.054447291361639824
0.055460611979166664
0.07334370424597364
0.09644607843137255
0.05865666178623719
0.09777635431918008
0.1358784893267652
0.04443359375
0.10619509516837482
0.07107676630434782
0.049560546875
0.11557467057101024
0.06473795572916667
0.05938745019920319
0.07428209459459459
0.12045036764705883
0.10574448529411765
0.06794472913616398
0.08482142857142858
0.12762034161490685
0.06897026431718062
0.06766764322916667
0.10799225663716815
0.07112068965517242
0.06621151026392962
0.06733591248665956
0.07687043795620438
0.039713541666666664
0.06469619326500732
0.11017940717628705
0.036336263020833336
0.064178466796875
0.07319682151589242
0.070556640625
0.10161675347222222
0.08040364583333333
0.10346477794793262
0.04337481698389458
0.08642578125
0.0849609375
0.10752196193265007
0.07273311306901616
0.08330278592375366
0.07366398243045388
0.08912884333821376
0.0808931185944363
0.11667276720351391
0.13324468085106383
0.03509521484375
0.11147388059701492
0.07219404450261781
0.14375
0.08459919472913617
0.08076358296622614
0.050271739130434784
0.10321691176470588
0.09836696306429549
0.08798499267935578
0.1147510980966325
0.02711623889437315
0.08203125
0.10384114583333333
0.08592809867629363
0.046173095703125
0.11438848920863309
0.09083029197080292
0.09512262079062958
0.07023111979166667
0.09047913719943423
0.10047584187408493
0.0714830743618202
0.08642935578330893
0.08199121522693997
0.1323913043478261
0.038787841796875
0.13075828157349897
0.09299089068825911
0.08577473958333333
0.09676106770833333
0.0589599609375
0.07255188067444877
0.07808430989583333
0.0960693359375
0.09983528550512445
0.08203125
0.09669729542302358
0.06865808823529412
0.11185939553219448
0.11228038067349927
0.06223366477272727
0.051228841145833336
0.0399169921875
0.10538138977635783
0.12170571010248903
0.06634333821376281
0.07731119791666667
0.09639485677083333
0.14026872964169382
0.06404622395833333
0.06494140625
0.048133235724743775
0.0760498046875
0.07936968290796598
0.10656112737920936
0.052530924479166664
0.038093065693430656
0.07723279648609077
0.03450807635829662
0.08066434846266471
0.06506222547584187
0.04094985358711566
0.07645985401459854
0.12733345534407028
0.10332592339261286
0.06651459854014599
0.11656021897810219
0.09508272058823529
0.1037564212328767
0.041717529296875
0.055042093704245974
0.09774229074889867
0.07018301104972376
0.06526692708333333
0.048527944111776446
0.08262867647058823
0.10898609077598828
0.07886334610472541
0.08991965620328848
0.12004405286343613
0.09073893229166667
0.11707899305555555
0.059366861979166664
0.12196333922261485
0.15011386639676114
0.10297309027777778
0.0714111328125
0.04110153958944281
0.064208984375
0.06567276200873362
0.11658125915080528
0.08857979502196194
0.09898897058823529
0.12902097902097903
0.08693265007320644
0.09688313802083333
0.081298828125
0.049763997395833336
0.0997314453125
0.11530014641288433
0.10697428385416667
0.07194010416666667
0.08247884114583333
0.11104014598540146
0.08695475260416667
0.08437042459736457
0.05632411067193676
0.06453450520833333
0.05815602836879433
0.11551502932551319
0.0721435546875
0.1053082191780822
0.1389682952182952
0.0583756345177665
0.09560214375788147
0.0728759765625
0.07148722627737226
0.05353139013452915
0.07190265486725664
0.0777587890625
0.05238836017569546
0.0741622864651774
0.09318033854166667
0.12440432551319648
0.12239938608458391
0.07963267543859649
0.033111572265625
0.13149707174231332
0.0660400390625
0.09407027818448023
0.10492621527777778
0.07203467153284672
0.065185546875
0.07102977667493797
0.07388032305433187
0.0860595703125
0.1223920204978038
0.0316162109375
0.06208821376281113
0.0655517578125
0.0753568814055637
0.066162109375
0.09826762246117085
0.07041544655929721
0.1034330985915493
0.07954869020501139
0.08998161764705882
0.09086100260416667
0.10299231332357248
0.028900146484375
0.06317567567567567
0.044270833333333336
0.07717993951612903
0.0978732638888889
0.09795937042459736
0.09639485677083333
0.0825402635431918
0.0999755859375
0.06336050724637682
0.0720625915080527
0.1104502196193265
0.1033125915080527
0.09732710651828298
0.07995248538011696
0.0955810546875
0.03847913616398243
0.026936848958333332
0.092556275579809
0.04232477788746298
0.09609030837004405
0.09297766159695818
0.055623372395833336
0.102351756954612
0.07775735294117647
0.06753294289897512
0.061930338541666664
0.11705582865168539
0.1060791015625
0.038116455078125
0.10028498427672956
0.06927159590043924
0.08251953125
0.06996884164222873
0.10734049479166667
0.06475122100122101
0.11446167883211679
0.05780029296875
0.0744047619047619
0.14393939393939395
0.10448788546255507
0.07029262086513995
0.08707682291666667
0.06437174479166667
0.12523216939078752
0.07932692307692307
0.10201009114583333
0.08606332357247438
0.06874252392344497
0.1120334201388889
0.07310168738898756
0.0831781914893617
0.044587468982630274
0.10158554572271386
0.11681002928257686
0.07436766862170088
0.08944912152269399
0.03729248046875
0.099560546875
0.024698893229166668
0.09795937042459736
0.08020680819912153
0.11756607929515418
0.06754557291666667
0.13985188802083334
0.10793374816983894
0.076546486090776
0.05667443408788282
0.10967287694974004
0.06125217013888889
0.14317491319444445
0.11017569546120058
0.072021484375
0.0665283203125
0.1011621522693997
0.04873188405797101
0.09892020497803806
0.040880712008501595
0.06675512445095168
0.09134928385416667
0.17535335689045936
0.08354685212298682
0.07857259114583333
0.0460205078125
0.14682904411764705
0.08526064610866373
0.14140625
0.11747233072916667
0.078125
0.08915201822916667
0.06518647281921618
0.06021428571428571
0.0899967362924282
0.08064778645833333
0.10752737226277373
0.04821723568281938
0.09884361233480177
0.10988200589970501
0.12064699413489736
0.07326796187683285
0.04689787701317716
0.02734784889821616
0.09025065104166667
0.07926432291666667
0.033366045142296366
0.052734375
0.08543198529411765
0.04517926356589147
0.0882595168374817
0.066162109375
0.064453125
0.06422705943691345
0.10271778916544656
0.10433467741935484
0.03350830078125
0.08736213235294117
0.08839677891654465
0.06879876462938882
0.12559678819444445
0.06699046920821114
0.03992363877822045
0.036702473958333336
0.07769607843137255
0.07704662261380323
0.10702554744525547
0.10651537335285505
0.06971488178025034
0.09159342447916667
0.14966142020497805
0.10925480769230769
0.090087890625
0.07035319010416667
0.06018027571580064
0.10148243045387995
0.10837395543175488
0.05810546875
0.11293770358306189
0.07938639322916667
0.07112707345971564
0.12169117647058823
0.04206103133159269
0.045369466145833336
0.07560265438786566
0.05547794117647059
0.06634333821376281
0.10660807291666667
0.05511474609375
0.068115234375
0.10723969631236442
0.073252196193265
0.06922468354430379
0.055013020833333336
0.0806884765625
0.09005330123796423
0.09472078402366864
0.07808430989583333
0.03808309037900875
0.039459228515625
0.15867496339677892
0.056684417040358745
0.051554361979166664
0.08272787318361956
0.06913248697916667
0.061360677083333336
0.08083751793400287
0.08948863636363637
0.0570068359375
0.057088216145833336
0.08219401041666667
0.07187957540263543
0.10811360677083333
0.07063802083333333
0.10126466275659823
0.07708333333333334
0.07503660322108345
0.05223988439306358
0.07540263543191801
0.0828857421875
0.049774169921875
0.09448377071823204
0.06140350877192982
0.0958251953125
0.029205322265625
0.1161476109215017
0.07462553495007132
0.06591796875
0.093994140625
0.1144294682422452
0.07454427083333333
0.09438868613138686
0.0748258797653959
0.12041541916167664
0.08251953125
0.09141710069444445
0.07539876302083333
0.06185165975103735
0.10999449339207049
0.09255284015852047
0.11450696480938416
0.07589285714285714
0.058624267578125
0.061780575539568346
0.07579787234042554
0.061442057291666664
0.07219687092568448
0.042108413132694936
0.08363836017569547
0.10250737463126844
0.036294291338582675
0.07039388020833333
0.10205078125
0.13145616319444445
0.06270345052083333
0.0651295731707317
0.09739077669902912
0.07060931899641577
0.13197992700729927
0.08695475260416667
0.08801311288483467
0.0744413860103627
0.09855143229166667
0.07942708333333333
0.12971793831168832
0.0832874449339207
0.0756340579710145
0.11528862847222222
0.07134331597222222
0.03802490234375
0.0982666015625
0.046346028645833336
0.059285481770833336
0.09715073529411765
0.09919472913616398
0.099365234375
0.07161458333333333
0.06469298245614036
0.07666015625
0.06685384114583333
0.06419289897510981
0.09196820175438597
0.0770263671875
0.061848958333333336
0.09297688802083333
0.06693814055636896
0.0708886430678466
0.060248655913978495
0.09036420204978038
0.08565266927083333
0.13027656477438138
0.09436515748031496
0.13029315960912052
0.11661783854166667
0.09908088235294117
0.0657958984375
0.05029296875
0.08642578125
0.11966463414634146
0.0731201171875
0.06470013037809648
0.061930338541666664
0.07732430453879942
0.0819091796875
0.16294642857142858
0.07157389322916667
0.09109626647144949
0.14230263157894738
0.092529296875
0.07818021201413428
0.06587099125364432
0.10245768229166667
0.050018310546875
0.1279783724340176
0.11197916666666667
0.10955668604651163
0.06677583697234352
0.04767569546120059
0.0859375
0.07155678851174935
0.02830014749262537
0.07343521229868229
0.03728953147877013
0.09602819807427786
0.14093037459283386
0.058837890625
0.049275716145833336
0.09391276041666667
0.07210286458333333
0.05530608504398827
0.07300844346549193
0.12059210526315789
0.041534423828125
0.0889892578125
0.05372431506849315
0.09731308411214953
0.07120768229166667
0.08109466374269006
0.02734375
0.08228326612903226
0.095900439238653
0.10976390922401172
0.05053287572254335
0.058390299479166664
0.0665283203125
0.060465494791666664
0.102294921875
0.06076642335766423
0.08186848958333333
0.05289165446559297
0.0833485401459854
0.10500549048316252
0.04326265389876881
0.10102489019033675
0.06502278645833333
0.05283420707732634
0.050982603092783504
0.03475249066002491
0.08919270833333333
0.14890785609397944
0.07175695825049702
0.10110592532467533
0.08907063802083333
0.08369954427083333
0.10768581081081081
0.06270345052083333
0.11045337738619677
0.07438151041666667
0.06094208211143695
0.060546875
0.064483642578125
0.12096774193548387
0.03509521484375
0.08253676470588235
0.08391288433382138
0.08512369791666667
0.12088213762811127
0.12511574074074075
0.07699424342105263
0.0750549853372434
0.12396918402777778
0.06442166910688141
0.061848958333333336
0.11250915080527087
0.041290283203125
0.04606188466947961
0.0931396484375
0.1008051128818061
0.06294759114583333
0.08317057291666667
0.1952448006932409
0.08382137628111273
0.08437042459736457
0.08069289693593315
0.07533551810237203
0.06355794270833333
0.09616058906030855
0.11815257352941176
0.14177389705882354
0.13895893371757925
0.08011881510416667
0.06113138686131387
0.11456801470588235
0.15635850694444445
0.051470588235294115
0.1633572048611111
0.08524576822916667
0.08695475260416667
0.10852606461086638
0.08857729138166895
0.10994692532942898
0.06332146768893757
0.09411496350364963
0.055419921875
0.094482421875
0.032562255859375
0.10555013020833333
0.13753660322108346
0.12247242647058823
0.1135614934114202
0.06570278184480234
0.09265190336749635
0.10208972392638037
0.095703125
0.1123718887262079
0.07763671875
0.10344985358711567
0.05283505154639175
0.06473214285714286
0.14481149341142022
0.0579833984375
0.11715308370044053
0.041290283203125
0.04000912408759124
0.11768315709969789
0.05780564692982456
0.08267752562225476
0.053629557291666664
0.053873697916666664
0.08854166666666667
0.09027269399707175
0.09150805270863836
0.0745849609375
0.055013020833333336
0.07448755490483162
0.1369418008784773
0.10061584553928096
0.06140190336749634
0.06640625
0.0712890625
0.031463623046875
0.06529156327543424
0.02929496578690127
0.07373046875
0.09939868804664723
0.06437591508052709
0.09047038980509745
0.09830729166666667
0.06387262079062958
0.10061274509803922
0.06780746705710103
0.13948567708333334
0.0877685546875
0.08481488269794721
0.05229685212298682
0.049041748046875
0.11077049780380674
0.09880514705882353
0.11011029411764706
0.10168869309838473
0.0770263671875
0.12763101374570446
0.06534830729166667
0.09271523178807947
0.10286458333333333
0.044293879056047196
0.044108072916666664
0.09750183016105417
0.05901015228426396
0.07695827232796486
0.07749105011933174
0.097900390625
0.06730143229166667
0.07032393850658858
0.0244140625
0.08939615885416667
0.10050551470588236
0.11109077598828697
0.07775735294117647
0.12329461651917405
0.06510416666666667
0.0494384765625
0.11326937689969604
0.053070068359375
0.09342447916666667
0.11533174486803519
0.02998768472906404
0.10910087719298246
0.09220377604166667
0.06351725260416667
0.06148897058823529
0.0687255859375
0.08699544270833333
0.15386380323054333
0.08350183823529411
0.08347868217054263
0.06485389610389611
0.12468065693430656
0.107796486090776
0.042561848958333336
0.08219401041666667
0.11313574498567336
0.057576497395833336
0.12125651041666667
0.06953938802083333
0.14140193370165746
0.084745115995116
0.12847730600292825
0.0722913616398243
0.07890625
0.10641519823788546
0.14675
0.07975260416666667
0.061218887262079066
0.11892954856361149
0.10599772135416667
0.06302897135416667
0.06613051470588235
0.17859375
0.0960693359375
0.09365849194729137
0.08876281112737922
0.09667825768667643
0.08391288433382138
0.11493566176470588
0.10010980966325037
0.06864002932551319
0.10127766927083333
0.043548583984375
0.06844075520833333
0.09271759847522236
0.03712467362924282
0.0533021712907117
0.07063419117647059
0.08512369791666667
0.12120327102803738
0.09618208516886931
0.0648193359375
0.1033125915080527
0.10555453879941434
0.062408447265625
0.06634333821376281
0.13377757352941178
0.07700402635431917
0.07755307467057102
0.08707682291666667
0.050844346549192364
0.101976246105919
0.049835205078125
0.0934787326388889
0.03125
0.05939327485380117
0.08386713030746706
0.09603770131771595
0.06396484375
0.053741455078125
0.038787841796875
0.077392578125
0.051513671875
0.07759602864583333
0.11669419970631424
0.07670844780219781
0.09292642752562226
0.10166544655929721
0.09439055636896047
0.1455620659722222
0.0939539817232376
0.0626374633431085
0.08837890625
0.10728383458646616
0.06689453125
0.08301211453744493
0.09822080291970803
0.127150439238653
0.07755307467057102
0.11442057291666667
0.11767935578330893
0.08617177314211212
0.10347834067547725
0.11557315233785823
0.03782051282051282
0.062215169270833336
0.05596127717391304
0.11681002928257686
0.07972600518806744
0.11131954612005857
0.05352783203125
0.06602306002928257
0.10888671875
0.04449462890625
0.03331096625766871
0.09576317715959004
0.03232248520710059
0.10615234375
0.08658088235294117
0.0836679469273743
0.1042276720351391
0.07770143072289157
0.09347547584187409
0.0645751953125
0.10756240822320118
0.0948905109489051
0.09847005208333333
0.05312042459736457
0.07714128843338214
0.10888671875
0.07289138349514564
0.03790283203125
0.043736353711790396
0.06525856389986824
0.098876953125
0.066162109375
0.07475412436548223
0.07673229548229549
0.12527268760907503
0.0980224609375
0.08162518301610541
0.12587187958883994
0.11278367496339678
0.04799364896073903
0.0892203513909224
0.06006844380403458
0.06673177083333333
0.09052708877284596
0.10819521178637201
0.06524524158125915
0.10431918008784773
0.12432875894988067
0.0847953216374269
0.15398015202702703
0.09416178623718888
0.10715592972181552
0.1159407027818448
0.04129353233830846
0.050944010416666664
0.085205078125
0.034027099609375
0.0812717013888889
0.07623525073746312
0.07112630208333333
0.09969802342606149
0.07366398243045388
0.07691251830161054
0.0945095486111111
0.08121339677891655
0.0948486328125
0.11046006944444445
0.06362223756906077
0.08133951822916667
0.050772392290249435
0.06766764322916667
0.08247884114583333
0.11223462664714495
0.052643531976744186
0.03715226939970717
0.062174479166666664
0.05309606481481482
0.08426920572916667
0.08378092447916667
0.09095900439238654
0.07002766927083333
0.08651960784313725
0.0986328125
0.071533203125
0.13314421669106882
0.08304794520547945
0.08622448979591837
0.0935212298682284
0.055572509765625
0.07351585545722714
0.064208984375
0.09347466960352423
0.1091579861111111
0.14054376083188908
0.0633544921875
0.052459716796875
0.0426025390625
0.043859649122807015
0.06644694010416667
0.10740469208211144
0.042805989583333336
0.021026611328125
0.06625183016105417
0.05457089552238806
0.06840006510416667
0.08397295321637427
0.09736456808199122
0.058336383601756955
0.04483695652173913
0.03993414256198347
0.10134615384615385
0.1005514705882353
0.07897393538913362
0.04972582253240279
0.09830729166666667
0.12582357247437775
0.07511393229166667
0.052449544270833336
0.053181966145833336
0.08598345588235294
0.10209821428571429
0.0830078125
0.05841064453125
0.07915748898678414
0.07693345323741008
0.08312049278846154
0.07341922514619884
0.062744140625
0.037312825520833336
0.062683284457478
0.1212024158125915
0.07126208563535912
0.07291666666666667
0.05280014641288434
0.08304850260416667
0.09205710102489019
0.09704428989751097
0.07759882869692533
0.10363286969253294
0.05259353741496599
0.11505474452554744
0.10061310395314788
0.047607421875
0.06844075520833333
0.07632127955493741
0.051310221354166664
0.10748525073746312
0.09204461651917405
0.023956298828125
0.07344563802083333
0.10092391304347827
0.1112463924963925
0.07707142857142857
0.062052408854166664
0.08405014641288433
0.06783040364583333
0.05422008547008547
0.09265190336749635
0.06825373993095513
0.1262848751835536
0.08941740412979352
0.09175618489583333
0.054158528645833336
0.11395985401459854
0.10193997071742314
0.043060302734375
0.1173531810766721
0.08974004424778761
0.08272298177083333
0.08931185944363104
0.07283528645833333
0.08181231563421829
0.08144216691068815
0.04475732600732601
0.07450358072916667
0.07242862371888727
0.10660807291666667
0.042022705078125
0.11100883652430044
0.0625
0.0876953125
0.061197916666666664
0.11402710355987054
0.12568933823529413
0.07099780701754387
0.08596938775510204
0.0729776720351391
0.08146158854166667
0.09968065693430657
0.042999267578125
0.06783040364583333
0.06593406593406594
0.08345540364583333
0.06753663003663003
0.054351806640625
0.09883626302083333
0.06282552083333333
0.07883627019089574
0.08597181551976574
0.031534830729166664
0.06591796875
0.10670955882352941
0.10409040995607613
0.09416299559471365
0.07163179148311306
0.041056315104166664
0.07627737226277373
0.07613118489583333
0.051676432291666664
0.1161694729136164
0.03875732421875
0.04893172888015717
0.09843241042345277
0.030593093093093094
0.1259150805270864
0.06880696614583333
0.052408854166666664
0.044148763020833336
0.12851277372262773
0.0689697265625
0.0550537109375
0.07511393229166667
0.057454427083333336
0.13297526041666666
0.049072265625
0.11429355783308931
0.07409114857744994
0.06760110294117647
0.04654017857142857
0.09261067708333333
0.05031311394891945
0.024739583333333332
0.10921486090775988
0.17959001782531195
0.039222873900293255
0.07442220052083333
0.09956076134699854
0.10294596354166667
0.016799943883277216
0.1145374449339207
0.11453724188790561
0.10131048387096774
0.11870404411764705
0.10782163742690058
0.10739889705882352
0.06516544117647059
0.13314421669106882
0.1128115835777126
0.11055940233236151
0.10640756302521008
0.08046187683284457
0.06006176853055917
0.1110781990521327
0.11852569331158239
0.0945945945945946
0.07308663558663558
0.051188151041666664
0.06681315104166667
0.1096462673611111
0.0909132503660322
0.09168198529411764
0.10875550660792951
0.08179185351270553
0.058990478515625
0.10870833333333334
0.05792578659370725
0.029815673828125
0.0778627098321343
0.09603770131771595
0.06388346354166667
0.07722981770833333
0.01611328125
0.07509752925877763
0.09403483072916667
0.10894097222222222
0.13561545801526717
0.1155565693430657
0.07125502680965147
0.07265739385065886
0.04255389064143007
0.048299153645833336
0.08529411764705883
0.05271946564885496
0.0660688140556369
0.062253848907984244
0.0892333984375
0.055337799315849485
0.11326979472140762
0.05052142051860203
0.054117838541666664
0.10152180989583333
0.09981282552083333
0.0713305270863836
0.1343338213762811
0.11927480916030535
0.040924072265625
0.0959397810218978
0.03636984223300971
0.09260614934114202
0.06648763020833333
0.0992431640625
0.1443359375
0.06819661458333333
0.1278825036603221
0.0689697265625
0.04107666015625
0.1009521484375
0.1018337673611111
0.0875274524158126
0.06278483072916667
0.10640008576329331
0.08794846241457858
0.057373046875
0.11327614379084967
0.047322591145833336
0.057413736979166664
0.053995768229166664
0.07726990049751244
0.11149088541666667
0.05751281112737921
0.0625
0.09292642752562226
0.08162434895833333
0.064453125
0.058797200520833336
0.09566605839416058
0.041839599609375
0.08403862847222222
0.10630458515283843
0.07740199228791773
0.09131791483113069
0.035919189453125
0.051595052083333336
0.053466796875
0.11443014705882353
0.0440673828125
0.0703928046989721
0.08629068716094032
0.05517578125
0.0567626953125
0.0748993411420205
0.0904541015625
0.08565266927083333
0.07697271386430679
0.10610250737463127
0.09711467551622419
0.08748372395833333
0.08405649926144756
0.08986714071856287
0.11263020833333333
0.07388952164009112
0.09019160583941606
0.06876627604166667
0.06330128205128205
0.08812225475841874
0.0814208984375
0.08740234375
0.09315693430656934
0.0758406432748538
0.12376101321585903
0.08772786458333333
0.07039388020833333
0.08723958333333333
0.04364502583979328
0.08524816176470588
0.0606689453125
0.08771046852122986
0.06048387096774194
0.0666010498687664
0.09223586810228802
0.037394205729166664
0.07039388020833333
0.04718017578125
0.06995599739243807
0.08674863387978142
0.07230631510416667
0.16213503649635036
0.08838058419243987
0.08238243430152144
0.07466634114583333
0.11161684782608695
0.08311068702290077
0.079345703125
0.041717529296875
0.1063781112737921
0.055501302083333336
0.06638802488335925
0.0653076171875
0.041259765625
0.0577392578125
0.049702017114914426
0.13781112737920936
0.06860583446404342
0.1487218370883882
0.12830244479495267
0.08780197657393851
0.061218887262079066
0.10388751763046544
0.09894708423326135
0.10367838541666667
0.08976939970717424
0.09127155172413794
0.13615088105726872
0.052937825520833336
0.06698389458272327
0.10629363001745201
0.10947115384615384
0.09444173177083333
0.08085123697916667
0.09146229868228405
0.05173114434330299
0.054917279411764705
0.08272327964860908
0.060994466145833336
0.07853190104166667
0.0690340909090909
0.1430800293685756
0.09760680379746836
0.1087646484375
0.09190217391304348
0.12069912152269399
0.07023111979166667
0.07453330893118594
0.08341471354166667
0.09114583333333333
0.09498535871156662
0.11584919472913617
0.07937956204379562
0.08851872246696035
0.10278284671532846
0.041219075520833336
0.04348617176128093
0.07035319010416667
0.08653517759562841
0.07303873697916667
0.09292279411764706
0.041219075520833336
0.074462890625
0.07014973958333333
0.03475068306010929
0.057413736979166664
0.0795299727520436
0.0969116568914956
0.08363836017569547
0.07747395833333333
0.07975260416666667
0.08761896046852123
0.09887445095168375
0.07181232091690544
0.13680453879941434
0.07674153645833333
0.12328686200378072
0.06575520833333333
0.08903061224489796
0.06329345703125
0.078857421875
0.087646484375
0.02955710102489019
0.04346001221001221
0.04345703125
0.0692138671875
0.026936848958333332
0.0881057268722467
0.053466796875
0.12079062957540264
0.08596054572271386
0.14785528596187175
0.12299262152777778
0.09956076134699854
0.09513346354166667
0.04840087890625
0.09023692810457516
0.08308823529411764
0.10728857566765579
0.0787353515625
0.0719434306569343
0.11777086383601756
0.056599934895833336
0.09741060419235512
0.0557861328125
0.05126039501039501
0.050798458149779735
0.09008550488599348
0.08281478770131771
0.06110209235209235
0.07531112737920936
0.1043701171875
0.05517935578330893
0.08820770804911324
0.08231608072916667
0.08463541666666667
0.056070963541666664
0.10089417404129794
0.07084147135416667
0.11074640287769784
0.11406478770131771
0.045817412663755455
0.061971028645833336
0.13631781524926687
0.09619140625
0.045937042459736455
0.07341269841269842
0.057501324152542374
0.0343017578125
0.08962004405286343
0.1174924924924925
0.10418191800878478
0.0772705078125
0.09196559297218156
0.06998175182481751
0.14307291666666666
0.07139008620689655
0.12632686676427526
0.11305819912152269
0.058146158854166664
0.1036376953125
0.1409090909090909
0.0568000637755102
0.060503585397653194
0.056243896484375
0.07779947916666667
0.09615071614583333
0.12362737920937042
0.07869466145833333
0.08308931185944363
0.09549967447916667
0.09061686197916667
0.03388208269525268
0.1154183366733467
0.1325281629116118
0.08192261185006046
0.08382161458333333
0.07725582147477361
0.0527086383601757
0.05477941176470588
0.06074875466998755
0.055551040312093625
0.0968545751633987
0.12454111600587371
0.09439338235294117
0.03143310546875
0.08284505208333333
0.10069955817378498
0.08540852864583333
0.0947108345534407
0.06021448663853727
0.10565693430656935
0.10559550147492626
0.08089192708333333
0.034993489583333336
0.10352422907488987
0.08121744791666667
0.07450358072916667
0.07613118489583333
0.06731031659388646
0.06560672514619884
0.05586566617862372
0.0504578025477707
0.11120248538011696
0.13815235690235692
0.055623372395833336
0.032430013020833336
0.0819091796875
0.17875744047619047
0.09013728323699421
0.07462565104166667
0.048421223958333336
0.11339023494860499
0.07767740885416667
0.09127928257686677
0.07450358072916667
0.1009333821376281
0.09797173274596183
0.12228641456582633
0.10372740963855422
0.062052408854166664
0.0961292093704246
0.1211453744493392
0.053873697916666664
0.08447986577181207
0.07865397135416667
0.09892020497803806
0.06501831501831502
0.08467610677083333
0.1077459618208517
0.0625
0.11971507352941177
0.0789794921875
0.13980263157894737
0.09440104166666667
0.08553059895833333
0.12417279411764706
0.04144287109375
0.09892020497803806
0.0411376953125
0.08902349486049926
0.04949951171875
0.09868178466076696
0.08219401041666667
0.08807650073206442
0.08044236417033773
0.1021728515625
0.11086200585651537
0.10038248697916667
0.039947509765625
0.13922950219619326
0.09532600864553314
0.1044577205882353
0.08899158125915081
0.062255859375
0.16047443674176776
0.11779197080291971
0.09806315104166667
0.03509333821376281
0.09480543318649046
0.10409007352941177
0.0868208516886931
0.05538043478260869
0.0948905109489051
0.06437174479166667
0.049732669616519176
0.05805467091295117
0.07816569010416667
0.08870442708333333
0.0848388671875
0.09453671328671329
0.0436493411420205
0.07904191616766468
0.07548014322916667
0.05078125
0.12912735849056603
0.11795387994143484
0.0594389619883041
0.055032733224222585
0.09228157121879589
0.10692715959004392
0.0814208984375
0.08512298091042585
0.15127212389380532
0.06133113311331133
0.08480825958702065
0.05017241379310345
0.0799322840409956
0.11045469361147327
0.03424072265625
0.05582557502738226
0.08610026041666667
0.10999267935578332
0.09846266471449487
0.09375
0.10994692532942898
0.07952049780380674
0.04240005966587112
0.11864019033674963
0.16249082232011747
0.062337239583333336
0.08886861313868613
0.04886530014641288
0.05825320512820513
0.08194546120058566
0.09883626302083333
0.0892333984375
0.09716796875
0.08006266490765171
0.1161435389133627
0.051328502415458936
0.0897216796875
0.08634440104166667
0.06723856209150327
0.049530029296875
0.0921630859375
0.0813506588579795
0.10866372980910426
0.05535130718954248
0.0797382005899705
0.06465657552083333
0.09801136363636363
0.078369140625
0.10090859030837004
0.12111244019138756
0.09022693997071743
0.07279459635416667
0.06543685756240822
0.08125813802083333
0.09680706521739131
0.0544519472361809
0.09784276944065484
0.0892203513909224
0.08743594436310395
0.09071691176470588
0.04095458984375
0.13379765395894427
0.048665364583333336
0.056569719471947194
0.06573432944606414
0.051595052083333336
0.07569624352331607
0.06608072916666667
0.11603412256267409
0.14087664714494877
0.08671061197916667
0.08430989583333333
0.06341508052708639
0.06510067114093959
0.04474743777452416
0.09049479166666667
0.07999674479166667
0.13485701906412478
0.07430013020833333
0.08418282085561497
0.1014404296875
0.051015739385065886
0.10682508680555555
0.05586566617862372
0.04392514749262537
0.07936580882352941
0.09724934895833333
0.14565058479532164
0.11026720351390923
0.12430862831858407
0.05889892578125
0.03997382851445663
0.06282027818448023
0.07261163982430453
0.07796486090775988
0.13252118644067798
0.056193033854166664
0.06501793598233996
0.0640869140625
0.05081615120274914
0.02479440789473684
0.046028550512445095
0.0413818359375
0.0648193359375
0.07763671875
0.07115572171651495
0.06498209635416667
0.1123718887262079
0.09745279947916667
0.06311425061425062
0.09814453125
0.024332682291666668
0.07771809895833333
0.10365013774104684
0.10784671532846715
0.056643484626647145
0.12691131498470948
0.06130690161527166
0.072021484375
0.12271229868228405
0.09986320109439124
0.07563140556368961
0.0316162109375
0.058423913043478264
0.041473388671875
0.07499186197916667
0.04658882783882784
0.11309306569343065
0.07931286549707603
0.05795704845814978
0.07078147877013177
0.09086100260416667
0.06683394160583941
0.09370930989583333
0.052449544270833336
0.07675036656891496
0.10595845481049562
0.07205636160714286
0.09540198237885462
0.07828776041666667
0.09012931034482759
0.0931047197640118
0.0789794921875
0.073974609375
0.05165629575402635
0.0635986328125
0.10997067448680352
0.08833821614583333
0.020641268980477225
0.10400943396226416
0.03758534663865546
0.07555719656283566
0.11189516129032258
0.09456380208333333
0.1272243923611111
0.13653846153846153
0.07298136645962733
0.08708941605839417
0.09342972181551977
0.051363950276243096
0.061035871156661786
0.13250366032210834
0.09057120500782473
0.06336932650073207
0.11058748169838946
0.08658854166666667
0.09619140625
0.06328010279001468
0.08684114202049781
0.04927708638360176
0.046875
0.07224560761346999
0.053836633663366336
0.06057833089311859
0.08548990885416667
0.11604817708333333
0.11078559027777778
0.08365455212922174
0.06834003712871287
0.07453859060402684
0.10775073206442166
0.031393348623853214
0.10884081196581197
0.1268310546875
0.09934017595307917
0.10364736070381232
0.04635898282694848
0.09619140625
0.036580403645833336
0.0526123046875
0.07023111979166667
0.14436690938511326
0.10054524739583333
0.09676976573938506
0.07291666666666667
0.056367041198501874
0.07698567708333333
0.10444199706314244
0.0775146484375
0.06709798177083333
0.07991536458333333
0.12080891927083333
0.050140380859375
0.010570374574347332
0.0596923828125
0.0625
0.059937774524158126
0.1455719111969112
0.10724118942731277
0.100830078125
0.07111068111455109
0.10758729569093611
0.04428642714570858
0.10078938802083333
0.07782846715328468
0.05234983314794216
0.050445556640625
0.0770985401459854
0.08199055989583333
0.03883525576730191
0.11006673177083333
0.09102376302083333
0.1083029197080292
0.10038433382137628
0.0606689453125
0.08101399739583333
0.13274336283185842
0.07142203513909225
0.0648193359375
0.08939615885416667
0.09566605839416058
0.09352055800293686
0.06709798177083333
0.0855712890625
0.0611572265625
0.0777587890625
0.059163411458333336
0.12254389632107024
0.10170118343195267
0.0949396046852123
0.07023111979166667
0.0734494884910486
0.06683349609375
0.10111639824304539
0.06319173177083333
0.08841959635416667
0.09294181034482758
0.1026064610866373
0.07217153284671533
0.07405598958333333
0.06995591286307054
0.09972426470588236
0.10688140556368961
0.07369676945668135
0.12358940972222222
0.09288447521865889
0.052042643229166664
0.057210286458333336
0.044230143229166664
0.0745849609375
0.03076171875
0.11474609375
0.10684742647058823
0.0410413616398243
0.08417338709677419
0.05610380116959064
0.13629518072289157
0.08992513020833333
0.08142301038062284
0.08081521739130434
0.09869143484626647
0.035591133004926105
0.08912884333821376
0.060506184895833336
0.0908203125
0.046623352855051245
0.04547413793103448
0.10148128898128898
0.06616032210834553
0.11265602055800293
0.0886426592797784
0.054859077598828694
0.07853190104166667
0.08955891927083333
0.07413736979166667
0.07670084635416667
0.07491048177083333
0.08066964285714286
0.08159722222222222
0.08182779947916667
0.1148681640625
0.08691262848751835
0.12142070484581498
0.08202614379084967
0.13378477306002928
0.08990102639296188
0.0426025390625
0.1438259548611111
0.08003743489583333
0.05751633986928104
0.062216645077720206
0.10144794721407624
0.08548990885416667
0.07807586477987422
0.09118777452415813
0.03374003984063745
0.06580396475770925
0.04132080078125
0.07926729765013055
0.08632697947214077
0.08118556701030928
0.08528550512445095
0.13485401459854016
0.07950846354166667
0.0697021484375
0.10064019097222222
0.0659813237221494
0.0826450073421439
0.1223604826546003
0.11699304538799414
0.029327392578125
0.0704345703125
0.12454379562043795
0.07902018229166667
0.08629209370424597
0.08260091145833333
0.035400390625
0.06910211267605634
0.054413377192982455
0.09338289280469897
0.08963213762811127
0.08116764275256222
0.07952049780380674
0.08129474940334129
0.08673936950146628
0.055745442708333336
0.0849264705882353
0.08096590909090909
0.07043869309838473
0.08800551470588236
0.07080078125
0.11735551075268817
0.10148809523809524
0.0738525390625
0.10416666666666667
0.09513346354166667
0.06742350260416667
0.1756483843537415
0.14586383601756955
0.08544921875
0.04094985358711566
0.07670036764705883
0.06082516339869281
0.04799597364568082
0.07686152291105121
0.08152573529411765
0.06604381443298969
0.07474772135416667
0.0765380859375
0.09138997395833333
0.03542827298050139
0.08403284671532847
0.12065336749633968
0.12719941348973607
0.040486653645833336
0.0660400390625
0.060994466145833336
0.1128294289897511
0.08150227864583333
0.08823529411764706
0.07992700729927008
0.07216825513196481
0.12132906626506024
0.07710774739583333
0.051025390625
0.048258463541666664
0.11531575520833333
0.0632259767687434
0.08211263020833333
0.06901041666666667
0.08260091145833333
0.05881449631449631
0.05360010706638116
0.12225475841874085
0.08731087896253602
0.048126220703125
0.07181803385416667
0.06832782672540381
0.08696513470681458
0.09425700589970501
0.10929361979166667
0.06355543318649046
0.053782505910165486
0.068115234375
0.04903083028083028
0.10444199706314244
0.12332105719237435
0.11932052870714581
0.0864963503649635
0.056671142578125
0.10184846266471449
0.07861328125
0.13194444444444445
0.027604166666666666
0.1459553440702782
0.03985450563204005
0.08010223765432099
0.07083944281524927
0.053998161764705885
0.06962076822916667
0.0775835396039604
0.06268436578171091
0.11555989583333333
0.05870470127326151
0.0918262012012012
0.08687337239583333
0.0640869140625
0.055121527777777776
0.07071940104166667
0.0490896871945259
0.0935202205882353
0.12343289085545722
0.06868489583333333
0.08251953125
0.09434480234260614
0.08082329317269077
0.09224452554744525
0.05390625
0.08589680989583333
0.07999674479166667
0.09365808823529412
0.04404527559055118
0.10904947916666667
0.0731201171875
0.07145182291666667
0.07047266514806379
0.11350190839694657
0.09521842878120411
0.13697552447552447
0.08927408854166667
0.09484809663250365
0.06167582417582418
0.09607030015797788
0.07227422907488987
0.11655653450807636
0.11309306569343065
0.049031575520833336
0.0738525390625
0.08524576822916667
0.10578330893118594
0.1222021349862259
0.03847182596291013
0.057291666666666664
0.043660481770833336
0.131452802359882
0.0828857421875
0.06936310395314788
0.09512665198237885
0.11073133680555555
0.0638210641399417
0.11001838235294117
0.0653367496339678
0.05016835016835017
0.09622071742313323
0.09615384615384616
0.12627446982055465
0.10299231332357248
0.09654099560761346
0.06103515625
0.0531478102189781
0.065185546875
0.06599934895833333
0.07520604395604395
0.12247613803230543
0.1148313492063492
0.100341796875
0.03275988286969253
0.08400735294117648
0.02398681640625
0.08688689604685212
0.08680555555555555
0.035603841145833336
0.06636555989583333
0.08186848958333333
0.0521240234375
0.10715592972181552
0.06621151026392962
0.09622434017595308
0.10328079178885631
0.0738502358490566
0.11414007092198582
0.0494384765625
0.055511474609375
0.16178385416666666
0.06998607242339833
0.05872781065088757
0.060546875
0.09568935119887165
0.07973345588235294
0.08138786764705883
0.08581130690161527
0.11505681818181818
0.06386861313868614
0.026082356770833332
0.03836673027989822
0.04990875912408759
0.06136363636363636
0.05277777777777778
0.1119384765625
0.1350121359223301
0.08207194010416667
0.05752284595300261
0.13518620943952803
0.11591840536512668
0.10445652173913043
0.08101399739583333
0.047063631790744465
0.13783578856152512
0.06289225941422594
0.07073572474377746
0.1033125915080527
0.07710774739583333
0.09911107038123167
0.08002508854781581
0.0870699121522694
0.05911420204978038
0.03581305309734513
0.1058349609375
0.14024522569444445
0.06908857979502196
0.0982666015625
0.12033308931185945
0.080078125
0.07860541727672035
0.07814787701317716
0.05676640340218712
0.07450358072916667
0.059600830078125
0.15009799651567945
0.07763924870466321
0.08993459302325581
0.12147693997071743
0.0863378477306003
0.04036840175953079
0.09227941176470589
0.059285481770833336
0.11442470389170897
0.09265190336749635
0.12463396778916545
0.10605783308931185
0.10047743055555555
0.06921944035346098
0.0929912746585736
0.08540852864583333
0.11383601756954612
0.08472617354196302
0.077880859375
0.11900622254758418
0.09749348958333333
0.09212239583333333
0.10879843173431734
0.09745607613469985
0.0543212890625
0.04909062885326757
0.033365885416666664
0.06583658854166667
0.09169106881405564
0.047586270190895744
0.053141276041666664
0.08482796486090775
0.08746778350515463
0.053234011627906974
0.07491048177083333
0.07901720351390923
0.03477822580645161
0.06929347826086957
0.11275227864583333
0.06558417997097242
0.0306396484375
0.09610123119015047
0.07961200585651537
0.09847005208333333
0.10003419972640219
0.05382170795306389
0.0653076171875
0.09457478005865103
0.06831868489583333
0.10099283854166667
0.1165719696969697
0.09429904831625183
0.05911420204978038
0.09466508052708639
0.06498209635416667
0.10884882869692533
0.07564290364583333
0.10370979532163743
0.08687337239583333
0.08439127604166667
0.038421630859375
0.09839586255259467
0.045654296875
0.06803385416666667
0.12559918879056048
0.08101399739583333
0.05472181551976574
0.0338134765625
0.07198079427083333
0.11245404411764706
0.04465592972181552
0.038360595703125
0.08846028645833333
0.1043701171875
0.08405014641288433
0.11616347569955818
0.07470703125
0.06977489019033675
0.08912884333821376
0.09578450520833333
0.10550944010416667
0.13008957654723127
0.11032542579075426
0.11377737226277372
0.06085285505124451
0.120342287694974
0.13662152269399708
0.07962328767123288
0.07633463541666667
0.10505514705882353
0.052342606149341143
0.07850264350453172
0.0797119140625
0.061848958333333336
0.070556640625
0.07270314787701318
0.0788650202976996
0.11642699115044247
0.1300998263888889
0.10566348973607038
0.06689238653001464
0.03338831867057673
0.09879032258064516
0.05966318443804035
0.061539165446559296
0.05986721611721612
0.059244791666666664
0.09700520833333333
0.06937662760416667
0.0845857771260997
0.07887994143484627
0.08052708638360176
0.10248901903367497
0.07210286458333333
0.03111587982832618
0.09283223201174744
0.08760579427083333
0.05632320644216691
0.07832845052083333
0.10030110677083333
0.06986639824304539
0.12201725403817915
0.03610703812316716
0.09773060029282576
0.06174863387978142
0.09602864583333333
0.06490071614583333
0.07080078125
0.10671737536656892
0.05471956224350205
0.0983009708737864
0.07840983072916667
0.11063323572474378
0.05572851805728518
0.09013543191800878
0.06953938802083333
0.038145242914979755
0.07023243045387995
0.0934423347398031
0.09059297218155198
0.06796875
0.12014279026217228
0.0722913616398243
0.07769033674963396
0.07234700520833333
0.10101963746223565
0.07666015625
0.08748372395833333
0.09201134699853587
0.093841642228739
0.05517578125
0.05646046852122987
0.06261446886446886
0.0670166015625
0.08171669106881406
0.1509279475982533
0.08349609375
0.049763997395833336
0.09242700729927007
0.0889892578125
0.070556640625
0.1166270131771596
0.07637532552083333
0.08554802052785923
0.04305761622156281
0.07778184480234261
0.056643484626647145
0.0794677734375
0.08542276720351391
0.07802287581699346
0.07950846354166667
0.12293836805555555
0.057741581259150805
0.07930501302083333
0.07544052863436124
0.07539876302083333
0.04635041966426859
0.08414713541666667
0.10282389322916667
0.0691800878477306
0.10479586129753915
Inference time: Process: 44109.702670080005  Perf ctr: 32280.19803609699
