load model path: ../weights/point6_lambda16_04999.pth

Evaluation of proposed methods for: X101
Settings ID: 6
VTM paramerters      : {'QP': 1, 'threads': 50}
Feature dump subsample ratio: 9
Loading pick5 ...
[ResizeShortestEdge(short_edge_length=(800, 800), max_size=1333, sample_style='choice')] ==================augmentations
pick5 Loaded
0.18439542483660132
0.14069363103953147
0.20125575153374234
0.1484745260663507
0.20818081991215226
0.21201429618768328
0.2319199706314244
0.1038818359375
0.19292279411764707
0.3442934782608696
0.2021921641791045
0.19216691068814057
0.1285400390625
0.17066251830161056
0.18390486725663716
0.15522875816993464
0.15542642752562225
0.12125912408759124
0.1307373046875
0.09759452595936795
0.16438230994152048
0.17679850260416666
0.20403874269005848
0.15108235677083334
0.13785807291666666
0.08805125148986889
0.15287272135416666
0.14105392156862745
0.07861347949654893
0.08428955078125
0.2130514705882353
0.1805911420204978
0.105621337890625
0.1295166015625
0.12213134765625
0.14352735368956743
0.15152994791666666
0.16911489520958084
0.1600341796875
0.21875
0.18107562408223202
0.15392857142857144
0.09587912087912089
0.149169921875
0.096099853515625
0.15634177679882524
0.1863938053097345
0.16548665364583334
0.21998535871156663
0.17208089311859442
0.258576968973747
0.2218017578125
0.125115171990172
0.153731684981685
0.15583028083028083
0.1753294289897511
0.2453512396694215
0.1494140625
0.2936197916666667
0.1506618923611111
0.27587890625
0.19637628111273792
0.16292317708333334
0.3233559236947791
0.104278564453125
0.16145833333333334
0.16336206896551725
0.1529541015625
0.13412408759124086
0.15974934895833334
0.10099283854166667
0.19185384114583334
0.16813151041666666
0.1665446559297218
0.2899848090277778
0.2128216911764706
0.17765299479166666
0.10013834635416667
0.12962115666178622
0.16292317708333334
0.17663398692810459
0.18290201822916666
0.1749087591240876
0.17972181551976574
0.08670387994143484
0.14835164835164835
0.17763643067846607
0.1638909224011713
0.06744384765625
0.2565982404692082
0.0987548828125
0.11393229166666667
0.2495424597364568
0.19209798177083334
0.17112005856515372
0.113372802734375
0.12069912152269399
0.09757580091533181
0.1591796875
0.1603173324742268
0.15926106770833334
0.1717148609077599
0.17659505208333334
0.18172200520833334
0.2751771255060729
0.12447102864583333
0.20903532608695652
0.17830344070278184
0.1019665948275862
0.086181640625
0.2562683016105417
0.14298133235724744
0.14973958333333334
0.10306803385416667
0.1746826171875
0.17920353982300885
0.1638909224011713
0.09871941896024465
0.14314778645833334
0.19793191800878476
0.14363606770833334
0.23736313868613138
0.1615614686468647
0.22141544117647058
0.1851207906295754
0.1144748263888889
0.17052525622254758
0.19234212239583334
0.17862955729166666
0.16642252604166666
0.14774576822916666
0.2151310641627543
0.1612226277372263
0.1591537610619469
0.2207943925233645
0.149169921875
0.2527669270833333
0.22022275405007363
0.18946742313323572
0.23713503649635037
0.19759114583333334
0.17439378415300547
0.1085304054054054
0.17715959004392387
0.16292317708333334
0.20332845052083334
0.2511472099853157
0.22006914119359533
0.16018484626647145
0.2648243045387994
0.18607584635416666
0.16243489583333334
0.11611358866736621
0.18361090775988287
0.14298502604166666
0.21053059895833334
0.1563720703125
0.1454002808988764
0.14473470052083334
0.1622314453125
0.16841634114583334
0.1253434065934066
0.14652506510416666
0.15469436310395315
0.1418832357247438
0.23160688140556368
0.18116830065359477
0.16125363901018921
0.17675072568940495
0.14229329427083334
0.15684480234260614
0.149169921875
0.203125
0.2577172256097561
0.19974003466204507
0.17961601307189543
0.059539794921875
0.106048583984375
0.20279947916666666
0.2417534722222222
0.18970761381475668
0.19230417276720352
0.1853038067349927
0.15465561224489796
0.10545486851457
0.16594985358711567
0.14884440104166666
0.10758463541666667
0.21678257686676428
0.16206868489583334
0.23444812792511702
0.19947848761408082
0.1527099609375
0.13090006510416666
0.2257781124497992
0.2026864844903988
0.19925878477306003
0.16656595303867403
0.1162227602905569
0.1987728310502283
0.16846632503660322
0.16896961932650073
0.161376953125
0.2678493923611111
0.19396077712609971
0.17423502604166666
0.20385813782991202
0.19144694010416666
0.10513447432762836
0.18543198529411764
0.254300878477306
0.16227213541666666
0.16141764322916666
0.23864533965244866
0.14219847775175645
0.11273792093704246
0.20705967976710335
0.25598637961335674
0.2420845534407028
0.1819933920704846
0.2269160583941606
0.16906112737920936
0.19710286458333334
0.1911145680819912
0.07756979695431472
0.16346507352941175
0.12280461031833151
0.101531982421875
0.15234375
0.20811631944444445
0.1395263671875
0.17740885416666666
0.1792883211678832
0.1607666015625
0.2476631231671554
0.2356789897510981
0.23275702662721892
0.19401041666666666
0.21520712209302326
0.21510036496350365
0.139046486090776
0.21668046357615894
0.11861165364583333
0.17884427828348504
0.09506145083932854
0.1190308988764045
0.087982177734375
0.12778571428571428
0.2247702205882353
0.19234992679355783
0.083984375
0.14005533854166666
0.17277018229166666
0.1705322265625
0.23124084919472915
0.257306338028169
0.2046786221590909
0.1832275390625
0.1262537147102526
0.18022510980966325
0.14030320366132723
0.16259765625
0.19057904411764706
0.11568196614583333
0.1909466911764706
0.08560578330893119
0.15003654970760233
0.15407832744405184
0.19535340314136126
0.2532580763582966
0.07873877665544332
0.12774524158125916
0.16297584187408493
0.20862226277372262
0.18946742313323572
0.20996522693997072
0.24537884333821378
0.2234301872074883
0.22053571428571428
0.12724056603773584
0.22316826215022093
0.158400439238653
0.18497721354166666
0.22285583941605838
0.15165201822916666
0.16792805989583334
0.30514705882352944
0.20213839941262848
0.155517578125
0.20389805097451275
0.19838945827232796
0.082916259765625
0.20060198300283286
0.25988286969253294
0.1278076171875
0.19173177083333334
0.1656494140625
0.166015625
0.16902669270833334
0.118804931640625
0.15547688802083334
0.2469890510948905
0.13948567708333334
0.17204623287671234
0.16943359375
0.18477852852852852
0.08761896046852123
0.24318265007320644
0.2018667642752562
0.21324309978768577
0.1129150390625
0.1612548828125
0.2637206314243759
0.2042236328125
0.18359375
0.1893310546875
0.19850993377483445
0.19108829941860464
0.15755208333333334
0.1634521484375
0.16455078125
0.2431640625
0.22627569750367107
0.11946376281112737
0.138427734375
0.20355966325036604
0.17301432291666666
0.15121098829648894
0.1425065445026178
0.20609537760416666
0.2315526070763501
0.2310202205882353
0.19952623906705538
0.12099358974358974
0.11808268229166667
0.14847819010416666
0.171783357771261
0.17139598540145987
0.17237723214285713
0.14961751302083334
0.23741764275256222
0.0923368448098664
0.16145833333333334
0.226345168374817
0.17825768667642752
0.154541015625
0.19688711240310078
0.14200846354166666
0.1353759765625
0.19299768518518517
0.19632975260416666
0.1649848090277778
0.11735026041666667
0.11029411764705882
0.18862847222222223
0.10128135223555071
0.14501953125
0.12349446614583333
0.169677734375
0.2616672767203514
0.1281779661016949
0.08565153733528551
0.20782856093979443
0.24136058451816747
0.17757137628111275
0.22860401459854016
0.1763916015625
0.1655975073313783
0.152099609375
0.17458639705882353
0.18193114874815905
0.21490666178623719
0.20087316176470588
0.161376953125
0.2248222748815166
0.20729166666666668
0.12317607003891051
0.13410505124450953
0.08642578125
0.2464311859443631
0.22347005208333334
0.23554515418502203
0.19533541055718476
0.32364729458917835
0.0973404255319149
0.15657027818448024
0.16769301470588235
0.2225609756097561
0.13692220052083334
0.12534645232815964
0.2046875
0.1815519765739385
0.14066569010416666
0.20177304964539008
0.15314814814814814
0.1994514106583072
0.18552215189873417
0.17264134877384196
0.2915944540727903
0.14385775862068967
0.22858711566617862
0.14473470052083334
0.12979683972911965
0.26541596989966554
0.2010036496350365
0.18039772727272727
0.16000183016105418
0.17296810699588477
0.15748844121532365
0.16695149739583334
0.1716796875
0.15706380208333334
0.16845703125
0.18878248974008208
0.17195638020833334
0.14542643229166666
0.30882892804698975
0.18590296961325967
0.18100292825768668
0.15584309895833334
0.13924153645833334
0.146728515625
0.20598462664714495
0.1660528596187175
0.20337738619676946
0.1562954215116279
0.1065673828125
0.09944016152716594
0.09087591240875913
0.08740234375
0.15218098958333334
0.17139458272327965
0.16678873697916666
0.17696126302083334
0.15494281045751634
0.117279052734375
0.17848645680819913
0.1564343657817109
0.1739501953125
0.1600475841874085
0.24085130970724192
0.1618723849372385
0.19453938802083334
0.21106332357247437
0.28305390492359933
0.23444363103953147
0.06788461538461539
0.20149739583333334
0.26872702205882354
0.1636245110821382
0.19692460317460317
0.14554850260416666
0.09466911764705882
0.1446533203125
0.24229600694444445
0.18809567448680353
0.2158279220779221
0.16941003911342895
0.11604817708333333
0.15498860677083334
0.0921630859375
0.07954915364583333
0.207997803806735
0.22305718475073313
0.13360175695461202
0.17082509881422925
0.2868128272251309
0.21815432551319647
0.11114501953125
0.2971462673611111
0.13825204439252337
0.21683756510416666
0.2094187402799378
0.17122395833333334
0.17967606149341142
0.1912975841874085
0.22866071428571427
0.14286295572916666
0.1711154513888889
0.08502170767004341
0.1685791015625
0.19121696035242292
0.097900390625
0.2117953879941435
0.24943181818181817
0.2354992657856094
0.09911356628982529
0.095947265625
0.194091796875
0.17017045454545454
0.2098388671875
0.18448023426061494
0.130615234375
0.10487565445026178
0.3444393382352941
0.23285845588235293
0.12010046113306982
0.17331625183016106
0.1728502080443828
0.14457194010416666
0.15120442708333334
0.14265950520833334
0.14494875549048317
0.20487668161434977
0.24143217893217894
0.10235595703125
0.17359077598828698
0.16145833333333334
0.1805448222565688
0.12586088154269973
0.17746517595307917
0.17080078125
0.152099609375
0.175048828125
0.2388237847222222
0.17919921875
0.12194749694749694
0.16666666666666666
0.21471774193548387
0.20767752562225475
0.1807861328125
0.24598524305555555
0.12771901072705602
0.1707540263543192
0.21934918879056048
0.15392246642246643
0.1395970394736842
0.17423825256975037
0.2203125
0.22250183016105418
0.1519775390625
0.09309895833333333
0.109130859375
0.08551025390625
0.2256453323903819
0.18132598784194529
0.1624358504398827
0.28325688073394495
0.11002244475138122
0.161865234375
0.16455947837150128
0.249633431085044
0.1740940702781845
0.200715859030837
0.16438802083333334
0.23265922401171302
0.2093108504398827
0.15171632124352333
0.07997803806734993
0.1984375
0.098114013671875
0.193001443001443
0.18772877013177158
0.23654831625183015
0.22053440702781846
0.22821691176470588
0.20561903137789905
0.20973032069970846
0.16425695461200585
0.2640922401171303
0.18030973451327434
0.1981879340277778
0.12862903225806452
0.10426136363636364
0.1456298828125
0.12183302808302808
0.18701171875
0.2478466386554622
0.09006124721603563
0.09494251467710371
0.2858695652173913
0.15087890625
0.19132486979166666
0.1131591796875
0.17526990553306343
0.19730631510416666
0.2108050847457627
0.22426470588235295
0.16975911458333334
0.20930989583333334
0.1856240849194729
0.15579178885630499
0.2579925115207373
0.036834716796875
0.16932720057720058
0.17647327964860907
0.16813151041666666
0.19851059941520469
0.17097981770833334
0.17045838971583221
0.15657552083333334
0.11681002928257686
0.21925182481751826
0.1903409090909091
0.2564130434782609
0.15308370044052863
0.11412659123055163
0.17247242647058825
0.23824121522693997
0.2645399305555556
0.114013671875
0.173095703125
0.17207845052083334
0.2347181551976574
0.14541361416361417
0.111114501953125
0.20529831625183015
0.13297526041666666
0.20817057291666666
0.18684895833333334
0.09359406187624751
0.18815104166666666
0.17472330729166666
0.1495699121522694
0.12019856770833333
0.15983796296296296
0.19516248153618906
0.1781661786237189
0.1801297169811321
0.15698356807511737
0.17900988520408162
0.1487218370883882
0.06924273858921162
0.18294270833333334
0.16796875
0.07766180830039526
0.12821451822916666
0.158203125
0.28267883480825956
0.15845588235294117
0.17041015625
0.2079592541436464
0.1734077598828697
0.16117350260416666
0.16707356770833334
0.15348307291666666
0.25466691068814057
0.14473684210526316
0.22515556368960468
0.09540956913827656
0.14406687062937062
0.10555013020833333
0.2419015373352855
0.09859837799717913
0.18971836419753085
0.2089586383601757
0.16472690615835778
0.181884765625
0.22771778916544655
0.09969075520833333
0.15450032552083334
0.14595540364583334
0.1580810546875
0.253157027818448
0.20353982300884957
0.1719970703125
0.15055338541666666
0.18896842878120412
0.21499816983894582
0.0899809718969555
0.2924293933054393
0.049479166666666664
0.25059742647058825
0.23904400887573965
0.10941569010416667
0.197509765625
0.11237094395280237
0.16255696614583334
0.12125965250965251
0.11613073671497584
0.17932622832369943
0.16084798177083334
0.2785424187725632
0.1359809663250366
0.18436578171091444
0.18770345052083334
0.27164239482200647
0.26752379209370425
0.26348824786324787
0.1418618073878628
0.12825520833333334
0.1563720703125
0.19578468406593408
0.2912441497659906
0.18491771708683474
0.18302408854166666
0.1888427734375
0.1202392578125
0.16800944010416666
0.13754084967320263
0.21897944199706315
0.14679276315789475
0.1447408536585366
0.22980021216407356
0.1661376953125
0.14359537760416666
0.09522058823529411
0.21613051470588235
0.17775439238653
0.11703879941434846
0.1984978540772532
0.1684205710102489
0.12016423357664234
0.18514933628318583
0.16068522135416666
0.1043701171875
0.19414406158357772
0.22785505124450953
0.22663123167155425
0.26005052724077327
0.1422119140625
0.18204752604166666
0.22340328467153284
0.1268552110817942
0.16024467376830892
0.13758235724743778
0.1038106394707828
0.17139458272327965
0.1387939453125
0.1025390625
0.12556966145833334
0.29489345114345117
0.2133731617647059
0.2931985294117647
0.16015625
0.2012939453125
0.23872324159021407
0.16353352864583334
0.116943359375
0.17635091145833334
0.188916015625
0.20401459854014597
0.18646064301552107
0.17235352862849534
0.14763591117917305
0.15483710106382978
0.17631022135416666
0.24963307240704502
0.19413248697916666
0.17885551948051948
0.20927891654465594
0.22085468521229867
0.09777462121212122
0.1839923469387755
0.22778392330383482
0.1035413616398243
0.18219253294289897
0.2266845703125
0.13671875
0.34284682080924855
0.15533088235294118
0.23713235294117646
0.16651727509778358
0.18123372395833334
0.14754231770833334
0.14909140969162996
0.2123480902777778
0.13262578616352202
0.14896647135416666
0.1484375
0.21669106881405564
0.2711943069306931
0.16092375366568915
0.15117130307467058
0.16910807291666666
0.18693033854166666
0.0916748046875
0.14982096354166666
0.1847466960352423
0.13060998735777496
0.16902669270833334
0.21980234260614934
0.13798014322916666
0.16219075520833334
0.21288684719535783
0.21360576923076924
0.09965226939970717
0.2500460914454277
0.17697657393850658
0.09919472913616398
0.18145310192023634
0.13956705729166666
0.12593587239583334
0.14213053385416666
0.09861967488789238
0.25637848751835535
0.2882616054158607
0.1131591796875
0.20170036764705881
0.063812255859375
0.0963513143483023
0.25152925531914894
0.1490625
0.18400065104166666
0.16495768229166666
0.16182454427083334
0.15790282902829028
0.1841092375366569
0.19184663250366032
0.06707763671875
0.14879261363636365
0.20036139455782312
0.1260986328125
0.17427708638360176
0.16392085076708507
0.11637298091042585
0.17741655076495133
0.3251410590277778
0.222998046875
0.2633272058823529
0.18021647135416666
0.08658256880733944
0.20772058823529413
0.18359375
0.2681902985074627
0.16407393850658858
0.09939413265306123
0.186516452074392
0.23805147058823528
0.15243055555555557
0.083648681640625
0.12079596412556054
0.10835774739583333
0.16122256515775035
0.111328125
0.14506022135416666
0.20214128843338214
0.187591642228739
0.14424641927083334
0.19056551976573938
0.13257944228274968
0.19202527322404372
0.23552052785923755
0.17130533854166666
0.17491764275256222
0.1392822265625
0.1476504914004914
0.1697998046875
0.26065751445086704
0.22735175695461202
0.21638538575667657
0.07445652173913044
0.17683931185944363
0.2506405563689605
0.1507568359375
0.17124125874125873
0.12740071614583334
0.16105143229166666
0.1838854319180088
0.16178385416666666
0.1794015373352855
0.172607421875
0.16780231829573936
0.1781454248366013
0.16441176470588234
0.09588623046875
0.3007269965277778
0.18304738562091502
0.1932373046875
0.15048499267935578
0.12239583333333333
0.175048828125
0.13987226277372264
0.08866385630498534
0.12886555989583334
0.1145290798611111
0.21188556067588327
0.15970865885416666
0.18745915032679739
0.21293456032719837
0.21075367647058824
0.2085010980966325
0.20127196193265007
0.19710286458333334
0.19282472067039105
0.13630124450951683
0.15657552083333334
0.11293859649122807
0.133056640625
0.15657552083333334
0.15185546875
0.18445558739255014
0.15923002577319587
0.14668782552083334
0.23396739130434782
0.18216959635416666
0.15822610294117648
0.24176427525622254
0.20319363103953147
0.12998826291079812
0.12156844802342606
0.1734619140625
0.16719563802083334
0.13521321614583334
0.12510850694444445
0.08087851929092806
0.2210868768328446
0.13941936728395063
0.17582194010416666
0.26085960410557185
0.17036946614583334
0.16487630208333334
0.05536308203991131
0.12658173734610123
0.22941068814055637
0.12386067708333333
0.16845703125
0.18668619791666666
0.0499267578125
0.1515625
0.19022623697916666
0.13358561197916666
0.23453703703703704
0.20634191176470587
0.1612548828125
0.19685872395833334
0.13541666666666666
0.18301610541727673
0.127251221001221
0.23297950219619326
0.17052129221732745
0.13023127753303965
0.15388431013431014
0.25366032210834555
0.17354502196193264
0.150146484375
0.1934109237536657
0.187255859375
0.13424918389553864
0.142987400530504
0.1549072265625
0.16445660237388723
0.18941243489583334
0.20177525622254758
0.09762773722627738
0.1558837890625
0.19028284671532847
0.19343932748538012
0.15890522875816993
0.15275065104166666
0.13480631510416666
0.12284342447916667
0.14762773722627737
0.19189453125
0.17647327964860907
0.22953287760416666
0.17545572916666666
0.22932942708333334
0.17985026041666666
0.20456625183016106
0.2025299717912553
0.1427001953125
0.0845947265625
0.1863986784140969
0.2718142750373692
0.17639257294429708
0.082000732421875
0.2406021897810219
0.14940693430656934
0.265190336749634
0.14950814111261873
0.11151632762312634
0.20767752562225475
0.2001281112737921
0.18000525946704068
0.1765190336749634
0.1956787109375
0.23976688693098386
0.18406844802342606
0.23741764275256222
0.14989019033674963
0.1641845703125
0.12638346354166666
0.2373244929797192
0.20438639322916666
0.2426094890510949
0.17305501302083334
0.11978058510638298
0.17438725490196078
0.23650256222547583
0.19939604685212298
0.135009765625
0.1353759765625
0.19209798177083334
0.15034993489583334
0.09586588541666667
0.11508207934336526
0.1326904296875
0.18118594436310395
0.16938064759036145
0.18607584635416666
0.1647025357607282
0.13991013071895425
0.14628092447916666
0.17042349726775957
0.19639598540145986
0.17780014641288433
0.0924594395280236
0.17521158854166666
0.12344436310395315
0.10892740885416667
0.14908854166666666
0.12551424050632912
0.0987548828125
0.19987170087976538
0.12308756510416667
0.16222240915208613
0.276673640167364
0.2311493411420205
0.173453513909224
0.2630438790560472
0.18992496339677892
0.19597690615835778
0.1285628434065934
0.27195652173913043
0.21481515373352855
0.12589518229166666
0.10321044921875
0.1965267595307918
0.1868708053691275
0.11676025390625
0.07807262569832402
0.078521728515625
0.19695301027900147
0.1629638671875
0.20182291666666666
0.1484055252387449
0.074188232421875
0.15602122986822842
0.17181420233463035
0.1617431640625
0.094085693359375
0.1253662109375
0.1970346715328467
0.20585123697916666
0.16282051282051282
0.24536527165932454
0.11597842261904762
0.1087646484375
0.149364406779661
0.19685872395833334
0.10160319010416667
0.151123046875
0.15608723958333334
0.2377878900445765
0.1971435546875
0.1669921875
0.14396158854166666
0.1398542600896861
0.113861083984375
0.29780664395229983
0.18164348462664714
0.2176094890510949
0.13773600260416666
0.25018301610541727
0.21137280058651026
0.110748291015625
0.24353922287390029
0.14451979472140764
0.119476318359375
0.21383333333333332
0.1933192815249267
0.20650227864583334
0.14506022135416666
0.17324561403508773
0.2633560231023102
0.17065895741556533
0.20418294270833334
0.257470703125
0.12007649739583333
0.21801686217008798
0.10270385050962627
0.14351399739583334
0.19097730600292825
0.17889824304538798
0.17203566838046272
0.16250812743823148
0.13162878787878787
0.159423828125
0.16892386530014641
0.225254303599374
0.15016471449487556
0.25255474452554744
0.14652506510416666
0.18986002604166666
0.16109992679355783
0.18473307291666666
0.19556451612903225
0.19439338235294118
0.205078125
0.15702311197916666
0.26118035190615835
0.3229166666666667
0.19543795620437956
0.10416666666666667
0.13167317708333334
0.16849772135416666
0.17638177159590043
0.1244061757719715
0.20568347953216373
0.13774875621890548
0.1645589464882943
0.1455078125
0.20587426686217009
0.1707997803806735
0.2108154296875
0.15959967320261437
0.07069067296340023
0.16877513404825736
0.18374816983894582
0.102783203125
0.19248718887262078
0.13276654411764705
0.1946376281112738
0.22250183016105418
0.24707174231332357
0.1187774524158126
0.17923990885416666
0.14408185840707965
0.15505514705882353
0.1676025390625
0.182373046875
0.17268880208333334
0.17455161054172766
0.18109328908554573
0.31666006339144215
0.193359375
0.08565493646138807
0.1494140625
0.23705947136563876
0.119384765625
0.13895007342143906
0.15984925474254744
0.20358187134502925
0.19867819843342036
0.17435709635416666
0.11322236180904523
0.2586436170212766
0.10950235950235951
0.21097777061855671
0.15506998697916666
0.20482536764705883
0.12882486979166666
0.15815928927680797
0.20175970873786409
0.14952415812591507
0.1565625
0.19596449487554904
0.18626464128843337
0.13016699735449735
0.1712297197640118
0.13175455729166666
0.12931034482758622
0.14681516936671576
0.12715657552083334
0.16215006510416666
0.193952802359882
0.135986328125
0.14119466145833334
0.17732747395833334
0.21014824304538798
0.16216960352422907
0.1731332357247438
0.1773681640625
0.10310872395833333
0.13200036603221083
0.17013379765395895
0.25749577702702703
0.22090992647058824
0.16524251302083334
0.13696895424836603
0.15613656987295826
0.2051610541727672
0.18667642752562225
0.09599194729136164
0.225341796875
0.064849853515625
0.16678224687933427
0.13492838541666666
0.1614040798611111
0.14998372395833334
0.198252196193265
0.20840959004392387
0.12546515561569688
0.22541058394160585
0.20892269736842106
0.22566898826979473
0.15869140625
0.2109496879875195
0.1740940702781845
0.2195301027900147
0.23483157467532467
0.16190592447916666
0.13142566568047337
0.16602629781420766
0.15554950186799502
0.1492919921875
0.11705698090692124
0.1533203125
0.14941262848751835
0.18136896046852122
0.1717606149341142
0.23979685212298682
0.14208984375
0.16365559895833334
0.21443014705882352
0.141357421875
0.2599307580174927
0.11541616945107398
0.15681966145833334
0.18505859375
0.1759033203125
0.11910450061652281
0.21077712609970675
0.15767415364583334
0.12581380208333334
0.1300048828125
0.24588213762811129
0.13104262013729978
0.2503193430656934
0.12472885032537961
0.15885416666666666
0.21478102189781023
0.12249020568070519
0.27441628701594534
0.18411420204978038
0.13658159947984394
0.15230305989583334
0.1295787545787546
0.1195095168374817
0.12841322815533981
0.23476390922401172
0.16552615571776155
0.23313419117647058
0.17949304538799415
0.11686580882352941
0.22540381791483113
0.16417705278592376
0.1531387262079063
0.12657828282828282
0.220654296875
0.18572080291970802
0.23000549048316252
0.2250274926686217
0.16300455729166666
0.1727294921875
0.12894694010416666
0.2623993411420205
0.1565716911764706
0.12522944199706315
0.16507975260416666
0.1295296486090776
0.13517252604166666
0.13553873697916666
0.1409912109375
0.2130244006849315
0.21129209370424598
0.08111572265625
0.2116123718887262
0.083343505859375
0.2360568576388889
0.24544270833333334
0.104827880859375
0.20284926470588235
0.13008626302083334
0.20857747395833334
0.22597287735849056
0.20904126213592233
0.146240234375
0.1302490234375
0.23979102760736196
0.19276942815249268
0.14359537760416666
0.19816080729166666
0.190478515625
0.14330161054172766
0.2857638888888889
0.1087646484375
0.2737963780918728
0.1889183748169839
0.15538067349926793
0.16768403790087463
0.20978893740902474
0.20456625183016106
0.2888864818024263
0.13606770833333334
0.1180419921875
0.22135797950219618
0.14298502604166666
0.2052001953125
0.17371961805555555
0.087188720703125
0.1376606487148103
0.1810302734375
0.10294566544566544
0.18290201822916666
0.10782877604166667
0.18094889322916666
0.1875
0.2507320644216691
0.1827577821011673
0.14650439238653
0.09916748285994123
0.14495286085825748
0.16053602430555555
0.123779296875
0.22135797950219618
0.2111824912891986
0.14042154947916666
0.17997507668711657
0.18544106881405564
0.222900390625
0.20552708638360176
0.17258754071661236
0.1351318359375
0.18505859375
0.1688508064516129
0.2591688368055556
0.17688506588579794
0.153564453125
0.061017786561264824
0.21068399705014748
0.18324049803407602
0.1525186567164179
0.13071533923303835
0.20021961932650073
0.03961181640625
0.1741943359375
0.16087115666178622
0.15382503660322108
0.19881184895833334
0.2823752045826514
0.13362226277372263
0.16337076822916666
0.15506998697916666
0.26371173469387754
0.15311686197916666
0.1021728515625
0.17842610677083334
0.10579427083333333
0.23160688140556368
0.17465124816446403
0.2070593525179856
0.2322792869269949
0.16975911458333334
0.20821126302083334
0.15653483072916666
0.13431803385416666
0.19234212239583334
0.14278157552083334
0.2833658854166667
0.1829245973645681
0.2371053597650514
0.1322144138755981
0.1512451171875
0.10424618320610687
0.16780598958333334
0.12568530701754385
0.20475260416666666
0.15426587301587302
0.2181075624082232
0.11505839822024472
0.16877496671105194
0.1769203413940256
0.057373046875
0.15527216427640156
0.16352059248554912
0.22922794117647058
0.2296490593342981
0.1875
0.05755615234375
0.13002450980392158
0.1715767254038179
0.10836748633879781
0.1121826171875
0.1810302734375
0.087371826171875
0.1734077598828697
0.13997395833333334
0.08721923828125
0.13321940104166666
0.1484268125854993
0.14922385620915032
0.18800182481751826
0.1568603515625
0.19452554744525546
0.24742576628352492
0.15889485677083334
0.114776611328125
0.20275735294117647
0.16455580029368574
0.079437255859375
0.12176513671875
0.19069555112881806
0.1834716796875
0.21075892857142858
0.23927919708029197
0.17240117130307467
0.18882881231671556
0.1268310546875
0.1423728813559322
0.16658528645833334
0.212434012066365
0.24588213762811129
0.195263671875
0.1710205078125
0.26436676427525624
0.15424562682215742
0.129150390625
0.1962890625
0.202734375
0.1786565249266862
0.22030791788856305
0.3046875
0.20735724743777453
0.2567616959064328
0.21953125
0.14278157552083334
0.3039822048611111
0.1666259765625
0.11025623644251627
0.16202799479166666
0.13733660130718955
0.14619954427083334
0.14700768667642752
0.13012445095168373
0.14994303385416666
0.125
0.14952415812591507
0.22625366032210834
0.22113619676945667
0.1804331864904552
0.073822021484375
0.08211263020833333
0.09195963541666667
0.15433756510416666
0.1766672610556348
0.14947840409956076
0.1622314453125
0.2142203513909224
0.15450268817204302
0.19169108072916666
0.1259328358208955
0.18640190336749635
0.15738932291666666
0.127197265625
0.1641845703125
0.20653367496339678
0.1334228515625
0.2549370659722222
0.08188233137829912
0.17134882869692533
0.23201866764275256
0.1521405346820809
0.20186360677083334
0.20866013071895426
0.1302159590043924
0.20484077598828698
0.15140787760416666
0.12816011235955055
0.1973201174743025
0.13240559895833334
0.15315755208333334
0.17212041884816753
0.18136896046852122
0.077850341796875
0.25463472834067546
0.19217936197916666
0.14961751302083334
0.2301806784660767
0.075836181640625
0.1158447265625
0.19856770833333334
0.18690519765739386
0.1387939453125
0.1612548828125
0.20644216691068815
0.1497802734375
0.1058349609375
0.13618977864583334
0.24573863636363635
0.234765625
0.15758333333333333
0.21994309838472834
0.2986822840409956
0.1646728515625
0.16834677419354838
0.08117963152507676
0.0855712890625
0.18513997395833334
0.0772705078125
0.149658203125
0.22347650513950074
0.1373291015625
0.17374674479166666
0.15462239583333334
0.11578369140625
0.18644765739385066
0.19628477306002928
0.107757568359375
0.1673583984375
0.07025146484375
0.17171223958333334
0.11421712239583333
0.12723795572916666
0.16801470588235295
0.15755208333333334
0.13956705729166666
0.20068359375
0.1595458984375
0.177734375
0.21158088235294117
0.13273889636608344
0.2346966911764706
0.20410871156661786
0.169921875
0.2084553440702782
0.24626572327044025
0.1312255859375
0.14599609375
0.17827643171806168
0.22884544787077826
0.17171223958333334
0.2333984375
0.16563644688644688
0.19866398243045388
0.2041970802919708
0.20259882869692533
0.16027308192457737
0.2336210482529118
0.23330078125
0.1849365234375
0.15176610541727673
0.093780517578125
0.17867024739583334
0.24041606104651161
0.2305484693877551
0.1087646484375
0.1462298682284041
0.1151580459770115
0.286194942903752
0.1927617130307467
0.3585611979166667
0.20877562225475843
0.17338053385416666
0.1564706920903955
0.2197108345534407
0.23943081991215226
0.10233113069016153
0.17339154411764707
0.1785888671875
0.24661420204978038
0.20177919708029196
0.22497254758418742
0.2747395833333333
0.09220377604166667
0.17323717948717948
0.1710205078125
0.14185739436619718
0.09895833333333333
0.13190628815628816
0.045989990234375
0.1428921568627451
0.20855666156202143
0.1983455882352941
0.22044836956521738
0.21107198748043818
0.083740234375
0.1927490234375
0.1640625
0.18769230769230769
0.2741427951388889
0.18282063802083334
0.2168339416058394
0.120361328125
0.2092966300940439
0.18363444010416666
0.18037923177083334
0.16520182291666666
0.14432779947916666
0.15224125364431487
0.20177919708029196
0.24206130690161526
0.17317708333333334
0.10688202247191012
0.17671712239583334
0.23553765880217786
0.18773045722713863
0.053009033203125
0.12087429775280899
0.16719563802083334
0.22441493313521546
0.16752115885416666
0.1124267578125
0.15535481770833334
0.18461100260416666
0.19953330893118595
0.16691080729166666
0.1653092972181552
0.16845703125
0.16639101671309192
0.1774798682284041
0.1409466911764706
0.18159773060029283
0.085906982421875
0.14598214285714287
0.10160818713450293
0.21159957627118645
0.1629300878477306
0.1363467261904762
0.19980783308931185
0.17706808199121524
0.18978770131771597
0.1387939453125
0.15879991319444445
0.22416178385416666
0.09264587794432548
0.14208984375
0.11954898446833931
0.23078179442508712
0.13832720588235295
0.12600582685904552
0.068084716796875
0.2354703147353362
0.1787043301759134
0.15542763157894737
0.30408125915080525
0.1885308159722222
0.15323893229166666
0.17329915364583334
0.19803873697916666
0.18521229868228403
0.14872233072916666
0.15767415364583334
0.17720540364583334
0.13640005827505827
0.13432230869001296
0.23810395314787702
0.20291850220264318
0.17635091145833334
0.13917054521276595
0.18213892961876832
0.19544956140350878
0.09379588839941262
0.2772727272727273
0.22245607613469986
0.15531412760416666
0.14194570871261378
0.19750548245614036
0.13814786585365854
0.21710747978436656
0.19720394736842106
0.13408315844700944
0.15230305989583334
0.18157029085872575
0.15907988357050454
0.19308199121522693
0.12898763020833334
0.21907027818448024
0.15487737920937042
0.20768849206349208
0.1710285505124451
0.18873535871156663
0.15428257686676428
0.18021574733096085
0.18799537648612946
0.08573717948717949
0.19588216145833334
0.1602112676056338
0.18100110619469026
0.12095543345543346
0.17906891495601174
0.29059873949579834
0.2165538067349927
0.19795735677083334
0.08587646484375
0.24342391304347827
0.24600183823529412
0.19143484626647145
0.19020741556534507
0.15527522935779817
0.21431185944363104
0.1484375
0.2599166666666667
0.14747242647058822
0.1821231617647059
0.1878216911764706
0.13224283854166666
0.23394033674963396
0.17041015625
0.12373860677083333
0.2209788937409025
0.21455891927083334
0.15763346354166666
0.17215983072916666
0.21138682745825602
0.088287353515625
0.21865808823529412
0.19134333821376281
0.21737737920937042
0.21248169838945827
0.18434873949579833
0.16389973958333334
0.1304931640625
0.1869967057101025
0.10640462239583333
0.15018717447916666
0.14143880208333334
0.16337076822916666
0.20735724743777453
0.1745876736111111
0.122711181640625
0.21123548922056384
0.14715073529411765
0.1629638671875
0.17287049861495846
0.13278388278388278
0.20812588904694168
0.2508285984848485
0.20211693548387097
0.20735724743777453
0.19295247395833334
0.10546303074670571
0.11299641927083333
0.24539085545722714
0.23911054172767204
0.14540629575402636
0.16997620790629575
0.16881839945280439
0.12524679170779862
0.17830344070278184
0.14542214912280702
0.0777587890625
0.24829545454545454
0.1505126953125
0.16951866764275256
0.21481515373352855
0.19026692708333334
0.18001302083333334
0.18194045911047346
0.15389023732470333
0.1717529296875
0.1553955078125
0.08162967289719626
0.23412335285505123
0.17268880208333334
0.16385904947916666
0.17049153645833334
0.2089586383601757
0.20814977973568283
0.172607421875
0.22991398243045388
0.0740966796875
0.16487630208333334
0.08736559139784947
0.2416727672035139
0.16743977864583334
0.16845006485084307
0.18619791666666666
0.1712646484375
0.15157063802083334
0.1929904831625183
0.13138834635416666
0.12486273792093704
0.10725911458333333
0.19140625
0.17985026041666666
0.21434471365638766
0.1662467490247074
0.13220447870778268
0.13672868956743003
0.11046511627906977
0.19117647058823528
0.23133042279411764
0.2654191068814056
0.15962727864583334
0.11055501302083333
0.21546532846715327
0.15018717447916666
0.275942532942899
0.15279314159292035
0.1807184750733138
0.19550695461200585
0.19143484626647145
0.13456259150805272
0.2708691910499139
0.21089680989583334
0.14078776041666666
0.182861328125
0.23147810218978102
0.10542692719486081
0.21792279411764706
0.14388020833333334
0.11360677083333333
0.1365966796875
0.23494692532942898
0.17442434210526317
0.13985188802083334
0.1051025390625
0.2414647577092511
0.164794921875
0.13338216145833334
0.18289150280898878
0.19071451822916666
0.16681526390870186
0.17593954248366014
0.20585123697916666
0.1972913616398243
0.14110541727672035
0.08065937940761636
0.23793478260869566
0.12020481144343304
0.0810546875
0.13578287760416666
0.110626220703125
0.19738286969253294
0.20515950520833334
0.16654459635416666
0.18291666666666667
0.0955810546875
0.13090006510416666
0.074066162109375
0.16943359375
0.24384191176470588
0.203125
0.18601813110181312
0.18693033854166666
0.17708333333333334
0.12748209635416666
0.10660084856396866
0.16080729166666666
0.1300329428989751
0.10831629672897196
0.09395903010033445
0.160888671875
0.13904038915094338
0.11438330871491877
0.1870424597364568
0.18413880813953487
0.0860595703125
0.089508056640625
0.1649687958883994
0.2245319383259912
0.16092936197916666
0.15421549479166666
0.171875
0.16487630208333334
0.1958272327964861
0.16209150326797386
0.17615300146412885
0.1879575402635432
0.1260986328125
0.20604897660818713
0.084075927734375
0.1717148609077599
0.16265556368960468
0.15840657552083334
0.15449481074481075
0.1483345534407028
0.19540441176470588
0.2038845486111111
0.21911603221083456
0.09619140625
0.09289299706170422
0.15740094866071427
0.2568474264705882
0.17791297935103245
0.23698843416370108
0.20755247376311844
0.13855206847360912
0.1697998046875
0.1927159590043924
0.11688232421875
0.17976756954612005
0.14940068493150685
0.19518667642752563
0.17708333333333334
0.23178989751098097
0.036956787109375
0.1197070765661253
0.13480318509615385
0.17032877604166666
0.1615875912408759
0.173453513909224
0.18526204427083334
0.25741621376811596
0.09393310546875
0.13765462239583334
0.12030109489051095
0.16707356770833334
0.22159940209267565
0.108551025390625
0.22311046511627908
0.16220626631853785
0.0760498046875
0.13991372980910427
0.13542963885429637
0.126220703125
0.17179361979166666
0.23222140762463342
0.1651611328125
0.10738118489583333
0.2003173828125
0.14253236744759556
0.1629300878477306
0.2442723607038123
0.17757161458333334
0.077056884765625
0.1160888671875
0.25283203125
0.15751139322916666
0.2264483298538622
0.1732177734375
0.194262729844413
0.18291116005873714
0.15241013071895426
0.17734260614934114
0.1969988986784141
0.15706380208333334
0.21764705882352942
0.13761393229166666
0.19991666666666666
0.16095055710306408
0.184342972181552
0.1373291015625
0.10682819383259912
0.18318684895833334
0.101593017578125
0.2573663982430454
0.1686950951683748
0.16956442166910687
0.18265787760416666
0.15723458904109588
0.19807942708333334
0.16731770833333334
0.19917805989583334
0.15161882510013353
0.056854248046875
0.20169322709163345
0.2064924568965517
0.094268798828125
0.19692532942898974
0.15707357247437775
0.15535481770833334
0.2512723941368078
0.2159549120234604
0.16764322916666666
0.18111165364583334
0.12228759168704156
0.17435709635416666
0.2706533477321814
0.16805013020833334
0.1241455078125
0.16430270863836016
0.23000549048316252
0.17549486803519063
0.20590124816446403
0.12601251840942562
0.212939453125
0.1745334201388889
0.08394368489583333
0.21430535190615835
0.1622154919236417
0.10661764705882353
0.1996783088235294
0.17435709635416666
0.18365666178623719
0.20712847730600292
0.13890438988095238
0.28079379562043794
0.21858723958333334
0.0239453125
0.18359375
0.12672738693467336
0.2016795154185022
0.23965959004392387
0.13785807291666666
0.16540080527086384
0.18558756510416666
0.18727089442815248
0.2292751736111111
0.22154099560761348
0.11319986979166667
0.1092529296875
0.2244485294117647
0.11214192708333333
0.1918402777777778
0.0955329356846473
0.21692518248175183
0.16670735677083334
0.21957357247437775
0.19865088105726872
0.12377450980392157
0.1678466796875
0.1809443371943372
0.186767578125
0.16910807291666666
0.191162109375
0.17057291666666666
0.17911783854166666
0.1717606149341142
0.09132148093841642
0.20942324185248715
0.18806680773881498
0.18501790364583334
0.18892415364583334
0.14902086383601756
0.18621888726207905
0.20044838945827234
0.21678257686676428
0.21957357247437775
0.16371681415929204
0.1829703513909224
0.13545971074380164
0.18304882525697502
0.070953369140625
0.094970703125
0.25675154320987653
0.20923316251830162
0.08683268229166667
0.20882137628111275
0.18359375
0.09326866113744076
0.2418598233995585
0.12472547584187409
0.1633876281112738
0.2173828125
0.22369143484626647
0.068145751953125
0.18072840409956076
0.13541666666666666
0.13416135573580534
0.16853419654714474
0.12312825520833333
0.2039905247813411
0.20483038348082597
0.23126956181533645
0.13846842447916666
0.18159993489583334
0.105316162109375
0.18843587239583334
0.18108660130718954
0.15445963541666666
0.107177734375
0.248388671875
0.15555826822916666
0.06927490234375
0.21150106082036776
0.1793607414448669
0.14473470052083334
0.1999450951683748
0.23174283154121864
0.10797119140625
0.12015007320644217
0.1753472222222222
0.19207516339869282
0.19504941434846265
0.13615088105726872
0.25301976573938506
0.23739035087719298
0.2478038067349927
0.15494791666666666
0.14310709635416666
0.15246768507638073
0.21042576419213974
0.113372802734375
0.1229248046875
0.15458170572916666
0.1539306640625
0.13037109375
0.14090983072916666
0.15629069010416666
0.22575036603221083
0.1600341796875
0.17373348017621146
0.13802083333333334
0.16477987421383647
0.1898792093704246
0.1438506588579795
0.2248442082111437
0.13151041666666666
0.2253843338213763
0.22689421669106882
0.10308837890625
0.28275988286969256
0.17729685212298682
0.08284457478005865
0.16630045572916666
0.1898193359375
0.16755124450951683
0.18130506607929514
0.19990150429799428
0.17041015625
0.22513834635416666
0.16469346549192365
0.1367933186490455
0.17203776041666666
0.13028283485045514
0.12347412109375
0.1956997084548105
0.13637057387057386
0.08602150537634409
0.1693814055636896
0.14623161764705883
0.1944580078125
0.15226236979166666
0.13618035190615835
0.2289989019033675
0.17313639322916666
0.3038813320825516
0.21792521994134897
0.1739110541727672
0.14828879941434847
0.12784830729166666
0.1906112737920937
0.15620759837177747
0.17574121522693997
0.18242130307467058
0.1530187074829932
0.13264973958333334
0.18594009983361065
0.13221735187424424
0.2311950951683748
0.19596449487554904
0.14300769794721407
0.16715542521994134
0.13651529947916666
0.20231119791666666
0.1929904831625183
0.23236196319018404
0.0875244140625
0.23052602639296188
0.12284342447916667
0.18491440798858774
0.11458333333333333
0.17228739002932553
0.15576298701298702
0.14990234375
0.12900641025641027
0.248046875
0.22199853587115667
0.17110188802083334
0.22593338213762812
0.08453125
0.1549526862026862
0.14532844387755103
0.22533548707753479
0.17720588235294119
0.1590909090909091
0.21261896046852122
0.11332720588235294
0.21677679882525697
0.15214029947916666
0.15861002604166666
0.1578369140625
0.18690519765739386
0.15763346354166666
0.1863103953147877
0.189208984375
0.12178548177083333
0.1724926793557833
0.20460766423357665
0.23096632503660322
0.17911783854166666
0.1937255859375
0.18058101173020527
0.15053487690504103
0.07542155425219942
0.10454963235294118
0.250145800933126
0.1485383787661406
0.056387867647058824
0.083343505859375
0.17243457300275483
0.10499462943071966
0.114715576171875
0.1998631386861314
0.1601349043715847
0.24098645680819913
0.23238469985358712
0.156494140625
0.15059742647058824
0.1121884537131231
0.22263909224011713
0.1681372549019608
0.15608723958333334
0.20401720351390923
0.17679738562091504
0.18585285505124452
0.09235312899106003
0.20316569010416666
0.16151272845953002
0.1466064453125
0.17268880208333334
0.15841629793510326
0.183837890625
0.1328892005610098
0.0888671875
0.1502610565110565
0.24281661786237188
0.3053927951388889
0.1836283185840708
0.2404685128983308
0.18283308931185943
0.2840370018975332
0.17525227864583334
0.16685022026431717
0.1263427734375
0.06292724609375
0.13883463541666666
0.25692085597826086
0.17310855263157895
0.10601207906295754
0.2891847826086957
0.21508967789165448
0.1148681640625
0.1749267578125
0.14545204978038068
0.24346465390279823
0.2032851390922401
0.14252379209370425
0.16507975260416666
0.2044289897510981
0.17997233072916666
0.12683603117505995
0.14485677083333334
0.09088827838827838
0.14583333333333334
0.071746826171875
0.2883047658862876
0.16102239353891337
0.1585345953002611
0.14581808199121524
0.18396139705882353
0.171728515625
0.19495790629575402
0.19979809104258445
0.18387481644640236
0.13118489583333334
0.24126838235294118
0.09518463073852296
0.1630306603773585
0.2294564421669107
0.15258967789165448
0.20434253246753248
0.24071507760532151
0.06382686676427525
0.20792033773861968
0.13938053097345132
0.21252745241581258
0.15787760416666666
0.1397026909722222
0.17931002928257686
0.15022786458333334
0.2535490412979351
0.2335743045387994
0.2504317789291883
0.17273172323759792
0.1536865234375
0.13392857142857142
0.27365173674588666
0.1163159860557769
0.2554288321167883
0.12645985401459853
0.1177978515625
0.23911054172767204
0.14327395577395577
0.2537975841874085
0.18973795572916666
0.23494692532942898
0.16668191800878476
0.20734204368174727
0.24739963503649634
0.15844827586206897
0.19335651537335286
0.203939332247557
0.15486653645833334
0.1961360398860399
0.225968567251462
0.2100151909722222
0.1106444332998997
0.17818196614583334
0.12776692708333334
0.17350260416666666
0.15425618489583334
0.1676025390625
0.22679227941176472
0.09431760847628658
0.10074869791666667
0.08642578125
0.1469652682255846
0.0952889447236181
0.1960692995529061
0.07782417893544734
0.18063237463126844
0.0767822265625
0.15218098958333334
0.18241373697916666
0.12008231026785714
0.17236328125
0.23029197080291972
0.1941800878477306
0.10912698412698413
0.12432861328125
0.07617467718794835
0.2127685546875
0.15657552083333334
0.2095
0.1849945335276968
0.24917642752562225
0.22701255539143278
0.18470900439238652
0.19657389322916666
0.17826334635416666
0.14647932816537468
0.17853221083455345
0.20035688140556368
0.18037923177083334
0.1912975841874085
0.16302159590043924
0.21266471449487556
0.2144948755490483
0.18058035714285714
0.11090775988286969
0.086883544921875
0.07758363201911589
0.17097981770833334
0.16548665364583334
0.084869384765625
0.167724609375
0.23959772099447513
0.21537272135416666
0.17020670572916666
0.1988260582010582
0.1885986328125
0.1684366295264624
0.21984474522292993
0.25707720588235294
0.24141886930983847
0.3272569444444444
0.24271616541353383
0.1708039314516129
0.096175799086758
0.18818832599118943
0.20378649635036497
0.21348057184750732
0.14274088541666666
0.21861273792093705
0.16349283854166666
0.17740885416666666
0.2242404831625183
0.14786783854166666
0.11758268482490272
0.11813689604685212
0.16646321614583334
0.15472222222222223
0.10362011316872428
0.20282933042212517
0.20918740849194728
0.07421098409542744
0.19467832469775476
0.21934742647058825
0.23435212298682284
0.07940673828125
0.1699404761904762
0.12162272135416667
0.050506591796875
0.18642092541436464
0.14629221732745962
0.073699951171875
0.2945421006944444
0.18094889322916666
0.14856957087126138
0.2642883480825959
0.21656976744186046
0.1632088520055325
0.1090087890625
0.22718473451327434
0.10143849206349206
0.18407757496740548
0.14969889322916666
0.20616764275256222
0.16407393850658858
0.143798828125
0.1731332357247438
0.21598307291666666
0.1182245575221239
0.18763726207906295
0.20854685212298682
0.24775805270863835
0.22673458149779735
0.20982796486090777
0.18900988286969253
0.18575032552083334
0.04248046875
0.19724716446124763
0.2125732064421669
0.23893805309734514
0.15342153284671534
0.16091479524438573
0.1649169921875
0.16114568081991215
0.19663179148311308
0.106597900390625
0.13515247584541062
0.18656412760416666
0.14908854166666666
0.20345052083333334
0.1414794921875
0.17344771241830065
0.1288205329153605
0.097503662109375
0.1587385770234987
0.15401204427083334
0.185302734375
0.20852346805736635
0.19436310395314788
0.17915852864583334
0.190185546875
0.24702123050259966
0.20742595818815332
0.17195638020833334
0.09150476539589443
0.17513020833333334
0.25750366032210836
0.21149918300653595
0.221875
0.216796875
0.11580403645833333
0.16796875
0.10148111979166667
0.17982536764705884
0.13648426061493413
0.17620262390670555
0.132568359375
0.17708333333333334
0.22318814055636896
0.2023243045387994
0.14915191740412978
0.06439208984375
0.25869326500732065
0.26708984375
0.13720703125
0.25151209677419356
0.072021484375
0.1741398243045388
0.141218872870249
0.13838704427083334
0.2109720176730486
0.21911710719530103
0.2723684210526316
0.161376953125
0.11817259675405743
0.179931640625
0.20607613469985359
0.21984809663250365
0.1264183748169839
0.16044108072916666
0.22330633284241533
0.18670099431818182
0.1822509765625
0.16300455729166666
0.11747233072916667
0.18142488954344624
0.17513020833333334
0.12176724137931035
0.1268759150805271
0.1572108345534407
0.15055338541666666
0.18245442708333334
0.1236572265625
0.17545572916666666
0.17756053664921467
0.108123779296875
0.14514500734214392
0.06684663250366032
0.1690673828125
0.16923014322916666
0.07177734375
0.20456625183016106
0.115478515625
0.16919838945827234
0.17774226110363392
0.12742496339677892
0.1514892578125
0.11914348462664714
0.14214154411764707
0.2817548465266559
0.19264705882352942
0.1624198717948718
0.17061360677083334
0.14453125
0.14590959004392387
0.17427571614583334
0.14554251269035534
0.13517252604166666
0.22222730600292825
0.2129424778761062
0.14275256222547583
0.18485514322916666
0.15596516927083334
0.12813313802083334
0.15183823529411763
0.0892333984375
0.27642980935875217
0.1668263090676884
0.1743300293685756
0.17885924068767908
0.18493777452415813
0.1568366708385482
0.18479776847977686
0.26221632503660325
0.22291361639824306
0.30419921875
0.11459390862944162
0.18880208333333334
0.1390380859375
0.10573755490483162
0.2489307931570762
0.13623046875
0.11196010248901904
0.10979561316051845
0.18878111273792095
0.24894611436950145
0.10023656898656899
0.1808199121522694
0.14131673177083334
0.12984304298642535
0.14457194010416666
0.19449869791666666
0.17437591776798825
0.1666259765625
0.16202799479166666
0.23984260614934114
0.20963541666666666
0.08711780575539568
0.06916708796764408
0.1965592972181552
0.17965702210663198
0.1314697265625
0.13988970588235294
0.09561425682507584
0.1475443951165372
0.103668212890625
0.26470857771260997
0.163818359375
0.067047119140625
0.20365271659324521
0.1168968818380744
0.13826497395833334
0.17185212298682284
0.14804802052785923
0.17192082111436952
0.11462902046783625
0.1932108918128655
0.183837890625
0.17415364583333334
0.0738525390625
0.19532393850658858
0.27055800293685756
0.1960560029282577
0.118072509765625
0.16988118489583334
0.12495930989583333
0.15114889705882353
0.154541015625
0.19099934895833334
0.15894948755490484
0.19010797950219618
0.17146809895833334
0.21456513828238719
0.22963945827232796
0.19051460597826086
0.13610347985347984
0.1431438401048493
0.17203776041666666
0.08333333333333333
0.08707682291666667
0.12678964757709252
0.1968994140625
0.16886393229166666
0.13270399305555555
0.16511330409356725
0.15812866568914957
0.20548502604166666
0.1434326171875
0.14172794117647058
0.10493977864583333
0.14231220657276994
0.23984260614934114
0.09321581196581197
0.22607064421669107
0.15352376302083334
0.14832294721407624
0.095001220703125
0.18909105744125326
0.12431368960468521
0.21116593567251463
0.16378891050583658
0.23178989751098097
0.17635723860589814
0.1910688140556369
0.16206868489583334
0.19733711566617862
0.09342447916666667
0.18363444010416666
0.177734375
0.25516304347826085
0.2066251830161054
0.192138671875
0.16956018518518517
0.15327962239583334
0.223176532769556
0.20595326409495548
0.235953513909224
0.1304931640625
0.15625
0.19200303819444445
0.1904127829560586
0.10813695355191257
0.19461678832116788
0.2300830341113106
0.1719970703125
0.0753173828125
0.16890462239583334
0.18915198237885464
0.12356938483547926
0.12380865102639296
0.17586263020833334
0.076202392578125
0.14453125
0.22417279411764707
0.17469262295081966
0.15068430656934306
0.163845168374817
0.22314238653001464
0.13456549935149156
0.1803623718887262
0.21023975109809664
0.171875
0.12354742462311558
0.19335651537335286
0.21433823529411763
0.16309742647058822
0.215625
0.07830882352941176
0.108642578125
0.12044270833333333
0.131591796875
0.08354766803840878
0.23216240875912408
0.1435546875
0.16121419270833334
0.14643371757925072
0.1593017578125
0.17949148745519714
0.1777283281733746
0.25967973231357555
0.2564055636896047
0.11874292986425339
0.26331521739130437
0.11869303385416667
0.168212890625
0.14504563233376794
0.2239889705882353
0.1583251953125
0.12230755649717515
0.1996384297520661
0.11348470052083333
0.19203629032258066
0.13463311209439527
0.23110358711566617
0.20125374251497005
0.123779296875
0.20986785095320623
0.1776123046875
0.2209461932650073
0.2299679487179487
0.19831378299120234
0.16666666666666666
0.134521484375
0.17586263020833334
0.17036946614583334
0.24733018207282914
0.099517822265625
0.27571376281112736
0.18827781844802344
0.17601837060702874
0.1746826171875
0.16448572474377746
0.17146809895833334
0.18068677325581395
0.13789876302083334
0.16178385416666666
0.2511261261261261
0.2614842606149341
0.1803872980910426
0.14449055989583334
0.23512994143484628
0.2028537326388889
0.13993326822916666
0.1892975663716814
0.190185546875
0.19534691629955947
0.11089199029126214
0.198252196193265
0.09246776084407972
0.11946614583333333
0.1387939453125
0.22103770131771597
0.1475830078125
0.1707540263543192
0.09415690104166667
0.15787760416666666
0.18143717447916666
0.14420572916666666
0.114990234375
0.22781735751295337
0.19571940104166666
0.16460168869309838
0.14029947916666666
0.1930362371888726
0.100494384765625
0.15423682284040996
0.13880522088353414
0.11400293255131964
0.21792642752562225
0.251904296875
0.176513671875
0.2793560606060606
0.14558823529411766
0.19514973958333334
0.226345168374817
0.13736979166666666
0.091339111328125
0.15865071614583334
0.15445143884892087
0.17953879941434847
0.16898600260416666
0.1986121894409938
0.09708969465648855
0.21865781710914453
0.2703773041474654
0.1494140625
0.2018210102489019
0.1403471272229822
0.09761555989583333
0.19875549048316252
0.14168294270833334
0.21484375
0.3382352941176471
0.25967153284671535
0.09982426650366748
0.17281295754026355
0.24168198529411763
0.08505673499267935
0.16661241319444445
0.1710285505124451
0.2650988286969253
0.20825662739322534
0.21778634361233482
0.17142740885416666
0.15922037760416666
0.1565930296377607
0.15433756510416666
0.1898193359375
0.18335176991150443
0.16707356770833334
0.1838854319180088
0.14945475260416666
0.27729779411764705
0.16796875
0.18061674008810572
0.2078335832083958
0.09592770034843205
0.17002952755905512
0.09763003355704698
0.14908854166666666
0.18146046852122988
0.14957682291666666
0.1625456204379562
0.14316443594646272
0.20578262463343108
0.18603515625
0.25817451420029897
0.17873531571218795
0.14546712239583334
0.143798828125
0.16341145833333334
0.18436686197916666
0.1365154109589041
0.04937744140625
0.13529459635416666
0.20740300146412885
0.19011948529411765
0.16015625
0.2216325036603221
0.16646321614583334
0.1272662213740458
0.159912109375
0.2145922746781116
0.2450525040387722
0.18644919590643275
0.17569986979166666
0.20149739583333334
0.20463709677419356
0.16398111979166666
0.08238237359550561
0.23927785923753667
0.23071907600596125
0.1271108663729809
0.17127163781624502
0.115995115995116
0.16267903645833334
0.14449055989583334
0.15068430656934306
0.14000550660792951
0.10453287760416667
0.09037272135416667
0.17236328125
0.17513020833333334
0.2731662326388889
0.2619900173611111
0.2342148609077599
0.16072036784741145
0.17154947916666666
0.1497802734375
0.231655604719764
0.1836952804377565
0.09608345534407028
0.10398498062015504
0.251006588579795
0.195095168374817
0.18253580729166666
0.20621339677891654
0.19266764322916666
0.2634548611111111
0.167724609375
0.1460018382352941
0.2008601756954612
0.24890029325513197
0.16599560761347
0.24396046852122988
0.12381998697916667
0.1644640234948605
0.14229502196193264
0.23442082111436952
0.1958639705882353
0.11247953056768559
0.23611627043090638
0.13671875
0.16587271341463414
0.21360294117647058
0.1638909224011713
0.2984375
0.14765893470790378
0.13470473621103118
0.1702880859375
0.19105392156862744
0.18049963396778917
0.21046852122986823
0.20177525622254758
0.11531575520833333
0.15643301610541727
0.20429172767203513
0.14636713030746706
0.17077205882352942
0.2089298825256975
0.26025485436893203
0.19436310395314788
0.2416704963235294
0.1475195822454308
0.15023861967694566
0.078338623046875
0.11953604294478527
0.12198893229166667
0.13026315789473683
0.1683748169838946
0.1055908203125
0.09879557291666667
0.18649045521292218
0.17427571614583334
0.1884150805270864
0.21163321167883212
0.11726888020833333
0.155638852672751
0.12198893229166667
0.15789714494875548
0.09332275390625
0.2354959736456808
0.19816068814055637
0.19116032210834552
0.17208089311859442
0.13594563802083334
0.1546630859375
0.2134331597222222
0.13222095300261097
0.09365849194729137
0.19823788546255505
0.22831259150805272
0.21187337239583334
0.22355143229166666
0.13035322108345535
0.17661054172767204
0.12824853587115667
0.11433931185944363
0.13028971354166666
0.15748535871156663
0.1848856209150327
0.1428898243045388
0.19257869692532942
0.26554802955665024
0.0933837890625
0.21357979502196192
0.20168138586956522
0.12202962239583333
0.2352214494875549
0.13370768229166666
0.13803120849933598
0.15173141891891892
0.23970588235294119
0.21447610294117647
0.1335560029282577
0.18651785714285715
0.2563082298136646
0.15386380323054333
0.14237467447916666
0.20819505899705015
0.14818965517241378
0.14218291788856305
0.13127001067235858
0.1676551094890511
0.08915201822916667
0.13863469985358712
0.2315717628705148
0.07967122395833333
0.1226806640625
0.1526971271393643
0.14766438802083334
0.2046440972222222
0.1666259765625
0.21410796324655437
0.09411603221083455
0.17350260416666666
0.17399088541666666
0.2232796486090776
0.1618942731277533
0.1811308651026393
0.16622437774524157
0.1932192532942899
0.17857796486090777
0.23531295754026355
0.26861702127659576
0.077880859375
0.2216884328358209
0.1503190445026178
0.2739507299270073
0.17807467057101026
0.17547723935389134
0.12123447204968944
0.20712316176470588
0.19976915184678523
0.18951317715959004
0.23064604685212298
0.0673741362290227
0.16524251302083334
0.20463053385416666
0.1664786401925391
0.093597412109375
0.22877697841726619
0.19329379562043797
0.19724560761347
0.14803059895833334
0.1828589108910891
0.20529831625183015
0.14029550499445062
0.18333638360175694
0.1712573206442167
0.2709782608695652
0.081573486328125
0.2641692546583851
0.18615047233468285
0.1700439453125
0.1922607421875
0.13008626302083334
0.1544260700389105
0.15970865885416666
0.1961669921875
0.20712847730600292
0.16389973958333334
0.20063280166435507
0.15027573529411764
0.2140686596583443
0.2228221083455344
0.13472123579545456
0.11083984375
0.0931396484375
0.23277755591054314
0.24185578330893118
0.1462298682284041
0.162841796875
0.18994140625
0.278807003257329
0.13444010416666666
0.14127604166666666
0.11054172767203514
0.152587890625
0.16545823665893272
0.21820095168374817
0.13492838541666666
0.09233576642335767
0.17857796486090777
0.07901982378854626
0.17802891654465594
0.15185761346998536
0.11763360175695461
0.1749543795620438
0.24986273792093705
0.20588235294117646
0.15679744525547445
0.23239051094890512
0.19466911764705883
0.20756635273972604
0.082855224609375
0.12664714494875548
0.20736967694566813
0.15094095303867403
0.13570149739583334
0.10079840319361277
0.19333639705882352
0.21385431918008785
0.16391283524904215
0.19431988041853512
0.2358204845814978
0.17830403645833334
0.2395290798611111
0.12007649739583333
0.25414090106007065
0.3014929149797571
0.201171875
0.14375813802083334
0.109558284457478
0.144775390625
0.12933269650655022
0.23156112737920936
0.181048682284041
0.19738051470588236
0.24287587412587414
0.17798316251830162
0.19108072916666666
0.16463216145833334
0.12117513020833333
0.19889322916666666
0.23467240117130309
0.2099609375
0.15323893229166666
0.1668701171875
0.22157846715328466
0.17240397135416666
0.17601573938506587
0.13179347826086957
0.13671875
0.1464095744680851
0.22905975073313783
0.16304524739583334
0.2162290715372907
0.28982588357588357
0.13955425126903553
0.18541141235813366
0.16031901041666666
0.16829379562043795
0.11463004484304933
0.18058628318584072
0.16007486979166666
0.11397327964860908
0.1525131406044678
0.18684895833333334
0.24294354838709678
0.23367155525238745
0.17370248538011696
0.0697021484375
0.25489568081991215
0.13948567708333334
0.1920754026354319
0.2287326388888889
0.1718521897810219
0.14742024739583334
0.14520006203473945
0.15436857562408224
0.16890462239583334
0.24089494875549047
0.08406575520833333
0.13698755490483164
0.1427001953125
0.16375366032210834
0.13822428385416666
0.188694743130227
0.15281844802342606
0.21156103286384975
0.15475512528473803
0.18556985294117648
0.1866455078125
0.207997803806735
0.056304931640625
0.12260135135135135
0.10103352864583333
0.18850806451612903
0.2065972222222222
0.2106515373352855
0.19051106770833334
0.19116032210834552
0.19873046875
0.13577898550724637
0.15556368960468522
0.22103770131771597
0.2135340409956076
0.2160174880763116
0.16890533625730994
0.18965657552083334
0.08496522693997072
0.06815592447916667
0.18387619372442018
0.08751850937808489
0.19741189427312775
0.1842324144486692
0.12703450520833334
0.2070827232796486
0.17316176470588235
0.162701317715959
0.13505045572916666
0.23073209269662923
0.20747884114583334
0.08355712890625
0.21786556603773585
0.15524341142020498
0.16691080729166666
0.1440157624633431
0.20841471354166666
0.13141025641025642
0.23093065693430656
0.11090087890625
0.153731684981685
0.28810160427807485
0.20998531571218795
0.1527247667514843
0.17805989583333334
0.1451416015625
0.24052748885586925
0.1754079254079254
0.20235188802083334
0.1884608345534407
0.14055023923444976
0.23323567708333334
0.16002442273534637
0.20172872340425532
0.09359491315136477
0.20814896755162243
0.2332997803806735
0.16119868035190615
0.18667642752562225
0.077484130859375
0.199072265625
0.07181803385416667
0.20035688140556368
0.16535505124450953
0.23756424375917767
0.154541015625
0.2593994140625
0.21943631039531478
0.16622437774524157
0.12966045272969373
0.24111785095320623
0.16688368055555555
0.2905815972222222
0.22213579795021962
0.15336100260416666
0.14278157552083334
0.20168374816983894
0.10733695652173914
0.2020497803806735
0.09507837407013815
0.14417093704245973
0.18587239583333334
0.3386152826855124
0.18685944363103954
0.1640625
0.1072998046875
0.28079044117647056
0.19291483113069016
0.26875
0.22298177083333334
0.17159016927083334
0.17626953125
0.1425805941845765
0.12935714285714286
0.1839507180156658
0.16507975260416666
0.2197080291970803
0.10249174008810573
0.20025697503671072
0.22395833333333334
0.2442723607038123
0.16083211143695014
0.10701866764275256
0.061385099685204614
0.17854817708333334
0.16446940104166666
0.07584028459273798
0.10601806640625
0.18120404411764707
0.09702034883720931
0.1903367496339678
0.1409912109375
0.13741048177083334
0.1270529197080292
0.21069729136163984
0.21435117302052786
0.077972412109375
0.1917279411764706
0.18146046852122988
0.14519668400520155
0.24934895833333334
0.15450879765395895
0.09487051792828685
0.09090169270833333
0.17226307189542484
0.17263215859030837
0.21651459854014599
0.21124633967789166
0.1482962447844228
0.18245442708333334
0.2836292093704246
0.24014423076923078
0.1781005859375
0.15238444010416666
0.12089077412513255
0.21170387994143486
0.2116991643454039
0.13387044270833334
0.2363599348534202
0.166748046875
0.14351303317535544
0.2377297794117647
0.10301077023498695
0.11759440104166667
0.14467091007583965
0.11860294117647059
0.1338305270863836
0.20399305555555555
0.110504150390625
0.14693196614583334
0.23922180043383948
0.15798865300146414
0.15763449367088608
0.13496907552083334
0.16560872395833334
0.18479195323246217
0.199010724852071
0.1640625
0.08327259475218658
0.083099365234375
0.3039439970717423
0.11785313901345291
0.1192626953125
0.17462021136063408
0.141845703125
0.14335123697916666
0.16907281205164992
0.18804985337243402
0.123291015625
0.1304931640625
0.17525227864583334
0.17006771595900438
0.21004231770833334
0.14872233072916666
0.20106304985337242
0.15633169934640523
0.17619875549048317
0.11390895953757225
0.16169472913616398
0.17118326822916666
0.097015380859375
0.19039191988950277
0.15885416666666666
0.189208984375
0.072418212890625
0.2314953071672355
0.15852353780313838
0.13822428385416666
0.18815104166666666
0.22636632200886264
0.15576171875
0.1916514598540146
0.16330645161290322
0.23189558383233533
0.16849772135416666
0.18739149305555555
0.15869140625
0.1219744121715076
0.2217786343612335
0.1870871862615588
0.22635630498533724
0.18160898379970544
0.11285400390625
0.14653776978417266
0.16850897606382978
0.13899739583333334
0.14867177314211213
0.09764021887824897
0.1870424597364568
0.2217920353982301
0.07892470472440945
0.14705403645833334
0.20072428385416666
0.2814670138888889
0.13423665364583334
0.13528963414634146
0.20332726537216828
0.1447132616487455
0.2563412408759124
0.1734619140625
0.1719997149372862
0.15058290155440415
0.19014485677083334
0.16166178385416666
0.261617288961039
0.18226872246696035
0.16230237154150198
0.23697916666666666
0.17323133680555555
0.0791015625
0.19380696614583334
0.10294596354166667
0.1329345703125
0.19949448529411765
0.20740300146412885
0.19645182291666666
0.14957682291666666
0.1394828216374269
0.16422526041666666
0.14469401041666666
0.1398243045387994
0.19709429824561403
0.1644287109375
0.13517252604166666
0.18367513020833334
0.14105966325036604
0.14624815634218288
0.12053091397849462
0.18621888726207905
0.1689453125
0.2563227802037846
0.18618766404199474
0.2658285830618892
0.22501627604166666
0.2013327205882353
0.14607747395833334
0.1007080078125
0.1991644965277778
0.24642721036585366
0.15877278645833334
0.14634941329856585
0.132080078125
0.17697657393850658
0.1668701171875
0.31356026785714286
0.146484375
0.1891928989751098
0.2818421052631579
0.1854248046875
0.18087455830388693
0.1397594752186589
0.20121256510416666
0.102783203125
0.2522452346041056
0.2248263888888889
0.22274709302325582
0.1671670305676856
0.1304904831625183
0.17496744791666666
0.14421507832898173
0.06277654867256637
0.16206076134699854
0.09201134699853587
0.19317400275103164
0.2732084690553746
0.146484375
0.1214599609375
0.1866455078125
0.15360514322916666
0.13324780058651026
0.1502845080763583
0.25157894736842107
0.08746337890625
0.17919921875
0.10478840508806263
0.20373831775700935
0.15108235677083334
0.17977887426900585
0.060882568359375
0.1742271505376344
0.20863836017569545
0.21833821376281112
0.11890354046242775
0.12862141927083334
0.14290364583333334
0.1356201171875
0.1971435546875
0.13234489051094891
0.16731770833333334
0.11443081991215227
0.17956204379562044
0.21390007320644217
0.11679206566347469
0.21248169838945827
0.15043131510416666
0.11394167758846659
0.1170264175257732
0.06825965130759651
0.1815185546875
0.28267254038179146
0.1456262425447316
0.21915584415584416
0.17557779947916666
0.17110188802083334
0.2156883445945946
0.13358561197916666
0.22044787077826725
0.1575927734375
0.14827712609970675
0.13578287760416666
0.1240234375
0.22887646627565983
0.0787353515625
0.17927389705882352
0.17587847730600292
0.172607421875
0.2356789897510981
0.26359953703703703
0.14634731359649122
0.18076429618768328
0.2568359375
0.1681918008784773
0.13179524739583334
0.2182467057101025
0.084381103515625
0.1235056258790436
0.18709309895833334
0.19555112881806108
0.14892578125
0.16748046875
0.370342287694974
0.17798316251830162
0.1838854319180088
0.1700034818941504
0.1510221598002497
0.135986328125
0.19249649368863955
0.2357077205882353
0.2755514705882353
0.267471181556196
0.16056315104166666
0.12960766423357664
0.23322610294117646
0.3097330729166667
0.13897058823529412
0.3178168402777778
0.17130533854166666
0.17635091145833334
0.21966776798825258
0.18425102599179208
0.22176976573938506
0.12845700985761227
0.20063868613138686
0.12972005208333334
0.18660481770833334
0.0670166015625
0.20621744791666666
0.2680728404099561
0.24917279411764706
0.22648243045387995
0.14783125915080528
0.1975201317715959
0.21036234662576686
0.18684895833333334
0.21810944363103954
0.16048177083333334
0.20868411420204977
0.12971166237113402
0.1318452380952381
0.27877928257686674
0.1273193359375
0.24059287812041116
0.085205078125
0.09648722627737226
0.24178625377643503
0.11588541666666667
0.16640739385065886
0.14021809895833334
0.11279296875
0.1922514619883041
0.18731698389458273
0.19257869692532942
0.15738932291666666
0.125732421875
0.16123718887262078
0.26395497803806733
0.20044107856191745
0.13625549048316252
0.14070638020833334
0.1571044921875
0.06634521484375
0.14271867245657568
0.06897605083088953
0.1512451171875
0.2080448250728863
0.1483803074670571
0.18009745127436283
0.194091796875
0.13845168374816985
0.19607843137254902
0.16119143484626647
0.2847222222222222
0.177978515625
0.18662939882697946
0.11122803806734993
0.09893798828125
0.2197108345534407
0.2013327205882353
0.21709558823529412
0.2028267254038179
0.1544189453125
0.25875214776632305
0.13606770833333334
0.21424875827814568
0.20174153645833334
0.11103429203539823
0.11747233072916667
0.2008601756954612
0.12024111675126904
0.17729685212298682
0.1528192124105012
0.196044921875
0.1478271484375
0.15657027818448024
0.059733072916666664
0.17635091145833334
0.19944852941176472
0.2242862371888726
0.1732077205882353
0.24096607669616518
0.14949544270833334
0.09979248046875
0.23062310030395136
0.105926513671875
0.1866455078125
0.23959860703812316
0.06487068965517241
0.21217105263157895
0.18359375
0.13301595052083334
0.15496323529411765
0.14131673177083334
0.17724609375
0.2893263582966226
0.16815257352941176
0.19156976744186047
0.14017857142857143
0.24758211678832118
0.22364568081991215
0.10493977864583333
0.16544596354166666
0.22192872492836677
0.126220703125
0.24842664930555555
0.1527099609375
0.2655386740331492
0.16842185592185593
0.25265373352855053
0.15666178623718888
0.16792534722222222
0.21503303964757708
0.28695
0.16817220052083334
0.158400439238653
0.23042065663474692
0.20479329427083334
0.13590494791666666
0.15404411764705883
0.346484375
0.1903076171875
0.1931734992679356
0.1827415812591508
0.190657027818448
0.17766288433382138
0.23423713235294116
0.20653367496339678
0.1617943548387097
0.19771321614583334
0.09259033203125
0.14029947916666666
0.18138500635324015
0.09476990861618799
0.1165937876960193
0.14411764705882352
0.17264811197916666
0.2304739652870494
0.205534140969163
0.1336669921875
0.21106332357247437
0.21056002928257686
0.120025634765625
0.14353038067349927
0.2616268382352941
0.16636163982430455
0.16704795021961932
0.17557779947916666
0.123393906020558
0.20731113707165108
0.098724365234375
0.21549479166666666
0.07381184895833333
0.1402595029239766
0.17885248901903367
0.19500366032210834
0.1400146484375
0.10638427734375
0.086273193359375
0.16495768229166666
0.11136881510416667
0.16475423177083334
0.22719346549192365
0.1663804945054945
0.1908400439238653
0.20950768667642752
0.1982064421669107
0.27978515625
0.1841954960835509
0.15657074780058652
0.17561848958333334
0.20817669172932332
0.14453125
0.1754313509544787
0.20392335766423358
0.2537975841874085
0.15693631039531478
0.21976725260416666
0.23554172767203513
0.17474739243807041
0.21140785609397944
0.23736802413273
0.09050480769230769
0.13667805989583334
0.1240234375
0.2304172767203514
0.16415369649805447
0.22716874084919472
0.10650634765625
0.16297584187408493
0.21561686197916666
0.091278076171875
0.0711752300613497
0.2008601756954612
0.07917899408284024
0.225439453125
0.1866268382352941
0.17410090782122906
0.20900439238653
0.15686182228915663
0.19221266471449489
0.125091552734375
0.2114996328928047
0.1947536496350365
0.19449869791666666
0.1173590775988287
0.17070827232796487
0.20939127604166666
0.14472087378640777
0.07794189453125
0.09057723799126638
0.1382987483530962
0.19449869791666666
0.14689127604166666
0.15034105329949238
0.15586843711843712
0.25867146596858637
0.193359375
0.1664989019033675
0.2488527900146843
0.22726024890190336
0.10623556581986143
0.19784040995607613
0.13693263688760807
0.154541015625
0.18390992167101827
0.23164134438305709
0.13090226939970717
0.21673682284040996
0.2472404534606205
0.17868238304093567
0.30975506756756754
0.19143484626647145
0.21412884333821378
0.22835834553440704
0.08199626865671641
0.10904947916666667
0.1697998046875
0.07501220703125
0.1935763888888889
0.17215154867256638
0.1522216796875
0.1991672767203514
0.17015922401171302
0.16585834553440704
0.189453125
0.17235541727672035
0.1875
0.2287326388888889
0.15275379834254144
0.1661376953125
0.11072137188208617
0.14815266927083334
0.17085774739583334
0.21980234260614934
0.12436409883720931
0.10692715959004392
0.13505045572916666
0.11519820601851852
0.17879231770833334
0.17293294270833334
0.2046577598828697
0.15885416666666666
0.1736111111111111
0.19189453125
0.1422119140625
0.260752196193265
0.17054794520547945
0.1869047619047619
0.1955984626647145
0.10772705078125
0.16155051622418878
0.13785807291666666
0.19608113069016153
0.2240668402777778
0.28233318890814557
0.13358561197916666
0.105987548828125
0.11832682291666667
0.10512609649122807
0.14017740885416666
0.2210868768328446
0.1009521484375
0.047637939453125
0.12989568081991215
0.11024423337856173
0.146728515625
0.1825657894736842
0.19953330893118595
0.1245424597364568
0.09026062252964427
0.0796745867768595
0.21586538461538463
0.21309742647058824
0.17391703377386197
0.10312811565304088
0.1923828125
0.24698023426061494
0.16276041666666666
0.10872395833333333
0.1168212890625
0.18814338235294117
0.2174107142857143
0.17057291666666666
0.1143798828125
0.1717143906020558
0.16326438848920863
0.16548978365384615
0.1701388888888889
0.13338216145833334
0.08394368489583333
0.14250366568914957
0.24661420204978038
0.16268128453038674
0.161865234375
0.11635248901903368
0.17142740885416666
0.19614751098096633
0.20337664714494877
0.1591325036603221
0.2044289897510981
0.13550170068027212
0.2280565693430657
0.20355966325036604
0.11295572916666667
0.1507568359375
0.16185674547983311
0.12589518229166666
0.21036135693215338
0.1913716814159292
0.048004150390625
0.16231282552083334
0.21733695652173912
0.2215458152958153
0.15407142857142858
0.14542643229166666
0.18091142020497805
0.14876302083333334
0.12316849816849818
0.20525256222547583
0.14254890678941312
0.2448604992657856
0.1936301622418879
0.18607584635416666
0.1259765625
0.22801094890510948
0.20996522693997072
0.086273193359375
0.23577691680261012
0.1915560471976401
0.168212890625
0.18498352855051245
0.15445963541666666
0.17390302359882007
0.17885248901903367
0.10435744810744811
0.15592447916666666
0.16160322108345535
0.20491536458333334
0.08721923828125
0.2267120765832106
0.12459309895833333
0.197705078125
0.13724772135416666
0.24110032362459546
0.24517463235294118
0.1552905701754386
0.17491496598639455
0.1540538067349927
0.16532389322916666
0.2061587591240876
0.090362548828125
0.14107259114583334
0.1385454822954823
0.16939290364583334
0.13972832722832723
0.107940673828125
0.195556640625
0.13968912760416666
0.16873164464023496
0.19019948755490484
0.081787109375
0.14335123697916666
0.2112591911764706
0.2237829428989751
0.1960352422907489
0.16327092511013216
0.0914306640625
0.17226277372262774
0.15812174479166666
0.11832682291666667
0.2201683748169839
0.07879638671875
0.09850810412573674
0.21386400651465798
0.06910035035035035
0.24922218155197656
0.14811197916666666
0.1148681640625
0.09842936197916667
0.25059306569343065
0.14530436197916666
0.13712565104166666
0.159423828125
0.13075086805555555
0.2605251736111111
0.1104736328125
0.23096632503660322
0.14281480505795574
0.16534926470588235
0.09817708333333333
0.18501790364583334
0.10114808447937132
0.056844075520833336
0.21897877013177158
0.34408422459893045
0.09617851906158358
0.14249674479166666
0.20744875549048317
0.20121256510416666
0.033915544332211
0.23416850220264318
0.23059550147492625
0.20518695014662758
0.23478860294117648
0.22354714912280702
0.22256433823529412
0.14825367647058824
0.2557650073206442
0.22653958944281524
0.2275874635568513
0.241859243697479
0.17118768328445746
0.1330055266579974
0.22822867298578198
0.25056076672104405
0.19527027027027027
0.15506021756021757
0.12019856770833333
0.14444986979166666
0.2358940972222222
0.1992130307467057
0.19278492647058823
0.22687224669603523
0.17479446935724963
0.11480712890625
0.2125
0.12102428180574555
0.06561279296875
0.18914868105515587
0.20145497803806736
0.1376953125
0.16153971354166666
0.0633544921875
0.1497886866059818
0.18880208333333334
0.2333984375
0.2773139312977099
0.2302463503649635
0.1495475871313673
0.14700768667642752
0.09657597266035751
0.1143798828125
0.1861672794117647
0.11744592875318066
0.15995607613469986
0.14804869316147512
0.1788330078125
0.11609179019384265
0.22754765395894427
0.11436020293122887
0.11527506510416667
0.19795735677083334
0.1976318359375
0.1590867496339678
0.25828147877013174
0.24367843511450382
0.088470458984375
0.19274635036496351
0.0825242718446602
0.18768301610541727
0.15388997395833334
0.1893310546875
0.283740234375
0.14713541666666666
0.2481240849194729
0.14815266927083334
0.083343505859375
0.19600423177083334
0.2261284722222222
0.19756588579795023
0.13321940104166666
0.22737993138936535
0.1676395216400911
0.113067626953125
0.22066993464052287
0.12101236979166667
0.1280517578125
0.13423665364583334
0.16262437810945274
0.21280924479166666
0.14060212298682284
0.12005615234375
0.1958729868228404
0.1729736328125
0.14021809895833334
0.1280517578125
0.21081204379562044
0.08660888671875
0.18050130208333334
0.21265465793304222
0.15436214652956298
0.18029552129221732
0.078704833984375
0.12129720052083333
0.1151123046875
0.23253676470588236
0.090972900390625
0.16281204111600586
0.17020795660036167
0.11983235677083333
0.1343994140625
0.1581259150805271
0.18412272135416666
0.177001953125
0.17616150442477876
0.21722898230088494
0.20321718289085547
0.18355305989583334
0.18343796159527326
0.1875935628742515
0.23719618055555555
0.14564350797266515
0.20378649635036497
0.14237467447916666
0.13278388278388278
0.17693081991215226
0.1689453125
0.17313639322916666
0.19320255474452555
0.15935672514619884
0.2390326725403818
0.17435709635416666
0.15275065104166666
0.17683919270833334
0.10784076227390181
0.1749080882352941
0.13252766927083334
0.18525805270863835
0.14465725806451613
0.14616141732283464
0.18691117092866757
0.10677083333333333
0.15254720052083334
0.095611572265625
0.14822359843546284
0.18254781420765026
0.14969889322916666
0.30474452554744524
0.18486898625429554
0.165283540802213
0.14815266927083334
0.22581521739130433
0.1778148854961832
0.164306640625
0.0855712890625
0.21980234260614934
0.13370768229166666
0.15411158631415242
0.13871256510416666
0.09525553385416667
0.12064615885416667
0.11296607579462102
0.2661511713030747
0.15306987788331072
0.2962521663778163
0.25
0.1841599560761347
0.13771961932650073
0.207598730606488
0.20491360691144708
0.19913736979166666
0.19971632503660322
0.21476293103448277
0.2622522026431718
0.13423665364583334
0.14938689604685212
0.22322207678883071
0.22783653846153845
0.18929036458333334
0.1702880859375
0.20067715959004392
0.12134265279583875
0.12890625
0.18045387994143486
0.13594563802083334
0.16316731770833334
0.15146103896103896
0.2757892804698972
0.22735363924050633
0.21223958333333334
0.20179347826086957
0.23837847730600292
0.14208984375
0.167002196193265
0.17207845052083334
0.1790771484375
0.20552708638360176
0.22968521229868227
0.18781934306569342
0.17483480176211455
0.20579379562043795
0.07902018229166667
0.09757096069868995
0.15201822916666666
0.18519467213114754
0.1494140625
0.18690257352941175
0.09090169270833333
0.16166178385416666
0.15665690104166666
0.10220286885245902
0.1221923828125
0.16676600817438691
0.20271260997067447
0.17116581259150807
0.16007486979166666
0.16353352864583334
0.18141471449487556
0.20365117130307467
0.15441439828080228
0.265053074670571
0.16267903645833334
0.2621101134215501
0.14090983072916666
0.18073979591836734
0.123046875
0.16743977864583334
0.17985026041666666
0.06519948755490483
0.09531440781440781
0.11909993489583333
0.14310709635416666
0.061319986979166664
0.18947320117474303
0.102142333984375
0.24441800878477307
0.18487278761061948
0.2882907279029463
0.24886067708333334
0.20145497803806736
0.18766276041666666
0.095550537109375
0.17732843137254903
0.18529411764705883
0.21731268545994065
0.16597493489583334
0.17007299270072992
0.24007137628111275
0.1304931640625
0.18961929716399506
0.1453857421875
0.10385265072765072
0.11976872246696035
0.18536237785016288
0.17757137628111275
0.13257575757575757
0.17359077598828698
0.20263671875
0.13515739385065886
0.1892905866302865
0.16463216145833334
0.1746826171875
0.11922200520833333
0.20768805309734514
0.15877278645833334
0.22257194244604317
0.22936493411420206
0.0910207423580786
0.13777669270833334
0.2610887096774194
0.205224609375
0.10340409956076135
0.15542328042328044
0.11679025423728813
0.07796223958333333
0.19094162995594713
0.24136636636636635
0.20886713030746706
0.1605224609375
0.20031112737920936
0.15364963503649634
0.28119791666666666
0.14774476600985223
0.24935944363103954
0.226345168374817
0.13602701822916666
0.20279947916666666
0.28153409090909093
0.13333067602040816
0.13803780964797913
0.109893798828125
0.162353515625
0.19527180989583334
0.24052891654465594
0.17399088541666666
0.19651354319180087
0.19209798177083334
0.1827392578125
0.08614088820826953
0.2315881763527054
0.2657062391681109
0.1615024183796856
0.17818196614583334
0.167488680465718
0.12559480234260614
0.12311580882352942
0.13278331257783313
0.12703185955786736
0.19281045751633988
0.2443557268722467
0.19572610294117648
0.06610107421875
0.1690673828125
0.2027337997054492
0.17171223958333334
0.19976207906295754
0.13528481012658228
0.21583029197080292
0.21593842182890854
0.166259765625
0.0791015625
0.2055800293685756
0.1634521484375
0.15743001302083334
0.15987141927083334
0.13670169213973798
0.14450840643274854
0.13113103953147878
0.1040339702760085
0.225968567251462
0.2753577441077441
0.1199951171875
0.07430013020833333
0.16617838541666666
0.349640376984127
0.18926119942196531
0.16109212239583334
0.12251790364583333
0.22820301027900147
0.15266927083333334
0.1920296486090776
0.16060384114583334
0.20653367496339678
0.20172540381791484
0.23065476190476192
0.22835090361445784
0.13358561197916666
0.20781478770131773
0.23458149779735682
0.13240559895833334
0.16904362416107382
0.16475423177083334
0.2070369692532943
0.14068223443223443
0.17179361979166666
0.22049375917767988
0.14440834473324213
0.23809742647058824
0.16654459635416666
0.27092470760233917
0.185791015625
0.1668701171875
0.24935661764705883
0.084869384765625
0.20355966325036604
0.090057373046875
0.19213472834067546
0.102325439453125
0.2032632743362832
0.16682942708333334
0.1789439970717423
0.17919419970631426
0.20048014322916666
0.22012262079062958
0.19283040364583334
0.082763671875
0.2748901903367496
0.20055835734870317
0.21190257352941178
0.1932192532942899
0.13818359375
0.3166161178509532
0.2341697080291971
0.19608561197916666
0.08757320644216691
0.19791666666666666
0.20386029411764706
0.19718245227606462
0.14804347826086955
0.20041058394160585
0.13448079427083334
0.1106655604719764
0.1191281847133758
0.16056315104166666
0.17909071180555555
0.1707763671875
0.19143356643356643
0.10500549048316252
0.15741017964071857
0.162353515625
0.1141357421875
0.253038824383164
0.23366581259150807
0.13368055555555555
0.13077945990180032
0.20213839941262848
0.21435761346998536
0.16414388020833334
0.18823421439060206
0.286688790560472
0.12582508250825084
0.17629977876106195
0.11280172413793103
0.16334187408491949
0.21104954367666232
0.075225830078125
0.11668263964950712
0.17000325520833334
0.21691983894582723
0.20740300146412885
0.185302734375
0.22323389458272327
0.1751006588579795
0.09397374701670644
0.2318814055636896
0.3075899412628488
0.1376953125
0.18699817518248174
0.142203513909224
0.12355769230769231
0.1722181551976574
0.19405110677083334
0.18440755208333334
0.19222005208333334
0.1656085092348285
0.22893722466960353
0.11816878019323672
0.18037923177083334
0.17484537760416666
0.1409313725490196
0.10009765625
0.18522135416666666
0.17624450951683748
0.2222834067547724
0.12512254901960784
0.1609513274336283
0.13887532552083334
0.20298753665689148
0.159912109375
0.2029643906020558
0.2387858851674641
0.18745424597364568
0.15409342447916666
0.14679698972099853
0.16682942708333334
0.21161684782608695
0.11086683417085427
0.19159276944065484
0.19221266471449489
0.19285322108345535
0.18653492647058822
0.087310791015625
0.26099706744868034
0.09940592447916667
0.14093440594059406
0.1478225218658892
0.11385091145833333
0.1635362694300518
0.14786783854166666
0.24738857938718664
0.2746156661786237
0.17020670572916666
0.17191569010416666
0.12097364568081992
0.13691275167785236
0.11360724743777452
0.1829833984375
0.16219075520833334
0.2773505199306759
0.1544189453125
0.18841911764705882
0.19551595052083334
0.13552342606149342
0.22135416666666666
0.1259608345534407
0.10158554572271386
0.17568933823529412
0.19270833333333334
0.2787828947368421
0.21440336749633968
0.24465339233038347
0.1156005859375
0.08649052841475573
0.14641288433382138
0.1621980234260615
0.1638909224011713
0.2664194915254237
0.1402587890625
0.13251931567328917
0.1365966796875
0.12452749140893471
0.06685855263157894
0.12637262079062958
0.088714599609375
0.13358561197916666
0.171875
0.15104843953185956
0.139892578125
0.22259333821376281
0.19169108072916666
0.13394502457002458
0.18965657552083334
0.06962076822916667
0.1614990234375
0.2037706611570248
0.2197536496350365
0.1593612737920937
0.24961773700305812
0.12545888399412627
0.15169270833333334
0.2420845534407028
0.1986576607387141
0.17876098096632503
0.06791178385416667
0.12364130434782608
0.089385986328125
0.15767415364583334
0.09230006105006106
0.2189324817518248
0.18329678362573099
0.13665565345080763
0.1474194729136164
0.18693033854166666
0.14635036496350365
0.18367513020833334
0.12064615885416667
0.16463526392961877
0.21729227405247814
0.15297154017857142
0.18901431718061673
0.1724853515625
0.18642241379310345
0.1920169616519174
0.16800944010416666
0.15478515625
0.1071101756954612
0.148681640625
0.2248900293255132
0.18135579427083334
0.0455531453362256
0.20169025157232703
0.0784204306722689
0.1436627282491944
0.22062866568914957
0.1873779296875
0.2641059027777778
0.2721688034188034
0.16925465838509315
0.19826642335766423
0.19770314787701318
0.13112914364640885
0.13364751098096633
0.2571833821376281
0.1928794992175274
0.1335560029282577
0.2173316251830161
0.17240397135416666
0.19319661458333334
0.14927496328928047
0.19546120058565153
0.10441068814055637
0.10720597686375322
0.1791727672035139
0.1304532797029703
0.1259150805270864
0.18269856770833334
0.222900390625
0.2533094618055556
0.18543502202643172
0.1469678217821782
0.15813758389261745
0.2141745973645681
0.07219992354740061
0.21501068376068377
0.24186197916666666
0.1995509530791789
0.20844024926686217
0.1123678996036988
0.19063313802083334
0.08988444010416667
0.11966959635416667
0.14208984375
0.28180622977346276
0.19942220052083334
0.20781478770131773
0.1595458984375
0.12443820224719102
0.16593424479166666
0.21585903083700442
0.16446940104166666
0.152099609375
0.16524251302083334
0.22932942708333334
0.10235595703125
0.029724744608399547
0.13643391927083334
0.1301299589603283
0.12701317715959004
0.28686052123552125
0.21333516886930984
0.19694010416666666
0.16205495356037153
0.2212574294205052
0.09559006986027944
0.199462890625
0.16172445255474452
0.11418937708565072
0.0980224609375
0.1751368613138686
0.16886393229166666
0.08237211634904715
0.2139892578125
0.18489583333333334
0.21687956204379563
0.21266471449487556
0.13448079427083334
0.16658528645833334
0.2577433628318584
0.15112554904831627
0.14241536458333334
0.17411295572916666
0.19539233576642337
0.19745778267254038
0.145263671875
0.16829427083333334
0.1285400390625
0.16194661458333334
0.14054361979166666
0.24984322742474915
0.20973557692307693
0.2006314055636896
0.15388997395833334
0.15209398976982097
0.131317138671875
0.20291910688140558
0.14111328125
0.17915852864583334
0.20032327586206897
0.2116831864904552
0.14511861313868613
0.1546630859375
0.13650803941908712
0.20477941176470588
0.21271046852122988
0.14473201174743025
0.2528211805555556
0.19715743440233235
0.1192626953125
0.119384765625
0.09733072916666667
0.15946451822916666
0.08927408854166667
0.23046875
0.21461397058823528
0.08739019033674963
0.17512829912023462
0.1248172514619883
0.2716759896729776
0.1820068359375
0.17906574394463667
0.18711956521739131
0.2125732064421669
0.08411330049261084
0.18502928257686677
0.1348876953125
0.18241373697916666
0.10674414348462664
0.10905172413793103
0.21842515592515593
0.14348462664714495
0.22517437591776798
0.1807046398891967
0.11799963396778916
0.1627197265625
0.1756591796875
0.14823404947916666
0.1572265625
0.15974934895833334
0.18513392857142857
0.17466971544715448
0.16060384114583334
0.22037760416666666
0.17804698972099853
0.24346090308370044
0.17491830065359476
0.2633144216691069
0.18649193548387097
0.109130859375
0.2911783854166667
0.159912109375
0.11801470588235294
0.13483646373056996
0.2123350439882698
0.1741943359375
0.17600235849056603
0.1834278916544656
0.06987674302788845
0.15781020558002937
0.08636474609375
0.16012565274151436
0.18887463343108504
0.16829896907216496
0.18855234260614934
0.2618156934306569
0.16365559895833334
0.15673828125
0.20035807291666666
0.140031127129751
0.1812132892804699
0.24688914027149322
0.2340318448023426
0.064697265625
0.14990234375
0.24753649635036495
0.16178385416666666
0.18539531478770133
0.17207845052083334
0.07550048828125
0.13893779342723006
0.12065972222222222
0.20291850220264318
0.18210102489019034
0.17574121522693997
0.18379392386530014
0.15856205250596658
0.1809934017595308
0.13216145833333334
0.1775735294117647
0.1620692815249267
0.16340859030837004
0.17504595588235294
0.15926106770833334
0.2326108870967742
0.2128968253968254
0.15865071614583334
0.20235188802083334
0.18937174479166666
0.14261881510416666
0.3382759353741497
0.2805179355783309
0.1743706597222222
0.11987554904831625
0.16953125
0.127328431372549
0.0942075402635432
0.17633928571428573
0.1660845588235294
0.14465206185567012
0.15470377604166666
0.15889485677083334
0.18277994791666666
0.07616643454038997
0.17883211678832117
0.24341142020497805
0.25100806451612906
0.0882568359375
0.14408365885416666
0.1341552734375
0.23096632503660322
0.16011555989583334
0.18768382352941176
0.17153284671532848
0.18255131964809385
0.24407003012048192
0.16695149739583334
0.12398274739583333
0.1131591796875
0.21826171875
0.14295142555438226
0.16670735677083334
0.1510009765625
0.16666666666666666
0.12592137592137592
0.10341943254817987
0.2359077598828697
0.19281340057636887
0.099578857421875
0.15205891927083334
0.15358847283406754
0.20225832012678288
0.19109513274336284
0.208984375
0.1588197503671072
0.11591312056737589
0.15450032552083334
0.11237026862026862
0.21847466960352424
0.25157062391681106
0.22723048327137546
0.17837591240875914
0.111236572265625
0.21033125915080528
0.15869140625
0.2733832465277778
0.058302696078431374
0.27919106881405564
0.10391896120150187
0.1642554012345679
0.15139296187683285
0.13106617647058824
0.14888509114583334
0.15311726485148514
0.13361910029498525
0.24365234375
0.1121143486777669
0.20049737237237236
0.17350260416666666
0.1304931640625
0.11382378472222222
0.15287272135416666
0.09717130987292277
0.20340073529411765
0.2498156342182891
0.139404296875
0.1712646484375
0.18544106881405564
0.1629434404283802
0.18389598540145985
0.14949448529411766
0.17333984375
0.16349283854166666
0.19898897058823528
0.10285433070866142
0.21394856770833334
0.15999348958333334
0.1612548828125
0.14991457858769933
0.2346851145038168
0.20603891336270191
0.2614510489510489
0.18107096354166666
0.20049414348462666
0.121875
0.20063191153238547
0.1540014684287812
0.22875367107195302
0.22344890510948906
0.1171875
0.1514892578125
0.17578125
0.22003111273792095
0.23575241046831955
0.11198288159771755
0.12101236979166667
0.10396321614583333
0.2587112831858407
0.16605631510416666
0.16238103953147878
0.20741556534508077
0.24934895833333334
0.13575072886297376
0.22113970588235293
0.1524524158125915
0.12175925925925926
0.1934480234260615
0.18585927960927962
0.2482157422512235
0.22053440702781846
0.19619326500732065
0.1331787109375
0.11049270072992701
0.145263671875
0.13663736979166666
0.1488095238095238
0.24811857562408224
0.24547371031746032
0.19755045572916666
0.0722913616398243
0.17265625
0.05572509765625
0.19189238653001464
0.1765407986111111
0.0889892578125
0.13944498697916666
0.16560872395833334
0.11140950520833333
0.20996522693997072
0.14561950146627567
0.20138379765395895
0.21398460410557185
0.1508942610062893
0.22402482269503546
0.11027018229166667
0.111572265625
0.3160264756944444
0.14410689415041783
0.11945266272189349
0.117401123046875
0.2016484485190409
0.16787683823529412
0.18832720588235294
0.180708516886931
0.2256231671554252
0.15287408759124088
0.058268229166666664
0.09919688295165395
0.1156021897810219
0.13990384615384616
0.12208333333333334
0.22013346354166666
0.2723907766990291
0.16593424479166666
0.12320496083550914
0.2682061209439528
0.23146423248882264
0.22717391304347825
0.16585286458333334
0.09563631790744467
0.2795168977469671
0.12532688284518828
0.16357064421669107
0.2061218887262079
0.16499837239583334
0.2006964809384164
0.15547520661157024
0.19358528550512444
0.13360175695461202
0.07587804203539823
0.2049560546875
0.2752821180555556
0.1381314055636896
0.19637044270833334
0.23952232796486092
0.16691080729166666
0.1719893850658858
0.17381954612005857
0.12670868772782504
0.15425618489583334
0.114715576171875
0.295786149825784
0.16288860103626943
0.19522165697674418
0.24194729136163984
0.18031661786237188
0.0936125366568915
0.2011029411764706
0.1302490234375
0.24513536379018613
0.20035688140556368
0.24364019033674963
0.21394582723279648
0.19932725694444445
0.1635217231222386
0.20433421851289832
0.17594401041666666
0.2225475841874085
0.18145448079658605
0.161376953125
0.24299963396778917
0.18941243489583334
0.188720703125
0.23443265682656828
0.20026537335285505
0.12491861979166667
0.10276664611590629
0.0712890625
0.13289388020833334
0.20008235724743778
0.10430433186490455
0.1219482421875
0.18402269399707175
0.1763450386597938
0.13958030523255813
0.15262858072916666
0.17290446559297218
0.07757514662756598
0.16743659420289855
0.21647135416666666
0.1484488388969521
0.060211181640625
0.1931857045143639
0.1722181551976574
0.19083658854166666
0.19634917920656636
0.12614080834419816
0.150146484375
0.20468291788856305
0.1474609375
0.20377604166666666
0.23413825757575757
0.19701683748169838
0.13062774524158127
0.20383418740849193
0.14107259114583334
0.21714860907759884
0.1544189453125
0.21450109649122806
0.1746826171875
0.16715494791666666
0.07598876953125
0.19924614305750352
0.0931396484375
0.140625
0.24405420353982302
0.16756184895833334
0.10784224011713031
0.07269287109375
0.15254720052083334
0.22752757352941178
0.11511713030746706
0.08123779296875
0.178466796875
0.20271809895833334
0.17880673499267935
0.22726435935198822
0.14835611979166666
0.15762262079062958
0.18301610541727673
0.18900553385416666
0.20515950520833334
0.2687805374592834
0.23076338199513383
0.22892335766423358
0.13520314787701318
0.24415077989601386
0.2655563689604685
0.16302148194271482
0.15970865885416666
0.21107536764705884
0.14819729136163984
0.17923904833836857
0.1595458984375
0.1356201171875
0.14567057291666666
0.14938689604685212
0.1577300405953992
0.2316095132743363
0.2676866319444444
0.21471774193548387
0.14636713030746706
0.07844574780058651
0.1967100439882698
0.12864733429394812
0.13588945827232796
0.1268696581196581
0.12447102864583333
0.19405110677083334
0.15140787760416666
0.19015762463343108
0.17139458272327965
0.1686493411420205
0.2113378477306003
0.15384928385416666
0.07084898068669528
0.19897209985315711
0.174560546875
0.125
0.15946451822916666
0.1923828125
0.15734809663250365
0.23595814977973567
0.0779875366568915
0.20987371888726208
0.1289275956284153
0.18802897135416666
0.14534505208333334
0.15250651041666666
0.21943731671554254
0.14188611491108072
0.1966886269070735
0.16536458333333334
0.2170571010248902
0.1213807596513076
0.1896961932650073
0.1383056640625
0.08324898785425101
0.14783125915080528
0.19040084388185655
0.19546120058565153
0.1723345588235294
0.23326310861423222
0.16608711566617862
0.16942715959004392
0.15498860677083334
0.209922583081571
0.16219075520833334
0.1783447265625
0.18928440702781846
0.19469391495601174
0.119873046875
0.1214311859443631
0.13537851037851037
0.1451416015625
0.1791270131771596
0.2948053129548763
0.17274305555555555
0.13277180989583334
0.19753649635036497
0.17740885416666666
0.15193684895833334
0.22858711566617862
0.16410319010416666
0.1774193548387097
0.0829315034619189
0.17619875549048317
0.1285688140556369
0.1669921875
0.1858071010248902
0.16156045751633988
0.17203776041666666
0.2525499131944444
0.15702781844802344
0.16219075520833334
0.17689977973568283
0.1619873046875
0.10903776978417266
0.1754150390625
0.20479329427083334
0.14119692532942898
0.22021812080536912
Inference time: Process: 29053.306762496002  Perf ctr: 20352.43998157978
