load model path: ../weights/point3_lambda1_225999.pth

Evaluation of proposed methods for: X101
Settings ID: 3
VTM paramerters      : {'QP': 1, 'threads': 50}
Feature dump subsample ratio: 9
Loading pick2 ...
[ResizeShortestEdge(short_edge_length=(800, 800), max_size=1333, sample_style='choice')] ==================augmentations
pick2 Loaded
0.03341503267973856
0.014183748169838946
0.025786042944785276
0.022326718009478674
0.032027818448023423
0.034594941348973604
0.041987885462555066
0.017364501953125
0.028768382352941175
0.06065217391304348
0.03017723880597015
0.029877379209370426
0.01953125
0.025942532942898975
0.026193109987357775
0.024468954248366013
0.024615666178623718
0.015602189781021897
0.020222981770833332
0.016506772009029346
0.02124451754385965
0.029459635416666668
0.027275219298245616
0.0225830078125
0.024658203125
0.01568087008343266
0.025187174479166668
0.02483660130718954
0.011875761266747869
0.0125732421875
0.03308823529411765
0.02507320644216691
0.018798828125
0.016682942708333332
0.020233154296875
0.01944179389312977
0.024129231770833332
0.025916916167664672
0.027140299479166668
0.03806734992679356
0.027762481644640236
0.023035714285714284
0.015350274725274725
0.019978841145833332
0.0167236328125
0.02253120411160059
0.02991334808259587
0.029459635416666668
0.03637445095168375
0.025759516837481698
0.03453162291169451
0.034830729166666664
0.02207463144963145
0.02442002442002442
0.026862026862026864
0.024386896046852125
0.03647985537190083
0.023640950520833332
0.04772135416666667
0.021755642361111112
0.04405381944444445
0.03426976573938507
0.021280924479166668
0.055471887550200806
0.01708984375
0.026896158854166668
0.020581896551724137
0.024129231770833332
0.022171532846715327
0.021891276041666668
0.012491861979166666
0.030476888020833332
0.028523763020833332
0.025256222547584188
0.052300347222222224
0.03419117647058824
0.028157552083333332
0.017171223958333332
0.018804904831625183
0.025431315104166668
0.027369281045751634
0.0306396484375
0.0302007299270073
0.027040629575402635
0.014641288433382138
0.026365995115995116
0.02654867256637168
0.028687774524158126
0.01141357421875
0.039818548387096774
0.010782877604166666
0.0164794921875
0.043420571010248904
0.032267252604166664
0.024661420204978038
0.01849365234375
0.01624267935578331
0.016089816933638444
0.013780381944444444
0.026377255154639175
0.02490234375
0.02068081991215227
0.027872721354166668
0.031656901041666664
0.04497722672064777
0.017049153645833332
0.03709239130434783
0.02452415812591508
0.012998383620689655
0.015411376953125
0.04227672035139092
0.018118594436310396
0.021647135416666668
0.015543619791666666
0.029703776041666668
0.023737094395280236
0.02228221083455344
0.014971967380224261
0.025146484375
0.02562225475841874
0.023396809895833332
0.03900547445255474
0.025732260726072608
0.03722426470588235
0.02964860907759883
0.020073784722222224
0.024661420204978038
0.031941731770833336
0.03076171875
0.027099609375
0.021402994791666668
0.03433098591549296
0.022673357664233576
0.025903392330383482
0.02823208722741433
0.023600260416666668
0.03271484375
0.03414948453608247
0.02795571010248902
0.036633211678832114
0.033528645833333336
0.02655396174863388
0.019613363363363362
0.022053440702781844
0.02392578125
0.0328369140625
0.04464941262848752
0.035798762736535664
0.027315153733528552
0.047538433382137625
0.030436197916666668
0.023030598958333332
0.018625393494228752
0.02640007320644217
0.019571940104166668
0.035319010416666664
0.0205078125
0.024473314606741573
0.020589192708333332
0.026285807291666668
0.0296630859375
0.0202991452991453
0.0206298828125
0.02333455344070278
0.020269033674963396
0.03866215226939971
0.02855392156862745
0.023107714701601164
0.026578374455732946
0.018758138020833332
0.024249633967789164
0.025675455729166668
0.030928308823529413
0.043111661585365856
0.021934575389948006
0.03321078431372549
0.0107421875
0.01971435546875
0.033650716145833336
0.029079861111111112
0.03237833594976452
0.029419838945827233
0.03129575402635432
0.025111607142857144
0.009905828002842927
0.028687774524158126
0.024495442708333332
0.010294596354166666
0.023746339677891654
0.022786458333333332
0.0359789391575663
0.027909061277705347
0.019083658854166668
0.0198974609375
0.04185491967871486
0.02889586410635155
0.03129575402635432
0.02512085635359116
0.017478813559322032
0.03567351598173516
0.026217057101024892
0.022602489019033674
0.0205078125
0.03624131944444445
0.03147910557184751
0.0291748046875
0.033632697947214074
0.034993489583333336
0.014631723716381419
0.026056985294117648
0.04438140556368961
0.021891276041666668
0.0242919921875
0.0404324644549763
0.021333430913348946
0.01674597364568082
0.030340247452692867
0.03844463971880492
0.04387811127379209
0.029001468428781204
0.03654197080291971
0.026674597364568082
0.034261067708333336
0.028230234260614936
0.012373096446700508
0.025045955882352942
0.019518386388583973
0.017333984375
0.02106311274509804
0.0283203125
0.021647135416666668
0.029988606770833332
0.025
0.025675455729166668
0.04343841642228739
0.03962298682284041
0.03892381656804734
0.0338134765625
0.037154796511627904
0.03686131386861314
0.02168740849194729
0.020798841059602648
0.018107096354166668
0.026129713914174253
0.01787320143884892
0.023946629213483145
0.01458740234375
0.01725
0.040349264705882355
0.026628843338213762
0.013916015625
0.0206298828125
0.021158854166666668
0.0247802734375
0.03687774524158126
0.04894366197183098
0.0322265625
0.0299072265625
0.023449108469539376
0.02690336749633968
0.02431350114416476
0.0196533203125
0.03000919117647059
0.019327799479166668
0.031112132352941177
0.014824304538799415
0.02366593567251462
0.02517667844522968
0.032777050610820244
0.041070117474302496
0.013959034792368126
0.017523792093704246
0.026674597364568082
0.03476277372262774
0.02397510980966325
0.03234809663250366
0.04218521229868229
0.0390015600624025
0.037276785714285714
0.015330188679245283
0.03405743740795287
0.018027086383601756
0.024943033854166668
0.03658759124087591
0.023030598958333332
0.024658203125
0.04825367647058824
0.032397209985315714
0.026082356770833332
0.031671664167916044
0.029419838945827233
0.013763427734375
0.03319759206798867
0.041315885797950216
0.018025716145833332
0.031697591145833336
0.022176106770833332
0.026041666666666668
0.021687825520833332
0.0194091796875
0.02099609375
0.04238138686131387
0.021240234375
0.02773972602739726
0.022013346354166668
0.024070945945945946
0.01400073206442167
0.03756405563689605
0.03070095168374817
0.03284235668789809
0.016886393229166668
0.027547200520833332
0.043869309838472835
0.0347900390625
0.02880859375
0.032430013020833336
0.031043046357615893
0.025208938953488372
0.0277099609375
0.028238932291666668
0.023193359375
0.034233940972222224
0.03409508076358297
0.023014275256222547
0.019205729166666668
0.032119326500732064
0.0245361328125
0.024463589076723018
0.02638252617801047
0.032958984375
0.031191806331471134
0.03575367647058823
0.028881195335276968
0.023695054945054944
0.0093994140625
0.0196533203125
0.02721774193548387
0.021167883211678833
0.021595982142857142
0.0233154296875
0.039394216691068816
0.014099434737923947
0.019938151041666668
0.03509333821376281
0.02635431918008785
0.0267333984375
0.024406492248062017
0.017171223958333332
0.0201416015625
0.0339781746031746
0.031494140625
0.025336371527777776
0.015055338541666666
0.014256535947712418
0.02964409722222222
0.01802753544165758
0.024943033854166668
0.018473307291666668
0.026652018229166668
0.045616764275256225
0.023142112125162973
0.01400073206442167
0.03207599118942731
0.038704581358609796
0.03074670571010249
0.0364963503649635
0.024658203125
0.022956378299120235
0.022989908854166668
0.03005514705882353
0.019375920471281297
0.02804721815519766
0.03207720588235294
0.020100911458333332
0.03742101105845182
0.04560185185185185
0.01633430609597925
0.02223645680819912
0.014739990234375
0.040309297218155196
0.035725911458333336
0.04249265785609398
0.031020894428152493
0.05799098196392786
0.015913120567375885
0.01962847730600293
0.025045955882352942
0.036169623059866964
0.017374674479166668
0.021029656319290466
0.031893382352941174
0.02955710102489019
0.0242919921875
0.03138297872340425
0.023703703703703703
0.03152211772901428
0.030617088607594937
0.0227350136239782
0.05053076256499133
0.02461870026525199
0.03966874084919473
0.014689127604166666
0.02080981941309255
0.04457566889632107
0.028512773722627737
0.03184567448680352
0.018621888726207906
0.021905006858710562
0.02398447820343461
0.025594075520833332
0.019287109375
0.022379557291666668
0.02783203125
0.030095759233926128
0.027058919270833332
0.018025716145833332
0.05561674008810573
0.0309478591160221
0.023563323572474378
0.026652018229166668
0.016031901041666668
0.024658203125
0.031021229868228403
0.02399263431542461
0.03363619676945668
0.022483648255813952
0.015909830729166668
0.010783773861967695
0.0135492700729927
0.0111083984375
0.023681640625
0.030426427525622256
0.026570638020833332
0.029744466145833332
0.02071078431372549
0.0198974609375
0.03065519765739385
0.025765117994100296
0.0296630859375
0.02507320644216691
0.04092835130970724
0.023274058577405856
0.0321044921875
0.024935944363103955
0.04467317487266553
0.037518301610541725
0.011378205128205128
0.037272135416666664
0.049057904411764705
0.02701271186440678
0.03407738095238095
0.021199544270833332
0.01521139705882353
0.0260009765625
0.04150390625
0.027126099706744868
0.03855519480519481
0.02962027379400261
0.017985026041666668
0.02734375
0.015106201171875
0.014322916666666666
0.030929721815519767
0.03578629032258065
0.016562957540263542
0.025691699604743084
0.04722949389179756
0.03541972140762464
0.01666259765625
0.04904513888888889
0.0266866238317757
0.036376953125
0.029548989113530325
0.0267333984375
0.03125
0.026034040995607615
0.038660714285714284
0.019083658854166668
0.028266059027777776
0.011622648335745297
0.0263671875
0.03166299559471366
0.016276041666666668
0.03294289897510981
0.040392561983471076
0.03492107195301028
0.01654033915724563
0.0145263671875
0.032063802083333336
0.02653409090909091
0.03375244140625
0.02685761346998536
0.020100911458333332
0.017735602094240837
0.059857536764705885
0.03556985294117647
0.018857048748353096
0.03275988286969253
0.025052011095700415
0.022216796875
0.024943033854166668
0.022216796875
0.025393484626647145
0.03117993273542601
0.040223665223665224
0.01739501953125
0.023014275256222547
0.024251302083333332
0.026758114374034005
0.01962809917355372
0.02785923753665689
0.025927734375
0.024373372395833332
0.031087239583333332
0.038411458333333336
0.024739583333333332
0.015567765567765568
0.0284423828125
0.02721774193548387
0.027726939970717422
0.0303955078125
0.039008246527777776
0.021193384982121574
0.02566800878477306
0.03825589970501475
0.023542429792429792
0.023026315789473683
0.02611049926578561
0.03612132352941176
0.038799414348462666
0.025431315104166668
0.009765625
0.017822265625
0.01519775390625
0.03624469589816125
0.02987272036474164
0.02689699413489736
0.04690366972477064
0.019121201657458564
0.027669270833333332
0.026518765903307887
0.04398826979472141
0.02635431918008785
0.03033223201174743
0.02587890625
0.039714494875549046
0.03509897360703812
0.019875323834196892
0.01400073206442167
0.028879310344827585
0.015899658203125
0.027101370851370852
0.029785871156661786
0.035916910688140555
0.03445278184480234
0.03851102941176471
0.03197476125511596
0.03307215743440233
0.019353953147877013
0.041407393850658857
0.024151917404129794
0.0234375
0.02
0.01599025974025974
0.02490234375
0.017170329670329672
0.030843098958333332
0.04243697478991597
0.011449053452115813
0.015196917808219178
0.05336956521739131
0.023274739583333332
0.030802408854166668
0.007527669270833333
0.029942645074224023
0.029134114583333332
0.03403072033898305
0.03943014705882353
0.025716145833333332
0.03293185763888889
0.024615666178623718
0.02313966275659824
0.030889976958525345
0.00689697265625
0.025072150072150072
0.02960285505124451
0.027140299479166668
0.029011330409356724
0.028238932291666668
0.028501353179972936
0.026163736979166668
0.017112005856515372
0.03658759124087591
0.024449035812672177
0.042391304347826085
0.02395374449339207
0.020376591230551626
0.02858455882352941
0.040217789165446556
0.04226345486111111
0.009236653645833334
0.027506510416666668
0.029296875
0.036420204978038065
0.017704517704517704
0.0184326171875
0.03065519765739385
0.0174560546875
0.036336263020833336
0.029825846354166668
0.013784930139720559
0.029012044270833332
0.027628580729166668
0.025988286969253295
0.013671875
0.022800925925925926
0.02335672082717873
0.02502745241581259
0.033362814465408806
0.027142018779342723
0.030253507653061226
0.0224761698440208
0.012901970954356846
0.02978515625
0.025390625
0.012413537549407114
0.021036783854166668
0.022501627604166668
0.04715154867256637
0.021737132352941176
0.023152669270833332
0.03038674033149171
0.024386896046852125
0.028767903645833332
0.024576822916666668
0.01806640625
0.038616398243045386
0.02138157894736842
0.03587115666178624
0.014309869739478958
0.027043269230769232
0.0162353515625
0.038296120058565156
0.014677362482369534
0.025221836419753087
0.032714128843338214
0.02039039589442815
0.030232747395833332
0.03637445095168375
0.014200846354166666
0.025349934895833332
0.027303059895833332
0.024373372395833332
0.04337481698389458
0.0318952802359882
0.026204427083333332
0.02294921875
0.01968612334801762
0.030426427525622256
0.01445403981264637
0.05256276150627615
0.007983265027322405
0.04149816176470588
0.031712278106508875
0.016927083333333332
0.0301513671875
0.012951696165191741
0.0274658203125
0.017213642213642213
0.015172101449275362
0.029714595375722543
0.026204427083333332
0.04416741877256318
0.014137994143484626
0.024013643067846608
0.031819661458333336
0.052083333333333336
0.04410688140556369
0.04413728632478633
0.021108179419525065
0.0162353515625
0.025227864583333332
0.032924107142857144
0.047289391575663024
0.028799019607843136
0.0308837890625
0.02880859375
0.0128173828125
0.026774088541666668
0.022712418300653594
0.03661894273127753
0.02645285087719298
0.02301829268292683
0.03894094766619519
0.027750651041666668
0.0234375
0.017371323529411765
0.03042279411764706
0.025713762811127378
0.022144948755490484
0.03026645207439199
0.02397510980966325
0.01697080291970803
0.03055862831858407
0.025349934895833332
0.015218098958333334
0.030700146627565983
0.03966874084919473
0.03390762463343108
0.04168497363796134
0.025838216145833332
0.027384440104166668
0.034306569343065696
0.018387203166226912
0.024883488681757656
0.01949121522693997
0.017123759647188534
0.02580527086383602
0.023396809895833332
0.0177001953125
0.0213623046875
0.04781704781704782
0.03184742647058823
0.04462316176470588
0.027180989583333332
0.030843098958333332
0.03650611620795107
0.027262369791666668
0.020222981770833332
0.0274658203125
0.03330078125
0.03480839416058394
0.03263580931263858
0.02937749667110519
0.018855283307810108
0.02169215425531915
0.029541015625
0.035286203522504896
0.032470703125
0.0294237012987013
0.028687774524158126
0.030517935578330893
0.016876352813852812
0.030731823979591837
0.038808997050147495
0.019125183016105416
0.025484992679355785
0.03619384765625
0.024495442708333332
0.057984104046242775
0.024816176470588234
0.04131433823529412
0.021145697522816167
0.028605143229166668
0.021891276041666668
0.025055066079295155
0.029459635416666668
0.021422955974842766
0.025146484375
0.021565755208333332
0.03605417276720351
0.04537953795379538
0.022727272727272728
0.021367130307467057
0.027058919270833332
0.032267252604166664
0.009236653645833334
0.024576822916666668
0.025376284875183553
0.016039823008849558
0.028889973958333332
0.03632869692532943
0.019368489583333332
0.023234049479166668
0.03433268858800774
0.03283653846153846
0.018301610541727673
0.04092920353982301
0.03198206442166911
0.014046486090775988
0.030465288035450518
0.0152587890625
0.0198974609375
0.023274739583333332
0.014398822869955157
0.04079478707782672
0.04968568665377176
0.013509114583333334
0.036488970588235296
0.008758544921875
0.014546823658269441
0.04281914893617021
0.02035714285714286
0.0316162109375
0.024373372395833332
0.024739583333333332
0.024946186961869617
0.030791788856304986
0.02845900439238653
0.011322021484375
0.014914772727272728
0.03162202380952381
0.017415364583333332
0.0279099560761347
0.023753486750348676
0.01720814977973568
0.02612134909596662
0.056966145833333336
0.03818359375
0.042784926470588236
0.031087239583333332
0.012901376146788992
0.03468137254901961
0.027573529411764705
0.04582555970149254
0.021961932650073207
0.015338010204081633
0.030937052932761087
0.03814338235294118
0.026822916666666665
0.013336181640625
0.02217628923766816
0.0147705078125
0.018689986282578876
0.017578125
0.026652018229166668
0.026537335285505125
0.026805351906158358
0.021769205729166668
0.02900805270863836
0.01921206225680934
0.02616974043715847
0.03995601173020528
0.025309244791666668
0.027589677891654465
0.021809895833333332
0.02311117936117936
0.0269775390625
0.04576107899807322
0.03518484626647145
0.03454191394658754
0.011175271739130434
0.027543923865300145
0.047035139092240115
0.019327799479166668
0.02888986013986014
0.02001953125
0.027669270833333332
0.024295387994143484
0.0224609375
0.02845900439238653
0.027506510416666668
0.02600250626566416
0.030800653594771243
0.02838235294117647
0.01641845703125
0.041178385416666664
0.030351307189542483
0.033121744791666664
0.024295387994143484
0.017822265625
0.028157552083333332
0.024452554744525547
0.014112903225806451
0.018798828125
0.020128038194444444
0.033074116743471584
0.0264892578125
0.03227124183006536
0.036234662576687116
0.03207720588235294
0.03408674963396779
0.029282576866764276
0.029256184895833332
0.027540153631284914
0.023517569546120057
0.020751953125
0.01987390350877193
0.021036783854166668
0.025309244791666668
0.024129231770833332
0.025787965616045846
0.026820231958762885
0.01904296875
0.035652173913043476
0.02880859375
0.022380514705882353
0.04067532942898975
0.03399524158125915
0.01844923708920188
0.02072657393850659
0.029825846354166668
0.028157552083333332
0.020751953125
0.023817274305555556
0.011470281543274244
0.033357771260997066
0.023678626543209878
0.030965169270833332
0.041147360703812315
0.027587890625
0.027018229166666668
0.009423503325942351
0.019835841313269494
0.040995607613469986
0.01953125
0.0286865234375
0.030802408854166668
0.0076904296875
0.02881433823529412
0.030965169270833332
0.020751953125
0.037731481481481484
0.03079044117647059
0.0228271484375
0.032185872395833336
0.022542317708333332
0.02635431918008785
0.01881105006105006
0.03943997071742313
0.016886930983847283
0.021338105726872246
0.025793650793650792
0.03426976573938507
0.028413250366032212
0.023274739583333332
0.035373900293255135
0.032267252604166664
0.021082698585418932
0.01790450928381963
0.022176106770833332
0.02452707715133531
0.03173828125
0.03175329428989751
0.017563868613138685
0.025105794270833332
0.02559306569343066
0.0301078216374269
0.026879084967320263
0.023600260416666668
0.020060221354166668
0.01513671875
0.01989051094890511
0.033935546875
0.02237371888726208
0.038045247395833336
0.026407877604166668
0.041097005208333336
0.029378255208333332
0.0324396046852123
0.03230782792665726
0.022705078125
0.0152587890625
0.03170888399412628
0.043394992526158443
0.026483753315649866
0.01190185546875
0.039187956204379565
0.024726277372262774
0.044838945827232794
0.026246607869742197
0.017833244111349036
0.03344619326500732
0.03225658857979502
0.0269109396914446
0.029877379209370426
0.031982421875
0.040565345080763586
0.028092972181551976
0.03893667642752562
0.023151537335285504
0.026652018229166668
0.01708984375
0.03310257410296412
0.03515625
0.04032846715328467
0.0269775390625
0.018450797872340427
0.027736928104575162
0.034818814055636894
0.03074670571010249
0.013834635416666666
0.018717447916666668
0.033772786458333336
0.0208740234375
0.010091145833333334
0.017612859097127224
0.018107096354166668
0.030929721815519767
0.023578689759036143
0.032470703125
0.028974317295188557
0.02218137254901961
0.0252685546875
0.02612704918032787
0.030656934306569343
0.024935944363103955
0.016132005899705013
0.029093424479166668
0.020360541727672037
0.013712565104166666
0.024658203125
0.019382911392405063
0.0169677734375
0.031708211143695014
0.016398111979166668
0.01770693135935397
0.047267259414225944
0.0345900439238653
0.02585102489019034
0.04521570796460177
0.019445461200585653
0.030516862170087977
0.021033653846153848
0.03831521739130435
0.03285139092240117
0.017618815104166668
0.018341064453125
0.02749266862170088
0.032172818791946306
0.01971435546875
0.01274441340782123
0.00909423828125
0.026569383259911893
0.020670572916666668
0.030680338541666668
0.025025579809004092
0.01202392578125
0.0245699121522694
0.02804798962386511
0.027750651041666668
0.01611328125
0.019734700520833332
0.0291514598540146
0.03466796875
0.02940705128205128
0.03859214390602056
0.016648065476190476
0.015869140625
0.014545306388526727
0.035237630208333336
0.015869140625
0.025472005208333332
0.023885091145833332
0.039979569093610695
0.0369873046875
0.027099609375
0.017822265625
0.023869581464872943
0.01934814453125
0.051000851788756386
0.027589677891654465
0.03927919708029197
0.021077473958333332
0.0414989019033675
0.033953445747800584
0.01788330078125
0.03803152492668622
0.022589809384164224
0.019317626953125
0.03795833333333333
0.03024193548387097
0.037027994791666664
0.0216064453125
0.021335891812865496
0.04326526402640264
0.02546806167400881
0.034830729166666664
0.041015625
0.016886393229166668
0.032028958944281524
0.016810588901472252
0.01953125
0.02585102489019034
0.029328330893118596
0.02892030848329049
0.024829323797139143
0.024329836829836828
0.026285807291666668
0.029419838945827233
0.028266823161189357
0.015327598828696925
0.04073905109489051
0.015421549479166666
0.031087239583333332
0.023243045387994144
0.0303955078125
0.02992118768328446
0.030974264705882354
0.032674153645833336
0.0242919921875
0.0436675219941349
0.05322265625
0.03403284671532847
0.015462239583333334
0.023274739583333332
0.028605143229166668
0.03157027818448024
0.017258016627078383
0.031432748538011694
0.021649564676616915
0.02231396321070234
0.022664388020833332
0.03386180351906158
0.01729502196193265
0.034871419270833336
0.024918300653594773
0.009998524203069658
0.02643264075067024
0.02392935578330893
0.0172119140625
0.02511896046852123
0.023759191176470587
0.0314787701317716
0.03683199121522694
0.04236822840409956
0.01729502196193265
0.027872721354166668
0.020971607669616518
0.025735294117647058
0.025105794270833332
0.031331380208333336
0.026814778645833332
0.027040629575402635
0.026825221238938053
0.053635103011093505
0.032023111979166664
0.011882942326490713
0.021158854166666668
0.03960168869309839
0.020060221354166668
0.012527533039647577
0.024093834688346884
0.03303179824561404
0.03247389033942559
0.030924479166666668
0.01876570351758794
0.04112841945288754
0.013996138996138996
0.03725032216494845
0.0242919921875
0.03175551470588235
0.019287109375
0.024548004987531173
0.032817556634304204
0.02566800878477306
0.027410714285714285
0.03298865300146413
0.025301976573938508
0.020295965608465607
0.029728982300884957
0.0235595703125
0.020033307210031347
0.021308910162002946
0.014119466145833334
0.024617513020833332
0.0306047197640118
0.015909830729166668
0.018758138020833332
0.0262451171875
0.030380673499267936
0.0233571953010279
0.02237371888726208
0.028971354166666668
0.0157470703125
0.02113836017569546
0.030745967741935484
0.0414379222972973
0.031020220588235295
0.027587890625
0.022508169934640523
0.02779038112522686
0.03161603221083455
0.026583089311859445
0.009059297218155198
0.036865234375
0.008026123046875
0.024531900138696255
0.014241536458333334
0.022677951388888888
0.022664388020833332
0.030609443631039533
0.029328330893118596
0.01712618403247632
0.03476277372262774
0.03540296052631579
0.034915689149560114
0.026163736979166668
0.02876365054602184
0.029191068814055636
0.03551762114537445
0.03546063311688312
0.025349934895833332
0.019276997041420118
0.027877390710382515
0.023544520547945206
0.021077473958333332
0.015587708830548925
0.025309244791666668
0.020374449339207047
0.030014641288433383
0.028413250366032212
0.037792825768667646
0.024007161458333332
0.025634765625
0.034880514705882354
0.025146484375
0.04282069970845481
0.019391408114558473
0.025472005208333332
0.030110677083333332
0.0274658203125
0.018572749691738593
0.03390762463343108
0.0250244140625
0.016153971354166668
0.016805013020833332
0.04209370424597365
0.02309782608695652
0.0395985401459854
0.021658080260303688
0.0235655737704918
0.033257299270072996
0.021180215475024487
0.04883257403189066
0.03129575402635432
0.022065994798439532
0.023885091145833332
0.017094017094017096
0.021870424597364567
0.019834648058252427
0.040400805270863836
0.028170620437956203
0.03864889705882353
0.02800146412884334
0.018474264705882353
0.03574706314243759
0.025109970674486802
0.018210102489019032
0.019851290684624018
0.032666015625
0.028604014598540145
0.03509333821376281
0.03871884164222874
0.02880859375
0.0245361328125
0.017985026041666668
0.045525256222547585
0.02495404411764706
0.020741556534508078
0.027384440104166668
0.018118594436310396
0.020263671875
0.022745768229166668
0.020914713541666668
0.03360445205479452
0.037198023426061495
0.014007568359375
0.026949121522694
0.013702392578125
0.035101996527777776
0.039605034722222224
0.017181396484375
0.029549632352941176
0.010172526041666666
0.036702473958333336
0.031446540880503145
0.032506934812760055
0.019449869791666668
0.019124348958333332
0.03570743865030675
0.02405608504398827
0.018147786458333332
0.033243815104166664
0.03291015625
0.01564787701317716
0.050138888888888886
0.01788330078125
0.04554991166077738
0.027589677891654465
0.026766105417276722
0.02728680758017493
0.02624636098981077
0.0345900439238653
0.04814774696707106
0.017130533854166668
0.015909830729166668
0.0343612737920937
0.019775390625
0.035196940104166664
0.033040364583333336
0.01422119140625
0.024173806609547124
0.031656901041666664
0.01510989010989011
0.030069986979166668
0.013916015625
0.025065104166666668
0.029963235294117648
0.04067532942898975
0.028615434500648507
0.021046852122986823
0.017721596474045052
0.023081924577373212
0.02783203125
0.01849365234375
0.037518301610541725
0.037075348432055746
0.021077473958333332
0.025881901840490797
0.03120424597364568
0.036539713541666664
0.03275988286969253
0.03160627035830619
0.01708984375
0.030680338541666668
0.021719208211143697
0.04258897569444445
0.029785871156661786
0.0223388671875
0.011157773386034256
0.03673488200589971
0.028710681520314547
0.02308768656716418
0.019127949852507375
0.031021229868228403
0.005828857421875
0.026448567708333332
0.025988286969253295
0.023563323572474378
0.031819661458333336
0.04736088379705401
0.01893248175182482
0.0257568359375
0.0262451171875
0.04400510204081633
0.023518880208333332
0.0147705078125
0.029988606770833332
0.016845703125
0.03838762811127379
0.021200440528634363
0.03120503597122302
0.035971986417657045
0.026285807291666668
0.034098307291666664
0.0218505859375
0.019327799479166668
0.0299072265625
0.0240478515625
0.043294270833333336
0.024066617862371888
0.03973935389133627
0.021830143540669856
0.022379557291666668
0.016300890585241732
0.026652018229166668
0.0200109649122807
0.03369140625
0.023695054945054944
0.03588472834067548
0.016407119021134595
0.02500832223701731
0.025426742532005688
0.009552001953125
0.02236799217731421
0.028901734104046242
0.035386029411764705
0.037400506512301014
0.024566740412979352
0.0084228515625
0.018423202614379085
0.02455029368575624
0.015403005464480875
0.017862955729166668
0.030110677083333332
0.013946533203125
0.024341142020497804
0.022379557291666668
0.013458251953125
0.020182291666666668
0.021032831737346103
0.023488562091503268
0.027235401459854015
0.022013346354166668
0.03193430656934307
0.03963122605363985
0.022298177083333332
0.01885986328125
0.029411764705882353
0.01812591776798825
0.01263427734375
0.02099609375
0.03033698539176627
0.029866536458333332
0.03477678571428571
0.04206204379562044
0.02452415812591508
0.027263563049853373
0.0208740234375
0.02339924670433145
0.028645833333333332
0.02945889894419306
0.03806734992679356
0.033203125
0.028767903645833332
0.04598279648609078
0.02423469387755102
0.020263671875
0.031901041666666664
0.031884765625
0.025293255131964808
0.03578629032258065
0.052300347222222224
0.03303440702781845
0.03557504873294347
0.035693359375
0.0196533203125
0.05381944444444445
0.0283203125
0.01901437093275488
0.023885091145833332
0.018504901960784314
0.023478190104166668
0.02283125915080527
0.019994509516837483
0.025594075520833332
0.017244525547445256
0.023105783308931187
0.035596632503660325
0.03909691629955947
0.02661527165932452
0.01019287109375
0.015828450520833332
0.014933268229166666
0.0247802734375
0.028174037089871613
0.023609077598828698
0.024169921875
0.03463579795021962
0.022513440860215055
0.03271484375
0.02291277985074627
0.03015190336749634
0.026692708333333332
0.018717447916666668
0.026692708333333332
0.04072108345534407
0.021525065104166668
0.037109375
0.013792155425219941
0.02740666178623719
0.040995607613469986
0.02167630057803468
0.031901041666666664
0.03455882352941177
0.018255856515373352
0.03463579795021962
0.024617513020833332
0.01958489388264669
0.02762481644640235
0.022501627604166668
0.023600260416666668
0.026464332460732983
0.024112371888726208
0.010467529296875
0.04285976505139501
0.031005859375
0.018147786458333332
0.03466076696165192
0.01300048828125
0.01806640625
0.032023111979166664
0.03193631039531479
0.0220947265625
0.0274658203125
0.035505124450951685
0.0205078125
0.015462239583333334
0.020426432291666668
0.04512032085561497
0.0369140625
0.028208333333333332
0.030745227606461086
0.049414348462664716
0.025594075520833332
0.022085777126099708
0.01298618219037871
0.01318359375
0.029744466145833332
0.0113525390625
0.023396809895833332
0.039647577092511016
0.024251302083333332
0.024698893229166668
0.0224609375
0.0184326171875
0.030426427525622256
0.029968887262079063
0.018951416015625
0.0264892578125
0.0091552734375
0.025960286458333332
0.016560872395833332
0.017740885416666668
0.026792279411764704
0.026936848958333332
0.019246419270833332
0.033284505208333336
0.0284423828125
0.029256184895833332
0.036488970588235296
0.018337819650067293
0.04108455882352941
0.03207357247437775
0.025065104166666668
0.035505124450951685
0.04279677672955975
0.020751953125
0.022705078125
0.028313142437591778
0.03739904552129222
0.02685546875
0.03819444444444445
0.02693833943833944
0.029831625183016106
0.03293795620437956
0.03225658857979502
0.021618985695708713
0.03504575707154742
0.038916015625
0.024820963541666668
0.017157759882869692
0.014678955078125
0.0294189453125
0.03892623546511628
0.039495262390670555
0.017974853515625
0.024295387994143484
0.0180316091954023
0.04363784665579119
0.02278550512445095
0.057942708333333336
0.032027818448023423
0.0272216796875
0.022510593220338982
0.03738103953147877
0.04145314787701318
0.018906020558002938
0.024724264705882352
0.0311279296875
0.04465592972181552
0.031751824817518245
0.038890922401171306
0.04258897569444445
0.01611328125
0.019831730769230768
0.028727213541666668
0.024163732394366196
0.016398111979166668
0.022626678876678876
0.007904052734375
0.02238562091503268
0.032015696784073504
0.030238970588235294
0.03896545031055901
0.03452660406885759
0.013702392578125
0.0302734375
0.024129231770833332
0.026971153846153846
0.038736979166666664
0.031453450520833336
0.03905109489051095
0.0191650390625
0.033258228840125394
0.029215494791666668
0.028767903645833332
0.029012044270833332
0.0224609375
0.027332361516034985
0.033485401459854014
0.04006057268722467
0.031494140625
0.01481741573033708
0.02978515625
0.03867967332123412
0.028161873156342183
0.009521484375
0.016722261235955056
0.029825846354166668
0.03649702823179792
0.0286865234375
0.018229166666666668
0.019816080729166668
0.031778971354166664
0.03326317715959004
0.02392578125
0.029923133235724743
0.025594075520833332
0.020630222841225627
0.030929721815519767
0.024034926470588237
0.022007686676427527
0.0147705078125
0.02353896103896104
0.015076754385964912
0.033677612994350285
0.020955344070278183
0.023065476190476192
0.032622620790629574
0.028138726207906296
0.02740666178623719
0.0194091796875
0.026312934027777776
0.037882486979166664
0.01492237687366167
0.023111979166666668
0.01825716845878136
0.036585365853658534
0.017371323529411765
0.01983906770255272
0.010162353515625
0.037240701001430614
0.0295585250338295
0.02158717105263158
0.0527086383601757
0.023763020833333332
0.024332682291666668
0.028157552083333332
0.028238932291666668
0.027086383601756955
0.020914713541666668
0.026611328125
0.026814778645833332
0.021853146853146852
0.024197470817120623
0.03925695461200586
0.03345264317180617
0.026041666666666668
0.019198803191489363
0.02616385630498534
0.03125
0.009177679882525698
0.044065656565656565
0.03326317715959004
0.023722330729166668
0.0232444733420026
0.03367141812865497
0.019245426829268292
0.030913072776280325
0.03441611842105263
0.022986621196222454
0.021687825520833332
0.024671052631578948
0.02425614489003881
0.03019765739385066
0.019856770833333332
0.03134150805270864
0.023197291361639824
0.029811507936507938
0.025393484626647145
0.03317166910688141
0.02292276720351391
0.03047153024911032
0.0329838177014531
0.011834319526627219
0.034423828125
0.02721537558685446
0.016408554572271385
0.019612332112332112
0.02785923753665689
0.04506302521008403
0.03294289897510981
0.033487955729166664
0.0137939453125
0.041467391304347824
0.043612132352941174
0.02443265007320644
0.025881057268722467
0.023394495412844038
0.03724377745241581
0.019205729166666668
0.04658333333333333
0.019439338235294118
0.03483455882352941
0.023529411764705882
0.022989908854166668
0.039851756954612
0.0255859375
0.014200846354166666
0.03129548762736536
0.034383138020833336
0.025349934895833332
0.028564453125
0.03235157699443414
0.014404296875
0.037270220588235294
0.02278550512445095
0.03747254758418741
0.03495607613469985
0.031700180072028815
0.025634765625
0.019612630208333332
0.027726939970717422
0.018147786458333332
0.021769205729166668
0.0235595703125
0.024739583333333332
0.03623718887262079
0.030815972222222224
0.020843505859375
0.01974502487562189
0.023529411764705882
0.023396809895833332
0.027570983379501385
0.017513736263736264
0.03338371266002845
0.044270833333333336
0.023368768328445748
0.03198206442166911
0.030721028645833332
0.017706808199121522
0.020345052083333332
0.04231194690265487
0.03797584187408492
0.020269033674963396
0.023517569546120057
0.027402530779753763
0.016658440276406714
0.02585102489019034
0.022478070175438597
0.012481689453125
0.03565340909090909
0.022420247395833332
0.024752928257686678
0.027681185944363106
0.032063802083333336
0.029134114583333332
0.030263629842180773
0.025856256742179073
0.027506510416666668
0.019938151041666668
0.010952102803738317
0.03623718887262079
0.024332682291666668
0.0262451171875
0.029337565104166668
0.03239385065885798
0.030745227606461086
0.030598958333333332
0.03765556368960468
0.0115966796875
0.027872721354166668
0.015793010752688172
0.041315885797950216
0.026448567708333332
0.02800745784695201
0.030517578125
0.028361002604166668
0.022501627604166668
0.03015190336749634
0.020304361979166668
0.01683748169838946
0.014404296875
0.02783203125
0.027262369791666668
0.03216776798825257
0.022106631989596878
0.022990088105726874
0.018368320610687022
0.01701436388508892
0.032761437908496734
0.027401194852941176
0.042642752562225474
0.02392578125
0.016682942708333332
0.03781934306569343
0.020345052083333332
0.04584553440702782
0.022769174041297933
0.028363269794721407
0.022419472913616397
0.03189055636896047
0.02333455344070278
0.043136833046471604
0.032877604166666664
0.0223388671875
0.027587890625
0.03681569343065694
0.015758832976445397
0.03474264705882353
0.0224609375
0.015380859375
0.021240234375
0.040904099560761346
0.026973684210526316
0.021443684895833332
0.01678466796875
0.04102422907488987
0.025594075520833332
0.019327799479166668
0.0253686797752809
0.029500325520833332
0.023270328102710413
0.02937091503267974
0.036092122395833336
0.034407027818448024
0.022007686676427527
0.014148448519040903
0.033478260869565214
0.019668400520156046
0.01220703125
0.015950520833333332
0.01861572265625
0.03024341142020498
0.036336263020833336
0.02880859375
0.02625
0.0166015625
0.020548502604166668
0.011688232421875
0.025187174479166668
0.04177389705882353
0.03173828125
0.025453277545327755
0.029296875
0.029988606770833332
0.013509114583333334
0.014156331592689295
0.027303059895833332
0.01674597364568082
0.01412821261682243
0.017088210702341136
0.024739583333333332
0.02174233490566038
0.021094903988183162
0.029465592972181553
0.026344476744186048
0.011637369791666666
0.013092041015625
0.018906020558002938
0.038729809104258446
0.0244140625
0.0250244140625
0.0283203125
0.025594075520833332
0.027223645680819912
0.024223856209150327
0.03010614934114202
0.02845900439238653
0.016764322916666668
0.030930190058479533
0.01171875
0.017706808199121522
0.026674597364568082
0.024495442708333332
0.027167277167277168
0.025164714494875548
0.02853860294117647
0.0302734375
0.032302342606149344
0.008544921875
0.01665034280117532
0.024972098214285716
0.04402573529411765
0.026179941002949854
0.029526245551601424
0.031999625187406296
0.022512482168330957
0.030598958333333332
0.03216508052708638
0.01861572265625
0.03166178623718887
0.023330479452054794
0.034498535871156664
0.0296630859375
0.03788433382137628
0.005523681640625
0.015552494199535962
0.021709735576923076
0.02783203125
0.02427007299270073
0.020497803806734993
0.026896158854166668
0.03651494565217391
0.015167236328125
0.022054036458333332
0.01970802919708029
0.025187174479166668
0.03442638266068759
0.017120361328125
0.037918946648426814
0.02239719321148825
0.01385498046875
0.01693281938325991
0.024050435865504358
0.0167236328125
0.024943033854166668
0.037619134897360705
0.027018229166666668
0.016031901041666668
0.029052734375
0.020537916152897656
0.02228221083455344
0.042476173020527856
0.031453450520833336
0.01336669921875
0.020904541015625
0.035205078125
0.024373372395833332
0.039796450939457204
0.028035481770833332
0.031957213578500704
0.01977790014684288
0.025898692810457518
0.02736090775988287
0.03267254038179148
0.0234375
0.03313419117647059
0.0205078125
0.034375
0.02237116991643454
0.027269399707174232
0.0189208984375
0.01693281938325991
0.026082356770833332
0.0157470703125
0.04360358711566618
0.029740117130307466
0.027177891654465592
0.025227864583333332
0.020333904109589043
0.027099609375
0.023518880208333332
0.032267252604166664
0.017857142857142856
0.00775146484375
0.03589807436918991
0.03542564655172414
0.0162353515625
0.030517935578330893
0.02800146412884334
0.021525065104166668
0.04387214983713355
0.03555718475073314
0.026326497395833332
0.029622395833333332
0.020056540342298288
0.0279541015625
0.04326403887688985
0.0277099609375
0.020751953125
0.02580527086383602
0.04136163982430454
0.02625549853372434
0.036022393538913365
0.016936671575846832
0.0375
0.027018229166666668
0.012491861979166666
0.02552236070381232
0.02661527165932452
0.014831216577540107
0.02927389705882353
0.029947916666666668
0.030563689604685213
0.037609809663250365
0.021205357142857144
0.04808394160583942
0.0374755859375
0.0033203125
0.029378255208333332
0.020100502512562814
0.02918502202643172
0.04259699853587116
0.020914713541666668
0.02795571010248902
0.028238932291666668
0.027584310850439882
0.039008246527777776
0.03070095168374817
0.0167236328125
0.010823567708333334
0.03524816176470588
0.014729817708333334
0.031032986111111112
0.014522821576763486
0.03184306569343066
0.031046549479166668
0.03536786237188873
0.029919236417033774
0.01948529411764706
0.027506510416666668
0.02775096525096525
0.0301513671875
0.029622395833333332
0.0338134765625
0.02490234375
0.026896158854166668
0.02498169838945827
0.011959310850439882
0.0309819897084048
0.03355501813784764
0.0303955078125
0.031656901041666664
0.013314421669106881
0.02905380673499268
0.03120424597364568
0.03637445095168375
0.03623718887262079
0.025672935103244837
0.029236822840409956
0.0228133608815427
0.027487151248164463
0.010833740234375
0.0150146484375
0.04237397119341564
0.03852489019033675
0.011922200520833334
0.02736090775988287
0.027994791666666668
0.013662618483412322
0.04408112582781457
0.015327598828696925
0.027772693997071742
0.040234375
0.03646595900439239
0.009124755859375
0.019903001464128843
0.0194091796875
0.022849073001158748
0.025149402390438245
0.0179443359375
0.0317966472303207
0.028807153392330382
0.032570422535211266
0.020914713541666668
0.029378255208333332
0.017547607421875
0.030843098958333332
0.030106209150326798
0.026082356770833332
0.0162353515625
0.04130859375
0.023234049479166668
0.01202392578125
0.03292963224893918
0.03065589353612167
0.020548502604166668
0.03248535871156662
0.040546594982078854
0.017364501953125
0.016105417276720352
0.032072368421052634
0.032066993464052285
0.025256222547584188
0.01908957415565345
0.039211200585651536
0.036632775119617225
0.03976024890190337
0.022867838541666668
0.021565755208333332
0.025154230317273797
0.03648107714701601
0.019012451171875
0.016845703125
0.020751953125
0.0242919921875
0.018351236979166668
0.021321614583333332
0.024617513020833332
0.03564238653001464
0.022786458333333332
0.03138766519823789
0.024251302083333332
0.028105345911949686
0.035322108345534405
0.02443265007320644
0.036015395894428155
0.0230712890625
0.03765556368960468
0.0379300878477306
0.01837158203125
0.04767569546120059
0.02955710102489019
0.011821847507331378
0.029215494791666668
0.0341796875
0.021916178623718887
0.02734948604992658
0.03348853868194843
0.022379557291666668
0.037150065104166664
0.0243208516886931
0.019823788546255508
0.028279622395833332
0.019830949284785435
0.02239990234375
0.03211552478134111
0.02171092796092796
0.015609726295210166
0.021916178623718887
0.019669117647058823
0.030802408854166668
0.0264892578125
0.019244868035190616
0.0326683748169839
0.026041666666666668
0.051067073170731704
0.03377016129032258
0.025484992679355785
0.018576134699853586
0.018147786458333332
0.027315153733528552
0.022133649932157395
0.023746339677891654
0.022648243045387994
0.02461734693877551
0.0184326171875
0.015443011647254576
0.018440145102781136
0.040217789165446556
0.02292276720351391
0.018924120234604106
0.023597873900293255
0.016642252604166668
0.032145182291666664
0.03138726207906296
0.03578732106339468
0.011627197265625
0.033953445747800584
0.0155029296875
0.029778887303851642
0.016407203907203908
0.03001282991202346
0.026501623376623377
0.020304361979166668
0.015682234432234432
0.041015625
0.028092972181551976
0.028116861979166668
0.035505124450951685
0.015208333333333334
0.023885836385836384
0.022042410714285716
0.0360337972166998
0.02587316176470588
0.02297077922077922
0.03344619326500732
0.0125
0.03441629955947136
0.023518880208333332
0.021565755208333332
0.025105794270833332
0.02969436310395315
0.025349934895833332
0.025210468521229868
0.031087239583333332
0.019449869791666668
0.025484992679355785
0.03170620437956204
0.04012628111273792
0.029703776041666668
0.0277099609375
0.017595307917888565
0.023849648300117234
0.00998900293255132
0.01907169117647059
0.036790435458786935
0.026676829268292682
0.009283088235294118
0.013641357421875
0.024362947658402204
0.018864124597207304
0.02001953125
0.03444343065693431
0.020577185792349725
0.03632869692532943
0.035505124450951685
0.0228271484375
0.018152573529411766
0.018406663275686675
0.038296120058565156
0.0247140522875817
0.023885091145833332
0.03394948755490483
0.02667483660130719
0.02850475841874085
0.01348978288633461
0.036336263020833336
0.02027578328981723
0.023722330729166668
0.027099609375
0.022400442477876106
0.031209309895833332
0.02200210378681627
0.0123291015625
0.020769348894348894
0.04255124450951684
0.04806857638888889
0.021478613569321535
0.04025986342943854
0.027269399707174232
0.044651328273244785
0.024251302083333332
0.023540748898678413
0.01611328125
0.009185791015625
0.019205729166666668
0.032396399456521736
0.026270102339181287
0.02013177159590044
0.049293478260869564
0.03509333821376281
0.0174560546875
0.028035481770833332
0.020360541727672037
0.044642857142857144
0.027223645680819912
0.025713762811127378
0.0242919921875
0.03065519765739385
0.030843098958333332
0.020308752997601917
0.017618815104166668
0.014804639804639804
0.02197265625
0.01116943359375
0.046247909698996656
0.026569383259911893
0.021662859007832897
0.022693997071742314
0.03216911764705882
0.018896484375
0.029877379209370426
0.03487518355359765
0.03336086637298091
0.017293294270833332
0.04002757352941176
0.015687375249501
0.025943396226415096
0.03587115666178624
0.025484992679355785
0.025720373376623376
0.0350609756097561
0.013314421669106881
0.03184654919236417
0.01760693215339233
0.035322108345534405
0.0224609375
0.024685329861111112
0.024249633967789164
0.022867838541666668
0.04295722713864307
0.03907393850658858
0.04231433506044905
0.02435541775456919
0.025105794270833332
0.022287087912087913
0.04536106032906764
0.019360059760956175
0.04114963503649635
0.01897810218978102
0.02069091796875
0.042322474377745244
0.02299600737100737
0.03367496339677892
0.0325927734375
0.03513909224011713
0.026720351390922402
0.0343213728549142
0.04187956204379562
0.023922413793103448
0.02914531478770132
0.024938925081433225
0.0247802734375
0.03356481481481482
0.03330592105263158
0.03260633680555555
0.018681043129388165
0.027425130208333332
0.022623697916666668
0.027262369791666668
0.020955403645833332
0.027791341145833332
0.03423713235294118
0.013780272452068618
0.016153971354166668
0.013834635416666666
0.022266162310866575
0.017556532663316582
0.03232116244411326
0.014545583238958097
0.02521202064896755
0.010772705078125
0.023722330729166668
0.0311279296875
0.016810825892857144
0.028035481770833332
0.039872262773722626
0.032531112737920934
0.015593998015873016
0.021148681640625
0.015423242467718794
0.039225260416666664
0.0238037109375
0.033875
0.029154518950437316
0.03943997071742313
0.03822008862629247
0.024752928257686678
0.033203125
0.029093424479166668
0.022852067183462534
0.026720351390922402
0.03294289897510981
0.028157552083333332
0.03138726207906296
0.027177891654465592
0.0324396046852123
0.029374084919472913
0.033616071428571426
0.019445461200585653
0.01397705078125
0.01064068100358423
0.0279541015625
0.023844401041666668
0.014007568359375
0.027303059895833332
0.03888984806629834
0.035359700520833336
0.02734375
0.033440806878306875
0.032552083333333336
0.02663649025069638
0.034285429936305734
0.04379595588235294
0.041987885462555066
0.05409071180555555
0.03890977443609023
0.027532762096774195
0.010452340182648403
0.029552129221732747
0.0322992700729927
0.03372434017595308
0.020426432291666668
0.03655746705710102
0.027913411458333332
0.031005859375
0.03724377745241581
0.024007161458333332
0.017104409857328147
0.02072657393850659
0.025553385416666668
0.02162037037037037
0.014178240740740741
0.028247816593886463
0.03504758418740849
0.01102758449304175
0.031034110535405873
0.03860294117647059
0.03866215226939971
0.0108642578125
0.029166666666666667
0.0186767578125
0.0072021484375
0.03163846685082873
0.02253120411160059
0.013702392578125
0.04871961805555555
0.026041666666666668
0.021171976592977895
0.045722713864306784
0.027616279069767442
0.017029737206085752
0.0179443359375
0.03890117994100295
0.016059027777777776
0.03129074315514994
0.0247802734375
0.029419838945827233
0.02118411420204978
0.02197265625
0.014915812591508053
0.036417643229166664
0.01733038348082596
0.027223645680819912
0.03678623718887262
0.04117862371888726
0.03487518355359765
0.026583089311859445
0.027726939970717422
0.03076171875
0.007904052734375
0.03774810964083176
0.035322108345534405
0.04346423303834808
0.02303832116788321
0.02476882430647292
0.027750651041666668
0.01569363103953148
0.031479441997063144
0.014373779296875
0.01917270531400966
0.030558268229166668
0.021158854166666668
0.030110677083333332
0.021687825520833332
0.02732843137254902
0.021812957157784744
0.01678466796875
0.02737434725848564
0.025634765625
0.031168619791666668
0.038176336375488916
0.026583089311859445
0.028279622395833332
0.033121744791666664
0.03747833622183709
0.028037891986062716
0.028035481770833332
0.018511730205278593
0.025838216145833332
0.042642752562225474
0.03222017973856209
0.03681640625
0.0357666015625
0.018351236979166668
0.028446691176470588
0.014811197916666666
0.028768382352941175
0.013268667642752563
0.027924562682215742
0.015771484375
0.03174019607843137
0.036511713030746705
0.0314787701317716
0.02032632743362832
0.01055908203125
0.038204612005856516
0.04226345486111111
0.0206298828125
0.041788856304985335
0.012491861979166666
0.02855051244509517
0.02334534731323722
0.017293294270833332
0.027614138438880706
0.03570117474302496
0.047094298245614036
0.026082356770833332
0.01775124843945069
0.0301513671875
0.02850475841874085
0.036511713030746705
0.02072657393850659
0.026326497395833332
0.03576030927835051
0.024014559659090908
0.031005859375
0.023152669270833332
0.02001953125
0.03042157584683358
0.0263671875
0.01932471264367816
0.020406295754026353
0.02685761346998536
0.0211181640625
0.02783203125
0.017374674479166668
0.029500325520833332
0.030268324607329842
0.017974853515625
0.012022760646108663
0.012490849194729136
0.02685546875
0.0274658203125
0.007049560546875
0.03157027818448024
0.015340169270833334
0.02502745241581259
0.02860026917900404
0.01953696925329429
0.026082356770833332
0.013543191800878478
0.022334558823529412
0.0473546042003231
0.033823529411764704
0.026201923076923078
0.0283203125
0.016520182291666668
0.019353953147877013
0.027262369791666668
0.021613261421319797
0.023722330729166668
0.030517935578330893
0.03558259587020649
0.016151171303074672
0.0281982421875
0.0216064453125
0.016845703125
0.020174632352941178
0.015350341796875
0.04451906412478336
0.02415921668795232
0.024045521292217327
0.031026146131805158
0.0245699121522694
0.023505944931163956
0.03434449093444909
0.0446101756954612
0.03536786237188873
0.048990885416666664
0.018813451776649746
0.028523763020833332
0.0184326171875
0.01949121522693997
0.04223367029548989
0.02294921875
0.019216691068814056
0.015484795613160518
0.030563689604685213
0.042109604105571845
0.016865079365079364
0.026491581259150805
0.021484375
0.021705316742081447
0.0201416015625
0.031697591145833336
0.02569750367107195
0.026163736979166668
0.026570638020833332
0.03953147877013177
0.024251302083333332
0.013002098321342926
0.00925808897876643
0.028733528550512446
0.02645481144343303
0.021321614583333332
0.02077205882352941
0.01327098078867543
0.026463651498335183
0.017242431640625
0.04389662756598241
0.026407877604166668
0.0106201171875
0.03180066079295154
0.017368708971553612
0.01806640625
0.027589677891654465
0.024789222873900292
0.028363269794721407
0.015899122807017545
0.023483187134502925
0.029581705729166668
0.028279622395833332
0.011505126953125
0.03143301610541727
0.046209618208516885
0.031066983894582723
0.020599365234375
0.026692708333333332
0.020304361979166668
0.02886029411764706
0.021321614583333332
0.031697591145833336
0.027040629575402635
0.03358345534407028
0.026285807291666668
0.035116448326055316
0.0381588579795022
0.03091032608695652
0.020566239316239316
0.018389580602883353
0.024861653645833332
0.011271158854166666
0.0113525390625
0.018906020558002938
0.03173828125
0.023885091145833332
0.016438802083333332
0.020924707602339183
0.01626649560117302
0.0338134765625
0.017130533854166668
0.025091911764705883
0.015543619791666666
0.023584213615023473
0.04094985358711566
0.017094017094017096
0.03774707174231332
0.022542317708333332
0.02593475073313783
0.015655517578125
0.029658942558746737
0.021367130307467057
0.03289473684210526
0.022778858625162126
0.037518301610541725
0.030454088471849865
0.030472181551976573
0.0240478515625
0.03294289897510981
0.014322916666666666
0.025390625
0.031005859375
0.04592391304347826
0.034727306002928254
0.031331380208333336
0.03361742424242424
0.020833333333333332
0.03580866807610994
0.02480526706231454
0.03898243045387994
0.0201416015625
0.026041666666666668
0.033203125
0.03058422103861518
0.01673497267759563
0.03257299270072993
0.03394299820466786
0.0234375
0.012176513671875
0.0267333984375
0.028909691629955946
0.014484978540772532
0.019565615835777126
0.029500325520833332
0.01055908203125
0.027398003472222224
0.03520220588235294
0.02552160953800298
0.019388686131386862
0.019399707174231333
0.03587115666178624
0.022454604409857328
0.026217057101024892
0.037198023426061495
0.02783203125
0.018412374371859296
0.032302342606149344
0.03552389705882353
0.02803308823529412
0.03051470588235294
0.013465073529411765
0.017130533854166668
0.018595377604166668
0.019490559895833332
0.015217764060356654
0.03759124087591241
0.016764322916666668
0.027547200520833332
0.022154178674351585
0.0252685546875
0.0294578853046595
0.024525928792569658
0.04236376673040153
0.0414989019033675
0.02096295248868778
0.040978260869565214
0.017333984375
0.028035481770833332
0.02102346805736636
0.037270220588235294
0.025919596354166668
0.020480225988700564
0.03430612947658402
0.015909830729166668
0.033632697947214074
0.024889380530973452
0.03413250366032211
0.028583458083832336
0.0159912109375
0.023721837088388216
0.027140299479166668
0.03353770131771596
0.036340497737556564
0.029417155425219943
0.027791341145833332
0.019449869791666668
0.029581705729166668
0.0262451171875
0.046612394957983194
0.015350341796875
0.04959736456808199
0.03019765739385066
0.02615814696485623
0.03076171875
0.029099560761347
0.027913411458333332
0.030704941860465115
0.019287109375
0.0245361328125
0.04279279279279279
0.04378660322108346
0.024733847283406756
0.020670572916666668
0.03605417276720351
0.03135850694444445
0.024332682291666668
0.027332227138643066
0.0323486328125
0.02670704845814978
0.01774878640776699
0.029511346998535873
0.013335287221570926
0.021321614583333332
0.0205078125
0.036603221083455345
0.0238037109375
0.02443265007320644
0.013712565104166666
0.024861653645833332
0.030110677083333332
0.024373372395833332
0.014851888020833334
0.03815846286701209
0.03125
0.024917400881057268
0.022013346354166668
0.035596632503660325
0.016571044921875
0.019445461200585653
0.01694277108433735
0.01406708211143695
0.036694729136163985
0.041748046875
0.029215494791666668
0.04640151515151515
0.020404411764705883
0.032389322916666664
0.036603221083455345
0.020304361979166668
0.013916015625
0.024576822916666668
0.023643585131894483
0.02804721815519766
0.028035481770833332
0.029503105590062112
0.011529898218829517
0.029682890855457226
0.04205069124423963
0.023234049479166668
0.03275988286969253
0.019322845417236664
0.017008463541666668
0.035001830161054175
0.022379557291666668
0.03377757352941176
0.05706188725490196
0.04534671532846715
0.01581601466992665
0.02585102489019034
0.04131433823529412
0.011072474377745242
0.028428819444444444
0.02855051244509517
0.04726390922401171
0.033873343151693665
0.03918869309838473
0.025553385416666668
0.024129231770833332
0.024869648737650935
0.022623697916666668
0.0299072265625
0.024751106194690266
0.024088541666666668
0.02566800878477306
0.024373372395833332
0.04568014705882353
0.0228271484375
0.023586637298091042
0.032655547226386805
0.011723286875725901
0.025016404199475064
0.018141778523489933
0.030110677083333332
0.028642020497803806
0.0238037109375
0.025456204379562045
0.024916347992351817
0.035373900293255135
0.0308837890625
0.04395553064275037
0.02822136563876652
0.024617513020833332
0.019571940104166668
0.027669270833333332
0.029825846354166668
0.020248287671232875
0.008880615234375
0.020345052083333332
0.033400439238653004
0.032582720588235296
0.026936848958333332
0.03454428989751098
0.025187174479166668
0.021469465648854963
0.028523763020833332
0.03813483547925608
0.03579361873990307
0.03125
0.0294189453125
0.033203125
0.034320014662756596
0.0247802734375
0.013211025280898877
0.040139296187683284
0.03753725782414307
0.017575256975036712
0.02600699067909454
0.018658424908424908
0.025146484375
0.023274739583333332
0.024863138686131388
0.022393538913362702
0.012939453125
0.011311848958333334
0.027303059895833332
0.028238932291666668
0.04519314236111111
0.041341145833333336
0.03536786237188873
0.02354393732970027
0.027180989583333332
0.023356119791666668
0.03332411504424779
0.030352257181942545
0.020452049780380673
0.021136143410852713
0.04410688140556369
0.035825402635431915
0.030965169270833332
0.02511896046852123
0.0318603515625
0.041015625
0.025797526041666668
0.027113970588235295
0.02292276720351391
0.03771077712609971
0.029374084919472913
0.040309297218155196
0.022216796875
0.02546806167400881
0.019719985358711566
0.042109604105571845
0.030744485294117645
0.01668258733624454
0.03886515601783061
0.019314236111111112
0.026105182926829267
0.03235294117647059
0.02745241581259151
0.051041666666666666
0.025021477663230242
0.020008992805755396
0.024983723958333332
0.0315359477124183
0.02736090775988287
0.03207357247437775
0.03426976573938507
0.017252604166666668
0.024066617862371888
0.03198206442166911
0.022648243045387994
0.01829044117647059
0.034737518355359764
0.04526699029126213
0.027864202049780382
0.0439453125
0.018929503916449087
0.016290381791483115
0.012969970703125
0.01749424846625767
0.021158854166666668
0.019120065789473683
0.029328330893118596
0.0159912109375
0.015380859375
0.02817547723935389
0.0272216796875
0.03248535871156662
0.036724452554744526
0.017618815104166668
0.01821219035202086
0.0174560546875
0.022556734992679357
0.013671875
0.037609809663250365
0.025164714494875548
0.025896778916544655
0.026171303074670572
0.022745768229166668
0.024210611979166668
0.029134114583333332
0.019990208877284595
0.014275256222547585
0.02909324522760646
0.03545937042459736
0.032185872395833336
0.033935546875
0.021961932650073207
0.031707540263543194
0.02113836017569546
0.021961932650073207
0.0167236328125
0.02507320644216691
0.03308823529411765
0.017203513909224012
0.0326683748169839
0.04674671592775041
0.0146484375
0.03527635431918009
0.022503396739130436
0.01513671875
0.03468155197657394
0.022176106770833332
0.019463811420982736
0.024493243243243243
0.03855698529411765
0.03511029411764706
0.02388360175695461
0.023571428571428573
0.04309006211180124
0.022301762114537445
0.021077473958333332
0.03622787610619469
0.023405172413793102
0.021765029325513198
0.02177828175026681
0.02354014598540146
0.0142822265625
0.020406295754026353
0.03368759750390016
0.013753255208333334
0.02117919921875
0.023685819070904647
0.023234049479166668
0.02978515625
0.026082356770833332
0.034743491577335375
0.016471449487554905
0.027058919270833332
0.029134114583333332
0.0345900439238653
0.024412628487518354
0.027721774193548387
0.021641654465592974
0.027681185944363106
0.02452415812591508
0.037106515373352855
0.04408244680851064
0.01080322265625
0.03642723880597015
0.024173756544502618
0.04749087591240876
0.028687774524158126
0.024733847283406756
0.015838509316770187
0.03547794117647059
0.031207250341997263
0.026949121522694
0.03655746705710102
0.00817497532082922
0.026774088541666668
0.032430013020833336
0.02884326113116727
0.016326904296875
0.03660071942446043
0.031158759124087592
0.03079245973645681
0.0233154296875
0.030763790664780764
0.03426976573938507
0.02348085460599334
0.02745241581259151
0.027864202049780382
0.04173913043478261
0.012237548828125
0.04606625258799172
0.03158738191632929
0.0289306640625
0.032063802083333336
0.0206298828125
0.022697795071335927
0.02685546875
0.028279622395833332
0.03184480234260615
0.028238932291666668
0.029212898751733704
0.02348345588235294
0.03683475689881734
0.037792825768667646
0.019753196022727272
0.016682942708333332
0.012654622395833334
0.033097044728434506
0.039302708638360176
0.020543557833089313
0.025716145833333332
0.0306396484375
0.04580618892508143
0.021036783854166668
0.022379557291666668
0.0178898243045388
0.025960286458333332
0.025522041763341066
0.034224011713030744
0.015625
0.014461678832116789
0.022510980966325037
0.012665198237885462
0.023014275256222547
0.0212298682284041
0.011804538799414349
0.023950729927007298
0.04172767203513909
0.03381497948016416
0.020483576642335768
0.03562956204379562
0.033363970588235294
0.03622645547945205
0.01470947265625
0.019216691068814056
0.031984214390602055
0.02274689226519337
0.0223388671875
0.017059630738522954
0.021231617647058824
0.036694729136163985
0.024345466155810982
0.0273262331838565
0.037903817914831134
0.028035481770833332
0.03797743055555555
0.021809895833333332
0.03875883392226148
0.05187246963562753
0.03439670138888889
0.024454752604166668
0.016037390029325513
0.0196533203125
0.021834061135371178
0.039394216691068816
0.02969436310395315
0.033869485294117645
0.04409965034965035
0.02969436310395315
0.029988606770833332
0.027018229166666668
0.016276041666666668
0.0318603515625
0.036694729136163985
0.034708658854166664
0.022664388020833332
0.027872721354166668
0.03608576642335767
0.030721028645833332
0.03120424597364568
0.018857048748353096
0.022013346354166668
0.016134751773049644
0.03784824046920821
0.021565755208333332
0.03491248097412481
0.04937629937629938
0.01503013959390863
0.031722887767969735
0.0216064453125
0.02166970802919708
0.016676008968609865
0.018344395280235987
0.0262451171875
0.01798133235724744
0.023981603153745073
0.030192057291666668
0.04123900293255132
0.04118349249658936
0.02768640350877193
0.010986328125
0.04387811127379209
0.0198974609375
0.03275988286969253
0.03249782986111111
0.01970802919708029
0.018880208333333332
0.022293734491315137
0.0246420704845815
0.028971354166666668
0.0400805270863836
0.0098876953125
0.021458638360175697
0.0205078125
0.02557650073206442
0.024739583333333332
0.03207138590203106
0.02447840409956076
0.034722222222222224
0.026480637813211846
0.030928308823529413
0.031575520833333336
0.034818814055636894
0.010284423828125
0.021993243243243244
0.014973958333333334
0.023248487903225805
0.032172309027777776
0.031112737920937043
0.032552083333333336
0.024066617862371888
0.031290690104166664
0.02078804347826087
0.02177891654465593
0.035505124450951685
0.03344619326500732
0.03105127186009539
0.02882858187134503
0.031697591145833336
0.0145497803806735
0.00927734375
0.03291268758526603
0.015825518262586376
0.031066446402349485
0.03231939163498099
0.018880208333333332
0.03399524158125915
0.02490808823529412
0.02511896046852123
0.020751953125
0.036209620786516857
0.0343017578125
0.01287841796875
0.033608490566037735
0.022693997071742314
0.02783203125
0.025659824046920823
0.0333251953125
0.021825396825396824
0.036405109489051096
0.01953125
0.024458180708180708
0.047627005347593586
0.03427863436123348
0.024544105173876167
0.026692708333333332
0.0179443359375
0.04155832095096582
0.030011655011655012
0.031656901041666664
0.026994875549048315
0.023213217703349283
0.036946614583333336
0.025810390763765543
0.029454787234042552
0.015082196029776675
0.03217182890855457
0.037518301610541725
0.024285190615835776
0.029465592972181553
0.011749267578125
0.036181640625
0.0076904296875
0.032531112737920934
0.026034040995607615
0.037995594713656385
0.019816080729166668
0.046549479166666664
0.035550878477306
0.025484992679355785
0.018100865512649802
0.03233318890814558
0.017144097222222224
0.04465060763888889
0.03605417276720351
0.02294921875
0.021280924479166668
0.03445278184480234
0.017119565217391303
0.03376647144948756
0.013084484590860786
0.02232796486090776
0.029744466145833332
0.05670273851590106
0.022693997071742314
0.025594075520833332
0.016845703125
0.048207720588235296
0.026248164464023494
0.045542279411764704
0.039143880208333336
0.023193359375
0.028523763020833332
0.02188685208596713
0.018
0.02814947780678851
0.026611328125
0.0343521897810219
0.014695759911894273
0.03400330396475771
0.03756452802359882
0.038947947214076246
0.024193548387096774
0.016517203513909225
0.0084601259181532
0.030314127604166668
0.026570638020833332
0.01039622178606477
0.018218994140625
0.028446691176470588
0.016392118863049095
0.027269399707174232
0.021321614583333332
0.022379557291666668
0.02124608967674661
0.03335468521229868
0.03674853372434018
0.010101318359375
0.025735294117647058
0.03070095168374817
0.021293888166449934
0.04421657986111111
0.021994134897360705
0.017264276228419653
0.0108642578125
0.021200980392156864
0.025055066079295155
0.03531021897810219
0.03728953147877013
0.02329624478442281
0.029947916666666668
0.049826134699853586
0.03828125
0.031697591145833336
0.0220947265625
0.020314156945917285
0.030426427525622256
0.03538474930362117
0.017740885416666668
0.03633957654723127
0.024251302083333332
0.022511848341232227
0.03988970588235294
0.013258812010443865
0.012939453125
0.024986457204767065
0.019669117647058823
0.022053440702781844
0.035590277777777776
0.01654052734375
0.021158854166666668
0.034029284164859
0.02397510980966325
0.021756329113924052
0.015625
0.025797526041666668
0.029014786795048143
0.03138868343195266
0.026204427083333332
0.013939504373177843
0.0140380859375
0.05179355783308931
0.01835762331838565
0.015462239583333334
0.025470607661822985
0.0252685546875
0.019002278645833332
0.026766499282639886
0.030471041055718476
0.0186767578125
0.0179443359375
0.028889973958333332
0.021595900439238654
0.034708658854166664
0.0242919921875
0.0345032991202346
0.025776143790849672
0.021092606149341143
0.016618497109826588
0.026994875549048315
0.027547200520833332
0.017364501953125
0.03289019337016574
0.017726608187134504
0.032877604166666664
0.008636474609375
0.04159556313993174
0.02527639087018545
0.023152669270833332
0.029703776041666668
0.039327917282127034
0.025553385416666668
0.030474452554744527
0.025980571847507333
0.040465943113772454
0.0264892578125
0.03369140625
0.02392578125
0.022259681881051176
0.03542584434654919
0.029763870541611625
0.03780241935483871
0.020618556701030927
0.020660400390625
0.019514388489208633
0.01953125
0.018310546875
0.023916232073011735
0.015261627906976744
0.02347181551976574
0.028438421828908555
0.011964812992125984
0.0216064453125
0.033650716145833336
0.036675347222222224
0.020792643229166668
0.021875
0.034840210355987056
0.025224014336917563
0.04101277372262774
0.027791341145833332
0.02765108323831243
0.024449481865284974
0.035115559895833336
0.028564453125
0.04261363636363636
0.02739537444933921
0.02359189723320158
0.036078559027777776
0.024576822916666668
0.01165771484375
0.029744466145833332
0.015665690104166668
0.0191650390625
0.032490808823529414
0.02905380673499268
0.0318603515625
0.024820963541666668
0.021884137426900586
0.021647135416666668
0.021525065104166668
0.02068081991215227
0.028417397660818713
0.0230712890625
0.0184326171875
0.032552083333333336
0.023517569546120057
0.024658923303834807
0.019119623655913978
0.031158491947291363
0.029459635416666668
0.040165574963609896
0.032193241469816274
0.04483916938110749
0.0374755859375
0.03216911764705882
0.019978841145833332
0.01617431640625
0.026150173611111112
0.04015815548780488
0.023600260416666668
0.018823337679269882
0.0205078125
0.021916178623718887
0.026652018229166668
0.05558035714285714
0.0247802734375
0.029465592972181553
0.04802631578947368
0.029825846354166668
0.026777826855123674
0.022458090379008748
0.031982421875
0.015411376953125
0.04188049853372434
0.037463450292397664
0.034202398255813955
0.016466521106259097
0.013039897510980966
0.027099609375
0.02533453002610966
0.010831489675516224
0.024341142020497804
0.014046486090775988
0.031679848693259974
0.04931799674267101
0.015909830729166668
0.014241536458333334
0.031087239583333332
0.025553385416666668
0.01750366568914956
0.025009177679882526
0.03986842105263158
0.013824462890625
0.029581705729166668
0.017857142857142856
0.0330607476635514
0.021809895833333332
0.026270102339181287
0.010162353515625
0.026251680107526883
0.029282576866764276
0.036694729136163985
0.018334537572254336
0.02099609375
0.021036783854166668
0.01806640625
0.035563151041666664
0.021167883211678833
0.028035481770833332
0.01839311859443631
0.027007299270072994
0.031707540263543194
0.012397400820793434
0.029877379209370426
0.017252604166666668
0.017611402359108783
0.014255798969072165
0.012764632627646327
0.028889973958333332
0.04965124816446402
0.03044234592445328
0.033076298701298704
0.031819661458333336
0.027140299479166668
0.03821790540540541
0.021728515625
0.03703193832599119
0.024169921875
0.017091275659824046
0.019734700520833332
0.019805908203125
0.0436217008797654
0.011444091796875
0.026746323529411763
0.026537335285505125
0.029296875
0.04300878477306003
0.037731481481481484
0.02652138157894737
0.01970307917888563
0.041829427083333336
0.01743228404099561
0.0208740234375
0.036694729136163985
0.01470947265625
0.012702180028129395
0.0291748046875
0.03282702523240372
0.015543619791666666
0.027384440104166668
0.06461221837088388
0.028230234260614936
0.026445827232796485
0.027202298050139274
0.02598314606741573
0.022135416666666668
0.031425315568022444
0.03869485294117647
0.04549632352941176
0.045929394812680116
0.027425130208333332
0.020483576642335768
0.037729779411764704
0.05099826388888889
0.015441176470588236
0.055121527777777776
0.027994791666666668
0.027913411458333332
0.0362518355359765
0.028727770177838577
0.03683199121522694
0.020468236582694414
0.03042883211678832
0.017171223958333332
0.0335693359375
0.01171875
0.0350341796875
0.04515922401171303
0.03860294117647059
0.036923499267935575
0.019811493411420206
0.029740117130307466
0.033454754601226995
0.033447265625
0.03866215226939971
0.026774088541666668
0.035322108345534405
0.01369201030927835
0.021924603174603173
0.04598279648609078
0.019816080729166668
0.03772026431718062
0.014434814453125
0.01167883211678832
0.03422394259818731
0.01860608552631579
0.02800146412884334
0.0140380859375
0.019205729166666668
0.02805190058479532
0.032119326500732064
0.029374084919472913
0.023640950520833332
0.015828450520833332
0.025164714494875548
0.04515922401171303
0.03191577896138482
0.019170937042459736
0.022664388020833332
0.021402994791666668
0.01171875
0.0199674317617866
0.00882820136852395
0.0240478515625
0.031158892128279884
0.02232796486090776
0.03007871064467766
0.031209309895833332
0.021321376281112737
0.032761437908496734
0.019811493411420206
0.042534722222222224
0.028361002604166668
0.02584310850439883
0.01688323572474378
0.01611328125
0.035505124450951685
0.03262867647058824
0.03621323529411765
0.03437041116005874
0.027384440104166668
0.04252577319587629
0.02294921875
0.025300082781456953
0.032470703125
0.014564896755162243
0.012654622395833334
0.03294289897510981
0.020939086294416244
0.021870424597364567
0.02636485680190931
0.031778971354166664
0.020548502604166668
0.02333455344070278
0.010416666666666666
0.030924479166666668
0.035340073529411764
0.03545937042459736
0.023115808823529413
0.038348082595870206
0.018717447916666668
0.016357421875
0.03794642857142857
0.01788330078125
0.027669270833333332
0.0344574780058651
0.010960591133004927
0.037112010796221326
0.029215494791666668
0.021443684895833332
0.01801470588235294
0.023681640625
0.02734375
0.05153267254038179
0.029503676470588235
0.02567829457364341
0.020900974025974024
0.04292883211678832
0.03358345534407028
0.014241536458333334
0.027669270833333332
0.036353868194842404
0.018758138020833332
0.04150390625
0.021484375
0.047392955801104975
0.027663308913308912
0.04159040995607614
0.02392935578330893
0.028125
0.03666483113069016
0.0493
0.024007161458333332
0.017157759882869692
0.03843194254445965
0.034383138020833336
0.022501627604166668
0.02072610294117647
0.059140625
0.033610026041666664
0.03184480234260615
0.028230234260614936
0.03454428989751098
0.026994875549048315
0.0375
0.030838213762811127
0.02217741935483871
0.032511393229166664
0.01385498046875
0.024454752604166668
0.02974110546378653
0.013014033942558748
0.01722708082026538
0.026792279411764704
0.029052734375
0.04009512683578104
0.03097466960352423
0.021891276041666668
0.03152452415812591
0.03614568081991215
0.0211181640625
0.02392935578330893
0.04338235294117647
0.024935944363103955
0.0233803074670571
0.028727213541666668
0.017804698972099853
0.036799065420560745
0.015899658203125
0.028049045138888888
0.010945638020833334
0.018777412280701754
0.026537335285505125
0.03394948755490483
0.0211181640625
0.017974853515625
0.012908935546875
0.0234375
0.01708984375
0.022013346354166668
0.040198237885462555
0.02446771978021978
0.03074670571010249
0.032210834553440704
0.03079245973645681
0.04958767361111111
0.031698759791122716
0.017686950146627568
0.029215494791666668
0.03641917293233083
0.0205078125
0.027211820851688693
0.030793795620437957
0.040492313323572476
0.026628843338213762
0.038492838541666664
0.0381588579795022
0.027501629726205998
0.03363619676945668
0.03610482654600301
0.012419871794871794
0.020792643229166668
0.020635190217391304
0.039897510980966326
0.027358949416342412
0.03417825768667643
0.01776123046875
0.0200402635431918
0.034871419270833336
0.0162353515625
0.011455138036809816
0.030929721815519767
0.009615384615384616
0.035009765625
0.028262867647058824
0.02767108938547486
0.033217423133235724
0.026967243975903613
0.030563689604685213
0.0206298828125
0.0362518355359765
0.030885036496350365
0.031656901041666664
0.019719985358711566
0.023837847730600294
0.035685221354166664
0.025144114077669904
0.01287841796875
0.014089792576419215
0.022233201581027668
0.030680338541666668
0.0203857421875
0.027601522842639593
0.02667124542124542
0.03975785340314136
0.0333251953125
0.030883967789165447
0.04065712187958884
0.037198023426061495
0.014831120092378754
0.025210468521229868
0.025081051873198847
0.017659505208333332
0.028679830287206266
0.03844383057090239
0.02228221083455344
0.03275988286969253
0.04997016706443914
0.029148391812865496
0.04977829391891892
0.032027818448023423
0.03426976573938507
0.039211200585651536
0.014521144278606965
0.017293294270833332
0.029459635416666668
0.010650634765625
0.024197048611111112
0.022031710914454276
0.023234049479166668
0.035596632503660325
0.021870424597364567
0.02580527086383602
0.029405381944444444
0.02607979502196193
0.031168619791666668
0.03879123263888889
0.01791263812154696
0.027058919270833332
0.016404478458049886
0.021525065104166668
0.027262369791666668
0.040492313323572476
0.016578851744186048
0.01166727672035139
0.021647135416666668
0.01678240740740741
0.025227864583333332
0.0289306640625
0.02402086383601757
0.018473307291666668
0.029452614379084967
0.0347900390625
0.024495442708333332
0.04094985358711566
0.027953767123287673
0.02427721088435374
0.03125
0.018798828125
0.02318399705014749
0.021036783854166668
0.02817547723935389
0.037760416666666664
0.046739601386481804
0.022867838541666668
0.018157958984375
0.011189778645833334
0.015944809941520467
0.022176106770833332
0.03386180351906158
0.014607747395833334
0.007232666015625
0.02388360175695461
0.01925033921302578
0.022298177083333332
0.024945175438596492
0.033400439238653004
0.021412884333821377
0.015841156126482212
0.013171487603305785
0.033125
0.03161764705882353
0.026294052863436123
0.015983300099700896
0.032511393229166664
0.04168191800878477
0.022135416666666668
0.020100911458333332
0.019490559895833332
0.027711397058823528
0.027589285714285715
0.0264892578125
0.018341064453125
0.02574339207048458
0.027742805755395682
0.02625450721153846
0.02183845029239766
0.023478190104166668
0.012410481770833334
0.022223240469208212
0.03875366032210834
0.023308011049723756
0.0223388671875
0.018301610541727673
0.027872721354166668
0.028367496339677892
0.03074670571010249
0.02690336749633968
0.035825402635431915
0.015433673469387755
0.03695255474452555
0.033903733528550514
0.014444986979166666
0.021321614583333332
0.02390472878998609
0.014444986979166666
0.03986910029498525
0.03032817109144543
0.008636474609375
0.0208740234375
0.03
0.037022005772005775
0.022714285714285715
0.018351236979166668
0.026949121522694
0.021158854166666668
0.017170329670329672
0.024295387994143484
0.019742520138089758
0.044465859030837
0.02756268436578171
0.0283203125
0.019734700520833332
0.03759124087591241
0.03193631039531479
0.01483154296875
0.0396105220228385
0.02797750737463127
0.028605143229166668
0.02955710102489019
0.0235595703125
0.024843289085545724
0.02580527086383602
0.015262515262515262
0.024617513020833332
0.02232796486090776
0.033732096354166664
0.013275146484375
0.03428755522827688
0.021321614583333332
0.027294921875
0.019612630208333332
0.03661003236245955
0.04108455882352941
0.023072002923976608
0.029804421768707484
0.0255307467057101
0.026407877604166668
0.03074817518248175
0.01373291015625
0.023518880208333332
0.022092490842490844
0.0279541015625
0.021481990231990232
0.018341064453125
0.031697591145833336
0.020100911458333332
0.02519273127753304
0.026994875549048315
0.0089111328125
0.021402994791666668
0.03745404411764706
0.029923133235724743
0.02968979441997063
0.02340308370044053
0.014485677083333334
0.021852189781021897
0.024983723958333332
0.017008463541666668
0.04255124450951684
0.01336669921875
0.01663801571709234
0.032675081433224756
0.011011011011011011
0.040492313323572476
0.020833333333333332
0.017293294270833332
0.0150146484375
0.042655109489051095
0.021443684895833332
0.0142822265625
0.023111979166666668
0.018717447916666668
0.046820746527777776
0.016357421875
0.038021595900439235
0.025158061116965228
0.018428308823529412
0.015773809523809523
0.029744466145833332
0.01725196463654224
0.009073893229166666
0.03646595900439239
0.0597704991087344
0.0125091642228739
0.029825846354166668
0.03257686676427526
0.032918294270833336
0.0070496632996633
0.03349853157121879
0.03811762536873156
0.03386180351906158
0.04021139705882353
0.031432748538011694
0.033915441176470586
0.02155330882352941
0.04520497803806735
0.038535557184750734
0.03393768221574344
0.03135504201680672
0.025980571847507333
0.01901820546163849
0.04028436018957346
0.03680668841761827
0.029476351351351352
0.023892773892773892
0.017130533854166668
0.020589192708333332
0.033745659722222224
0.025988286969253295
0.03157169117647059
0.031158223201174742
0.027045964125560536
0.0203857421875
0.03266666666666666
0.020947332421340628
0.01031494140625
0.025479616306954438
0.030975475841874087
0.022501627604166668
0.024210611979166668
0.007527669270833333
0.026942457737321197
0.029988606770833332
0.03504774305555555
0.04598043893129771
0.03786496350364964
0.02454758713136729
0.02392935578330893
0.013439800210304942
0.014404296875
0.027205882352941177
0.018010496183206107
0.018072840409956076
0.01758861439312567
0.0286865234375
0.017317559863169896
0.03615285923753666
0.013105975197294251
0.020955403645833332
0.033732096354166664
0.0328369140625
0.023563323572474378
0.04515922401171303
0.04043416030534351
0.01300048828125
0.031204379562043794
0.011984223300970874
0.03138726207906296
0.019083658854166668
0.036580403645833336
0.046533203125
0.020670572916666668
0.042230966325036604
0.023193359375
0.012420654296875
0.033121744791666664
0.03298611111111111
0.02443265007320644
0.021402994791666668
0.03414451114922813
0.02808228929384966
0.017425537109375
0.03713235294117647
0.012451171875
0.017537434895833332
0.015543619791666666
0.02451285240464345
0.035074869791666664
0.01843887262079063
0.020751953125
0.029831625183016106
0.023396809895833332
0.019287109375
0.018758138020833332
0.03102189781021898
0.0142822265625
0.029025607638888888
0.034570596797671035
0.02735379177377892
0.03170888399412628
0.01275634765625
0.019490559895833332
0.019246419270833332
0.03635110294117647
0.01458740234375
0.021338105726872246
0.031193490054249547
0.01953125
0.017822265625
0.022510980966325037
0.028971354166666668
0.025797526041666668
0.02318399705014749
0.0351216814159292
0.029728982300884957
0.025309244791666668
0.028064992614475627
0.02947230538922156
0.039605034722222224
0.02544846241457859
0.023448905109489052
0.022501627604166668
0.020566239316239316
0.028962298682284043
0.026326497395833332
0.031087239583333332
0.030155109489051094
0.026041666666666668
0.04180433186490455
0.0296630859375
0.023030598958333332
0.028076171875
0.011829780361757107
0.028998161764705883
0.019775390625
0.027726939970717422
0.01938233137829912
0.02251476377952756
0.031376177658142664
0.010498046875
0.0223388671875
0.015411376953125
0.022327249022164278
0.02698087431693989
0.023966471354166668
0.050364963503649635
0.027598797250859106
0.028786307053941907
0.027303059895833332
0.042255434782608695
0.026717557251908396
0.026611328125
0.0142822265625
0.03664897510980966
0.016398111979166668
0.023182348367029548
0.023763020833333332
0.012898763020833334
0.021199544270833332
0.015472188264058679
0.04410688140556369
0.020395183175033922
0.04993500866551127
0.045001971608832805
0.029968887262079063
0.019857247437774523
0.03288081805359661
0.035502159827213824
0.03369140625
0.026034040995607615
0.026400862068965518
0.04501651982378855
0.0133056640625
0.020406295754026353
0.035394851657940665
0.035625
0.029703776041666668
0.024129231770833332
0.02681185944363104
0.016783159947984395
0.016911764705882352
0.026491581259150805
0.020100911458333332
0.0257568359375
0.021185064935064935
0.044419970631424374
0.02655261075949367
0.0343017578125
0.03217391304347826
0.03902818448023426
0.025634765625
0.023563323572474378
0.027058919270833332
0.029296875
0.026034040995607615
0.03934846266471449
0.02144160583941606
0.0322136563876652
0.03512773722627737
0.015177408854166666
0.015101892285298398
0.019368489583333332
0.0273650956284153
0.025065104166666668
0.03226102941176471
0.014933268229166666
0.02392578125
0.020792643229166668
0.007855191256830601
0.019205729166666668
0.027929155313351498
0.031708211143695014
0.02804721815519766
0.0267333984375
0.026163736979166668
0.02850475841874085
0.0326683748169839
0.022833094555873925
0.0436493411420205
0.02294921875
0.03751181474480151
0.0211181640625
0.03005952380952381
0.019683837890625
0.0228271484375
0.028564453125
0.01171303074670571
0.015148046398046398
0.0111083984375
0.0234375
0.0089111328125
0.026982378854625552
0.020904541015625
0.03738103953147877
0.027332227138643066
0.05226386481802427
0.041178385416666664
0.033812225475841874
0.03173828125
0.017425537109375
0.030433006535947712
0.0234375
0.03648924332344214
0.025187174479166668
0.01989051094890511
0.0367404831625183
0.015909830729166668
0.031134401972872996
0.0142822265625
0.01783393970893971
0.016152716593245228
0.030639250814332247
0.027635431918008786
0.021194083694083696
0.02287701317715959
0.035888671875
0.016654465592972182
0.026048772169167803
0.028971354166666668
0.0255126953125
0.016764322916666668
0.03277101769911504
0.022379557291666668
0.035566546762589926
0.03596266471449488
0.017433133187772926
0.019612630208333332
0.046416788856304986
0.0318359375
0.015373352855051245
0.02409887566137566
0.020524364406779662
0.011678059895833334
0.02918502202643172
0.036927552552552555
0.03587115666178624
0.023193359375
0.027864202049780382
0.022947080291970803
0.04895833333333333
0.02355295566502463
0.039119692532942896
0.036923499267935575
0.017537434895833332
0.033365885416666664
0.048125
0.015664859693877552
0.01829367666232073
0.01922607421875
0.026123046875
0.028605143229166668
0.04012628111273792
0.0205078125
0.02287701317715959
0.0291748046875
0.029134114583333332
0.01521822358346095
0.03939128256513026
0.04392331022530329
0.027886940749697702
0.022989908854166668
0.022760349288486418
0.01894216691068814
0.019439338235294118
0.017395703611457036
0.017921001300390118
0.030433006535947712
0.042905653450807636
0.03000919117647059
0.01177978515625
0.027913411458333332
0.03401141384388807
0.028035481770833332
0.028138726207906296
0.02026195499296765
0.0354014598540146
0.03456858407079646
0.027262369791666668
0.0125732421875
0.036986049926578564
0.026529947916666668
0.024454752604166668
0.024943033854166668
0.02060589519650655
0.02275219298245614
0.016562957540263542
0.01771496815286624
0.03741776315789474
0.045770202020202023
0.0174560546875
0.01123046875
0.026082356770833332
0.05580357142857143
0.029624277456647398
0.022786458333333332
0.012369791666666666
0.03730726872246696
0.028401692708333332
0.029282576866764276
0.0242919921875
0.035505124450951685
0.032901982378854625
0.04070378151260504
0.03181475903614458
0.020914713541666668
0.026949121522694
0.04129955947136564
0.015055338541666666
0.028691275167785236
0.025390625
0.029374084919472913
0.020833333333333332
0.028483072916666668
0.03492107195301028
0.018553351573187413
0.04108455882352941
0.024698893229166668
0.04655519005847953
0.0313720703125
0.0284423828125
0.03938419117647059
0.0152587890625
0.033308931185944364
0.011962890625
0.026798825256975037
0.0159912109375
0.033785029498525077
0.026407877604166668
0.03157027818448024
0.02762481644640235
0.031534830729166664
0.037609809663250365
0.033610026041666664
0.013824462890625
0.040812591508052706
0.029313760806916427
0.03561580882352941
0.028962298682284043
0.020589192708333332
0.05134315424610052
0.03658759124087591
0.032267252604166664
0.011209736456808199
0.031066446402349485
0.03602941176470588
0.022347650513950074
0.016902173913043477
0.029972627737226278
0.024007161458333332
0.01696165191740413
0.018212579617834394
0.025349934895833332
0.029622395833333332
0.029541015625
0.029501748251748252
0.014137994143484626
0.026160179640718564
0.024169921875
0.0155029296875
0.04077467343976778
0.03857064421669107
0.02078764619883041
0.018821603927986905
0.028083700440528634
0.035001830161054175
0.026041666666666668
0.025605726872246697
0.05185287610619469
0.02079895489548955
0.02788532448377581
0.016982758620689656
0.02740666178623719
0.03801336375488918
0.01068115234375
0.01639512595837897
0.028483072916666668
0.0381588579795022
0.031066983894582723
0.03173828125
0.036694729136163985
0.026628843338213762
0.014655429594272077
0.04072108345534407
0.05286343612334802
0.019490559895833332
0.028284671532846715
0.010340409956076135
0.021474358974358974
0.02845900439238653
0.032185872395833336
0.026123046875
0.031005859375
0.02696240105540897
0.03680249632892805
0.01558725845410628
0.029825846354166668
0.027547200520833332
0.021405228758169935
0.017303466796875
0.0299072265625
0.029099560761347
0.03542584434654919
0.01764705882352941
0.02724004424778761
0.020670572916666668
0.03088343108504399
0.027872721354166668
0.03648127753303965
0.04373504784688995
0.03079245973645681
0.024088541666666668
0.02152165932452276
0.027587890625
0.03323143115942029
0.022770100502512564
0.03316848567530696
0.028825036603221083
0.027543923865300145
0.030974264705882354
0.01239013671875
0.04302602639296188
0.017578125
0.01773927392739274
0.022275874635568512
0.016886393229166668
0.021575453367875648
0.020589192708333332
0.03838788300835655
0.04648609077598829
0.029378255208333332
0.0274658203125
0.023563323572474378
0.02269295302013423
0.013588945827232796
0.027180989583333332
0.028483072916666668
0.04219020797227036
0.0233154296875
0.022100601604278076
0.034016927083333336
0.01628843338213763
0.039984809027777776
0.018850658857979503
0.014564896755162243
0.025183823529411765
0.0323486328125
0.046463815789473686
0.039714494875549046
0.04143620943952803
0.02001953125
0.012493768693918245
0.019719985358711566
0.023014275256222547
0.026034040995607615
0.044279661016949155
0.016153971354166668
0.021419701986754965
0.022176106770833332
0.013530927835051547
0.008511513157894737
0.01509882869692533
0.013092041015625
0.020467122395833332
0.019612630208333332
0.022472366710013004
0.0225830078125
0.037015007320644215
0.032796223958333336
0.021076474201474203
0.033732096354166664
0.00927734375
0.0264892578125
0.040289256198347105
0.033485401459854014
0.013634699853587116
0.04496368501529052
0.022026431718061675
0.023681640625
0.039851756954612
0.033558481532147744
0.020223279648609076
0.01025390625
0.018950228832951947
0.01226806640625
0.024576822916666668
0.016597985347985348
0.03968978102189781
0.023117690058479533
0.01977790014684288
0.023288799414348464
0.0277099609375
0.025958029197080294
0.0308837890625
0.016642252604166668
0.025705645161290324
0.033345481049562684
0.029157366071428572
0.03207599118942731
0.022705078125
0.02793103448275862
0.03023598820058997
0.022216796875
0.025065104166666668
0.01729502196193265
0.018513997395833332
0.03486986803519061
0.02490234375
0.007727765726681128
0.03388364779874214
0.014476102941176471
0.025879430719656284
0.038627199413489736
0.030965169270833332
0.04139539930555555
0.04791666666666667
0.025863742236024844
0.021076642335766425
0.03143301610541727
0.014891229281767955
0.020269033674963396
0.043146046852122984
0.03330399061032864
0.022190702781844804
0.038113103953147875
0.028523763020833332
0.031290690104166664
0.01977790014684288
0.02626281112737921
0.01624267935578331
0.016789845758354755
0.017020497803806735
0.014310024752475248
0.019445461200585653
0.027547200520833332
0.036580403645833336
0.033854166666666664
0.024412628487518354
0.019608601485148515
0.026719798657718122
0.03646595900439239
0.013379204892966361
0.038906695156695155
0.0416259765625
0.03377016129032258
0.034594941348973604
0.015439233817701454
0.030476888020833332
0.0172119140625
0.017049153645833332
0.0240478515625
0.04874595469255663
0.032552083333333336
0.030517935578330893
0.020833333333333332
0.01708801498127341
0.022786458333333332
0.03395741556534508
0.0240478515625
0.019816080729166668
0.026611328125
0.039998372395833336
0.015869140625
0.004965947786606129
0.018229166666666668
0.02171682626538988
0.021504392386530014
0.0493484555984556
0.035058737151248166
0.0352783203125
0.02244582043343653
0.03468610698365528
0.013566616766467065
0.032633463541666664
0.026414233576642337
0.017728031145717464
0.016510009765625
0.023905109489051096
0.028035481770833332
0.013509277833500501
0.035481770833333336
0.028767903645833332
0.03553832116788321
0.02964860907759883
0.018351236979166668
0.024983723958333332
0.042081489675516226
0.02452415812591508
0.020751953125
0.031168619791666668
0.03261861313868613
0.03097466960352423
0.021687825520833332
0.0299072265625
0.0205078125
0.024820963541666668
0.01611328125
0.040708612040133776
0.03490199704142012
0.02969436310395315
0.022501627604166668
0.024296675191815855
0.02191162109375
0.03518484626647145
0.018758138020833332
0.0279541015625
0.03189655172413793
0.03258076358296623
0.027326642335766423
0.02490234375
0.02567427385892116
0.03134191176470588
0.03683199121522694
0.025605726872246697
0.03884548611111111
0.028972303206997084
0.017049153645833332
0.020711263020833332
0.01416015625
0.02294921875
0.009969075520833334
0.03895399305555555
0.03501838235294118
0.015236090775988287
0.028729838709677418
0.019782529239766082
0.04501936316695353
0.031331380208333336
0.02784385813148789
0.026141304347826088
0.026537335285505125
0.009759852216748768
0.030838213762811127
0.020589192708333332
0.029703776041666668
0.016105417276720352
0.016120689655172413
0.036382536382536385
0.02113836017569546
0.03827092511013216
0.029648545706371193
0.019903001464128843
0.0291748046875
0.030802408854166668
0.024698893229166668
0.025634765625
0.023722330729166668
0.022544642857142857
0.02710027100271003
0.027872721354166668
0.037353515625
0.031066446402349485
0.04233204845814978
0.023488562091503268
0.041407393850658857
0.02721774193548387
0.01318359375
0.046820746527777776
0.026652018229166668
0.021405228758169935
0.021251619170984455
0.03386180351906158
0.027262369791666668
0.02510809748427673
0.030883967789165447
0.011765438247011952
0.022026431718061675
0.01287841796875
0.026313642297650132
0.026805351906158358
0.02777061855670103
0.02955710102489019
0.0427007299270073
0.026448567708333332
0.020263671875
0.0380859375
0.023181520314547836
0.027257709251101322
0.04006410256410257
0.039211200585651536
0.009368896484375
0.0220947265625
0.040921532846715326
0.026936848958333332
0.028275988286969252
0.024698893229166668
0.011474609375
0.024024354460093898
0.018229166666666668
0.027074155653450806
0.030609443631039533
0.02612554904831625
0.02452415812591508
0.027744630071599045
0.030425219941348974
0.0184326171875
0.027527573529411764
0.028088343108504398
0.020833333333333332
0.03000919117647059
0.019571940104166668
0.043850806451612906
0.03442460317460318
0.023640950520833332
0.034871419270833336
0.028605143229166668
0.020670572916666668
0.05606930272108843
0.04598279648609078
0.0283203125
0.010935212298682283
0.02385110294117647
0.021772875816993463
0.018713396778916546
0.020131401617250674
0.026976102941176472
0.02264359351988218
0.0255126953125
0.0255126953125
0.027994791666666668
0.012621866295264624
0.028193430656934308
0.03756405563689605
0.0373442082111437
0.01318359375
0.020345052083333332
0.0194091796875
0.03454428989751098
0.0286865234375
0.02973345588235294
0.02655109489051095
0.017870234604105573
0.04009789156626506
0.0230712890625
0.016560872395833332
0.016682942708333332
0.039591471354166664
0.020019359380499823
0.0264892578125
0.01953125
0.028645833333333332
0.01923372235872236
0.01846895074946467
0.04369509516837482
0.025846541786743515
0.01531982421875
0.023111979166666668
0.023494860499265784
0.026347068145800318
0.03277101769911504
0.036092122395833336
0.01789647577092511
0.01739804964539007
0.0211181640625
0.015415140415140416
0.03216776798825257
0.041377816291161176
0.039085088806278395
0.030793795620437957
0.01873779296875
0.032714128843338214
0.026529947916666668
0.04128689236111111
0.010049019607843138
0.046028550512445095
0.011889862327909888
0.02734375
0.02437683284457478
0.01677389705882353
0.0235595703125
0.028658725247524754
0.021524705014749262
0.037760416666666664
0.01928256611165524
0.028856981981981982
0.029012044270833332
0.022664388020833332
0.01837384259259259
0.019327799479166668
0.01802297165200391
0.028722426470588234
0.03779498525073746
0.023234049479166668
0.0277099609375
0.033720717423133234
0.025225903614457833
0.0333941605839416
0.01521139705882353
0.0272216796875
0.026285807291666668
0.03005514705882353
0.014886811023622047
0.0345458984375
0.022867838541666668
0.0203857421875
0.025270501138952163
0.03444656488549618
0.030148678414096915
0.043924825174825176
0.027791341145833332
0.031066983894582723
0.020260989010989012
0.033915876777251185
0.025926945668135096
0.03739904552129222
0.03763686131386861
0.014567057291666666
0.024617513020833332
0.026326497395833332
0.029236822840409956
0.03917011019283746
0.011546005706134094
0.0189208984375
0.012939453125
0.043372050147492625
0.02734375
0.019994509516837483
0.02762481644640235
0.030870225694444444
0.02377915451895044
0.03598345588235294
0.018804904831625183
0.017634680134680135
0.033217423133235724
0.031021062271062272
0.044606443719412726
0.029831625183016106
0.032805636896046854
0.018636067708333332
0.021624087591240876
0.020548502604166668
0.022745768229166668
0.026442307692307692
0.033773861967694566
0.03819444444444445
0.032796223958333336
0.013634699853587116
0.02881433823529412
0.0078125
0.02585102489019034
0.027018229166666668
0.012858072916666666
0.022705078125
0.025919596354166668
0.018025716145833332
0.03783857979502196
0.019794721407624633
0.030791788856304986
0.03257881231671554
0.025894261006289308
0.0399822695035461
0.017781575520833332
0.016876220703125
0.05224609375
0.025548398328690807
0.020673076923076922
0.02008056640625
0.030456629055007053
0.02977941176470588
0.02417279411764706
0.02941446402349486
0.0407349706744868
0.018156934306569342
0.0091552734375
0.010814249363867684
0.017518248175182483
0.019055944055944057
0.01884259259259259
0.035074869791666664
0.04423543689320388
0.025838216145833332
0.01950065274151436
0.041804941002949854
0.04014530551415797
0.035163043478260866
0.026652018229166668
0.015404929577464789
0.04625216637781629
0.020822437238493724
0.023060029282576867
0.03426976573938507
0.0218505859375
0.03386180351906158
0.02804014167650531
0.026537335285505125
0.02182467057101025
0.011960730088495575
0.036417643229166664
0.046223958333333336
0.022510980966325037
0.030965169270833332
0.03857064421669107
0.025390625
0.026583089311859445
0.02397510980966325
0.01727673147023086
0.023885091145833332
0.019805908203125
0.050141550522648085
0.025056670984455957
0.029478561046511628
0.039119692532942896
0.029968887262079063
0.01663306451612903
0.026700367647058822
0.020426432291666668
0.03648477157360406
0.02800146412884334
0.040217789165446556
0.0343612737920937
0.031575520833333336
0.018593519882179676
0.026413125948406675
0.025838216145833332
0.039302708638360176
0.027738264580369845
0.025431315104166668
0.03504758418740849
0.032470703125
0.026123046875
0.03886070110701107
0.03239385065885798
0.0166015625
0.016954377311960544
0.013346354166666666
0.022705078125
0.03010614934114202
0.019181350954478708
0.018880208333333332
0.027223645680819912
0.028994845360824743
0.014943677325581396
0.024943033854166668
0.022510980966325037
0.013608870967741936
0.019927536231884056
0.0364990234375
0.021589259796806967
0.0106201171875
0.03167749658002736
0.026949121522694
0.034220377604166664
0.03325923392612859
0.016989895697522815
0.017903645833333332
0.02877565982404692
0.0205078125
0.028605143229166668
0.03892045454545454
0.030334919472913616
0.02068081991215227
0.028825036603221083
0.022379557291666668
0.0381588579795022
0.025349934895833332
0.03376279239766082
0.0274658203125
0.028361002604166668
0.012664794921875
0.03230189340813464
0.01580810546875
0.023030598958333332
0.04323377581120944
0.024861653645833332
0.018804904831625183
0.012054443359375
0.0240478515625
0.03759191176470588
0.013314421669106881
0.0118408203125
0.029134114583333332
0.034016927083333336
0.024844436310395315
0.042755891016200295
0.025919596354166668
0.02333455344070278
0.028825036603221083
0.032267252604166664
0.035237630208333336
0.04239617263843648
0.038093065693430656
0.03718065693430657
0.01962847730600293
0.0426234835355286
0.04305453879941435
0.025762764632627645
0.025349934895833332
0.03511029411764706
0.011026720351390922
0.0256797583081571
0.024943033854166668
0.019856770833333332
0.0230712890625
0.024203879941434848
0.02626014884979702
0.040237831858407076
0.04139539930555555
0.036015395894428155
0.023060029282576867
0.01011119257086999
0.03308284457478006
0.022244236311239195
0.020909590043923867
0.019574175824175824
0.020711263020833332
0.031901041666666664
0.021565755208333332
0.02410190615835777
0.026171303074670572
0.02630856515373353
0.03289714494875549
0.021687825520833332
0.01039431330472103
0.028359030837004404
0.028238932291666668
0.021550146412884334
0.023844401041666668
0.033610026041666664
0.023197291361639824
0.04152900146842878
0.011638563049853373
0.030975475841874087
0.0194672131147541
0.032389322916666664
0.020467122395833332
0.021687825520833332
0.03294538123167155
0.01551812585499316
0.0339372399445215
0.023966471354166668
0.03902818448023426
0.01844645080946451
0.03125
0.024251302083333332
0.013094635627530365
0.023700585651537334
0.032216947960618844
0.028825036603221083
0.015395220588235295
0.0449438202247191
0.020543557833089313
0.026217057101024892
0.02294921875
0.032807779456193356
0.0245361328125
0.028035481770833332
0.031112737920937043
0.030196114369501467
0.0169677734375
0.021092606149341143
0.020260989010989012
0.022135416666666668
0.025484992679355785
0.046579330422125184
0.026529947916666668
0.0133056640625
0.02833029197080292
0.0296630859375
0.0224609375
0.04012628111273792
0.022298177083333332
0.027309384164222874
0.01551681503461919
0.0233803074670571
0.019353953147877013
0.023600260416666668
0.02900805270863836
0.026143790849673203
0.024617513020833332
0.041666666666666664
0.013771961932650073
0.025675455729166668
0.021429882525697504
0.0234375
0.014238609112709832
0.026896158854166668
0.032755533854166664
0.024203879941434848
0.03621364653243848
Inference time: Process: 39217.390045504  Perf ctr: 27204.764469221234
