load model path: seg_Openimage/point6_lambda16_5999.pth

Evaluation of proposed methods for: X101
Settings ID: 6
VTM paramerters      : {'QP': 1, 'threads': 50}
Feature dump subsample ratio: 9
Loading pick6 ...
pick6 Loaded
811154b81acbb71d {'bpp': 0.026424963924963924, 'decoding_time': 6.073837041854858, 'precise_bpp': 0.026560245310245312, 'conv_part2_time': 6.896231174468994}
7600d44096c169eb {'bpp': 0.18173856932153393, 'decoding_time': 6.046152114868164, 'precise_bpp': 0.18187684365781712, 'conv_part2_time': 6.5488646030426025}
905d0a82d4ead157 {'bpp': 0.14568081991215226, 'decoding_time': 5.906164169311523, 'precise_bpp': 0.14581808199121524, 'conv_part2_time': 6.441678762435913}
e74990a1ca28e590 {'bpp': 0.16056315104166666, 'decoding_time': 5.1480371952056885, 'precise_bpp': 0.16068522135416666, 'conv_part2_time': 5.754893064498901}
e653bcd0d994c49c {'bpp': 0.166015625, 'decoding_time': 5.129605770111084, 'precise_bpp': 0.1661376953125, 'conv_part2_time': 5.772299766540527}
2da5978fbaeaeb27 {'bpp': 0.12821451822916666, 'decoding_time': 5.1204047203063965, 'precise_bpp': 0.12833658854166666, 'conv_part2_time': 5.727976560592651}
14e47962c09f20ef {'bpp': 0.1766357421875, 'decoding_time': 5.146548509597778, 'precise_bpp': 0.1767578125, 'conv_part2_time': 5.787938117980957}
08f564cead06cd33 {'bpp': 0.17635233918128654, 'decoding_time': 5.683975696563721, 'precise_bpp': 0.17648940058479531, 'conv_part2_time': 6.379372596740723}
98193c593546efc3 {'bpp': 0.14034016927083334, 'decoding_time': 5.093536615371704, 'precise_bpp': 0.14046223958333334, 'conv_part2_time': 5.804081678390503}
a9e9ac505c51abef {'bpp': 0.0836181640625, 'decoding_time': 4.683304786682129, 'precise_bpp': 0.083709716796875, 'conv_part2_time': 5.165537357330322}
fe38d52f824108dc {'bpp': 0.19278492647058823, 'decoding_time': 5.668545961380005, 'precise_bpp': 0.19292279411764707, 'conv_part2_time': 6.369142532348633}
11cccfa1a061d70f {'bpp': 0.1763669188445667, 'decoding_time': 5.099029302597046, 'precise_bpp': 0.1764958734525447, 'conv_part2_time': 5.85205340385437}
26c842753032f912 {'bpp': 0.1347913616398243, 'decoding_time': 5.746694087982178, 'precise_bpp': 0.13492862371888725, 'conv_part2_time': 6.437893629074097}
e31449d499ef091b {'bpp': 0.17949304538799415, 'decoding_time': 5.814101457595825, 'precise_bpp': 0.1796303074670571, 'conv_part2_time': 6.504440546035767}
c1eefc708000b69f {'bpp': 0.137451171875, 'decoding_time': 5.188054084777832, 'precise_bpp': 0.1375732421875, 'conv_part2_time': 5.899297714233398}
35eb0cbe35015800 {'bpp': 0.16727701822916666, 'decoding_time': 5.154707193374634, 'precise_bpp': 0.16739908854166666, 'conv_part2_time': 5.932336807250977}
a97af4a11bd3a69b {'bpp': 0.23340992647058822, 'decoding_time': 5.743295431137085, 'precise_bpp': 0.23354779411764706, 'conv_part2_time': 6.455670595169067}
356abab05ee349a7 {'bpp': 0.17430467762326168, 'decoding_time': 5.158186197280884, 'precise_bpp': 0.174423198482933, 'conv_part2_time': 5.955478668212891}
bc347b9d1c3e8f85 {'bpp': 0.172678046989721, 'decoding_time': 5.712849855422974, 'precise_bpp': 0.17281571218795888, 'conv_part2_time': 6.433223009109497}
f702b9a03693ca70 {'bpp': 0.14851888020833334, 'decoding_time': 5.135403871536255, 'precise_bpp': 0.14864095052083334, 'conv_part2_time': 5.782631874084473}
a6076d1eda69f0f1 {'bpp': 0.20191251830161056, 'decoding_time': 5.7270591259002686, 'precise_bpp': 0.2020497803806735, 'conv_part2_time': 6.506463289260864}
589c84743f6e5c8e {'bpp': 0.20340073529411765, 'decoding_time': 5.782488822937012, 'precise_bpp': 0.20353860294117648, 'conv_part2_time': 6.50871729850769}
7e197496d43073de {'bpp': 0.17006771595900438, 'decoding_time': 5.686635971069336, 'precise_bpp': 0.17020497803806736, 'conv_part2_time': 6.400876998901367}
d7ef7093542a84db {'bpp': 0.1610107421875, 'decoding_time': 5.146516799926758, 'precise_bpp': 0.1611328125, 'conv_part2_time': 5.753705263137817}
1f3915bdd8737cd8 {'bpp': 0.15606698389458273, 'decoding_time': 5.74247145652771, 'precise_bpp': 0.15620424597364568, 'conv_part2_time': 6.434437036514282}
2c14a31c745afb64 {'bpp': 0.14135599415204678, 'decoding_time': 5.720692873001099, 'precise_bpp': 0.14149305555555555, 'conv_part2_time': 6.4370527267456055}
1a4c4fabc6eed167 {'bpp': 0.15511067708333334, 'decoding_time': 5.1492578983306885, 'precise_bpp': 0.15523274739583334, 'conv_part2_time': 5.770583152770996}
27b6e610e2ebd15a {'bpp': 0.19124634502923976, 'decoding_time': 5.741822242736816, 'precise_bpp': 0.19138340643274854, 'conv_part2_time': 6.476362705230713}
53082ecce31b23bc {'bpp': 0.1600341796875, 'decoding_time': 5.11655592918396, 'precise_bpp': 0.16015625, 'conv_part2_time': 5.789887428283691}
ea6e2bcdc35a140d {'bpp': 0.16178487460815047, 'decoding_time': 6.3135085105896, 'precise_bpp': 0.16193181818181818, 'conv_part2_time': 7.082296133041382}
c1e01f1afa39a498 {'bpp': 0.1627197265625, 'decoding_time': 5.138209581375122, 'precise_bpp': 0.162841796875, 'conv_part2_time': 5.752359867095947}
77417de4dd2f42b0 {'bpp': 0.08693384982121573, 'decoding_time': 4.51245903968811, 'precise_bpp': 0.08704558998808105, 'conv_part2_time': 5.015834808349609}
60bf65604fff0c29 {'bpp': 0.2081623134328358, 'decoding_time': 5.7346391677856445, 'precise_bpp': 0.20830223880597015, 'conv_part2_time': 6.4372124671936035}
36d2f7a33a9562e1 {'bpp': 0.059933181225554105, 'decoding_time': 5.1457154750823975, 'precise_bpp': 0.06005541069100391, 'conv_part2_time': 5.755493640899658}
69f3f3889793e68e {'bpp': 0.07861347949654893, 'decoding_time': 4.59028959274292, 'precise_bpp': 0.07876573284612262, 'conv_part2_time': 5.081148386001587}
66f89c2bfbadf8bf {'bpp': 0.12972005208333334, 'decoding_time': 5.164361000061035, 'precise_bpp': 0.12984212239583334, 'conv_part2_time': 5.776943922042847}
9ebb007efd52d095 {'bpp': 0.14058430989583334, 'decoding_time': 5.155832052230835, 'precise_bpp': 0.14070638020833334, 'conv_part2_time': 5.793212175369263}
8df7721844b34528 {'bpp': 0.15698529411764706, 'decoding_time': 5.22147536277771, 'precise_bpp': 0.1571078431372549, 'conv_part2_time': 5.870834112167358}
68dd8865ab4c3574 {'bpp': 0.11648671096345516, 'decoding_time': 4.610680103302002, 'precise_bpp': 0.11659053156146179, 'conv_part2_time': 5.0977699756622314}
106172bf41099725 {'bpp': 0.08121744791666667, 'decoding_time': 5.12842321395874, 'precise_bpp': 0.08133951822916667, 'conv_part2_time': 5.831785440444946}
f7fb45fc9f5e71b9 {'bpp': 0.16768391927083334, 'decoding_time': 5.139427423477173, 'precise_bpp': 0.16780598958333334, 'conv_part2_time': 5.790141582489014}
a5766e3ff1f5ea4a {'bpp': 0.18091142020497805, 'decoding_time': 5.734295129776001, 'precise_bpp': 0.181048682284041, 'conv_part2_time': 6.4577085971832275}
5f98a6a9fcb28e04 {'bpp': 0.19114238410596027, 'decoding_time': 5.122080564498901, 'precise_bpp': 0.19126655629139072, 'conv_part2_time': 5.805092811584473}
4c84d844c2688bd8 {'bpp': 0.17028443113772454, 'decoding_time': 5.703460931777954, 'precise_bpp': 0.17042477544910178, 'conv_part2_time': 6.426732540130615}
f4d0107d198425e5 {'bpp': 0.16939338235294119, 'decoding_time': 5.737498998641968, 'precise_bpp': 0.16953125, 'conv_part2_time': 6.50624418258667}
44dba1c853605435 {'bpp': 0.17564338235294116, 'decoding_time': 5.667481422424316, 'precise_bpp': 0.17578125, 'conv_part2_time': 6.3563292026519775}
579c6faafbaa925c {'bpp': 0.2022705078125, 'decoding_time': 5.130053758621216, 'precise_bpp': 0.202392578125, 'conv_part2_time': 5.743896245956421}
97e5020e168d19c3 {'bpp': 0.07425595238095238, 'decoding_time': 4.620768070220947, 'precise_bpp': 0.07436755952380952, 'conv_part2_time': 5.10892128944397}
800ee74da18e4ed4 {'bpp': 0.13594563802083334, 'decoding_time': 5.140878438949585, 'precise_bpp': 0.13606770833333334, 'conv_part2_time': 5.856288909912109}
6e64f997d2d451ee {'bpp': 0.13530172413793104, 'decoding_time': 5.123936414718628, 'precise_bpp': 0.13543103448275862, 'conv_part2_time': 5.763749122619629}
cb5edca45155e5ba {'bpp': 0.0955810546875, 'decoding_time': 4.575603485107422, 'precise_bpp': 0.095672607421875, 'conv_part2_time': 5.071656703948975}
504285b6a2f0cdbc {'bpp': 0.1771240234375, 'decoding_time': 5.183020353317261, 'precise_bpp': 0.17724609375, 'conv_part2_time': 5.8002636432647705}
8b17a8c79a847ff2 {'bpp': 0.09757486979166667, 'decoding_time': 5.175086259841919, 'precise_bpp': 0.09769694010416667, 'conv_part2_time': 5.790154695510864}
d14a153a8ea8ea5c {'bpp': 0.19169108072916666, 'decoding_time': 5.177678108215332, 'precise_bpp': 0.19181315104166666, 'conv_part2_time': 5.814842462539673}
c86d87cdee705617 {'bpp': 0.14096916299559473, 'decoding_time': 5.719655513763428, 'precise_bpp': 0.1411068281938326, 'conv_part2_time': 6.465353727340698}
2530c0af68019228 {'bpp': 0.15292008196721313, 'decoding_time': 5.133119583129883, 'precise_bpp': 0.15304815573770492, 'conv_part2_time': 5.759602069854736}
7f9b7127d1a88a82 {'bpp': 0.1605224609375, 'decoding_time': 5.117797136306763, 'precise_bpp': 0.16064453125, 'conv_part2_time': 5.804553747177124}
01dda8e0ceb32219 {'bpp': 0.14485677083333334, 'decoding_time': 5.130319118499756, 'precise_bpp': 0.14497884114583334, 'conv_part2_time': 5.75474214553833}
a963575061e45a3f {'bpp': 0.21879575402635432, 'decoding_time': 5.706928253173828, 'precise_bpp': 0.21893301610541727, 'conv_part2_time': 6.396738290786743}
5d1a398730483a9e {'bpp': 0.22611490885416666, 'decoding_time': 5.132043361663818, 'precise_bpp': 0.22623697916666666, 'conv_part2_time': 5.775788307189941}
d590148c47d27cda {'bpp': 0.1159134007585335, 'decoding_time': 5.140573501586914, 'precise_bpp': 0.1160319216182048, 'conv_part2_time': 5.866113185882568}
8408ace13f460a61 {'bpp': 0.22792767988252569, 'decoding_time': 5.677264451980591, 'precise_bpp': 0.2280653450807636, 'conv_part2_time': 6.39659309387207}
61366027eb85c0e9 {'bpp': 0.20929811866859624, 'decoding_time': 5.766442775726318, 'precise_bpp': 0.20943379160636758, 'conv_part2_time': 6.493523359298706}
507818300a98ad6b {'bpp': 0.083343505859375, 'decoding_time': 4.572671413421631, 'precise_bpp': 0.08343505859375, 'conv_part2_time': 5.084544658660889}
616d44cb1c7fc31a {'bpp': 0.09613037109375, 'decoding_time': 4.607992649078369, 'precise_bpp': 0.096221923828125, 'conv_part2_time': 5.0886993408203125}
4326d686f74f768e {'bpp': 0.135986328125, 'decoding_time': 5.105211019515991, 'precise_bpp': 0.1361083984375, 'conv_part2_time': 5.72245454788208}
dbd6c3d6a7b3ef28 {'bpp': 0.14815266927083334, 'decoding_time': 5.098042249679565, 'precise_bpp': 0.14827473958333334, 'conv_part2_time': 5.736751556396484}
300deb052677b547 {'bpp': 0.16605757756563247, 'decoding_time': 4.535710096359253, 'precise_bpp': 0.16616945107398567, 'conv_part2_time': 5.054413557052612}
627ae5929f890dd9 {'bpp': 0.2673828125, 'decoding_time': 6.265000581741333, 'precise_bpp': 0.267578125, 'conv_part2_time': 7.008856296539307}
f39d3460c2c7098b {'bpp': 0.1222873263888889, 'decoding_time': 4.589406967163086, 'precise_bpp': 0.12245008680555555, 'conv_part2_time': 5.099076271057129}
82ce67eff0dad8f0 {'bpp': 0.17232259114583334, 'decoding_time': 5.202527046203613, 'precise_bpp': 0.17244466145833334, 'conv_part2_time': 5.84580397605896}
6172064bbb38cafb {'bpp': 0.1820068359375, 'decoding_time': 5.129823446273804, 'precise_bpp': 0.18212890625, 'conv_part2_time': 5.747937202453613}
97b34e4a6b934a2b {'bpp': 0.15958658854166666, 'decoding_time': 5.151345252990723, 'precise_bpp': 0.15970865885416666, 'conv_part2_time': 5.85953164100647}
d7498d66f6ad62b1 {'bpp': 0.19747437774524157, 'decoding_time': 5.684601068496704, 'precise_bpp': 0.19761163982430455, 'conv_part2_time': 6.434674024581909}
ecab71d224ae3730 {'bpp': 0.21120058565153735, 'decoding_time': 5.709077835083008, 'precise_bpp': 0.2113378477306003, 'conv_part2_time': 6.46478796005249}
d46add3ea59fdbc1 {'bpp': 0.11710164835164835, 'decoding_time': 4.551194667816162, 'precise_bpp': 0.11721611721611722, 'conv_part2_time': 5.038416862487793}
04a27da7e880ddcd {'bpp': 0.1396484375, 'decoding_time': 5.171774864196777, 'precise_bpp': 0.1397705078125, 'conv_part2_time': 5.798278331756592}
9ce04ee0006a3a45 {'bpp': 0.21824942791762014, 'decoding_time': 6.3092381954193115, 'precise_bpp': 0.21846395881006864, 'conv_part2_time': 7.0194573402404785}
a6851dcbf2eb75f1 {'bpp': 0.17403157552083334, 'decoding_time': 5.119336128234863, 'precise_bpp': 0.17415364583333334, 'conv_part2_time': 5.75508451461792}
eeb18eb189719350 {'bpp': 0.16012931034482758, 'decoding_time': 6.290468215942383, 'precise_bpp': 0.16029094827586207, 'conv_part2_time': 7.052551031112671}
5c0bd2aa437872b2 {'bpp': 0.1558837890625, 'decoding_time': 5.217304944992065, 'precise_bpp': 0.156005859375, 'conv_part2_time': 5.821730852127075}
809a9c3af507dbfc {'bpp': 0.12582116788321168, 'decoding_time': 5.728858947753906, 'precise_bpp': 0.1259580291970803, 'conv_part2_time': 6.416916608810425}
3d8581e9881e85d2 {'bpp': 0.15373352855051245, 'decoding_time': 5.735229969024658, 'precise_bpp': 0.1538707906295754, 'conv_part2_time': 6.43778920173645}
93ce98320f2cb05e {'bpp': 0.158203125, 'decoding_time': 5.1946632862091064, 'precise_bpp': 0.1583251953125, 'conv_part2_time': 5.810360431671143}
d27b925e9cdbcb0b {'bpp': 0.1657443576388889, 'decoding_time': 6.302350759506226, 'precise_bpp': 0.16590711805555555, 'conv_part2_time': 7.072643280029297}
6734c320b449681f {'bpp': 0.16659040995607613, 'decoding_time': 5.707022428512573, 'precise_bpp': 0.16672767203513908, 'conv_part2_time': 6.450157165527344}
acea112930a3195b {'bpp': 0.16567532942898974, 'decoding_time': 5.7349371910095215, 'precise_bpp': 0.16581259150805272, 'conv_part2_time': 6.4300737380981445}
597dbb8cccfd1b7b {'bpp': 0.15584309895833334, 'decoding_time': 5.133476257324219, 'precise_bpp': 0.15596516927083334, 'conv_part2_time': 5.752573251724243}
6c6c11b90a76c115 {'bpp': 0.09977213541666667, 'decoding_time': 5.174344539642334, 'precise_bpp': 0.09989420572916667, 'conv_part2_time': 5.884233474731445}
62b3dde77fdaf0dc {'bpp': 0.16280110677083334, 'decoding_time': 5.132708311080933, 'precise_bpp': 0.16292317708333334, 'conv_part2_time': 5.763545036315918}
3e7fbf654acfa213 {'bpp': 0.12417642752562226, 'decoding_time': 5.719251394271851, 'precise_bpp': 0.12431368960468521, 'conv_part2_time': 6.410434246063232}
2c0e54cb2dcad01d {'bpp': 0.13831442166910687, 'decoding_time': 5.7125067710876465, 'precise_bpp': 0.13845168374816985, 'conv_part2_time': 6.429877519607544}
988323cb8718bd18 {'bpp': 0.1502685546875, 'decoding_time': 5.137187480926514, 'precise_bpp': 0.150390625, 'conv_part2_time': 5.777151346206665}
dc75142906a58d1e {'bpp': 0.1576683748169839, 'decoding_time': 5.70481276512146, 'precise_bpp': 0.15780563689604685, 'conv_part2_time': 6.414596796035767}
eb86d7c511ddeb02 {'bpp': 0.15063868613138687, 'decoding_time': 5.666076898574829, 'precise_bpp': 0.15077554744525548, 'conv_part2_time': 6.357603549957275}
a0805ac4c8992d3b {'bpp': 0.1903825036603221, 'decoding_time': 5.716729402542114, 'precise_bpp': 0.19051976573938506, 'conv_part2_time': 6.500046968460083}
23e76f8294863078 {'bpp': 0.15433756510416666, 'decoding_time': 5.161361217498779, 'precise_bpp': 0.15445963541666666, 'conv_part2_time': 5.779831409454346}
c9553bbcd6a79660 {'bpp': 0.07187957540263543, 'decoding_time': 5.730733394622803, 'precise_bpp': 0.07201683748169839, 'conv_part2_time': 6.415603160858154}
be44e078c50f9a68 {'bpp': 0.05570382323733863, 'decoding_time': 4.577490329742432, 'precise_bpp': 0.05579692154915591, 'conv_part2_time': 5.0584142208099365}
4fa64ef44dee440f {'bpp': 0.16526354319180087, 'decoding_time': 5.703418016433716, 'precise_bpp': 0.16540080527086384, 'conv_part2_time': 6.407684087753296}
34aebaebe39bfaf0 {'bpp': 0.0821533203125, 'decoding_time': 4.572645902633667, 'precise_bpp': 0.082244873046875, 'conv_part2_time': 5.053981304168701}
2ff8991f4bcf7079 {'bpp': 0.18695014662756598, 'decoding_time': 5.738033294677734, 'precise_bpp': 0.18708760997067447, 'conv_part2_time': 6.451028108596802}
b5df52a953f07a76 {'bpp': 0.14961751302083334, 'decoding_time': 5.114153861999512, 'precise_bpp': 0.14973958333333334, 'conv_part2_time': 5.7359583377838135}
8157a28a69989c71 {'bpp': 0.12357584635416667, 'decoding_time': 5.135782718658447, 'precise_bpp': 0.12369791666666667, 'conv_part2_time': 5.784032821655273}
b7dbc0cdf52d5bdc {'bpp': 0.15510614934114203, 'decoding_time': 5.732149362564087, 'precise_bpp': 0.15524341142020498, 'conv_part2_time': 6.4494948387146}
66274ea8b6c92eb4 {'bpp': 0.19929245283018868, 'decoding_time': 6.329061508178711, 'precise_bpp': 0.19943985849056603, 'conv_part2_time': 7.11585545539856}
b46e47f8bc4712b8 {'bpp': 0.096435546875, 'decoding_time': 5.145291805267334, 'precise_bpp': 0.0965576171875, 'conv_part2_time': 5.844562768936157}
0ffdcf14a5a31e38 {'bpp': 0.1016196925329429, 'decoding_time': 5.713007926940918, 'precise_bpp': 0.10175695461200586, 'conv_part2_time': 6.4119837284088135}
482050dbf0188b88 {'bpp': 0.12294106881405564, 'decoding_time': 5.734337329864502, 'precise_bpp': 0.12307833089311859, 'conv_part2_time': 6.4296674728393555}
fd4e1247ad0aec8d {'bpp': 0.12225475841874085, 'decoding_time': 5.689272403717041, 'precise_bpp': 0.1223920204978038, 'conv_part2_time': 6.408667325973511}
d44801d0b7da712e {'bpp': 0.11034038901601831, 'decoding_time': 4.616551399230957, 'precise_bpp': 0.11044765446224256, 'conv_part2_time': 5.116568088531494}
6c20acc13987c450 {'bpp': 0.16194661458333334, 'decoding_time': 6.321769952774048, 'precise_bpp': 0.162109375, 'conv_part2_time': 7.082538366317749}
ad11986bbc603a66 {'bpp': 0.08197283150548355, 'decoding_time': 4.566690921783447, 'precise_bpp': 0.08206630109670987, 'conv_part2_time': 5.047917127609253}
cc94d1513871c552 {'bpp': 0.16036786237188871, 'decoding_time': 5.687429904937744, 'precise_bpp': 0.1605051244509517, 'conv_part2_time': 6.380926132202148}
978904f19ea60941 {'bpp': 0.1300018355359765, 'decoding_time': 5.6983420848846436, 'precise_bpp': 0.1301395007342144, 'conv_part2_time': 6.389148235321045}
a3c49b812fc68cb5 {'bpp': 0.2023243045387994, 'decoding_time': 5.7402942180633545, 'precise_bpp': 0.20246156661786238, 'conv_part2_time': 6.461834907531738}
5a744fff7ae49c3d {'bpp': 0.24671052631578946, 'decoding_time': 6.356987714767456, 'precise_bpp': 0.2469003036437247, 'conv_part2_time': 7.0895397663116455}
b819103d6933da36 {'bpp': 0.1142578125, 'decoding_time': 5.164606332778931, 'precise_bpp': 0.1143798828125, 'conv_part2_time': 5.872338056564331}
eb82596043049e92 {'bpp': 0.19471507352941175, 'decoding_time': 5.713035821914673, 'precise_bpp': 0.1948529411764706, 'conv_part2_time': 6.425740480422974}
c86df043fd775a63 {'bpp': 0.1590867496339678, 'decoding_time': 5.73808479309082, 'precise_bpp': 0.15922401171303074, 'conv_part2_time': 6.450958251953125}
ac8d7fc1f41223f9 {'bpp': 0.11997626582278481, 'decoding_time': 5.161818265914917, 'precise_bpp': 0.12009493670886076, 'conv_part2_time': 5.856900215148926}
6c1175970fef91b1 {'bpp': 0.1561279296875, 'decoding_time': 5.163686752319336, 'precise_bpp': 0.15625, 'conv_part2_time': 5.773431301116943}
4cf84aa31d937833 {'bpp': 0.10769127155172414, 'decoding_time': 4.567303657531738, 'precise_bpp': 0.10779229525862069, 'conv_part2_time': 5.031864643096924}
36a1f2f6d9539824 {'bpp': 0.081634521484375, 'decoding_time': 4.5758891105651855, 'precise_bpp': 0.08172607421875, 'conv_part2_time': 5.060391426086426}
0f29f7f902bd5a60 {'bpp': 0.16328938802083334, 'decoding_time': 5.1488213539123535, 'precise_bpp': 0.16341145833333334, 'conv_part2_time': 5.762801170349121}
8b29fc01c8cbcb1a {'bpp': 0.13895497803806736, 'decoding_time': 5.722916126251221, 'precise_bpp': 0.1390922401171303, 'conv_part2_time': 6.440963268280029}
a75edc99062d2500 {'bpp': 0.13618977864583334, 'decoding_time': 5.177908897399902, 'precise_bpp': 0.13631184895833334, 'conv_part2_time': 5.796324968338013}
99eb96a4b9398182 {'bpp': 0.28600654664484454, 'decoding_time': 6.2434961795806885, 'precise_bpp': 0.2861599836333879, 'conv_part2_time': 7.048069477081299}
f6e43b2a482d9a4e {'bpp': 0.1096462673611111, 'decoding_time': 6.277716636657715, 'precise_bpp': 0.10980902777777778, 'conv_part2_time': 7.037373304367065}
4342a7037ea1bdea {'bpp': 0.14762369791666666, 'decoding_time': 5.1317138671875, 'precise_bpp': 0.14774576822916666, 'conv_part2_time': 5.747706890106201}
1bde6aa77c1a45fb {'bpp': 0.16796875, 'decoding_time': 5.128745794296265, 'precise_bpp': 0.1680908203125, 'conv_part2_time': 5.8045973777771}
fb4e166b0fcf0f01 {'bpp': 0.16145833333333334, 'decoding_time': 5.151137113571167, 'precise_bpp': 0.16158040364583334, 'conv_part2_time': 5.7697014808654785}
efd4cbed58c62a88 {'bpp': 0.1199951171875, 'decoding_time': 5.151429176330566, 'precise_bpp': 0.1201171875, 'conv_part2_time': 5.854215145111084}
e7d0dde7b8712e83 {'bpp': 0.16691080729166666, 'decoding_time': 5.167716979980469, 'precise_bpp': 0.16703287760416666, 'conv_part2_time': 5.876909971237183}
5e6ff0ca93baad99 {'bpp': 0.12251790364583333, 'decoding_time': 5.1666905879974365, 'precise_bpp': 0.12263997395833333, 'conv_part2_time': 5.784506797790527}
2e8edb16c6a09beb {'bpp': 0.17883211678832117, 'decoding_time': 5.716664791107178, 'precise_bpp': 0.17896897810218979, 'conv_part2_time': 6.401649475097656}
6c2e8fe4349f9928 {'bpp': 0.1287841796875, 'decoding_time': 5.124795436859131, 'precise_bpp': 0.12890625, 'conv_part2_time': 5.731339931488037}
a6cc6313fbdaef76 {'bpp': 0.1930362371888726, 'decoding_time': 5.704648494720459, 'precise_bpp': 0.1931734992679356, 'conv_part2_time': 6.415679693222046}
fbc0f0de25fa9d52 {'bpp': 0.124267578125, 'decoding_time': 5.17113733291626, 'precise_bpp': 0.1243896484375, 'conv_part2_time': 5.798318147659302}
b3c6af94adbac4af {'bpp': 0.18051861702127658, 'decoding_time': 5.153843879699707, 'precise_bpp': 0.18064328457446807, 'conv_part2_time': 5.78633189201355}
ce4ce5cab81c0672 {'bpp': 0.09712928265524626, 'decoding_time': 4.588927507400513, 'precise_bpp': 0.0972296573875803, 'conv_part2_time': 5.064002990722656}
d7a672ebe49e4504 {'bpp': 0.12516276041666666, 'decoding_time': 5.149549722671509, 'precise_bpp': 0.12528483072916666, 'conv_part2_time': 5.761878728866577}
080e040bf87a3652 {'bpp': 0.20095802919708028, 'decoding_time': 5.71953010559082, 'precise_bpp': 0.2010948905109489, 'conv_part2_time': 6.434734582901001}
9007d38b9cfd0e53 {'bpp': 0.20214128843338214, 'decoding_time': 5.710481643676758, 'precise_bpp': 0.2022785505124451, 'conv_part2_time': 6.412313461303711}
a8cbf71967aba819 {'bpp': 0.1592998585572843, 'decoding_time': 5.718817949295044, 'precise_bpp': 0.15943246110325318, 'conv_part2_time': 6.440173625946045}
c555449b6fb78409 {'bpp': 0.1337890625, 'decoding_time': 6.29687762260437, 'precise_bpp': 0.13395182291666666, 'conv_part2_time': 7.058974981307983}
aec7e46930318100 {'bpp': 0.13735358711566617, 'decoding_time': 5.75899076461792, 'precise_bpp': 0.13749084919472915, 'conv_part2_time': 6.47241473197937}
599bec9b304e68f9 {'bpp': 0.15629069010416666, 'decoding_time': 5.152388095855713, 'precise_bpp': 0.15641276041666666, 'conv_part2_time': 5.7775962352752686}
3a41eb035c8a893b {'bpp': 0.18713396778916544, 'decoding_time': 5.714665412902832, 'precise_bpp': 0.18727122986822842, 'conv_part2_time': 6.428517580032349}
5bcc87c13b42e844 {'bpp': 0.18400065104166666, 'decoding_time': 5.204148530960083, 'precise_bpp': 0.18412272135416666, 'conv_part2_time': 5.935660123825073}
ca6017b97b93be5f {'bpp': 0.15861002604166666, 'decoding_time': 5.164214134216309, 'precise_bpp': 0.15873209635416666, 'conv_part2_time': 5.817456245422363}
0ac51477636a6933 {'bpp': 0.17823905109489052, 'decoding_time': 5.726606845855713, 'precise_bpp': 0.17837591240875914, 'conv_part2_time': 6.425899267196655}
37a8b48110db608f {'bpp': 0.19340006510416666, 'decoding_time': 5.208059549331665, 'precise_bpp': 0.19352213541666666, 'conv_part2_time': 5.834195137023926}
8041aa40f427e248 {'bpp': 0.15067293510324484, 'decoding_time': 5.706961154937744, 'precise_bpp': 0.15081120943952803, 'conv_part2_time': 6.41238260269165}
00a36f96e31731c4 {'bpp': 0.14396158854166666, 'decoding_time': 5.219367027282715, 'precise_bpp': 0.14408365885416666, 'conv_part2_time': 5.848234176635742}
d5058059dc0ce0ad {'bpp': 0.17606608072916666, 'decoding_time': 5.16325044631958, 'precise_bpp': 0.17618815104166666, 'conv_part2_time': 5.788703203201294}
30e6f3ca1da64271 {'bpp': 0.1808656661786237, 'decoding_time': 5.743155479431152, 'precise_bpp': 0.18100292825768668, 'conv_part2_time': 6.45053243637085}
8120a85e31ebaea4 {'bpp': 0.14664713541666666, 'decoding_time': 5.114650011062622, 'precise_bpp': 0.14676920572916666, 'conv_part2_time': 5.737058639526367}
cc93d0765dbefb72 {'bpp': 0.09680296377607026, 'decoding_time': 4.613937854766846, 'precise_bpp': 0.09690587266739846, 'conv_part2_time': 5.094629764556885}
8b2d6fb8888f85d7 {'bpp': 0.15785139092240116, 'decoding_time': 5.767739534378052, 'precise_bpp': 0.15798865300146414, 'conv_part2_time': 6.466331958770752}
ae4b5f936328666c {'bpp': 0.13789876302083334, 'decoding_time': 5.1653056144714355, 'precise_bpp': 0.13802083333333334, 'conv_part2_time': 5.803987741470337}
efa85d442d82b1d5 {'bpp': 0.15755208333333334, 'decoding_time': 5.272351980209351, 'precise_bpp': 0.15767415364583334, 'conv_part2_time': 5.904906988143921}
66a32cf3e2fc524e {'bpp': 0.1517659023668639, 'decoding_time': 5.717835187911987, 'precise_bpp': 0.15190458579881658, 'conv_part2_time': 6.460933208465576}
9c14f9bf3d3f68de {'bpp': 0.07684326171875, 'decoding_time': 4.582003116607666, 'precise_bpp': 0.076934814453125, 'conv_part2_time': 5.063446760177612}
1175875723f994b1 {'bpp': 0.21404367469879518, 'decoding_time': 5.7061607837677, 'precise_bpp': 0.21418486445783133, 'conv_part2_time': 6.5127716064453125}
7a49b34dffef2d16 {'bpp': 0.08624267578125, 'decoding_time': 4.557471036911011, 'precise_bpp': 0.086334228515625, 'conv_part2_time': 5.0407655239105225}
21030307b448f406 {'bpp': 0.17765299479166666, 'decoding_time': 5.18736457824707, 'precise_bpp': 0.17777506510416666, 'conv_part2_time': 5.935060262680054}
9c7e9f0b7713352b {'bpp': 0.19454612005856514, 'decoding_time': 5.716053009033203, 'precise_bpp': 0.19468338213762812, 'conv_part2_time': 6.450220584869385}
74e45f4a2dc3d777 {'bpp': 0.1407470703125, 'decoding_time': 5.173194408416748, 'precise_bpp': 0.140869140625, 'conv_part2_time': 5.892095327377319}
6dfc1870c2f79a33 {'bpp': 0.090240478515625, 'decoding_time': 4.580469608306885, 'precise_bpp': 0.09033203125, 'conv_part2_time': 5.072142124176025}
e8e80cdf72a9db06 {'bpp': 0.10668103448275862, 'decoding_time': 4.581139087677002, 'precise_bpp': 0.10678879310344827, 'conv_part2_time': 5.058619737625122}
e2903d7029b5067d {'bpp': 0.20282759882869691, 'decoding_time': 5.739840745925903, 'precise_bpp': 0.2029648609077599, 'conv_part2_time': 6.465579271316528}
e304afc041e5c159 {'bpp': 0.14860026041666666, 'decoding_time': 5.156601905822754, 'precise_bpp': 0.14872233072916666, 'conv_part2_time': 5.777881622314453}
51fe97432f896dc3 {'bpp': 0.1108058608058608, 'decoding_time': 4.57607626914978, 'precise_bpp': 0.11092032967032966, 'conv_part2_time': 5.091291427612305}
25f575fb85e48d11 {'bpp': 0.1643484626647145, 'decoding_time': 5.73974347114563, 'precise_bpp': 0.16448572474377746, 'conv_part2_time': 6.4495697021484375}
c3850f8a5eaaeb52 {'bpp': 0.17232259114583334, 'decoding_time': 5.155610084533691, 'precise_bpp': 0.17244466145833334, 'conv_part2_time': 5.880386590957642}
a51400dd646350f7 {'bpp': 0.14476573938506587, 'decoding_time': 5.783267021179199, 'precise_bpp': 0.14490300146412885, 'conv_part2_time': 6.485089063644409}
59d89b21d30fe083 {'bpp': 0.1379046762589928, 'decoding_time': 5.762678146362305, 'precise_bpp': 0.13803956834532374, 'conv_part2_time': 6.448890924453735}
6b4bd4c189cccaed {'bpp': 0.21049963126843657, 'decoding_time': 5.731338262557983, 'precise_bpp': 0.21063790560471976, 'conv_part2_time': 6.455302000045776}
93512f6bdc79465f {'bpp': 0.203125, 'decoding_time': 5.154729604721069, 'precise_bpp': 0.2032470703125, 'conv_part2_time': 5.8978447914123535}
3fbf3bd1c6910a78 {'bpp': 0.14511873350923482, 'decoding_time': 5.1736626625061035, 'precise_bpp': 0.14524241424802112, 'conv_part2_time': 5.930532217025757}
9518afa1e56dd5ca {'bpp': 0.17851959361393324, 'decoding_time': 5.71090292930603, 'precise_bpp': 0.1786556603773585, 'conv_part2_time': 6.462980508804321}
9be2cb3c57cfcc21 {'bpp': 0.22509765625, 'decoding_time': 5.124218940734863, 'precise_bpp': 0.2252197265625, 'conv_part2_time': 5.91735577583313}
f8b5b6038fc44df1 {'bpp': 0.1423865300146413, 'decoding_time': 5.71802544593811, 'precise_bpp': 0.14252379209370425, 'conv_part2_time': 6.4046313762664795}
87b6e15d87a7d5da {'bpp': 0.1446533203125, 'decoding_time': 5.175918817520142, 'precise_bpp': 0.144775390625, 'conv_part2_time': 5.801814317703247}
48eac55851f4cd33 {'bpp': 0.11177571614583333, 'decoding_time': 5.177858591079712, 'precise_bpp': 0.11189778645833333, 'conv_part2_time': 5.80000901222229}
37fb246561b6b46e {'bpp': 0.07568359375, 'decoding_time': 4.581383466720581, 'precise_bpp': 0.07578822544642858, 'conv_part2_time': 5.059235334396362}
a9eaae4555ad0a96 {'bpp': 0.097991943359375, 'decoding_time': 4.586150884628296, 'precise_bpp': 0.09808349609375, 'conv_part2_time': 5.0867462158203125}
c6bbe756d89aaacf {'bpp': 0.14506022135416666, 'decoding_time': 5.151695013046265, 'precise_bpp': 0.14518229166666666, 'conv_part2_time': 5.870732545852661}
a2473495200c1a2a {'bpp': 0.22540381791483113, 'decoding_time': 5.6993067264556885, 'precise_bpp': 0.225541483113069, 'conv_part2_time': 6.414499282836914}
e30a9aa6cb9db693 {'bpp': 0.2358940972222222, 'decoding_time': 6.283837556838989, 'precise_bpp': 0.2360568576388889, 'conv_part2_time': 7.056093692779541}
6173da78b2df7763 {'bpp': 0.2039179104477612, 'decoding_time': 5.728619813919067, 'precise_bpp': 0.2040578358208955, 'conv_part2_time': 6.492753982543945}
4892cc341f32a4f3 {'bpp': 0.14180501302083334, 'decoding_time': 5.154412031173706, 'precise_bpp': 0.14192708333333334, 'conv_part2_time': 5.7916259765625}
4288701eb6e6628c {'bpp': 0.1759765625, 'decoding_time': 5.695789813995361, 'precise_bpp': 0.176123046875, 'conv_part2_time': 6.403260707855225}
a5d5800525959862 {'bpp': 0.15875175561797752, 'decoding_time': 5.112016916275024, 'precise_bpp': 0.15888342696629212, 'conv_part2_time': 5.744783163070679}
119c4ed65bb2bc24 {'bpp': 0.17523792093704246, 'decoding_time': 5.6647560596466064, 'precise_bpp': 0.1753751830161054, 'conv_part2_time': 6.356866121292114}
98b010497e8bc0c5 {'bpp': 0.15364583333333334, 'decoding_time': 5.133339166641235, 'precise_bpp': 0.15376790364583334, 'conv_part2_time': 5.7549591064453125}
c411615719633555 {'bpp': 0.11079915364583333, 'decoding_time': 5.063364028930664, 'precise_bpp': 0.11092122395833333, 'conv_part2_time': 5.699743747711182}
36d707c2a1590863 {'bpp': 0.0999755859375, 'decoding_time': 4.509262561798096, 'precise_bpp': 0.100067138671875, 'conv_part2_time': 4.997924089431763}
fccf83032bda2066 {'bpp': 0.2405614241001565, 'decoding_time': 6.325239419937134, 'precise_bpp': 0.24070813771517996, 'conv_part2_time': 7.127423286437988}
1392434aa02cdc72 {'bpp': 0.16247254758418742, 'decoding_time': 5.808887958526611, 'precise_bpp': 0.16260980966325037, 'conv_part2_time': 6.58082127571106}
fca4cd2009062d62 {'bpp': 0.2597271914132379, 'decoding_time': 6.32036018371582, 'precise_bpp': 0.2598949016100179, 'conv_part2_time': 7.126383543014526}
5b5ca4a35c456ee4 {'bpp': 0.140350073313783, 'decoding_time': 5.723460912704468, 'precise_bpp': 0.14048753665689148, 'conv_part2_time': 6.468689918518066}
ea7907d9f3cea615 {'bpp': 0.18206521739130435, 'decoding_time': 6.318964242935181, 'precise_bpp': 0.18221618357487923, 'conv_part2_time': 7.104916334152222}
816e5c3bfc822700 {'bpp': 0.17783149171270718, 'decoding_time': 5.183429956436157, 'precise_bpp': 0.17796098066298344, 'conv_part2_time': 5.820703983306885}
457189afaa790204 {'bpp': 0.11993038740920096, 'decoding_time': 4.612520694732666, 'precise_bpp': 0.12004388619854721, 'conv_part2_time': 5.123110771179199}
877143d4956ef2dc {'bpp': 0.10697428385416667, 'decoding_time': 5.12883448600769, 'precise_bpp': 0.10709635416666667, 'conv_part2_time': 5.7488861083984375}
313a49ce1db7ace7 {'bpp': 0.15236090775988287, 'decoding_time': 5.681874752044678, 'precise_bpp': 0.15249816983894582, 'conv_part2_time': 6.374171018600464}
c04beae6efd770bc {'bpp': 0.1676025390625, 'decoding_time': 5.117906332015991, 'precise_bpp': 0.167724609375, 'conv_part2_time': 5.75742769241333}
5a175741a2a390f3 {'bpp': 0.18736273792093705, 'decoding_time': 5.688168525695801, 'precise_bpp': 0.1875, 'conv_part2_time': 6.40342116355896}
fc81a030ca408faf {'bpp': 0.23327380952380952, 'decoding_time': 6.27873158454895, 'precise_bpp': 0.23345238095238094, 'conv_part2_time': 7.0386340618133545}
5032ff6b231dfc3f {'bpp': 0.16463216145833334, 'decoding_time': 5.118771553039551, 'precise_bpp': 0.16475423177083334, 'conv_part2_time': 5.735505819320679}
cfcf61cb3d9b2c50 {'bpp': 0.049072265625, 'decoding_time': 5.088047027587891, 'precise_bpp': 0.0491943359375, 'conv_part2_time': 5.711241245269775}
cd8cce2606f141db {'bpp': 0.22556734992679356, 'decoding_time': 5.712859869003296, 'precise_bpp': 0.2257046120058565, 'conv_part2_time': 6.440588474273682}
b616d2befceab9a8 {'bpp': 0.2530381944444444, 'decoding_time': 6.281750202178955, 'precise_bpp': 0.2532009548611111, 'conv_part2_time': 7.064884901046753}
b64c78ce62d350cb {'bpp': 0.16707356770833334, 'decoding_time': 5.09242582321167, 'precise_bpp': 0.16719563802083334, 'conv_part2_time': 5.718943357467651}
4e67aea79a236b7d {'bpp': 0.26102642276422766, 'decoding_time': 6.258195400238037, 'precise_bpp': 0.2611788617886179, 'conv_part2_time': 7.057470798492432}
f98a01e056b70647 {'bpp': 0.12740071614583334, 'decoding_time': 5.147907257080078, 'precise_bpp': 0.12752278645833334, 'conv_part2_time': 5.7756922245025635}
898890757a38a6db {'bpp': 0.16964285714285715, 'decoding_time': 5.671020269393921, 'precise_bpp': 0.16978092783505155, 'conv_part2_time': 6.403714179992676}
1020b9690b88a2a4 {'bpp': 0.12642415364583334, 'decoding_time': 5.133970737457275, 'precise_bpp': 0.12654622395833334, 'conv_part2_time': 5.753468751907349}
8573762933cbef9d {'bpp': 0.12423155737704918, 'decoding_time': 4.585751295089722, 'precise_bpp': 0.12434133489461359, 'conv_part2_time': 5.096921920776367}
a1cd7fc537e61053 {'bpp': 0.16556803385416666, 'decoding_time': 5.128744840621948, 'precise_bpp': 0.16569010416666666, 'conv_part2_time': 5.7720184326171875}
ad8a5f8704a897c7 {'bpp': 0.12147693997071743, 'decoding_time': 5.685573577880859, 'precise_bpp': 0.12161420204978038, 'conv_part2_time': 6.3742523193359375}
e77d9fce44e6b4d9 {'bpp': 0.09190070210631895, 'decoding_time': 4.542582035064697, 'precise_bpp': 0.09199473420260783, 'conv_part2_time': 5.039056777954102}
7f23e1de7320aebd {'bpp': 0.24052891654465594, 'decoding_time': 5.740648031234741, 'precise_bpp': 0.2406661786237189, 'conv_part2_time': 6.456245422363281}
4c7e5c61e4ddb0c3 {'bpp': 0.16924414348462666, 'decoding_time': 5.716891527175903, 'precise_bpp': 0.1693814055636896, 'conv_part2_time': 6.403386116027832}
326008ec6a706ba1 {'bpp': 0.1815519765739385, 'decoding_time': 5.685632705688477, 'precise_bpp': 0.18168923865300146, 'conv_part2_time': 6.410218238830566}
832dfca068646e7d {'bpp': 0.13097426470588236, 'decoding_time': 4.553035020828247, 'precise_bpp': 0.13108915441176472, 'conv_part2_time': 5.041297912597656}
ac64309938699c5f {'bpp': 0.19132486979166666, 'decoding_time': 5.113093137741089, 'precise_bpp': 0.19144694010416666, 'conv_part2_time': 5.79931902885437}
79950fddc54c9173 {'bpp': 0.11370286085825748, 'decoding_time': 5.125180006027222, 'precise_bpp': 0.11382477243172952, 'conv_part2_time': 5.744226932525635}
9ca17eae0e5ebb26 {'bpp': 0.16294026243093923, 'decoding_time': 5.114947319030762, 'precise_bpp': 0.16306975138121546, 'conv_part2_time': 5.8354856967926025}
631b4ea821abfaca {'bpp': 0.147705078125, 'decoding_time': 5.151226758956909, 'precise_bpp': 0.1478271484375, 'conv_part2_time': 5.8809428215026855}
395e87533ebd5936 {'bpp': 0.08544921875, 'decoding_time': 4.577356338500977, 'precise_bpp': 0.085540771484375, 'conv_part2_time': 5.075205326080322}
f5cd12a4f38f3079 {'bpp': 0.1231312292358804, 'decoding_time': 4.567828416824341, 'precise_bpp': 0.12323504983388704, 'conv_part2_time': 5.117185592651367}
3ba4133ba97cc8c7 {'bpp': 0.18306185944363104, 'decoding_time': 5.66990065574646, 'precise_bpp': 0.183199121522694, 'conv_part2_time': 6.359519720077515}
69974d01b659acfe {'bpp': 0.19390443313953487, 'decoding_time': 5.6557488441467285, 'precise_bpp': 0.19404069767441862, 'conv_part2_time': 6.41323709487915}
af1b9485110e6a10 {'bpp': 0.11381964809384164, 'decoding_time': 5.715969562530518, 'precise_bpp': 0.11395711143695014, 'conv_part2_time': 6.459137916564941}
78f1a858d9f843ef {'bpp': 0.15934244791666666, 'decoding_time': 5.121345281600952, 'precise_bpp': 0.15946451822916666, 'conv_part2_time': 5.844213247299194}
d3a1b201d30a8304 {'bpp': 0.20454915364583334, 'decoding_time': 5.11877965927124, 'precise_bpp': 0.20467122395833334, 'conv_part2_time': 5.775970458984375}
31a34ba7f715e15d {'bpp': 0.12694844124700239, 'decoding_time': 4.5390050411224365, 'precise_bpp': 0.12706085131894485, 'conv_part2_time': 5.028960227966309}
8e1ab10d75d27bde {'bpp': 0.18973795572916666, 'decoding_time': 5.115983247756958, 'precise_bpp': 0.18986002604166666, 'conv_part2_time': 5.765455484390259}
06bfefab10984000 {'bpp': 0.13469985358711567, 'decoding_time': 5.671324968338013, 'precise_bpp': 0.13483711566617862, 'conv_part2_time': 6.418505907058716}
9617a823ebb6ed65 {'bpp': 0.12349446614583333, 'decoding_time': 5.189695119857788, 'precise_bpp': 0.12361653645833333, 'conv_part2_time': 5.8186728954315186}
d8cac8b54e9fa89c {'bpp': 0.15885416666666666, 'decoding_time': 5.172184944152832, 'precise_bpp': 0.15897623697916666, 'conv_part2_time': 5.807029485702515}
27e59184c6c621dc {'bpp': 0.061116536458333336, 'decoding_time': 5.187470197677612, 'precise_bpp': 0.061238606770833336, 'conv_part2_time': 5.8142125606536865}
500ef7bbed25b42d {'bpp': 0.17952388743455497, 'decoding_time': 5.229947328567505, 'precise_bpp': 0.17964659685863874, 'conv_part2_time': 5.875663757324219}
92f5c4d8578a2686 {'bpp': 0.2010498046875, 'decoding_time': 5.113574266433716, 'precise_bpp': 0.201171875, 'conv_part2_time': 5.8137030601501465}
10937c7dcffbb6be {'bpp': 0.17230966325036604, 'decoding_time': 5.779070615768433, 'precise_bpp': 0.17244692532942898, 'conv_part2_time': 6.47242546081543}
7566d1756c9eadf0 {'bpp': 0.2123480902777778, 'decoding_time': 6.279937982559204, 'precise_bpp': 0.21251085069444445, 'conv_part2_time': 7.0496907234191895}
03454872a3e4b892 {'bpp': 0.099945068359375, 'decoding_time': 4.57049036026001, 'precise_bpp': 0.10003662109375, 'conv_part2_time': 5.09114933013916}
ee47ccab89a75d0d {'bpp': 0.17368228404099562, 'decoding_time': 5.909536361694336, 'precise_bpp': 0.17381954612005857, 'conv_part2_time': 6.625864505767822}
3da7da182200a0ec {'bpp': 0.1003447242206235, 'decoding_time': 4.83288049697876, 'precise_bpp': 0.10045713429256595, 'conv_part2_time': 5.337345123291016}
3069a58c04f8ea9d {'bpp': 0.15177408854166666, 'decoding_time': 5.30555534362793, 'precise_bpp': 0.15189615885416666, 'conv_part2_time': 5.932435512542725}
1285de557293cb27 {'bpp': 0.12703571428571428, 'decoding_time': 4.59205961227417, 'precise_bpp': 0.12714285714285714, 'conv_part2_time': 5.077345609664917}
9b6a0e5522586740 {'bpp': 0.15849194729136165, 'decoding_time': 5.793816804885864, 'precise_bpp': 0.1586292093704246, 'conv_part2_time': 6.543135404586792}
128bbc3d96aced53 {'bpp': 0.16056315104166666, 'decoding_time': 5.181349992752075, 'precise_bpp': 0.16068522135416666, 'conv_part2_time': 5.820487976074219}
01ce6a0b84b8ab22 {'bpp': 0.17386881510416666, 'decoding_time': 5.14994740486145, 'precise_bpp': 0.17399088541666666, 'conv_part2_time': 5.772767543792725}
3145aa24c245d02c {'bpp': 0.20003660322108346, 'decoding_time': 5.7229156494140625, 'precise_bpp': 0.20017386530014641, 'conv_part2_time': 6.4285852909088135}
364a5583d79ef608 {'bpp': 0.15763346354166666, 'decoding_time': 5.143247365951538, 'precise_bpp': 0.15775553385416666, 'conv_part2_time': 5.795232772827148}
750c2db95363faf0 {'bpp': 0.18855698529411766, 'decoding_time': 5.755533218383789, 'precise_bpp': 0.18869485294117647, 'conv_part2_time': 6.472605228424072}
6f7d324c359e42bd {'bpp': 0.17525227864583334, 'decoding_time': 5.135138034820557, 'precise_bpp': 0.17537434895833334, 'conv_part2_time': 5.8320348262786865}
0cbd2a58b72ced99 {'bpp': 0.12767094017094016, 'decoding_time': 4.551506280899048, 'precise_bpp': 0.12778540903540903, 'conv_part2_time': 5.044651985168457}
cb1abb0fc94b341a {'bpp': 0.10518391927083333, 'decoding_time': 5.128667831420898, 'precise_bpp': 0.10530598958333333, 'conv_part2_time': 5.754713535308838}
640bc6dff7a52ecc {'bpp': 0.1449871281464531, 'decoding_time': 4.543478012084961, 'precise_bpp': 0.14509439359267734, 'conv_part2_time': 5.057653427124023}
2dab4bf641b91d2a {'bpp': 0.19508272058823528, 'decoding_time': 5.6970672607421875, 'precise_bpp': 0.19522058823529412, 'conv_part2_time': 6.4497199058532715}
dc70d4ba179015ea {'bpp': 0.13993326822916666, 'decoding_time': 5.150802373886108, 'precise_bpp': 0.14005533854166666, 'conv_part2_time': 5.7632386684417725}
f8de6c925b0dc353 {'bpp': 0.1875, 'decoding_time': 5.801124572753906, 'precise_bpp': 0.18764378834355827, 'conv_part2_time': 6.522717237472534}
020ec13b99e2bf0c {'bpp': 0.147705078125, 'decoding_time': 5.625622987747192, 'precise_bpp': 0.1478271484375, 'conv_part2_time': 6.253987073898315}
f6d564bd1a412584 {'bpp': 0.11006673177083333, 'decoding_time': 5.971491098403931, 'precise_bpp': 0.11018880208333333, 'conv_part2_time': 6.620633840560913}
d57d91d1406b7cfd {'bpp': 0.18828125, 'decoding_time': 6.89966344833374, 'precise_bpp': 0.18841911764705882, 'conv_part2_time': 7.6469337940216064}
a544690a52cf90e0 {'bpp': 0.0751281112737921, 'decoding_time': 6.4872353076934814, 'precise_bpp': 0.07526537335285505, 'conv_part2_time': 7.211248874664307}
e4591d6eaa05e4dd {'bpp': 0.15519919590643275, 'decoding_time': 6.2567973136901855, 'precise_bpp': 0.15533625730994152, 'conv_part2_time': 7.023909091949463}
2accb1bb8d4bf0bf {'bpp': 0.13298733804475854, 'decoding_time': 4.749007225036621, 'precise_bpp': 0.1330977620730271, 'conv_part2_time': 5.269138813018799}
534d5345916af701 {'bpp': 0.12931315104166666, 'decoding_time': 5.711370944976807, 'precise_bpp': 0.12943522135416666, 'conv_part2_time': 6.408013105392456}
02eaecd683dbdb9f {'bpp': 0.2194044502617801, 'decoding_time': 7.661274671554565, 'precise_bpp': 0.21956806282722513, 'conv_part2_time': 8.48522400856018}
0ef79b5cdf728e01 {'bpp': 0.14873211963589078, 'decoding_time': 5.876226425170898, 'precise_bpp': 0.1488540312093628, 'conv_part2_time': 6.564462184906006}
4cd1f73feae81747 {'bpp': 0.203009941089838, 'decoding_time': 6.342245578765869, 'precise_bpp': 0.2031480117820324, 'conv_part2_time': 7.064364671707153}
103cadacd19f2c80 {'bpp': 0.221962187958884, 'decoding_time': 6.854743003845215, 'precise_bpp': 0.22209985315712188, 'conv_part2_time': 7.563755989074707}
6042faf71b128601 {'bpp': 0.191800878477306, 'decoding_time': 5.850665092468262, 'precise_bpp': 0.19193814055636896, 'conv_part2_time': 6.577399730682373}
f235b4f806d69e69 {'bpp': 0.20734204368174727, 'decoding_time': 6.70952296257019, 'precise_bpp': 0.20748829953198128, 'conv_part2_time': 7.4332804679870605}
a037ba69d6910d9b {'bpp': 0.19021739130434784, 'decoding_time': 6.61697793006897, 'precise_bpp': 0.1903629658385093, 'conv_part2_time': 7.344902038574219}
852609e054a409d8 {'bpp': 0.20232142857142857, 'decoding_time': 6.308388710021973, 'precise_bpp': 0.20245535714285715, 'conv_part2_time': 7.032160520553589}
6dc43511d5d4f597 {'bpp': 0.0645751953125, 'decoding_time': 5.454995393753052, 'precise_bpp': 0.064666748046875, 'conv_part2_time': 5.966710805892944}
8b09e4fcc209ca42 {'bpp': 0.2813112745098039, 'decoding_time': 7.335538625717163, 'precise_bpp': 0.2814950980392157, 'conv_part2_time': 8.135286331176758}
64342bfa9f1f2004 {'bpp': 0.19616788321167883, 'decoding_time': 5.962738990783691, 'precise_bpp': 0.19630474452554744, 'conv_part2_time': 6.676881790161133}
aa243033bdaf2a25 {'bpp': 0.14408365885416666, 'decoding_time': 5.763486385345459, 'precise_bpp': 0.14420572916666666, 'conv_part2_time': 6.384494781494141}
c959b01ccc0bc2df {'bpp': 0.2102314139941691, 'decoding_time': 6.12619161605835, 'precise_bpp': 0.21036807580174927, 'conv_part2_time': 6.885344743728638}
82f1a9e2176a2145 {'bpp': 0.15071614583333334, 'decoding_time': 6.3896424770355225, 'precise_bpp': 0.15083821614583334, 'conv_part2_time': 7.068770408630371}
f9593d0a16b1d193 {'bpp': 0.2493872549019608, 'decoding_time': 7.215702772140503, 'precise_bpp': 0.2495404411764706, 'conv_part2_time': 7.999933481216431}
18b98c98a23f9933 {'bpp': 0.103271484375, 'decoding_time': 5.4943859577178955, 'precise_bpp': 0.1033935546875, 'conv_part2_time': 6.122859954833984}
5e9c429afce8a619 {'bpp': 0.084869384765625, 'decoding_time': 4.998398065567017, 'precise_bpp': 0.0849609375, 'conv_part2_time': 5.497195243835449}
510458171779d330 {'bpp': 0.13484700520833334, 'decoding_time': 6.019575119018555, 'precise_bpp': 0.13496907552083334, 'conv_part2_time': 6.662832260131836}
33377099dedaefa9 {'bpp': 0.13488051470588236, 'decoding_time': 6.540026664733887, 'precise_bpp': 0.13501838235294117, 'conv_part2_time': 7.365470886230469}
61250918d5d7c7e5 {'bpp': 0.12540690104166666, 'decoding_time': 6.452462434768677, 'precise_bpp': 0.12552897135416666, 'conv_part2_time': 7.218048810958862}
79b1b74a5a8fdc56 {'bpp': 0.172607421875, 'decoding_time': 5.816254138946533, 'precise_bpp': 0.1727294921875, 'conv_part2_time': 6.598233938217163}
9f7963816508342a {'bpp': 0.14023494860499267, 'decoding_time': 6.795104265213013, 'precise_bpp': 0.14037261380323054, 'conv_part2_time': 7.490056991577148}
1ed640a7fc509e10 {'bpp': 0.18937043795620437, 'decoding_time': 6.051142930984497, 'precise_bpp': 0.18950729927007298, 'conv_part2_time': 6.759463548660278}
86cf240adb1303b2 {'bpp': 0.165283203125, 'decoding_time': 5.601510524749756, 'precise_bpp': 0.1654052734375, 'conv_part2_time': 6.262223482131958}
7179474f246cbf3b {'bpp': 0.15893351800554018, 'decoding_time': 6.100541353225708, 'precise_bpp': 0.15906336565096954, 'conv_part2_time': 6.869911193847656}
68fddea7de2d2448 {'bpp': 0.2808702256944444, 'decoding_time': 7.339931488037109, 'precise_bpp': 0.2810329861111111, 'conv_part2_time': 8.17549991607666}
145b86b6203878bd {'bpp': 0.21733369883040934, 'decoding_time': 7.1998960971832275, 'precise_bpp': 0.21747076023391812, 'conv_part2_time': 7.982834815979004}
a30d03e30dca89ea {'bpp': 0.09330240885416667, 'decoding_time': 5.396149396896362, 'precise_bpp': 0.09342447916666667, 'conv_part2_time': 6.049717426300049}
4cd65ac4eea5fbaa {'bpp': 0.14131673177083334, 'decoding_time': 5.474669694900513, 'precise_bpp': 0.14143880208333334, 'conv_part2_time': 6.137923955917358}
3317400486b77360 {'bpp': 0.15185546875, 'decoding_time': 6.228187084197998, 'precise_bpp': 0.1519775390625, 'conv_part2_time': 6.842122316360474}
3b0796f2f32f5187 {'bpp': 0.11566162109375, 'decoding_time': 5.327316045761108, 'precise_bpp': 0.115753173828125, 'conv_part2_time': 5.856790781021118}
4bab2a5588f80c89 {'bpp': 0.19267020497803808, 'decoding_time': 6.765434503555298, 'precise_bpp': 0.19280746705710103, 'conv_part2_time': 7.5542895793914795}
7e07848e1c0bffdd {'bpp': 0.21001098096632503, 'decoding_time': 7.073831558227539, 'precise_bpp': 0.21014824304538798, 'conv_part2_time': 7.8683388233184814}
d9dc1d763cac0cc6 {'bpp': 0.12215169270833333, 'decoding_time': 5.497494697570801, 'precise_bpp': 0.12227376302083333, 'conv_part2_time': 6.222710371017456}
96b9ed5a3a9ba21e {'bpp': 0.16168664383561643, 'decoding_time': 5.939453125, 'precise_bpp': 0.1618150684931507, 'conv_part2_time': 6.637717008590698}
869c54ed7a443610 {'bpp': 0.1475830078125, 'decoding_time': 6.022039413452148, 'precise_bpp': 0.147705078125, 'conv_part2_time': 6.645559787750244}
4eee4332933c5155 {'bpp': 0.16296600877192982, 'decoding_time': 6.396261930465698, 'precise_bpp': 0.1631030701754386, 'conv_part2_time': 7.15067982673645}
6fa1d2c9152bf37f {'bpp': 0.08565153733528551, 'decoding_time': 6.578212261199951, 'precise_bpp': 0.08578879941434846, 'conv_part2_time': 7.330974578857422}
92a4ab794f725c2f {'bpp': 0.10593277537796976, 'decoding_time': 5.57178258895874, 'precise_bpp': 0.1060340172786177, 'conv_part2_time': 6.044198513031006}
32e7bf6b6ab011f7 {'bpp': 0.20885036496350365, 'decoding_time': 6.059341192245483, 'precise_bpp': 0.20898722627737226, 'conv_part2_time': 6.818290948867798}
35660928e890aa0e {'bpp': 0.24490638766519823, 'decoding_time': 6.125712156295776, 'precise_bpp': 0.2450440528634361, 'conv_part2_time': 6.890733957290649}
f88203ea9612c95c {'bpp': 0.14388020833333334, 'decoding_time': 6.264472961425781, 'precise_bpp': 0.14400227864583334, 'conv_part2_time': 7.01153564453125}
93bf765552443f1a {'bpp': 0.10286458333333333, 'decoding_time': 6.1602747440338135, 'precise_bpp': 0.10298665364583333, 'conv_part2_time': 6.792221784591675}
0447d80c8ce6fa36 {'bpp': 0.17317708333333334, 'decoding_time': 5.549365758895874, 'precise_bpp': 0.17329915364583334, 'conv_part2_time': 6.212315559387207}
83fb948317b6717c {'bpp': 0.1373291015625, 'decoding_time': 5.587894439697266, 'precise_bpp': 0.137451171875, 'conv_part2_time': 6.352222681045532}
f589c79406a80c49 {'bpp': 0.12626689189189189, 'decoding_time': 5.7245707511901855, 'precise_bpp': 0.1263935810810811, 'conv_part2_time': 6.4286720752716064}
3edf0ecf15f85ca4 {'bpp': 0.16813151041666666, 'decoding_time': 5.665209054946899, 'precise_bpp': 0.16825358072916666, 'conv_part2_time': 6.337936162948608}
7a014764e3fbce5d {'bpp': 0.1461181640625, 'decoding_time': 5.72837495803833, 'precise_bpp': 0.146240234375, 'conv_part2_time': 6.478296518325806}
68350cdc4b7b0eb7 {'bpp': 0.17401603498542273, 'decoding_time': 6.820143461227417, 'precise_bpp': 0.1741526967930029, 'conv_part2_time': 7.521175861358643}
3cf98ac0a6f4ebbe {'bpp': 0.20886713030746706, 'decoding_time': 6.206391096115112, 'precise_bpp': 0.20900439238653, 'conv_part2_time': 6.926506042480469}
d8dc53ff87ea8658 {'bpp': 0.23649088541666666, 'decoding_time': 6.8410608768463135, 'precise_bpp': 0.23665364583333334, 'conv_part2_time': 7.618795394897461}
c6cc72bb6764b835 {'bpp': 0.19901798825256975, 'decoding_time': 6.223392486572266, 'precise_bpp': 0.19915565345080763, 'conv_part2_time': 6.928185701370239}
2082f35b4c16f681 {'bpp': 0.15312123039806996, 'decoding_time': 5.193578481674194, 'precise_bpp': 0.15323431845597105, 'conv_part2_time': 5.737169504165649}
e47734b6ece6fb9c {'bpp': 0.18306477864583334, 'decoding_time': 6.092890977859497, 'precise_bpp': 0.18318684895833334, 'conv_part2_time': 6.806995153427124}
9aebfb10e756b13b {'bpp': 0.22468575418994413, 'decoding_time': 6.879032611846924, 'precise_bpp': 0.22486033519553073, 'conv_part2_time': 7.672627687454224}
52bf6b555e578a34 {'bpp': 0.20188419117647058, 'decoding_time': 6.622568368911743, 'precise_bpp': 0.20202205882352942, 'conv_part2_time': 7.368415832519531}
2c5ca1adb9f4333c {'bpp': 0.14388134851138354, 'decoding_time': 7.2460949420928955, 'precise_bpp': 0.14404553415061297, 'conv_part2_time': 8.037376403808594}
3708e757215b0b40 {'bpp': 0.20471938775510204, 'decoding_time': 6.439488410949707, 'precise_bpp': 0.20485604956268222, 'conv_part2_time': 7.172128677368164}
e066f0fe56e70294 {'bpp': 0.12772623697916666, 'decoding_time': 5.996168613433838, 'precise_bpp': 0.12784830729166666, 'conv_part2_time': 6.639667749404907}
16774edaeacc5aed {'bpp': 0.19447992700729927, 'decoding_time': 6.579956769943237, 'precise_bpp': 0.19461678832116788, 'conv_part2_time': 7.319303035736084}
57f9750b2efec83a {'bpp': 0.18431919642857142, 'decoding_time': 6.839082717895508, 'precise_bpp': 0.18448660714285714, 'conv_part2_time': 7.66806697845459}
f1289343e71bddfb {'bpp': 0.15958658854166666, 'decoding_time': 5.918913841247559, 'precise_bpp': 0.15970865885416666, 'conv_part2_time': 6.542673826217651}
8c32e7092d92fb7d {'bpp': 0.17020670572916666, 'decoding_time': 5.509543418884277, 'precise_bpp': 0.17032877604166666, 'conv_part2_time': 6.141047716140747}
7112a4c6a5f49570 {'bpp': 0.05631281407035176, 'decoding_time': 5.160848140716553, 'precise_bpp': 0.056407035175879396, 'conv_part2_time': 5.657702922821045}
9786df18af0b4136 {'bpp': 0.1719391244870041, 'decoding_time': 5.575008153915405, 'precise_bpp': 0.1720673734610123, 'conv_part2_time': 6.285414218902588}
97a072affae05669 {'bpp': 0.1951409224011713, 'decoding_time': 6.899090528488159, 'precise_bpp': 0.19527818448023426, 'conv_part2_time': 7.63114857673645}
a9c524228aecdba0 {'bpp': 0.22801094890510948, 'decoding_time': 6.408133268356323, 'precise_bpp': 0.2281478102189781, 'conv_part2_time': 7.214850425720215}
10e90f5d96da1f09 {'bpp': 0.21513013196480937, 'decoding_time': 6.054536581039429, 'precise_bpp': 0.2152675953079179, 'conv_part2_time': 6.802595853805542}
82a56971b857df24 {'bpp': 0.17684108527131784, 'decoding_time': 7.325825214385986, 'precise_bpp': 0.17702277131782945, 'conv_part2_time': 8.10125994682312}
3a45f2efe2dce279 {'bpp': 0.11116536458333333, 'decoding_time': 5.958237886428833, 'precise_bpp': 0.11128743489583333, 'conv_part2_time': 6.593437910079956}
bf96475a7122e629 {'bpp': 0.17313639322916666, 'decoding_time': 5.635748863220215, 'precise_bpp': 0.17325846354166666, 'conv_part2_time': 6.298691272735596}
769196d5b7d25896 {'bpp': 0.09735107421875, 'decoding_time': 5.306401252746582, 'precise_bpp': 0.097442626953125, 'conv_part2_time': 5.797991514205933}
381c6df321861624 {'bpp': 0.15889657980456026, 'decoding_time': 7.416869878768921, 'precise_bpp': 0.1590492671009772, 'conv_part2_time': 8.195317506790161}
4d73be8a99a68828 {'bpp': 0.11031087239583333, 'decoding_time': 5.323651313781738, 'precise_bpp': 0.11043294270833333, 'conv_part2_time': 5.949390649795532}
4b6d3c391753e5ce {'bpp': 0.19826388888888888, 'decoding_time': 5.587056875228882, 'precise_bpp': 0.19839409722222223, 'conv_part2_time': 6.252232074737549}
85fdaa896d9b44b2 {'bpp': 0.18366619115549215, 'decoding_time': 7.01853346824646, 'precise_bpp': 0.18379992867332381, 'conv_part2_time': 7.804601669311523}
478bb936baf2fb9e {'bpp': 0.09753271537622683, 'decoding_time': 5.609215974807739, 'precise_bpp': 0.09763495092693567, 'conv_part2_time': 6.1301093101501465}
7df7f347bb9f4dfa {'bpp': 0.11629231770833333, 'decoding_time': 5.756354331970215, 'precise_bpp': 0.11641438802083333, 'conv_part2_time': 6.422509670257568}
21ad3641156a1107 {'bpp': 0.15450032552083334, 'decoding_time': 5.360517740249634, 'precise_bpp': 0.15462239583333334, 'conv_part2_time': 6.022527694702148}
2967045b155f1623 {'bpp': 0.1223109517601043, 'decoding_time': 5.978869438171387, 'precise_bpp': 0.1224331812255541, 'conv_part2_time': 6.639057636260986}
d79c06aadb2aa7ac {'bpp': 0.09164531478770131, 'decoding_time': 7.044811010360718, 'precise_bpp': 0.09178257686676428, 'conv_part2_time': 7.7854015827178955}
b5e808fd6164cd50 {'bpp': 0.14326985677083334, 'decoding_time': 6.2278892993927, 'precise_bpp': 0.14339192708333334, 'conv_part2_time': 6.881806373596191}
63ff8fa943c58eda {'bpp': 0.16341145833333334, 'decoding_time': 6.301409482955933, 'precise_bpp': 0.16353352864583334, 'conv_part2_time': 6.96251368522644}
219f6b4afc238049 {'bpp': 0.1782119326500732, 'decoding_time': 6.575706481933594, 'precise_bpp': 0.17834919472913616, 'conv_part2_time': 7.314983129501343}
760a15c16c8e8e4b {'bpp': 0.2455086989409985, 'decoding_time': 7.294862508773804, 'precise_bpp': 0.24565052950075644, 'conv_part2_time': 8.017799139022827}
b0d7f0c560bff574 {'bpp': 0.24945695102685625, 'decoding_time': 7.367158889770508, 'precise_bpp': 0.24960505529225907, 'conv_part2_time': 8.213907957077026}
430631b637aa11b7 {'bpp': 0.10845947265625, 'decoding_time': 5.069726467132568, 'precise_bpp': 0.108551025390625, 'conv_part2_time': 5.599476337432861}
d477a1605ef1ae62 {'bpp': 0.168212890625, 'decoding_time': 5.732690334320068, 'precise_bpp': 0.1683349609375, 'conv_part2_time': 6.374281644821167}
1bb33531383c49ac {'bpp': 0.1572080291970803, 'decoding_time': 7.1890435218811035, 'precise_bpp': 0.1573448905109489, 'conv_part2_time': 7.939180374145508}
0db3f7fb0dcdf88c {'bpp': 0.14021809895833334, 'decoding_time': 6.210229873657227, 'precise_bpp': 0.14034016927083334, 'conv_part2_time': 6.901653289794922}
222c38d9991e97e2 {'bpp': 0.18465491923641703, 'decoding_time': 6.95651912689209, 'precise_bpp': 0.18479258443465493, 'conv_part2_time': 7.745900869369507}
cc258d5fd4cde121 {'bpp': 0.17274560117302054, 'decoding_time': 6.4386887550354, 'precise_bpp': 0.17288306451612903, 'conv_part2_time': 7.231144428253174}
deb9e992404b42f0 {'bpp': 0.19667473919523099, 'decoding_time': 6.4272894859313965, 'precise_bpp': 0.1968144560357675, 'conv_part2_time': 7.172822713851929}
43cde7305147ab18 {'bpp': 0.16438802083333334, 'decoding_time': 5.62319540977478, 'precise_bpp': 0.16451009114583334, 'conv_part2_time': 6.372180461883545}
d63b690712c81bc0 {'bpp': 0.14603678385416666, 'decoding_time': 5.8800671100616455, 'precise_bpp': 0.14615885416666666, 'conv_part2_time': 6.5490171909332275}
3da025c7f8fd4113 {'bpp': 0.20621744791666666, 'decoding_time': 6.075147867202759, 'precise_bpp': 0.20633951822916666, 'conv_part2_time': 6.754554271697998}
8234903a8adf6d0a {'bpp': 0.14717610677083334, 'decoding_time': 5.976334810256958, 'precise_bpp': 0.14729817708333334, 'conv_part2_time': 6.610271692276001}
97f6e8d935c920f1 {'bpp': 0.12522877013177158, 'decoding_time': 6.566917181015015, 'precise_bpp': 0.12536603221083456, 'conv_part2_time': 7.3301100730896}
4ffe984820978979 {'bpp': 0.15067545572916666, 'decoding_time': 5.5331010818481445, 'precise_bpp': 0.15079752604166666, 'conv_part2_time': 6.171918869018555}
7315d2828ee3b420 {'bpp': 0.20226105845181674, 'decoding_time': 6.938017129898071, 'precise_bpp': 0.2024091627172196, 'conv_part2_time': 7.778949022293091}
e57bdc618a1129c1 {'bpp': 0.1502685546875, 'decoding_time': 5.840512275695801, 'precise_bpp': 0.150390625, 'conv_part2_time': 6.543316125869751}
d7572d8484eeccc7 {'bpp': 0.21412037037037038, 'decoding_time': 7.2990031242370605, 'precise_bpp': 0.2144675925925926, 'conv_part2_time': 8.050555944442749}
f0825d484e29f990 {'bpp': 0.12305447470817121, 'decoding_time': 5.968506574630737, 'precise_bpp': 0.12317607003891051, 'conv_part2_time': 6.673518180847168}
7c2825a3d8e0ed29 {'bpp': 0.1297584187408492, 'decoding_time': 6.683924198150635, 'precise_bpp': 0.12989568081991215, 'conv_part2_time': 7.458629369735718}
99db1a4f5cd26d67 {'bpp': 0.13339710884353742, 'decoding_time': 7.245436191558838, 'precise_bpp': 0.13355654761904762, 'conv_part2_time': 8.058480739593506}
ab097bcf997e4a44 {'bpp': 0.219343932748538, 'decoding_time': 6.702587127685547, 'precise_bpp': 0.21948099415204678, 'conv_part2_time': 7.41474461555481}
0565bcccb1266f62 {'bpp': 0.09960106382978723, 'decoding_time': 6.807102203369141, 'precise_bpp': 0.09973404255319149, 'conv_part2_time': 7.544570207595825}
55d391da105421e9 {'bpp': 0.18315336749633968, 'decoding_time': 6.252327919006348, 'precise_bpp': 0.18329062957540262, 'conv_part2_time': 7.015750169754028}
b1e5b49b153ca521 {'bpp': 0.1676470588235294, 'decoding_time': 6.225409507751465, 'precise_bpp': 0.16778492647058824, 'conv_part2_time': 6.942214488983154}
19ebf7a808dc6193 {'bpp': 0.16629616963064295, 'decoding_time': 5.869174003601074, 'precise_bpp': 0.16642441860465115, 'conv_part2_time': 6.5677900314331055}
70546e93e7207ca4 {'bpp': 0.1173780487804878, 'decoding_time': 5.232645273208618, 'precise_bpp': 0.1174819844789357, 'conv_part2_time': 5.766296863555908}
0d06df53671a61c4 {'bpp': 0.1270751953125, 'decoding_time': 5.808627367019653, 'precise_bpp': 0.127197265625, 'conv_part2_time': 6.5605621337890625}
54b350d746851197 {'bpp': 0.17159810126582278, 'decoding_time': 5.277575492858887, 'precise_bpp': 0.17171677215189873, 'conv_part2_time': 6.04061484336853}
a6ee28c427dafa94 {'bpp': 0.2051610541727672, 'decoding_time': 6.507944107055664, 'precise_bpp': 0.20529831625183015, 'conv_part2_time': 7.312968730926514}
4d55c519a24906d3 {'bpp': 0.1488970588235294, 'decoding_time': 5.105839490890503, 'precise_bpp': 0.14900519031141868, 'conv_part2_time': 5.666074752807617}
f360fb54d886b791 {'bpp': 0.16498901903367497, 'decoding_time': 6.664987325668335, 'precise_bpp': 0.16512628111273792, 'conv_part2_time': 7.3812642097473145}
69cae52ca58cfde6 {'bpp': 0.1949121522693997, 'decoding_time': 6.348867893218994, 'precise_bpp': 0.19504941434846265, 'conv_part2_time': 7.10083532333374}
81312a4dc2b6a1ee {'bpp': 0.15696887686062247, 'decoding_time': 6.127249717712402, 'precise_bpp': 0.15709573748308525, 'conv_part2_time': 6.801379680633545}
1c1d5ac729a83fe2 {'bpp': 0.16999633431085043, 'decoding_time': 6.444538116455078, 'precise_bpp': 0.17013379765395895, 'conv_part2_time': 7.205233335494995}
63ec60d943f43b72 {'bpp': 0.17162298387096775, 'decoding_time': 5.822072267532349, 'precise_bpp': 0.17174899193548387, 'conv_part2_time': 6.4839136600494385}
fc06c512eed266b3 {'bpp': 0.20484834558823528, 'decoding_time': 7.116256237030029, 'precise_bpp': 0.20502068014705882, 'conv_part2_time': 7.954883575439453}
4c16e2ea0aa559d8 {'bpp': 0.19829963235294118, 'decoding_time': 6.310879945755005, 'precise_bpp': 0.1984375, 'conv_part2_time': 7.096760988235474}
91050cbd94f33e90 {'bpp': 0.16083211143695014, 'decoding_time': 6.548354625701904, 'precise_bpp': 0.16096957478005866, 'conv_part2_time': 7.308363199234009}
8360931dafb54c3c {'bpp': 0.15303005284015853, 'decoding_time': 5.623638153076172, 'precise_bpp': 0.15315389696169088, 'conv_part2_time': 6.284380912780762}
ea276251a9a18fc1 {'bpp': 0.13753255208333334, 'decoding_time': 5.906843423843384, 'precise_bpp': 0.13765462239583334, 'conv_part2_time': 6.584031105041504}
2949f8643beefb8a {'bpp': 0.14990234375, 'decoding_time': 5.826710939407349, 'precise_bpp': 0.1500244140625, 'conv_part2_time': 6.469834327697754}
3d67b7c7f6a0ca2a {'bpp': 0.157080078125, 'decoding_time': 6.62063193321228, 'precise_bpp': 0.1572265625, 'conv_part2_time': 7.32451057434082}
e5147ab4313abb30 {'bpp': 0.2340318448023426, 'decoding_time': 6.036644220352173, 'precise_bpp': 0.23416910688140558, 'conv_part2_time': 6.738675832748413}
b02cb2358a21f9bb {'bpp': 0.13292357819905212, 'decoding_time': 5.316791534423828, 'precise_bpp': 0.13303465639810427, 'conv_part2_time': 5.863827228546143}
5a0325873e382cdf {'bpp': 0.16902669270833334, 'decoding_time': 5.987786531448364, 'precise_bpp': 0.16914876302083334, 'conv_part2_time': 6.6870033740997314}
201f7542b0206399 {'bpp': 0.058135986328125, 'decoding_time': 5.201885223388672, 'precise_bpp': 0.0582275390625, 'conv_part2_time': 5.7267961502075195}
eaf012d10410e430 {'bpp': 0.092498779296875, 'decoding_time': 5.316549777984619, 'precise_bpp': 0.09259033203125, 'conv_part2_time': 5.815850734710693}
01b95ffb7ee0752c {'bpp': 0.1951409224011713, 'decoding_time': 6.544860363006592, 'precise_bpp': 0.19527818448023426, 'conv_part2_time': 7.258955717086792}
ba718b29c6b6405c {'bpp': 0.09944661458333333, 'decoding_time': 6.056018114089966, 'precise_bpp': 0.09956868489583333, 'conv_part2_time': 6.7369115352630615}
d14608ef88c2b6c0 {'bpp': 0.15844691535150646, 'decoding_time': 6.534871339797974, 'precise_bpp': 0.15858142037302725, 'conv_part2_time': 7.305511951446533}
9fa34f43b920f689 {'bpp': 0.14750162760416666, 'decoding_time': 6.1087119579315186, 'precise_bpp': 0.14762369791666666, 'conv_part2_time': 6.770541429519653}
3b1d6bb240a0ae42 {'bpp': 0.1281862745098039, 'decoding_time': 5.826318740844727, 'precise_bpp': 0.12830882352941175, 'conv_part2_time': 6.477479696273804}
5652d58f4db69c45 {'bpp': 0.17329937845303867, 'decoding_time': 5.845075607299805, 'precise_bpp': 0.17342886740331492, 'conv_part2_time': 6.513685703277588}
d9472b848228ba11 {'bpp': 0.16594985358711567, 'decoding_time': 6.494674205780029, 'precise_bpp': 0.16608711566617862, 'conv_part2_time': 7.238529682159424}
749bd801be2b5be7 {'bpp': 0.15913899739583334, 'decoding_time': 5.9569337368011475, 'precise_bpp': 0.15926106770833334, 'conv_part2_time': 6.622305870056152}
66b306235cacf5f9 {'bpp': 0.12589518229166666, 'decoding_time': 5.719602584838867, 'precise_bpp': 0.12601725260416666, 'conv_part2_time': 6.381014108657837}
52c33abf081b58ce {'bpp': 0.12812072503419972, 'decoding_time': 5.461357593536377, 'precise_bpp': 0.12824897400820792, 'conv_part2_time': 6.216105222702026}
865b32d01309f871 {'bpp': 0.18098958333333334, 'decoding_time': 5.636556625366211, 'precise_bpp': 0.18111165364583334, 'conv_part2_time': 6.371356725692749}
20475afc076832f3 {'bpp': 0.19857247437774525, 'decoding_time': 6.65341854095459, 'precise_bpp': 0.1987097364568082, 'conv_part2_time': 7.467568397521973}
bc857cdddd5c152e {'bpp': 0.1611243500866551, 'decoding_time': 7.295605659484863, 'precise_bpp': 0.16128682842287695, 'conv_part2_time': 8.107587337493896}
65d9c261136aac6e {'bpp': 0.09151204427083333, 'decoding_time': 5.93111515045166, 'precise_bpp': 0.09163411458333333, 'conv_part2_time': 6.58514142036438}
b70defe48cbb469c {'bpp': 0.07814787701317716, 'decoding_time': 6.381434202194214, 'precise_bpp': 0.07828513909224012, 'conv_part2_time': 7.111155986785889}
30dc8f6e837f7b47 {'bpp': 0.17902309384164222, 'decoding_time': 6.55173397064209, 'precise_bpp': 0.17916055718475074, 'conv_part2_time': 7.315021276473999}
72aca4c6b3b6443d {'bpp': 0.10416666666666667, 'decoding_time': 5.7483649253845215, 'precise_bpp': 0.10428969816272966, 'conv_part2_time': 6.409532070159912}
5133bae221ba9804 {'bpp': 0.2096004243281471, 'decoding_time': 6.403505563735962, 'precise_bpp': 0.209733026874116, 'conv_part2_time': 7.1670451164245605}
db9dfdfc6f2e8989 {'bpp': 0.15543241279069767, 'decoding_time': 6.5669732093811035, 'precise_bpp': 0.15556867732558138, 'conv_part2_time': 7.285276174545288}
4f2643f408eac96c {'bpp': 0.16781166219839141, 'decoding_time': 5.982436656951904, 'precise_bpp': 0.1679373324396783, 'conv_part2_time': 6.638070583343506}
a81c0f3fce94dd29 {'bpp': 0.19766626602564102, 'decoding_time': 7.125418663024902, 'precise_bpp': 0.19781650641025642, 'conv_part2_time': 7.944052457809448}
9330ef2689faa70d {'bpp': 0.08426094890510949, 'decoding_time': 6.58543586730957, 'precise_bpp': 0.0843978102189781, 'conv_part2_time': 7.28774356842041}
7839215ca7d0abe4 {'bpp': 0.07356770833333333, 'decoding_time': 5.775645732879639, 'precise_bpp': 0.07368977864583333, 'conv_part2_time': 6.401582479476929}
fe042922e5e59e57 {'bpp': 0.19068030973451328, 'decoding_time': 6.355527400970459, 'precise_bpp': 0.19081858407079647, 'conv_part2_time': 7.113547325134277}
d0ef965076c555f6 {'bpp': 0.16720124633431085, 'decoding_time': 6.6123692989349365, 'precise_bpp': 0.16733870967741934, 'conv_part2_time': 7.369549512863159}
5748e8f05220519f {'bpp': 0.1370599739243807, 'decoding_time': 5.881284713745117, 'precise_bpp': 0.1371822033898305, 'conv_part2_time': 6.559758424758911}
57b05e17d6075bed {'bpp': 0.19332782672540383, 'decoding_time': 6.374863386154175, 'precise_bpp': 0.1934654919236417, 'conv_part2_time': 7.156683921813965}
3342fb5ed8ddff3e {'bpp': 0.07311493411420204, 'decoding_time': 6.5477821826934814, 'precise_bpp': 0.073252196193265, 'conv_part2_time': 7.2642881870269775}
8a5fa02ea9a10a3b {'bpp': 0.1551513671875, 'decoding_time': 5.740274667739868, 'precise_bpp': 0.1552734375, 'conv_part2_time': 6.453043699264526}
56df78dac066df20 {'bpp': 0.18946742313323572, 'decoding_time': 6.597653388977051, 'precise_bpp': 0.18960468521229867, 'conv_part2_time': 7.3879735469818115}
e3d9a16b0b22bb6f {'bpp': 0.16170247395833334, 'decoding_time': 5.761592388153076, 'precise_bpp': 0.16182454427083334, 'conv_part2_time': 6.481562614440918}
1d27557a986b570a {'bpp': 0.111419677734375, 'decoding_time': 5.326697587966919, 'precise_bpp': 0.11151123046875, 'conv_part2_time': 5.851925611495972}
9ad69f63471920c5 {'bpp': 0.15949853587115667, 'decoding_time': 6.573556423187256, 'precise_bpp': 0.15963579795021962, 'conv_part2_time': 7.3475892543792725}
e53ab7654c79515e {'bpp': 0.15645345052083334, 'decoding_time': 5.929538249969482, 'precise_bpp': 0.15657552083333334, 'conv_part2_time': 6.590303659439087}
10bf9872e6771d59 {'bpp': 0.15144856770833334, 'decoding_time': 5.938674688339233, 'precise_bpp': 0.15157063802083334, 'conv_part2_time': 6.574818849563599}
4cd304ae96e4a521 {'bpp': 0.18656855439642325, 'decoding_time': 6.412693738937378, 'precise_bpp': 0.18670827123695977, 'conv_part2_time': 7.167907238006592}
1d3f26dd5bbf60b9 {'bpp': 0.1899356617647059, 'decoding_time': 6.546859979629517, 'precise_bpp': 0.1900735294117647, 'conv_part2_time': 7.243482351303101}
50f99527c1738ca2 {'bpp': 0.13399251302083334, 'decoding_time': 5.580386638641357, 'precise_bpp': 0.13411458333333334, 'conv_part2_time': 6.243143081665039}
a99af9aa0557d7e2 {'bpp': 0.2218658357771261, 'decoding_time': 6.834463834762573, 'precise_bpp': 0.22200329912023462, 'conv_part2_time': 7.620675802230835}
9f352072f3069833 {'bpp': 0.22930806938159878, 'decoding_time': 6.341854095458984, 'precise_bpp': 0.2294494720965309, 'conv_part2_time': 7.111724138259888}
aec6dfe033bbf29e {'bpp': 0.1334228515625, 'decoding_time': 5.829717636108398, 'precise_bpp': 0.133544921875, 'conv_part2_time': 6.526235580444336}
b59436505aa102e8 {'bpp': 0.168701171875, 'decoding_time': 6.1114661693573, 'precise_bpp': 0.1688232421875, 'conv_part2_time': 6.767041921615601}
7995f9a6af1908a9 {'bpp': 0.18770292207792208, 'decoding_time': 7.602755308151245, 'precise_bpp': 0.18785511363636365, 'conv_part2_time': 8.397091388702393}
3e32e9ecbfeeb0f3 {'bpp': 0.16792674731182797, 'decoding_time': 5.983185768127441, 'precise_bpp': 0.1680527553763441, 'conv_part2_time': 6.764590501785278}
19682f51b9c5e5d5 {'bpp': 0.2151811859443631, 'decoding_time': 6.65462327003479, 'precise_bpp': 0.21531844802342606, 'conv_part2_time': 7.399249792098999}
da9cd4487ef468f3 {'bpp': 0.23769100169779286, 'decoding_time': 7.628276586532593, 'precise_bpp': 0.23785016977928694, 'conv_part2_time': 8.444087028503418}
b2d323f23f9490bd {'bpp': 0.15895741556534507, 'decoding_time': 6.857768774032593, 'precise_bpp': 0.15909508076358297, 'conv_part2_time': 7.6219682693481445}
501029d11db84c34 {'bpp': 0.22844985358711567, 'decoding_time': 6.800742149353027, 'precise_bpp': 0.22858711566617862, 'conv_part2_time': 7.542033672332764}
40dcb6537fe258e7 {'bpp': 0.1805750350631136, 'decoding_time': 5.962147951126099, 'precise_bpp': 0.18070652173913043, 'conv_part2_time': 6.625890731811523}
b32a25e7f0a97071 {'bpp': 0.20353190104166666, 'decoding_time': 5.46260929107666, 'precise_bpp': 0.20365397135416666, 'conv_part2_time': 6.207267999649048}
d6dffee0588ded8d {'bpp': 0.23713235294117646, 'decoding_time': 6.71890926361084, 'precise_bpp': 0.2372702205882353, 'conv_part2_time': 7.52019190788269}
