load model path: seg_Openimage/point4_lambda2_34999.pth

Evaluation of proposed methods for: X101
Settings ID: 4
VTM paramerters      : {'QP': 1, 'threads': 50}
Feature dump subsample ratio: 9
Loading pick4 ...
pick4 Loaded
811154b81acbb71d has encoded, skip it
7600d44096c169eb has encoded, skip it
905d0a82d4ead157 has encoded, skip it
e74990a1ca28e590 has encoded, skip it
e653bcd0d994c49c has encoded, skip it
2da5978fbaeaeb27 has encoded, skip it
14e47962c09f20ef has encoded, skip it
08f564cead06cd33 has encoded, skip it
98193c593546efc3 has encoded, skip it
a9e9ac505c51abef has encoded, skip it
fe38d52f824108dc has encoded, skip it
11cccfa1a061d70f has encoded, skip it
26c842753032f912 has encoded, skip it
e31449d499ef091b has encoded, skip it
c1eefc708000b69f has encoded, skip it
35eb0cbe35015800 has encoded, skip it
a97af4a11bd3a69b has encoded, skip it
356abab05ee349a7 has encoded, skip it
bc347b9d1c3e8f85 has encoded, skip it
f702b9a03693ca70 has encoded, skip it
a6076d1eda69f0f1 has encoded, skip it
589c84743f6e5c8e has encoded, skip it
7e197496d43073de has encoded, skip it
d7ef7093542a84db has encoded, skip it
1f3915bdd8737cd8 has encoded, skip it
2c14a31c745afb64 has encoded, skip it
1a4c4fabc6eed167 has encoded, skip it
27b6e610e2ebd15a has encoded, skip it
53082ecce31b23bc has encoded, skip it
ea6e2bcdc35a140d has encoded, skip it
c1e01f1afa39a498 has encoded, skip it
77417de4dd2f42b0 has encoded, skip it
60bf65604fff0c29 has encoded, skip it
36d2f7a33a9562e1 has encoded, skip it
69f3f3889793e68e has encoded, skip it
66f89c2bfbadf8bf has encoded, skip it
9ebb007efd52d095 has encoded, skip it
8df7721844b34528 has encoded, skip it
68dd8865ab4c3574 has encoded, skip it
106172bf41099725 has encoded, skip it
f7fb45fc9f5e71b9 has encoded, skip it
a5766e3ff1f5ea4a has encoded, skip it
5f98a6a9fcb28e04 has encoded, skip it
4c84d844c2688bd8 has encoded, skip it
f4d0107d198425e5 has encoded, skip it
44dba1c853605435 has encoded, skip it
579c6faafbaa925c has encoded, skip it
97e5020e168d19c3 has encoded, skip it
800ee74da18e4ed4 has encoded, skip it
6e64f997d2d451ee has encoded, skip it
cb5edca45155e5ba has encoded, skip it
504285b6a2f0cdbc has encoded, skip it
8b17a8c79a847ff2 has encoded, skip it
d14a153a8ea8ea5c has encoded, skip it
c86d87cdee705617 has encoded, skip it
2530c0af68019228 has encoded, skip it
7f9b7127d1a88a82 has encoded, skip it
01dda8e0ceb32219 has encoded, skip it
a963575061e45a3f has encoded, skip it
5d1a398730483a9e has encoded, skip it
d590148c47d27cda has encoded, skip it
8408ace13f460a61 has encoded, skip it
61366027eb85c0e9 has encoded, skip it
507818300a98ad6b has encoded, skip it
616d44cb1c7fc31a has encoded, skip it
4326d686f74f768e has encoded, skip it
dbd6c3d6a7b3ef28 has encoded, skip it
300deb052677b547 has encoded, skip it
627ae5929f890dd9 has encoded, skip it
f39d3460c2c7098b has encoded, skip it
82ce67eff0dad8f0 has encoded, skip it
6172064bbb38cafb has encoded, skip it
97b34e4a6b934a2b has encoded, skip it
d7498d66f6ad62b1 has encoded, skip it
ecab71d224ae3730 has encoded, skip it
d46add3ea59fdbc1 has encoded, skip it
04a27da7e880ddcd has encoded, skip it
9ce04ee0006a3a45 has encoded, skip it
a6851dcbf2eb75f1 has encoded, skip it
eeb18eb189719350 has encoded, skip it
5c0bd2aa437872b2 has encoded, skip it
809a9c3af507dbfc has encoded, skip it
3d8581e9881e85d2 has encoded, skip it
93ce98320f2cb05e has encoded, skip it
d27b925e9cdbcb0b has encoded, skip it
6734c320b449681f has encoded, skip it
acea112930a3195b has encoded, skip it
597dbb8cccfd1b7b has encoded, skip it
6c6c11b90a76c115 has encoded, skip it
62b3dde77fdaf0dc has encoded, skip it
3e7fbf654acfa213 has encoded, skip it
2c0e54cb2dcad01d has encoded, skip it
988323cb8718bd18 has encoded, skip it
dc75142906a58d1e has encoded, skip it
eb86d7c511ddeb02 has encoded, skip it
a0805ac4c8992d3b has encoded, skip it
23e76f8294863078 has encoded, skip it
c9553bbcd6a79660 has encoded, skip it
be44e078c50f9a68 has encoded, skip it
4fa64ef44dee440f has encoded, skip it
34aebaebe39bfaf0 has encoded, skip it
2ff8991f4bcf7079 has encoded, skip it
b5df52a953f07a76 has encoded, skip it
8157a28a69989c71 has encoded, skip it
b7dbc0cdf52d5bdc has encoded, skip it
66274ea8b6c92eb4 has encoded, skip it
b46e47f8bc4712b8 has encoded, skip it
0ffdcf14a5a31e38 has encoded, skip it
482050dbf0188b88 has encoded, skip it
fd4e1247ad0aec8d has encoded, skip it
d44801d0b7da712e has encoded, skip it
6c20acc13987c450 has encoded, skip it
ad11986bbc603a66 has encoded, skip it
cc94d1513871c552 has encoded, skip it
978904f19ea60941 has encoded, skip it
a3c49b812fc68cb5 has encoded, skip it
5a744fff7ae49c3d has encoded, skip it
b819103d6933da36 has encoded, skip it
eb82596043049e92 has encoded, skip it
c86df043fd775a63 has encoded, skip it
ac8d7fc1f41223f9 has encoded, skip it
6c1175970fef91b1 has encoded, skip it
4cf84aa31d937833 has encoded, skip it
36a1f2f6d9539824 has encoded, skip it
0f29f7f902bd5a60 has encoded, skip it
8b29fc01c8cbcb1a has encoded, skip it
a75edc99062d2500 has encoded, skip it
99eb96a4b9398182 has encoded, skip it
f6e43b2a482d9a4e has encoded, skip it
4342a7037ea1bdea has encoded, skip it
1bde6aa77c1a45fb has encoded, skip it
fb4e166b0fcf0f01 has encoded, skip it
efd4cbed58c62a88 has encoded, skip it
e7d0dde7b8712e83 has encoded, skip it
5e6ff0ca93baad99 has encoded, skip it
2e8edb16c6a09beb has encoded, skip it
6c2e8fe4349f9928 has encoded, skip it
a6cc6313fbdaef76 has encoded, skip it
fbc0f0de25fa9d52 has encoded, skip it
b3c6af94adbac4af has encoded, skip it
ce4ce5cab81c0672 has encoded, skip it
d7a672ebe49e4504 has encoded, skip it
080e040bf87a3652 has encoded, skip it
9007d38b9cfd0e53 has encoded, skip it
a8cbf71967aba819 has encoded, skip it
c555449b6fb78409 has encoded, skip it
aec7e46930318100 has encoded, skip it
599bec9b304e68f9 has encoded, skip it
3a41eb035c8a893b has encoded, skip it
5bcc87c13b42e844 has encoded, skip it
ca6017b97b93be5f has encoded, skip it
0ac51477636a6933 has encoded, skip it
37a8b48110db608f has encoded, skip it
8041aa40f427e248 has encoded, skip it
00a36f96e31731c4 has encoded, skip it
d5058059dc0ce0ad has encoded, skip it
30e6f3ca1da64271 has encoded, skip it
8120a85e31ebaea4 has encoded, skip it
cc93d0765dbefb72 has encoded, skip it
8b2d6fb8888f85d7 has encoded, skip it
ae4b5f936328666c has encoded, skip it
efa85d442d82b1d5 has encoded, skip it
66a32cf3e2fc524e has encoded, skip it
9c14f9bf3d3f68de has encoded, skip it
1175875723f994b1 has encoded, skip it
7a49b34dffef2d16 has encoded, skip it
21030307b448f406 has encoded, skip it
9c7e9f0b7713352b has encoded, skip it
74e45f4a2dc3d777 has encoded, skip it
6dfc1870c2f79a33 has encoded, skip it
e8e80cdf72a9db06 has encoded, skip it
e2903d7029b5067d has encoded, skip it
e304afc041e5c159 has encoded, skip it
51fe97432f896dc3 has encoded, skip it
25f575fb85e48d11 has encoded, skip it
c3850f8a5eaaeb52 has encoded, skip it
a51400dd646350f7 has encoded, skip it
59d89b21d30fe083 has encoded, skip it
6b4bd4c189cccaed has encoded, skip it
93512f6bdc79465f has encoded, skip it
3fbf3bd1c6910a78 has encoded, skip it
9518afa1e56dd5ca has encoded, skip it
9be2cb3c57cfcc21 has encoded, skip it
f8b5b6038fc44df1 has encoded, skip it
87b6e15d87a7d5da has encoded, skip it
48eac55851f4cd33 has encoded, skip it
37fb246561b6b46e has encoded, skip it
a9eaae4555ad0a96 has encoded, skip it
c6bbe756d89aaacf has encoded, skip it
a2473495200c1a2a has encoded, skip it
e30a9aa6cb9db693 has encoded, skip it
6173da78b2df7763 has encoded, skip it
4892cc341f32a4f3 has encoded, skip it
4288701eb6e6628c has encoded, skip it
a5d5800525959862 has encoded, skip it
119c4ed65bb2bc24 has encoded, skip it
98b010497e8bc0c5 has encoded, skip it
c411615719633555 has encoded, skip it
36d707c2a1590863 has encoded, skip it
fccf83032bda2066 has encoded, skip it
1392434aa02cdc72 has encoded, skip it
fca4cd2009062d62 has encoded, skip it
5b5ca4a35c456ee4 has encoded, skip it
ea7907d9f3cea615 has encoded, skip it
816e5c3bfc822700 has encoded, skip it
457189afaa790204 has encoded, skip it
877143d4956ef2dc has encoded, skip it
313a49ce1db7ace7 has encoded, skip it
c04beae6efd770bc has encoded, skip it
5a175741a2a390f3 has encoded, skip it
fc81a030ca408faf has encoded, skip it
5032ff6b231dfc3f has encoded, skip it
cfcf61cb3d9b2c50 has encoded, skip it
cd8cce2606f141db has encoded, skip it
b616d2befceab9a8 has encoded, skip it
b64c78ce62d350cb has encoded, skip it
4e67aea79a236b7d has encoded, skip it
f98a01e056b70647 has encoded, skip it
898890757a38a6db has encoded, skip it
1020b9690b88a2a4 has encoded, skip it
8573762933cbef9d has encoded, skip it
a1cd7fc537e61053 has encoded, skip it
ad8a5f8704a897c7 has encoded, skip it
e77d9fce44e6b4d9 has encoded, skip it
7f23e1de7320aebd has encoded, skip it
4c7e5c61e4ddb0c3 has encoded, skip it
326008ec6a706ba1 has encoded, skip it
832dfca068646e7d has encoded, skip it
ac64309938699c5f has encoded, skip it
79950fddc54c9173 has encoded, skip it
9ca17eae0e5ebb26 has encoded, skip it
631b4ea821abfaca has encoded, skip it
395e87533ebd5936 has encoded, skip it
f5cd12a4f38f3079 has encoded, skip it
3ba4133ba97cc8c7 has encoded, skip it
69974d01b659acfe has encoded, skip it
af1b9485110e6a10 has encoded, skip it
78f1a858d9f843ef has encoded, skip it
d3a1b201d30a8304 has encoded, skip it
31a34ba7f715e15d has encoded, skip it
8e1ab10d75d27bde has encoded, skip it
06bfefab10984000 has encoded, skip it
9617a823ebb6ed65 has encoded, skip it
d8cac8b54e9fa89c has encoded, skip it
27e59184c6c621dc has encoded, skip it
500ef7bbed25b42d has encoded, skip it
92f5c4d8578a2686 has encoded, skip it
10937c7dcffbb6be has encoded, skip it
7566d1756c9eadf0 has encoded, skip it
03454872a3e4b892 has encoded, skip it
ee47ccab89a75d0d has encoded, skip it
3da7da182200a0ec has encoded, skip it
3069a58c04f8ea9d has encoded, skip it
1285de557293cb27 has encoded, skip it
9b6a0e5522586740 has encoded, skip it
128bbc3d96aced53 has encoded, skip it
01ce6a0b84b8ab22 has encoded, skip it
3145aa24c245d02c has encoded, skip it
364a5583d79ef608 has encoded, skip it
750c2db95363faf0 has encoded, skip it
6f7d324c359e42bd has encoded, skip it
0cbd2a58b72ced99 has encoded, skip it
cb1abb0fc94b341a has encoded, skip it
640bc6dff7a52ecc has encoded, skip it
2dab4bf641b91d2a has encoded, skip it
dc70d4ba179015ea has encoded, skip it
f8de6c925b0dc353 has encoded, skip it
020ec13b99e2bf0c has encoded, skip it
f6d564bd1a412584 has encoded, skip it
d57d91d1406b7cfd has encoded, skip it
a544690a52cf90e0 has encoded, skip it
e4591d6eaa05e4dd has encoded, skip it
2accb1bb8d4bf0bf has encoded, skip it
534d5345916af701 has encoded, skip it
02eaecd683dbdb9f has encoded, skip it
0ef79b5cdf728e01 has encoded, skip it
4cd1f73feae81747 has encoded, skip it
103cadacd19f2c80 has encoded, skip it
6042faf71b128601 has encoded, skip it
f235b4f806d69e69 has encoded, skip it
a037ba69d6910d9b has encoded, skip it
852609e054a409d8 has encoded, skip it
6dc43511d5d4f597 has encoded, skip it
8b09e4fcc209ca42 has encoded, skip it
64342bfa9f1f2004 has encoded, skip it
aa243033bdaf2a25 has encoded, skip it
c959b01ccc0bc2df has encoded, skip it
82f1a9e2176a2145 has encoded, skip it
f9593d0a16b1d193 has encoded, skip it
18b98c98a23f9933 has encoded, skip it
5e9c429afce8a619 has encoded, skip it
510458171779d330 has encoded, skip it
33377099dedaefa9 has encoded, skip it
61250918d5d7c7e5 has encoded, skip it
79b1b74a5a8fdc56 has encoded, skip it
9f7963816508342a has encoded, skip it
1ed640a7fc509e10 has encoded, skip it
86cf240adb1303b2 has encoded, skip it
7179474f246cbf3b has encoded, skip it
68fddea7de2d2448 has encoded, skip it
145b86b6203878bd has encoded, skip it
a30d03e30dca89ea has encoded, skip it
4cd65ac4eea5fbaa has encoded, skip it
3317400486b77360 has encoded, skip it
3b0796f2f32f5187 has encoded, skip it
4bab2a5588f80c89 has encoded, skip it
7e07848e1c0bffdd has encoded, skip it
d9dc1d763cac0cc6 has encoded, skip it
96b9ed5a3a9ba21e has encoded, skip it
869c54ed7a443610 has encoded, skip it
4eee4332933c5155 has encoded, skip it
6fa1d2c9152bf37f has encoded, skip it
92a4ab794f725c2f has encoded, skip it
32e7bf6b6ab011f7 has encoded, skip it
35660928e890aa0e has encoded, skip it
f88203ea9612c95c has encoded, skip it
93bf765552443f1a has encoded, skip it
0447d80c8ce6fa36 has encoded, skip it
83fb948317b6717c has encoded, skip it
f589c79406a80c49 has encoded, skip it
3edf0ecf15f85ca4 has encoded, skip it
7a014764e3fbce5d has encoded, skip it
68350cdc4b7b0eb7 has encoded, skip it
3cf98ac0a6f4ebbe has encoded, skip it
d8dc53ff87ea8658 has encoded, skip it
c6cc72bb6764b835 has encoded, skip it
2082f35b4c16f681 has encoded, skip it
e47734b6ece6fb9c has encoded, skip it
9aebfb10e756b13b has encoded, skip it
52bf6b555e578a34 has encoded, skip it
2c5ca1adb9f4333c has encoded, skip it
3708e757215b0b40 has encoded, skip it
e066f0fe56e70294 has encoded, skip it
16774edaeacc5aed has encoded, skip it
57f9750b2efec83a has encoded, skip it
f1289343e71bddfb has encoded, skip it
8c32e7092d92fb7d has encoded, skip it
7112a4c6a5f49570 has encoded, skip it
9786df18af0b4136 has encoded, skip it
97a072affae05669 has encoded, skip it
a9c524228aecdba0 has encoded, skip it
10e90f5d96da1f09 has encoded, skip it
82a56971b857df24 has encoded, skip it
3a45f2efe2dce279 has encoded, skip it
bf96475a7122e629 has encoded, skip it
769196d5b7d25896 has encoded, skip it
381c6df321861624 has encoded, skip it
4d73be8a99a68828 has encoded, skip it
4b6d3c391753e5ce has encoded, skip it
85fdaa896d9b44b2 has encoded, skip it
478bb936baf2fb9e has encoded, skip it
7df7f347bb9f4dfa has encoded, skip it
21ad3641156a1107 has encoded, skip it
2967045b155f1623 has encoded, skip it
d79c06aadb2aa7ac has encoded, skip it
b5e808fd6164cd50 has encoded, skip it
63ff8fa943c58eda has encoded, skip it
219f6b4afc238049 has encoded, skip it
760a15c16c8e8e4b has encoded, skip it
b0d7f0c560bff574 has encoded, skip it
430631b637aa11b7 has encoded, skip it
d477a1605ef1ae62 has encoded, skip it
1bb33531383c49ac has encoded, skip it
0db3f7fb0dcdf88c has encoded, skip it
222c38d9991e97e2 has encoded, skip it
cc258d5fd4cde121 has encoded, skip it
deb9e992404b42f0 has encoded, skip it
43cde7305147ab18 has encoded, skip it
d63b690712c81bc0 has encoded, skip it
3da025c7f8fd4113 has encoded, skip it
8234903a8adf6d0a has encoded, skip it
97f6e8d935c920f1 has encoded, skip it
4ffe984820978979 has encoded, skip it
7315d2828ee3b420 has encoded, skip it
e57bdc618a1129c1 has encoded, skip it
d7572d8484eeccc7 has encoded, skip it
f0825d484e29f990 has encoded, skip it
7c2825a3d8e0ed29 has encoded, skip it
99db1a4f5cd26d67 has encoded, skip it
ab097bcf997e4a44 has encoded, skip it
0565bcccb1266f62 has encoded, skip it
55d391da105421e9 has encoded, skip it
b1e5b49b153ca521 has encoded, skip it
19ebf7a808dc6193 has encoded, skip it
70546e93e7207ca4 has encoded, skip it
0d06df53671a61c4 has encoded, skip it
54b350d746851197 has encoded, skip it
a6ee28c427dafa94 has encoded, skip it
4d55c519a24906d3 has encoded, skip it
f360fb54d886b791 has encoded, skip it
69cae52ca58cfde6 has encoded, skip it
81312a4dc2b6a1ee has encoded, skip it
1c1d5ac729a83fe2 has encoded, skip it
63ec60d943f43b72 has encoded, skip it
fc06c512eed266b3 has encoded, skip it
4c16e2ea0aa559d8 has encoded, skip it
91050cbd94f33e90 has encoded, skip it
8360931dafb54c3c has encoded, skip it
ea276251a9a18fc1 has encoded, skip it
2949f8643beefb8a has encoded, skip it
3d67b7c7f6a0ca2a has encoded, skip it
e5147ab4313abb30 has encoded, skip it
b02cb2358a21f9bb has encoded, skip it
5a0325873e382cdf has encoded, skip it
201f7542b0206399 has encoded, skip it
eaf012d10410e430 has encoded, skip it
01b95ffb7ee0752c has encoded, skip it
ba718b29c6b6405c has encoded, skip it
d14608ef88c2b6c0 has encoded, skip it
9fa34f43b920f689 has encoded, skip it
3b1d6bb240a0ae42 has encoded, skip it
5652d58f4db69c45 has encoded, skip it
d9472b848228ba11 has encoded, skip it
749bd801be2b5be7 has encoded, skip it
66b306235cacf5f9 has encoded, skip it
52c33abf081b58ce has encoded, skip it
865b32d01309f871 has encoded, skip it
20475afc076832f3 has encoded, skip it
bc857cdddd5c152e has encoded, skip it
65d9c261136aac6e has encoded, skip it
b70defe48cbb469c has encoded, skip it
30dc8f6e837f7b47 has encoded, skip it
72aca4c6b3b6443d has encoded, skip it
5133bae221ba9804 has encoded, skip it
db9dfdfc6f2e8989 has encoded, skip it
4f2643f408eac96c has encoded, skip it
a81c0f3fce94dd29 has encoded, skip it
9330ef2689faa70d has encoded, skip it
7839215ca7d0abe4 has encoded, skip it
fe042922e5e59e57 has encoded, skip it
d0ef965076c555f6 has encoded, skip it
5748e8f05220519f has encoded, skip it
57b05e17d6075bed has encoded, skip it
3342fb5ed8ddff3e has encoded, skip it
8a5fa02ea9a10a3b has encoded, skip it
56df78dac066df20 has encoded, skip it
e3d9a16b0b22bb6f has encoded, skip it
1d27557a986b570a has encoded, skip it
9ad69f63471920c5 has encoded, skip it
e53ab7654c79515e has encoded, skip it
10bf9872e6771d59 has encoded, skip it
4cd304ae96e4a521 has encoded, skip it
1d3f26dd5bbf60b9 has encoded, skip it
50f99527c1738ca2 has encoded, skip it
a99af9aa0557d7e2 has encoded, skip it
9f352072f3069833 has encoded, skip it
aec6dfe033bbf29e has encoded, skip it
b59436505aa102e8 has encoded, skip it
7995f9a6af1908a9 has encoded, skip it
3e32e9ecbfeeb0f3 has encoded, skip it
19682f51b9c5e5d5 has encoded, skip it
da9cd4487ef468f3 has encoded, skip it
b2d323f23f9490bd has encoded, skip it
501029d11db84c34 has encoded, skip it
40dcb6537fe258e7 has encoded, skip it
b32a25e7f0a97071 has encoded, skip it
d6dffee0588ded8d has encoded, skip it
0fa11f7260ffa67e has encoded, skip it
818e6f19db055919 has encoded, skip it
5be7cdc013e0dbb8 has encoded, skip it
536d4d20aa48fb9b has encoded, skip it
7853197833085b3e has encoded, skip it
868a54872acd4e52 has encoded, skip it
3fa65c1b95976387 has encoded, skip it
e6bbb9c92923ae67 has encoded, skip it
9d81ace364827f84 has encoded, skip it
92578c0159fc2c34 has encoded, skip it
d9d84574f09c459c has encoded, skip it
52af587b3c2d766a has encoded, skip it
34ad56315c274a21 has encoded, skip it
57a8861578ff45d6 has encoded, skip it
c334e712f288a24e has encoded, skip it
abd294100359484a has encoded, skip it
d95cb72e629f07dc has encoded, skip it
6d46d43a5a85ade4 has encoded, skip it
d973420311b00730 has encoded, skip it
db1af159a2c0fef4 has encoded, skip it
f3e5a4a40bb39d5e has encoded, skip it
70928d237388797d has encoded, skip it
e3afcaa1059dd5e2 has encoded, skip it
8b2ecf1bf3a03bdf has encoded, skip it
1e20429aac140db6 has encoded, skip it
e865fb50fafbb374 has encoded, skip it
956c152898884f89 has encoded, skip it
16d5bb5b203531a2 has encoded, skip it
bdc7279c04e3dc4a has encoded, skip it
9afab31afacbba12 has encoded, skip it
450360d4f08b9f53 has encoded, skip it
ecdc2feacb058167 has encoded, skip it
4acc620e57f1e5e9 has encoded, skip it
8c04f1dd20f3110e has encoded, skip it
308016d8d5122a03 has encoded, skip it
8d1e53413cd9c13f has encoded, skip it
7370846afe0569da has encoded, skip it
98d5640bd8b7ac4c has encoded, skip it
3a92d18d77511201 has encoded, skip it
1fb3ba5860c47a97 has encoded, skip it
d957035fd4b234d8 has encoded, skip it
2d609b81a696d4a3 has encoded, skip it
10c6638b30910799 has encoded, skip it
b948c61eb0b635c0 has encoded, skip it
19a9c18bb631cf3f has encoded, skip it
c393e88f5d3914e1 has encoded, skip it
a4e8f96810dab5f3 has encoded, skip it
dccd23dea2a5a3dd has encoded, skip it
df65600fd6c81562 has encoded, skip it
71df582bfb39b541 has encoded, skip it
fb5c9fd76e9e00c3 has encoded, skip it
0e708c0a75af8831 has encoded, skip it
f33f5ea96f708b85 has encoded, skip it
457bd120a6d2f542 has encoded, skip it
be84a3da54658167 has encoded, skip it
be1d215b6513ccbd has encoded, skip it
f5ec577a36fc18d3 has encoded, skip it
6193f6168b34c0bd has encoded, skip it
fc0f9e076b488cde has encoded, skip it
076d078dd863cb79 has encoded, skip it
9e7b9dd50d49c76b has encoded, skip it
63a3246b8a551a29 has encoded, skip it
c7312a8b436f5e90 has encoded, skip it
1433e4c6327f048f has encoded, skip it
b8c0e22e3ee4fcdd has encoded, skip it
739f06c22d1f1edb has encoded, skip it
2601272daf82eec5 has encoded, skip it
ae3322cdf2feb016 has encoded, skip it
976ca910c239e2fc has encoded, skip it
da95f58bf0813d29 has encoded, skip it
685b4b513f452deb has encoded, skip it
ce9ec3d3eb1b9d20 has encoded, skip it
341bafa58d2d369e has encoded, skip it
2c79c6e855e43a45 has encoded, skip it
1780fbb555087b69 has encoded, skip it
f4db8f9348f2347d has encoded, skip it
843a3e70bd9293da has encoded, skip it
a534195b0cd7ef3d has encoded, skip it
55d000ec281c48dd has encoded, skip it
0b1446991b37b4e9 has encoded, skip it
0c8816dfb22a1a42 has encoded, skip it
b88d7ed92b910aca has encoded, skip it
68f8acbfdcff8256 has encoded, skip it
6ef240521168198e has encoded, skip it
7800a47ab0f62d35 has encoded, skip it
8f5895b7b49f26a8 has encoded, skip it
35d1814542ba8e3a has encoded, skip it
e181b78f7deee9e6 has encoded, skip it
958e61368a971549 has encoded, skip it
b379bf3840aa6ed4 has encoded, skip it
5f61964dbd90b6d7 has encoded, skip it
1ce41915d7b51318 has encoded, skip it
837edc5b14bb06ae has encoded, skip it
ff0a5408ed87f654 has encoded, skip it
e247628f62639561 has encoded, skip it
2667b07b9aee53e5 has encoded, skip it
8242fc9ad687873b has encoded, skip it
21fc4e8315a8857b has encoded, skip it
42912153cba51c7e has encoded, skip it
c9432db7ea9f3d86 has encoded, skip it
8bb85a35543e18ef has encoded, skip it
1b7fae3b7e77482a has encoded, skip it
2f94574558ff818b has encoded, skip it
434d92f2b4b9a47c has encoded, skip it
4946dac2e63b6682 has encoded, skip it
beceff7b5c514d9c has encoded, skip it
5a330274338e4ac5 has encoded, skip it
cd1be6a65af72f7a has encoded, skip it
12e529ac3ceecdb3 has encoded, skip it
c68fb17ec9a67ff9 has encoded, skip it
59aeea2e6faef44f has encoded, skip it
b4cb895b4eb903a4 has encoded, skip it
ae3a7ec3ecd4fd80 has encoded, skip it
c3970f15658330d4 has encoded, skip it
6526b8060904f835 has encoded, skip it
ad9a8dc4642fc95f has encoded, skip it
54d427414623af86 has encoded, skip it
cf37c91fc145bf13 has encoded, skip it
d2bcedd6c72a3404 has encoded, skip it
104057d722f87434 has encoded, skip it
437b7d65a7d34e09 has encoded, skip it
5a4707e75b288bc9 has encoded, skip it
b63ab07c3423d7f9 has encoded, skip it
13872215d2ff41b3 has encoded, skip it
78eecf7945e7b223 has encoded, skip it
2f0a18a409d5a769 has encoded, skip it
cbb040c2319da97c has encoded, skip it
16349005622c6450 has encoded, skip it
3eaf3fe21ccbb7ee has encoded, skip it
a218759a9d1b92ca has encoded, skip it
0ebfc9f8629ebe88 has encoded, skip it
19b9ecd641b46fb1 has encoded, skip it
c0e14b46b507d273 has encoded, skip it
746b596e2148b044 has encoded, skip it
82184287a2d21cde has encoded, skip it
dc24d0bfa98cc138 has encoded, skip it
705a34e58044ec9f has encoded, skip it
296e2701210a2cab has encoded, skip it
c732909a21348e7a has encoded, skip it
cc23401cbca0e33b has encoded, skip it
4603a1e382a0d39e has encoded, skip it
dadf107423feadc4 has encoded, skip it
6ab55d63ac6708e2 has encoded, skip it
4c77c9ef015b4788 has encoded, skip it
0af4326e3db0c11a has encoded, skip it
845336059e2c106e has encoded, skip it
f17a869e39e24721 has encoded, skip it
1172ad179f7d27c6 has encoded, skip it
f12683c9889fcd1d has encoded, skip it
1904def4db553499 has encoded, skip it
94823f91e97688a8 has encoded, skip it
6a6881aefff9ad58 has encoded, skip it
ea6116391667c516 has encoded, skip it
7fef5ec6e56c5f5e has encoded, skip it
1cd8845d9ae7fe1d has encoded, skip it
c716e15e728081cb has encoded, skip it
5daafbcf76fa6602 has encoded, skip it
c0a32ea06e59d966 has encoded, skip it
d09a94b6309e4d53 has encoded, skip it
5f805386c523fa54 has encoded, skip it
2a277d57dbea96dc has encoded, skip it
571e87b93aecab33 has encoded, skip it
ae733f15aef8d723 has encoded, skip it
7c455cd7bb04248b has encoded, skip it
b6495bea7c15e256 has encoded, skip it
435d906eb2bbc878 has encoded, skip it
49d2d0f4ef95426d has encoded, skip it
1e6efc60e52f7919 has encoded, skip it
d1ef645e3687eb31 has encoded, skip it
8c7d69610416a787 has encoded, skip it
a1b2a9eba6221d3b has encoded, skip it
04bed9439a2fb06f has encoded, skip it
8a2d8999e00810d7 has encoded, skip it
7472d8899a64369a has encoded, skip it
3780423895d00663 has encoded, skip it
68f13a5f8b05eca1 has encoded, skip it
2e04fc5de4d3d860 has encoded, skip it
af01d1d9070a63b8 has encoded, skip it
17f698ec871569ca has encoded, skip it
98dd164dfd089339 has encoded, skip it
f8666195dc587b08 has encoded, skip it
f380abeff1c2838d has encoded, skip it
472433c727aa4d93 has encoded, skip it
4139dd522941dc7f has encoded, skip it
649179f339158a5a has encoded, skip it
2c9628d25f85c8d2 has encoded, skip it
6ceffe7251657e86 has encoded, skip it
5ee03b187a08d7a4 has encoded, skip it
2ab61064982a1aa6 has encoded, skip it
2431e65f68cedf63 has encoded, skip it
cea22c8817a4a628 has encoded, skip it
7fa25536f608af03 has encoded, skip it
630bf454cbb2978e has encoded, skip it
88826e53b4f36e01 has encoded, skip it
32f8b86702777556 has encoded, skip it
6ba6e6afe9964a18 has encoded, skip it
6986a2f2f3414523 has encoded, skip it
2e448a307f431898 has encoded, skip it
94aaae43e2524534 has encoded, skip it
b06615b06b6a7494 has encoded, skip it
2ce8d86313032f1e has encoded, skip it
bfdc4abc376e4506 has encoded, skip it
4b1fc77d58646a7e has encoded, skip it
fa9e8e181a72fe8a has encoded, skip it
5e1374c0e4f828fe has encoded, skip it
e085ba0bdc704f78 has encoded, skip it
7a5bff1db55e0f8a has encoded, skip it
e2086500ef12b2fd has encoded, skip it
4756eb5d588de749 has encoded, skip it
84c9c13d162d04c0 has encoded, skip it
118a6246888728ca has encoded, skip it
68aff9c12bab29ef has encoded, skip it
f2e68b84ae54e863 has encoded, skip it
daa7317a6b488e9d has encoded, skip it
328d85c3e2627405 has encoded, skip it
e16b10bb678e621b has encoded, skip it
7797489942ed7e13 has encoded, skip it
1735d6aa0d62cb00 has encoded, skip it
ed2fcee42f94162d has encoded, skip it
f0960541ceea9059 has encoded, skip it
7debed658c3834fd has encoded, skip it
10a186513f22f35b has encoded, skip it
c62de2640f49c261 has encoded, skip it
3a28cdaca4cff49b has encoded, skip it
c751fa675f2bb7a5 has encoded, skip it
0d7726d7d5cd9640 has encoded, skip it
ad603c5d675930d1 has encoded, skip it
b6210959faac5b4f has encoded, skip it
5565558abd0530a4 has encoded, skip it
d9d33382bf698c96 has encoded, skip it
4389c1833d5354d9 has encoded, skip it
a1b616760f3a3dcc has encoded, skip it
6eb70509fcd7d06b has encoded, skip it
306c1e7a9f9ccaef has encoded, skip it
1984e7726f08e72d has encoded, skip it
0344cade36bbd4f4 has encoded, skip it
dfc3dad33e71421a has encoded, skip it
1541b219611f78b7 has encoded, skip it
477ab6b26dd5a667 has encoded, skip it
2a348a08680a77f2 has encoded, skip it
81c17626b764da61 has encoded, skip it
ed4fcc1defe53f54 has encoded, skip it
aa085b73c1df05f1 has encoded, skip it
71cf58f8fb85bab6 has encoded, skip it
df6bc083494fb4a3 has encoded, skip it
8a8402b674adb7f9 has encoded, skip it
7587f5f90f7b283c has encoded, skip it
9d74d81834eb7f0c has encoded, skip it
d00abe934434f5a7 has encoded, skip it
a5ae4fe602880868 has encoded, skip it
6ec30f9682140282 has encoded, skip it
8618ec6384468b52 has encoded, skip it
4d0607cf4a201a47 has encoded, skip it
c94eb694388e68dc has encoded, skip it
27c41bbdb49d6f5f has encoded, skip it
8c3a108e102e3414 has encoded, skip it
3f9ca1232e4f225e has encoded, skip it
5c24a157dc99ac6b has encoded, skip it
a076eedadef54d8a has encoded, skip it
0f25f9ba117d9552 has encoded, skip it
9390ad8e1d1c52c2 has encoded, skip it
9ab68feecff4295f has encoded, skip it
9bb6720c02bb72af has encoded, skip it
8d16e93094dacfd4 has encoded, skip it
33a50ada2523c2b8 has encoded, skip it
295a7f2d76bcccb2 has encoded, skip it
53226f049404e36f has encoded, skip it
822fee1524d92abe has encoded, skip it
195157a8957c2b89 has encoded, skip it
afb9e722b91f70da has encoded, skip it
8a9afce290052c18 has encoded, skip it
8d55772261d8ef52 has encoded, skip it
3086056aa65f6250 has encoded, skip it
257c125a35d0f3df has encoded, skip it
f937ed6609b91eae has encoded, skip it
d7727b7fe703cfe9 has encoded, skip it
1f6886454432c317 has encoded, skip it
6efe986d0a3a4026 has encoded, skip it
f9e61241218288ba has encoded, skip it
b76711dd9a34497e has encoded, skip it
015da7bf2a2f1c14 has encoded, skip it
e6e05b56799fefba has encoded, skip it
9a3d8225ac30a8eb has encoded, skip it
004e21eb2e686f40 has encoded, skip it
40a6a19e94fa6b0d has encoded, skip it
ab242814cb23a10e has encoded, skip it
70c88bb84d24b721 has encoded, skip it
6e1b6b53c9710940 has encoded, skip it
44e9f82ee0a10d2f has encoded, skip it
4241736b450f70aa has encoded, skip it
453f8464c9d91659 has encoded, skip it
817bc2c8f5193fe6 has encoded, skip it
ab57afdde12e221d has encoded, skip it
d32dd202ccf68892 has encoded, skip it
cdd09c6c115ca5be has encoded, skip it
4bc3c44a98edb395 has encoded, skip it
fd909fb9e01535a0 has encoded, skip it
ae5097c5fe8a0824 has encoded, skip it
cd73a53b54b0d2d0 has encoded, skip it
0e6376304d9770b4 has encoded, skip it
61e5a9ac02d31d84 has encoded, skip it
b269ffc2048c3f99 has encoded, skip it
f0a2700b9aa3f432 has encoded, skip it
c1f76f9c5ec9d48c has encoded, skip it
473e4cb383a63338 has encoded, skip it
be640484d37036a4 has encoded, skip it
272b1e8e7117cfab has encoded, skip it
599085a2e59935d6 has encoded, skip it
cbe005c8b3e5730e has encoded, skip it
6bfb528ba0c5148e has encoded, skip it
8fe10f0e8b9b3080 has encoded, skip it
da7b0334042c4000 has encoded, skip it
61eafb63b683a478 has encoded, skip it
18d66c1bd3c1c8f1 has encoded, skip it
88e283eb5e918a88 has encoded, skip it
55a16decd6571290 has encoded, skip it
8d02d9a2d960228a has encoded, skip it
3a93e36443253a40 has encoded, skip it
949307588286fe03 has encoded, skip it
9bd3e32a2337f9bc has encoded, skip it
5521d835e38d5b6c has encoded, skip it
af36f6a1620e83b5 has encoded, skip it
f811d03b84214789 has encoded, skip it
cef4977e5f34377b has encoded, skip it
11e24002ee7c3ac6 has encoded, skip it
e4cfaaaa9ef168b3 has encoded, skip it
873875bcc2e76868 has encoded, skip it
0aca4dabcb743f3b has encoded, skip it
c23ec6802c1d0bda has encoded, skip it
7923f99b78a197e2 has encoded, skip it
9b769fffb1ce4378 has encoded, skip it
dd3af8799d3e154a has encoded, skip it
b3b3b0fda4faaeaf has encoded, skip it
eadaca03d2d3109a has encoded, skip it
dab2223483fd7b34 has encoded, skip it
c220369f4d5dcb95 has encoded, skip it
5abf77b29447a984 has encoded, skip it
06bdb5ea9ec0e963 has encoded, skip it
faa0453ecfeb8ade has encoded, skip it
bef3fa7d48dc129c has encoded, skip it
5f8008c17ab3fb17 has encoded, skip it
51006e6871aac2b0 has encoded, skip it
c1e5f8627fb1473d has encoded, skip it
1007a5523ecb7878 has encoded, skip it
7fbb396877dec95a has encoded, skip it
2f57550e9ac7a572 has encoded, skip it
25d107f1590c1772 has encoded, skip it
239df0636d3e6167 has encoded, skip it
4fdbd2dd57d22774 has encoded, skip it
0ad7632a3a459549 has encoded, skip it
917f46570bee4ffa has encoded, skip it
9fbcea57c04cad15 has encoded, skip it
194c5cb15b9e4e65 has encoded, skip it
305e993a9b8f4e3d has encoded, skip it
1addca5b6e7146c2 has encoded, skip it
5a830b8094480888 has encoded, skip it
52947a493071fb81 has encoded, skip it
96da9f2fb6c80b5d has encoded, skip it
288d0619abeb57ed has encoded, skip it
99deb1955879caac has encoded, skip it
0040009ad56c2bc2 has encoded, skip it
8cc5b1691b164ba8 has encoded, skip it
c52a410e3231122b has encoded, skip it
2077c0619979f100 has encoded, skip it
d62dee430af09307 has encoded, skip it
78ea5ff3a4309a30 has encoded, skip it
ceb5c04d8be5217b has encoded, skip it
a2cc7a6895e43ee0 has encoded, skip it
c27d6b84f9865268 has encoded, skip it
cd49b405c30f4927 has encoded, skip it
9d4267a1433b9075 has encoded, skip it
ba246c102bf13a92 has encoded, skip it
c5e9f2626fae4983 has encoded, skip it
d4ea88ddda738595 has encoded, skip it
8cac5e7e744d570b has encoded, skip it
0e4d2f7afc5efeee has encoded, skip it
82b48c199a4d5a8c has encoded, skip it
9db4b3227af3862e has encoded, skip it
bf7b0a5059e63391 has encoded, skip it
a6d31d4df7e598f0 has encoded, skip it
1e63c9eb0d718864 has encoded, skip it
2ad9e6bac609dcad has encoded, skip it
d8ef60631fbeb2f8 has encoded, skip it
1e54fe77eb9db77b has encoded, skip it
e0724fe8622ea942 has encoded, skip it
579c78c63faf394a has encoded, skip it
f36b098e3f8625f2 has encoded, skip it
24f8115cddfcd45a has encoded, skip it
7ee9a8a85995889c has encoded, skip it
c88aa18f9fffa58d has encoded, skip it
5df386da132b567b has encoded, skip it
48204f1b3007a6dc has encoded, skip it
bbd158981b49f3ab has encoded, skip it
db2dfb8949314932 has encoded, skip it
19aa0e0ad2fa06b6 has encoded, skip it
d8c13dba00bd5e65 has encoded, skip it
61a456f8e77af904 has encoded, skip it
5655312e24c0dd08 has encoded, skip it
93efde7b40f6e375 has encoded, skip it
316f70c3032cd5ef has encoded, skip it
dd20b8524b145b1a has encoded, skip it
e3203c62165e8821 has encoded, skip it
bdcfeb9cd9714cda has encoded, skip it
23f997d8d73c2658 has encoded, skip it
22b941f602139220 has encoded, skip it
9ff70a3ea47fffa4 has encoded, skip it
f9e884303b75dcdf has encoded, skip it
c80e081e169fd977 has encoded, skip it
e96e29141cab0bc6 has encoded, skip it
2066af927829fd68 has encoded, skip it
305ab592c38768fa has encoded, skip it
465d7e1376d96449 has encoded, skip it
dfc00511f6703aa0 has encoded, skip it
a79c779bdbf817f4 has encoded, skip it
a3519dee4cab74f2 has encoded, skip it
e6a6d650481599ba has encoded, skip it
1cd85f7cc478d905 has encoded, skip it
6810d6355c7fa115 has encoded, skip it
cee8ac4859ed4837 has encoded, skip it
8b59f142141f9203 has encoded, skip it
37313a1dd7f2fd3e has encoded, skip it
84a6467749c66076 has encoded, skip it
237da47182e417c7 has encoded, skip it
b1ebb4f51552ab11 has encoded, skip it
7d2f6df01cc15e2f has encoded, skip it
c778317137159e26 has encoded, skip it
21b97434e81b3608 has encoded, skip it
9a795bbf4e94d630 has encoded, skip it
ffe36e4c06a8add6 has encoded, skip it
c48834dbe66c4cef has encoded, skip it
f18b25be96809c40 has encoded, skip it
3b3b9931325d65c9 has encoded, skip it
5b555d3984cb0185 has encoded, skip it
71e39dffdd233c81 has encoded, skip it
7dbaee3401e010fb has encoded, skip it
43197f53dc624b26 has encoded, skip it
e00fae4855385695 has encoded, skip it
892051e01406ac37 has encoded, skip it
becc028793504bdc has encoded, skip it
52b2902289f2eefd has encoded, skip it
3c582b3bb7ab5ba7 has encoded, skip it
856d2551dc5a742c has encoded, skip it
e69447fa72692165 has encoded, skip it
99d4c191a59ff4bc has encoded, skip it
3ba77b66efaaa00f has encoded, skip it
b1d4c65a05fb7095 has encoded, skip it
a6a875a9f6d1f829 has encoded, skip it
80d95bae1387f3b2 has encoded, skip it
56da6bd244150809 has encoded, skip it
07ced255ea911d85 has encoded, skip it
dfec55965c1cdf19 has encoded, skip it
24a40d9bb9b7d10c has encoded, skip it
cb6cee09ed513c7d has encoded, skip it
9be2b3b6c6ee17e4 has encoded, skip it
96959c9cb52ba297 has encoded, skip it
2a548bd4b973dca8 has encoded, skip it
ef1c7e16c5ab4a44 has encoded, skip it
999131438180b7cc has encoded, skip it
516a089e0750d8d5 has encoded, skip it
fe8ec5d6450cd586 has encoded, skip it
96dac0044fbddc36 has encoded, skip it
43f3d79caf46169c has encoded, skip it
e6cb3db8bffb3251 has encoded, skip it
890c0bb9572b493f has encoded, skip it
c3d989f8aed951c7 has encoded, skip it
e0918dcf7f57fa9f has encoded, skip it
c8106b525cfedc83 has encoded, skip it
55caa212630a8b11 has encoded, skip it
2217a3fb6f66fdd1 has encoded, skip it
9be86e627afe9f7b has encoded, skip it
a2e7b0c82e5fbc4f has encoded, skip it
1a00488e3f3dcd42 has encoded, skip it
d7fe831fe872fa02 has encoded, skip it
99e1f3ceb30dbaa7 has encoded, skip it
46c5b09be46b9d03 has encoded, skip it
333452abf04d1b2b has encoded, skip it
075e2e6882cc0bc6 has encoded, skip it
e1bac7b81829ad6a has encoded, skip it
9e8d8bdb01938630 has encoded, skip it
e23811211571bf14 has encoded, skip it
ff3845426149abf5 has encoded, skip it
e96fe1c5acf48a98 has encoded, skip it
812c7dca53e56aec has encoded, skip it
bb884443ce2c931e has encoded, skip it
6bc17e16228c12fb has encoded, skip it
88dd32d68ea19f1f has encoded, skip it
6fcc9e08c5a6b24d has encoded, skip it
b81df1f83671d5bf has encoded, skip it
d0fe01a71f83d22d has encoded, skip it
66f3a4bec8e68cf2 has encoded, skip it
3a3d26d33f8f7a1f has encoded, skip it
a2e3f94eccba6e79 has encoded, skip it
08e585eb51cb8be0 has encoded, skip it
c8616447d48a8ee6 has encoded, skip it
983c0c2330aefee1 has encoded, skip it
6113d67b6df7437d has encoded, skip it
347ef32dfa5fdb53 has encoded, skip it
63094843f786d6fc has encoded, skip it
152adeed60a8a967 has encoded, skip it
a5f11e45949165bc has encoded, skip it
79cc12373e3461b6 has encoded, skip it
8b94d3c73ee13c4d has encoded, skip it
d65218c7b59d5003 has encoded, skip it
9085b1c48bc921ad has encoded, skip it
d7173d381b09ac66 has encoded, skip it
3f753237756c42a9 has encoded, skip it
b13bf1cb08b1dde0 has encoded, skip it
505f00d8762c07fc has encoded, skip it
fad93c74bcb1c396 has encoded, skip it
7266147ffdd00ad6 has encoded, skip it
3c78834c26d49ab1 has encoded, skip it
0d318eeb57e0d683 has encoded, skip it
4a1446f847eaa852 has encoded, skip it
563e3d7beab55806 has encoded, skip it
bcb19dc50d80a2c9 has encoded, skip it
9923ad197c945018 has encoded, skip it
2f64bfca4e0a88b6 has encoded, skip it
ef19b86262c37f07 has encoded, skip it
0f731adcd7458c2b has encoded, skip it
5c70eafd580d8b7a has encoded, skip it
c9f2720555ad7129 has encoded, skip it
84569a32d71dc720 has encoded, skip it
e6605e6670522e95 has encoded, skip it
91899fa1dd9de609 has encoded, skip it
344aeb8d4dd74ca2 has encoded, skip it
124eac87b8841849 has encoded, skip it
635b80599133b2dc has encoded, skip it
ab7ebd97843c83ae has encoded, skip it
c2866d8ee7d1b7bb has encoded, skip it
4cc6516b9be3d77d has encoded, skip it
e31c729478bc1881 has encoded, skip it
3f202743f4e65bcf has encoded, skip it
335197067b30029e has encoded, skip it
50a8e0f047581eee has encoded, skip it
2c4657c4bdff9441 has encoded, skip it
0b1fbd3ba02701cd has encoded, skip it
0572b61a4613221d has encoded, skip it
a28daae055d8d934 has encoded, skip it
9e5b6b697c59184f has encoded, skip it
31113c417de95b38 has encoded, skip it
31f80df5d45d6884 has encoded, skip it
2a6539dbfecf57da has encoded, skip it
17a7865feb7f7463 has encoded, skip it
1f8c0573a8b9a41a has encoded, skip it
382ad2b624a425e5 has encoded, skip it
3b0552d633474d44 has encoded, skip it
bc956e541ad8b3b2 has encoded, skip it
b5ddf87dc57c6301 has encoded, skip it
188901f0e42b7243 has encoded, skip it
94a0efb2383b5178 has encoded, skip it
ec7ceedf36031593 has encoded, skip it
53f1101f35de7efa has encoded, skip it
12903fca0bd997a3 has encoded, skip it
cea42081bea3bc7e has encoded, skip it
7ca21ac836ba67c6 has encoded, skip it
78204ba22763b1d5 has encoded, skip it
0841203e01749bfe has encoded, skip it
4f0641b22db0c28b has encoded, skip it
e849e2c89b6f0a22 has encoded, skip it
0e824294a2a8d4b2 has encoded, skip it
f1f7ff1db85041ce has encoded, skip it
86463a5a7dcb1a69 has encoded, skip it
8c996de282ecaccc has encoded, skip it
d0434ef27d612e96 has encoded, skip it
7fa8b4a5f88946e4 has encoded, skip it
1047925fd28f2b9f has encoded, skip it
90180ff2768e1ef5 has encoded, skip it
449af72226aad073 has encoded, skip it
19a0aafe6ab92d0e has encoded, skip it
4427b53f2c6a7d7d has encoded, skip it
83b88875c3c318c7 has encoded, skip it
b093e9da12abb173 has encoded, skip it
90191d5d074c6692 has encoded, skip it
7db5db2dd2d1850d has encoded, skip it
0d24b635e58e9dc0 has encoded, skip it
dacff59f9391a87b has encoded, skip it
14d95f7117636614 has encoded, skip it
b1c6ee138ee1a836 has encoded, skip it
10fd5df6c15ddcad has encoded, skip it
b6ad08a27473cdd7 has encoded, skip it
3306d820ba756ccf has encoded, skip it
49a5b841b1b5a740 has encoded, skip it
d3c709eca6c7e954 has encoded, skip it
d870516514e6edfc has encoded, skip it
757d492ef9ba0392 has encoded, skip it
b69301d65efaa10b has encoded, skip it
6e963fbd8ccb2866 has encoded, skip it
e4ac1e72ffae6a07 has encoded, skip it
32bbdc464dd794e2 has encoded, skip it
e2f025adbf4012b1 has encoded, skip it
7499c964889f60ad has encoded, skip it
62be1fd5efd9fa82 has encoded, skip it
286cd437015a8a55 has encoded, skip it
88d2508b4fba0184 has encoded, skip it
8e4074b076d59c5a has encoded, skip it
60630c3ad6c6fade has encoded, skip it
334d8a29d36acb17 has encoded, skip it
f26607614a896195 has encoded, skip it
521b69d595b55e3c has encoded, skip it
aec5e8773e3feeed has encoded, skip it
21ed709cb17ad45e has encoded, skip it
e0859736829e2053 has encoded, skip it
80e54b93496e1aa5 has encoded, skip it
3802c7501243b4a9 has encoded, skip it
d96609dcb5d94621 has encoded, skip it
9b363f22cb13271e has encoded, skip it
8dc48310cd96cac3 has encoded, skip it
60a88b9ecca4af95 has encoded, skip it
ce696a0b196b8e36 has encoded, skip it
c00965c19dbfc838 has encoded, skip it
eb2f2b38ef216bd6 has encoded, skip it
eb54708ac1ac9cea has encoded, skip it
282af40d0a1bf7c8 has encoded, skip it
65d506d1af76242e has encoded, skip it
fa57504997301603 has encoded, skip it
5c3b156a7de138d8 has encoded, skip it
966d44c47effc043 has encoded, skip it
ae41e7741e6f949f has encoded, skip it
09c2df4262078932 has encoded, skip it
9e98e64ded3c0518 has encoded, skip it
c45570dd07cd7cc9 has encoded, skip it
b58b805820be943a has encoded, skip it
31f1bd2ad15207ce has encoded, skip it
5be53c95ac4489ea has encoded, skip it
2bd2581bf980028b has encoded, skip it
8389085968bd2d8e has encoded, skip it
13d44d9cfdbe5ef2 has encoded, skip it
a91edddd4a19b12d has encoded, skip it
d1a9733014ce4e89 has encoded, skip it
f56ca856f3594aef has encoded, skip it
5caf44b69c9472d9 has encoded, skip it
b5cd371d7747c0d0 has encoded, skip it
3dda685b28b1c1d8 has encoded, skip it
16a44cc5af5eaeff has encoded, skip it
d475802825b0fd44 has encoded, skip it
a56e3a4768fe60a7 has encoded, skip it
24ae5f8b7c166115 has encoded, skip it
2310a9d90806ca38 has encoded, skip it
f32c09e16027b9be has encoded, skip it
5829834a1641c0f1 has encoded, skip it
29cd28f269d51078 has encoded, skip it
bf7648f1cec9338a has encoded, skip it
23fbd0b784b77bd4 has encoded, skip it
c33ea6106be50d75 has encoded, skip it
ccbbb3175f571466 has encoded, skip it
498fb020d1ffab64 has encoded, skip it
95285b98d8f7ed09 has encoded, skip it
aa9fac58019d782e has encoded, skip it
9575b3c65c80df0c has encoded, skip it
b909fcba82771323 has encoded, skip it
58530b01b352ee40 has encoded, skip it
2a509a3520ada9ca has encoded, skip it
0b5e89a49ffe9399 has encoded, skip it
662bf0ac81e57758 has encoded, skip it
c122f2b14a4c2854 has encoded, skip it
976649e55a61ced7 has encoded, skip it
ea2b24b5577f3aed has encoded, skip it
3c327279e32315e3 has encoded, skip it
bbebaeb258424942 has encoded, skip it
9e65ecd18cb2be06 has encoded, skip it
829a698741377030 has encoded, skip it
eb1f5d8c4b5a6983 has encoded, skip it
bbf6a05d2985d6cf has encoded, skip it
9781d697a67a7a83 has encoded, skip it
79b3c51ea3a30b98 has encoded, skip it
a1119d540ba829e4 has encoded, skip it
fec55bcec14b1410 has encoded, skip it
1a2ecf83645336ce has encoded, skip it
83690afefbd1f18c has encoded, skip it
905081afdc6f0682 has encoded, skip it
0a4052b537cc7e20 has encoded, skip it
10e9f40a7cc42c5d has encoded, skip it
ecef5e811a62e966 has encoded, skip it
d4c5a72898facacb has encoded, skip it
aa5b7c5cac008123 has encoded, skip it
b7fdce0968ad2f1a has encoded, skip it
ad518bb1544cf6d2 has encoded, skip it
ba50a412ee78d543 has encoded, skip it
0e18a416abe9bb9c has encoded, skip it
29de44dad7d82b60 has encoded, skip it
ec4b7129c0a0207f has encoded, skip it
ee55097d1850379c has encoded, skip it
8c67f6e6c2ca8a6d has encoded, skip it
bc2a5f48aa368491 has encoded, skip it
d0126450df22f1ae has encoded, skip it
c606251b2aeb3ce3 has encoded, skip it
a7d981f83b64a928 has encoded, skip it
0305bdf30d1d0d2a has encoded, skip it
b61d96ab12986ffe has encoded, skip it
8878475a05843632 has encoded, skip it
0b9aec984321bf53 has encoded, skip it
b735c266429214b1 has encoded, skip it
44515e328e4d619d has encoded, skip it
01cc041f0962d41c has encoded, skip it
2a50424b3263655e has encoded, skip it
cd9857ded33c82ba has encoded, skip it
844f6f37f208f932 has encoded, skip it
4c51245ba5f39ce5 has encoded, skip it
cba62e6391b8d6e1 has encoded, skip it
9c14fbd510d0584c has encoded, skip it
f811b7056327f050 has encoded, skip it
9c5e87b8b0402568 has encoded, skip it
d4f7a85da4ae63d3 has encoded, skip it
4eb2bf7dc6469b8a has encoded, skip it
61de60ac57ed9a78 has encoded, skip it
7f41370fa8018909 has encoded, skip it
a5c88f3fd6ed0c54 has encoded, skip it
4758f3c9ad411fa7 has encoded, skip it
2a97cdbc328f153f has encoded, skip it
555be2a0682db70a has encoded, skip it
13117867bc5fc705 has encoded, skip it
f4fbce82edd64d26 has encoded, skip it
9db0a33a05891e0f has encoded, skip it
568c33e4a64568fd has encoded, skip it
7d2f4c02b8c06b4d has encoded, skip it
9a295a9b2b714001 has encoded, skip it
91ad9c13d2a52375 has encoded, skip it
de5f41e9f8b2512a has encoded, skip it
2fd31c13d1a5fdb3 has encoded, skip it
54deb55282cd961c has encoded, skip it
279e504068417a59 has encoded, skip it
3814b36de800f699 has encoded, skip it
095f5811dda803de has encoded, skip it
d1cac022e90206b2 has encoded, skip it
16bb316c7c76b5a5 has encoded, skip it
45de55405fcf44e5 has encoded, skip it
9d062924c3544cee has encoded, skip it
e5531523af677311 has encoded, skip it
012dc31b561d4214 has encoded, skip it
3634979d35813305 has encoded, skip it
935ddd7147973bbe has encoded, skip it
4ba13e59efac5d95 has encoded, skip it
8179463a99757b11 has encoded, skip it
e039a6b738ffea33 has encoded, skip it
ab3cd8eaf400369b has encoded, skip it
af0af3702109e372 has encoded, skip it
a4bfedde6593c242 has encoded, skip it
0dbd358b804cdc0d has encoded, skip it
a534a66dbc1710c1 has encoded, skip it
d8c6721c58e73db8 has encoded, skip it
feb3f8fd27b91d6e has encoded, skip it
877bbb533cb886ec has encoded, skip it
129d098f401181ed has encoded, skip it
8ea0e36018513b71 has encoded, skip it
28bd1f48bcaf6492 has encoded, skip it
ec54e8eb3ba51fd9 has encoded, skip it
031720efe00a754b has encoded, skip it
d458b66ae00e6d3d has encoded, skip it
b0332967bb3702d4 has encoded, skip it
26466fd83b52f677 has encoded, skip it
0779be77edff200f has encoded, skip it
7d41596df966700d has encoded, skip it
58b8aa3348f819af has encoded, skip it
a4eb98dd418e75fe has encoded, skip it
0a877314ca2039d9 has encoded, skip it
a33960fac17b4d49 has encoded, skip it
cab297e0bc7bdc6c has encoded, skip it
dcd6993b977ba930 has encoded, skip it
d3f6bc7d12972707 has encoded, skip it
a3ff9a2f03ee6f85 has encoded, skip it
e6e289bb622a17ae has encoded, skip it
f16ac84c228df783 has encoded, skip it
aa4ad708459aeafe has encoded, skip it
873bf7fcae5925ba has encoded, skip it
9b7b64ac71066255 has encoded, skip it
222acfb0975199b1 has encoded, skip it
021fffa3d66f9b77 has encoded, skip it
8ff164d554186670 has encoded, skip it
541750198e8ce193 has encoded, skip it
6ea72647c8d4f91f has encoded, skip it
6c6bab990f122299 has encoded, skip it
0173241beb1633e9 has encoded, skip it
6f2d35bd5730e668 has encoded, skip it
d092c9ccddb7e845 has encoded, skip it
238a4fe184791234 has encoded, skip it
2a1dd6244c9d21b8 has encoded, skip it
3b06d577ea361c92 has encoded, skip it
c6e9341cd8fe6ad6 has encoded, skip it
4039d48f06a3c33a has encoded, skip it
1ac105617905db2e has encoded, skip it
437e54f93e9b591c has encoded, skip it
d2552b132168a209 has encoded, skip it
7892b92820a83878 has encoded, skip it
5b84b7be60044bce has encoded, skip it
bef520975d1d2719 has encoded, skip it
4be0588696d62c3d has encoded, skip it
22efde6e6f42729b has encoded, skip it
da5091f614da264f has encoded, skip it
330b0cc5e49daac6 has encoded, skip it
a34275c238d98efa has encoded, skip it
3a511ef0f68cc438 has encoded, skip it
231e06d3caeb8fde has encoded, skip it
aeb082b467a2c39e has encoded, skip it
2c209664cc9be9e6 has encoded, skip it
87499a5718f810e2 has encoded, skip it
9ac03cfd484bb547 has encoded, skip it
b4c2dc20a767b75d has encoded, skip it
f7e5307116d5c3a7 has encoded, skip it
dc6da9f51884226e has encoded, skip it
fe5c0bb0751ddcfc has encoded, skip it
c66f4b5f59d72dbb has encoded, skip it
4aa41977cb5e31c7 has encoded, skip it
1cdd5f88863aec33 has encoded, skip it
43937ce492369f49 has encoded, skip it
7b6eed2a50ffd046 has encoded, skip it
14be91e9e9170798 has encoded, skip it
f9d91d7df7986427 has encoded, skip it
5e7860330b1ce233 has encoded, skip it
ea97b1dec1efeff6 has encoded, skip it
6c905e3fd7aefe1b has encoded, skip it
0ee38e79c504fe1c has encoded, skip it
43272f46080bb341 has encoded, skip it
a23c8951dc4fe78a has encoded, skip it
8d922247dbc82ade has encoded, skip it
6bcfd656708d25e2 has encoded, skip it
39a423300ec3027e has encoded, skip it
eaf486938b0cd73b has encoded, skip it
db3815214dea99d2 has encoded, skip it
49c4c823aaf4db99 has encoded, skip it
922d30b8769c19a1 has encoded, skip it
dfba1d5d6c26260f has encoded, skip it
c2903d2af8e7d010 has encoded, skip it
b4c7d3bc294ce9b9 has encoded, skip it
050e8ca25cd35ba5 has encoded, skip it
f53398318746db35 has encoded, skip it
d1f904232eb8451b has encoded, skip it
14b32f838a0ed041 has encoded, skip it
2d6ca3bfb69477e9 has encoded, skip it
1137e8fdcdfb2976 has encoded, skip it
2aacbe29eee34844 has encoded, skip it
59730ff54cda6627 has encoded, skip it
abc2f1094f20ab42 has encoded, skip it
68e14a4429132391 has encoded, skip it
027cffb13d932cf2 has encoded, skip it
26557008b4fcf408 has encoded, skip it
95cb7a8fde2e1170 has encoded, skip it
c61700049325c9f5 has encoded, skip it
1669e43ee806f539 has encoded, skip it
98da3285b4311352 has encoded, skip it
fd4aae869b339a66 has encoded, skip it
c47d2dedc6dc0c70 has encoded, skip it
e4f3efefa52da413 has encoded, skip it
02da35e6e72d6816 has encoded, skip it
3ec2b4d262e2ac4c has encoded, skip it
be9b0c5a015cf018 has encoded, skip it
50af10820920446e has encoded, skip it
3ece3f1f28d6f27b has encoded, skip it
afea620099754710 has encoded, skip it
a18f499eef0fd602 has encoded, skip it
309d8afcf4ab8792 has encoded, skip it
3b593df0c7287c7c has encoded, skip it
ef186957899d1cd8 has encoded, skip it
416fbffd3f0c8726 has encoded, skip it
25f6c6dcf46bcb29 has encoded, skip it
64a532b45a7f529b has encoded, skip it
aa10494564a33c4d has encoded, skip it
ef0d8d1a8cee60ae has encoded, skip it
bb5efeb1d4e71c33 has encoded, skip it
86a86a48ac41eac6 has encoded, skip it
a83d31d69e28914b has encoded, skip it
db7af132fd1170d2 has encoded, skip it
c0818fa38d34f5cd has encoded, skip it
2a3513ff487baa5e has encoded, skip it
78009ddd7e091570 has encoded, skip it
92eb72d6587bfbf9 has encoded, skip it
f556a3218f311605 has encoded, skip it
868fec0fe30f68a2 has encoded, skip it
dba4a819039e4f22 has encoded, skip it
0cc8f7b633931d43 has encoded, skip it
6fda116c58b23aef has encoded, skip it
277c5184820c048f has encoded, skip it
84ce6391a83edc87 has encoded, skip it
e8cb0ea3697ea480 has encoded, skip it
99572a40f5bddc95 has encoded, skip it
e657b3ad5819e32d has encoded, skip it
43b63b93b08622f8 has encoded, skip it
9252f5f8126898aa has encoded, skip it
62f354d9f1b2bae1 has encoded, skip it
ed073ecae60a50e8 has encoded, skip it
9c24df5eddbac91d has encoded, skip it
0afaaa3cfae6579e has encoded, skip it
95c11dbb3f5ebe2e has encoded, skip it
2201700ef86fd8c1 has encoded, skip it
67351b0a52b32fcd has encoded, skip it
89764e8a2196a96b has encoded, skip it
444183da0584478c has encoded, skip it
a7d7426c47a5472c has encoded, skip it
0ed1db765472b01e has encoded, skip it
3fe67f409f9db441 has encoded, skip it
6cb063cafc3213fa has encoded, skip it
9538327b671275d0 has encoded, skip it
9a4ba3defe7af18b has encoded, skip it
448a11c4a72c2dda has encoded, skip it
e7c0b8c9b1d1bc04 has encoded, skip it
7cd3726cefd5dcc3 has encoded, skip it
5e505f5851035415 has encoded, skip it
24caecc398559755 has encoded, skip it
d48da3382d52ca0f has encoded, skip it
6ded9df660ca3f9c has encoded, skip it
baa921f3b5c80cbe has encoded, skip it
b6bdf32a0a596be9 has encoded, skip it
b5bbb96eefd779eb has encoded, skip it
0413f9c94df7ebcb has encoded, skip it
3f8b2a35be3341ae has encoded, skip it
6b314080cc535053 has encoded, skip it
c583a033520660da has encoded, skip it
0a78374f2d3949ae has encoded, skip it
bc7d791072a0e05e has encoded, skip it
2add2f43a580c9fd has encoded, skip it
c7de090c83411fd2 has encoded, skip it
41d377c422fd455d has encoded, skip it
c688e4d09590ef96 has encoded, skip it
f4360a78d152b01d has encoded, skip it
27b01a51a7b0538c has encoded, skip it
89f400b4bfb15e3b has encoded, skip it
3f10138eb086f2e9 has encoded, skip it
e57171ddb998429c has encoded, skip it
1b2eca4d58f035b4 has encoded, skip it
a89863fc9647aa52 has encoded, skip it
dfef0ad3224d9200 has encoded, skip it
5dfb639b0462ca3f has encoded, skip it
92b853bfb23bc1dd has encoded, skip it
ed39ece290eabd5d has encoded, skip it
6142543e417e4688 has encoded, skip it
bf1ab098c457edd5 has encoded, skip it
1ea67bf7a689c499 has encoded, skip it
ece5e955270b0658 has encoded, skip it
9c5da2804d0c0ba1 has encoded, skip it
53708238431a4e8b has encoded, skip it
c16ef3bba88dcd60 has encoded, skip it
2ff8bd6655f80049 has encoded, skip it
ee2642b6e7174e44 has encoded, skip it
31128c23066173b7 has encoded, skip it
7e9c5acdbdcd2381 has encoded, skip it
adbb3cf376f76ad4 has encoded, skip it
dd8a7bf210628fd7 has encoded, skip it
df95828824c71f80 has encoded, skip it
192b8cd47f52ac88 has encoded, skip it
8f02296afcc09f59 has encoded, skip it
40a69f79da2aeaaa has encoded, skip it
1c6cef0118791af9 has encoded, skip it
3cbe64aa3e4ee0b7 has encoded, skip it
4b00a3af27c5b2c6 has encoded, skip it
7f9a8638c2b51799 has encoded, skip it
a8e1f123462f278a has encoded, skip it
fb6e35f4e8ad790f has encoded, skip it
bc2a6081aaebafbb has encoded, skip it
935a66f5ca2cdd3f has encoded, skip it
58f48187d94f8419 has encoded, skip it
1a164284f6016581 has encoded, skip it
ac7750084cb4dee8 has encoded, skip it
9c29ad5191f771c7 has encoded, skip it
0e3a594ea52ffed1 has encoded, skip it
ca2c32172d0007c0 has encoded, skip it
c7803107deac5ad4 has encoded, skip it
e7ee4a4b6d2f1225 has encoded, skip it
ef14626d95f156e5 has encoded, skip it
60a6d66a6f11ba10 has encoded, skip it
fe0b33dea7493348 has encoded, skip it
d3d2212a28e9b5b4 has encoded, skip it
a0d143b2e76221c4 has encoded, skip it
04be7b092fc84c8d has encoded, skip it
ac2f1ed4f3dfd70f has encoded, skip it
25ed7716e4ebff68 has encoded, skip it
15a16396c6dd9b84 has encoded, skip it
03df40e50dfc9098 has encoded, skip it
62184fd40e2f307d has encoded, skip it
cc627ec7e5dbbb6e has encoded, skip it
aff3daf7ce417304 has encoded, skip it
d4c9a417b5e7ba37 has encoded, skip it
ce1381e6d75dd695 has encoded, skip it
30684018da0c5afd has encoded, skip it
7286c5d8fb0317de has encoded, skip it
33c82eb81dcaa202 has encoded, skip it
0ff7b20334c7e692 has encoded, skip it
eae76ab21717df53 has encoded, skip it
fe6a2debc2901252 has encoded, skip it
862f34c378f79fd7 has encoded, skip it
d6a1b22f0286b778 has encoded, skip it
383448960331150a has encoded, skip it
aa4206ef127b7fd6 has encoded, skip it
b405fc310b579e48 has encoded, skip it
3b8e9d5a647d94d1 has encoded, skip it
8e2e2396392d71c6 has encoded, skip it
c61866ee67153b4f has encoded, skip it
6b298b733869bcec has encoded, skip it
a56973cf50a58c34 has encoded, skip it
7d2858f9cf38f127 has encoded, skip it
e1e863ea1a8d6ada has encoded, skip it
43b91aa35019ffb6 has encoded, skip it
b37aef35ec0ad8ce has encoded, skip it
57005e7ca1ca7143 has encoded, skip it
1257708685a3be0a has encoded, skip it
8876d5fc8cb4bcf4 has encoded, skip it
48adfd99718908ce has encoded, skip it
eb5302d48f857eb2 has encoded, skip it
4936ddb01d7f097a has encoded, skip it
fa73cdcc98372ec6 has encoded, skip it
a61ac2bd6c0fbe6f has encoded, skip it
c2320a636559140d has encoded, skip it
ceacbb1603b960ec has encoded, skip it
af930390e202a313 has encoded, skip it
e2603741b2d5e36b has encoded, skip it
708c10773d7e987c has encoded, skip it
224143693113df5d has encoded, skip it
6ee0139a7812cb8b has encoded, skip it
c705061238b1fe30 has encoded, skip it
d3d276fdd1baebcd has encoded, skip it
e3f2995cf9135eaa has encoded, skip it
5a836eabb9c7edbd has encoded, skip it
4d57648cbc715f17 has encoded, skip it
6c82dbfb56d70187 has encoded, skip it
5e79c4f97fa3ff87 has encoded, skip it
f00bd435808c9081 has encoded, skip it
e8900b7ce86475c5 has encoded, skip it
c6a7016c62ecf311 has encoded, skip it
f5f2decfd4122750 has encoded, skip it
dbe2ae8c1c07b4fb has encoded, skip it
609c6e692d864760 has encoded, skip it
8c1b43681b48fa66 has encoded, skip it
fa920a2b61c01acf has encoded, skip it
33425d3e9058ce29 has encoded, skip it
708a077a553ade43 has encoded, skip it
9cea42d857941f46 has encoded, skip it
1197a77c28821cff has encoded, skip it
87ea34b7a6c3838c has encoded, skip it
2a11356347e9b27f has encoded, skip it
e0abb2f40723b9d6 has encoded, skip it
0a563d05ebab4fe3 has encoded, skip it
14752fa2e02fa03a has encoded, skip it
78f2c3f1b0899c09 has encoded, skip it
c99db9c3802cb506 has encoded, skip it
e75ba88606624cfc has encoded, skip it
b11b27c60ecb6c73 has encoded, skip it
6a4747066ffd113f has encoded, skip it
760db1c5288a8f84 has encoded, skip it
f4246a72d717ca99 has encoded, skip it
cdbdcb64d5e25fb9 has encoded, skip it
7b4e86e1c94d65de has encoded, skip it
5cdfdce76b1c243f has encoded, skip it
0614bb3e0a552a9f has encoded, skip it
c8acead6ebdd6dd8 has encoded, skip it
4039b8cc5d440313 has encoded, skip it
55709f00b158ee38 has encoded, skip it
f7d8449e6d574541 has encoded, skip it
8471c424efd9358b has encoded, skip it
ed8c8cbff74c7ad1 has encoded, skip it
074524fc2d1b38c5 has encoded, skip it
96adfeab42d0da44 has encoded, skip it
39ccf0881b614f5c has encoded, skip it
1ee26fb57cff4510 has encoded, skip it
5dd9dba075a55dc0 has encoded, skip it
013b99371484d3d5 has encoded, skip it
d969ad81ed7c0bbc has encoded, skip it
aac1aaaf824b63dd has encoded, skip it
0f652279008e03d8 has encoded, skip it
f481043fe65626d5 has encoded, skip it
3fefc0feb476ed7e has encoded, skip it
d98bbbc183a4c285 has encoded, skip it
4129d09381a537a1 has encoded, skip it
f5d4b977e657f7d1 has encoded, skip it
ed4ea185d70e8b7d has encoded, skip it
069dd1fac4645473 has encoded, skip it
fed5ef790d653fde has encoded, skip it
e802f2c2d602ebee has encoded, skip it
d72175fe6f73495e has encoded, skip it
d52f68ba4a1d8bdd has encoded, skip it
7807f5e81d9c6d72 has encoded, skip it
a9e2202c55ebf5d7 has encoded, skip it
2b01260094251529 has encoded, skip it
bc1dfc4050f7c681 has encoded, skip it
e03db3c78623522b has encoded, skip it
8ad67ad3a1cebe03 has encoded, skip it
181241d4bb553afa has encoded, skip it
e91870c9dffbc26a has encoded, skip it
c4675c9fec56c88a has encoded, skip it
edcc25e8e53bfa61 has encoded, skip it
25a694ee730ba3c2 has encoded, skip it
e175f654ff60e484 has encoded, skip it
db4ad43192efc574 has encoded, skip it
41252915ac13a574 has encoded, skip it
363120fc9606aa3e has encoded, skip it
e4dce529abb3c3a9 has encoded, skip it
5208364d33599ff7 has encoded, skip it
c0f0bb3f4f91a728 has encoded, skip it
05ae3737394ad03a has encoded, skip it
f729ed16dcb135f2 has encoded, skip it
44fdcfa6f91586fe has encoded, skip it
4c305b01b7b39337 has encoded, skip it
ba63350c7bd6d739 has encoded, skip it
1ec9c56575adf1c5 has encoded, skip it
02eb8d9a3e34b370 has encoded, skip it
57f93297d1dc6cc3 has encoded, skip it
f20ad0993878c427 has encoded, skip it
eee6b7c34d84c9ca has encoded, skip it
f38fe9900e22b350 has encoded, skip it
0515eb8d42f77988 has encoded, skip it
e3a105756dfc8062 has encoded, skip it
6f9b7183f5e009f3 has encoded, skip it
71d4905fad74916e has encoded, skip it
9e0d20b6184e1da5 has encoded, skip it
1f2532d7cc2211a6 has encoded, skip it
cc6425ae40c5ab3f has encoded, skip it
23c4936af39bedc9 has encoded, skip it
e46753affa49196c has encoded, skip it
69e8dc2d99fe5bc1 has encoded, skip it
3aa0e7de9aa1d4b7 has encoded, skip it
8f852e7485428806 has encoded, skip it
07d9aa5ff1b269c8 has encoded, skip it
48abd1db27d7de96 has encoded, skip it
ad6a4b8bfef7ceac has encoded, skip it
4dbe72e07ece9d4c has encoded, skip it
6659e3db72bce57f has encoded, skip it
b882ab13e099cece has encoded, skip it
c533c5cf9e9558b5 has encoded, skip it
96c70156ffb9cbad has encoded, skip it
5d7cc63860439b8f has encoded, skip it
42298c9659ce6603 has encoded, skip it
6aa34f75d024907c has encoded, skip it
a5ce2ce1496aed96 has encoded, skip it
9ff162e21fcba634 has encoded, skip it
64b3f14870c4c2de has encoded, skip it
2ff8fd5d95b7ea73 has encoded, skip it
0471d3e80e3b5a37 has encoded, skip it
181e20b906071e7c has encoded, skip it
0f340f00491b9231 has encoded, skip it
0e8e562e1e54f38a has encoded, skip it
90a35ace03da9909 has encoded, skip it
c79e422551c56a8e has encoded, skip it
83aae7915aabcbd8 has encoded, skip it
f73b5ab96e12a7c2 has encoded, skip it
0486a16c2b463778 has encoded, skip it
90c7d4c7ca26197b has encoded, skip it
0c15cbc55d7be54b has encoded, skip it
e988af41482a8fe7 has encoded, skip it
cef3e282c63b2686 has encoded, skip it
e8e3d161445a72ee has encoded, skip it
0c9b2fa4f623f229 has encoded, skip it
997c98431fcf08b3 has encoded, skip it
6dbf3dc50ed63189 has encoded, skip it
486be6f4be1dbde7 has encoded, skip it
4a4ce2b725d3034c has encoded, skip it
474d01057a719339 has encoded, skip it
356673d514d13bea has encoded, skip it
d505165964a68cb4 has encoded, skip it
1a99f1d34f02d628 has encoded, skip it
0cf1810cce054319 has encoded, skip it
89e4c20d726dd643 has encoded, skip it
a19ea8b9aa84053f has encoded, skip it
45e2c1cd7dabc4a3 has encoded, skip it
022caa5e84da4026 has encoded, skip it
2a2af82043d0c6e1 has encoded, skip it
dd424886ee4db1df has encoded, skip it
b56c1e83147b4608 has encoded, skip it
13c9662c4eb4634a has encoded, skip it
6f69ce7b3af41428 has encoded, skip it
f1651ffdb52b9991 has encoded, skip it
0273f487d52c16d2 has encoded, skip it
871feb57667c0288 has encoded, skip it
933db5e8ec6ba110 has encoded, skip it
f6e624540c34ea59 has encoded, skip it
ff05a3754a8e7247 has encoded, skip it
79445a6e49ee53b9 has encoded, skip it
300727b45af6de47 has encoded, skip it
5ab0933fb15db43d has encoded, skip it
289082c48549ab9d has encoded, skip it
204018b7889eb826 has encoded, skip it
06b024413ad385a7 has encoded, skip it
84c3ad460ced2ad9 has encoded, skip it
5b545bb70197f7ae has encoded, skip it
37c731440745f2cd has encoded, skip it
5b1d138d06e98ea8 has encoded, skip it
3728914be4a6f601 has encoded, skip it
01bf00da5f94e942 has encoded, skip it
8ea4b15595293037 has encoded, skip it
c9c492853eb2af36 has encoded, skip it
1ec09605382cdc53 has encoded, skip it
37ca607e77f07901 has encoded, skip it
52459c8e4e4d7aad has encoded, skip it
361ee97c002974fb has encoded, skip it
51a0d12e084aeced has encoded, skip it
bfaae3db9126ecf1 has encoded, skip it
1fc28b889734095e has encoded, skip it
c073c3cf1ff452ec has encoded, skip it
9aea7f9fcea795d1 has encoded, skip it
f90eac5444f62b19 has encoded, skip it
e6aefacfb3386784 has encoded, skip it
3648c61dbe4961f5 has encoded, skip it
8545bd276f287ca7 has encoded, skip it
ceeae3ad5d3cd431 has encoded, skip it
e5723e27bbb2f231 has encoded, skip it
e97c33fb1147a86e has encoded, skip it
329f259f5094b9aa has encoded, skip it
00a3654c1cf00d11 has encoded, skip it
d818030c3f473014 has encoded, skip it
bd3013a0ef68dbc7 has encoded, skip it
0c3faec726e97005 has encoded, skip it
c0ee02c8162c7262 has encoded, skip it
295c5ba37ac90882 has encoded, skip it
3b83a6022f0874be has encoded, skip it
e00bc59810c30209 has encoded, skip it
6d172bf08dd36382 has encoded, skip it
791ed829f0165527 has encoded, skip it
b620ae0dea863c6c has encoded, skip it
9e29ad9af15c8e4a has encoded, skip it
5f5650d4eef349dd has encoded, skip it
c79d35d63d808405 has encoded, skip it
b47b76c1f18cc85f has encoded, skip it
d7a6595e85a6eed9 has encoded, skip it
72ee2f15b5bdf139 has encoded, skip it
3d782576a4e22fd0 has encoded, skip it
ef01c29b8f3d4456 has encoded, skip it
b5391851295654f8 has encoded, skip it
254f52cb621f1094 has encoded, skip it
44c1b6af2ff1a766 has encoded, skip it
211c8f93de48bafa has encoded, skip it
243a91ffe8b682dd has encoded, skip it
e1ee8fe71643457f has encoded, skip it
8425f28489e7b87f has encoded, skip it
aea240bee3b40630 has encoded, skip it
90ed579e04c8b872 has encoded, skip it
1ae7acb50ccf3842 has encoded, skip it
7435da48b4a180bf has encoded, skip it
779aa089b46c110c has encoded, skip it
9e00d64486e2cade has encoded, skip it
12239002c98be18e has encoded, skip it
97cdd7ac9777dd7e has encoded, skip it
1f0acff9c9e03b5b has encoded, skip it
bd9a22275c211793 has encoded, skip it
9a716890c5e81744 has encoded, skip it
cd15d27d6e32fee7 has encoded, skip it
40d83623c7fe5353 has encoded, skip it
6198f746bcfb1667 has encoded, skip it
a3aade02e5418967 has encoded, skip it
791c4a0fb354f2b6 has encoded, skip it
ae58a6fa7d12ea50 has encoded, skip it
64c15fa418c86af9 has encoded, skip it
7049936bc7534a2c has encoded, skip it
21cad11696b556f9 has encoded, skip it
1e413b62d1a7aab3 has encoded, skip it
66913729a0c61b51 has encoded, skip it
09f8e760f60df0da has encoded, skip it
a9a1bda7e943bb4e has encoded, skip it
ef99bda28781df05 has encoded, skip it
698bec371e04b1b1 has encoded, skip it
31d7a828a6eb7961 has encoded, skip it
e8f271d87b305ceb has encoded, skip it
39e0f4086771cca5 has encoded, skip it
44221f31a243f493 has encoded, skip it
2ca2d110708d96b5 has encoded, skip it
7987e74bb1b88177 has encoded, skip it
407f17aef1998eae has encoded, skip it
4bca989809eb2c5c has encoded, skip it
87fb3a0ec096290f has encoded, skip it
7d9a7e679b39765c has encoded, skip it
3e852735df3b8d7e has encoded, skip it
8d207f7ea5da29f1 has encoded, skip it
6d18e059b87d3c82 has encoded, skip it
c350de51c9fdbd43 has encoded, skip it
2c4683b139ff1685 has encoded, skip it
fcd8e2b5f3ac7a9e has encoded, skip it
917762a70b7cfcda has encoded, skip it
4cab3bc4ea23226e has encoded, skip it
f3993d22315ea6ee has encoded, skip it
e87c59db2252ac71 has encoded, skip it
c7a79f9e87286930 has encoded, skip it
341d697a9bcf375f has encoded, skip it
42f45a019f1debc3 has encoded, skip it
cc1d668c22d3a1a4 has encoded, skip it
9c6eb3ecb32f50b6 has encoded, skip it
8afd2f0e67254343 has encoded, skip it
a7cfbc86b2e11374 has encoded, skip it
984127def1f87734 has encoded, skip it
363c92c6711e4380 has encoded, skip it
8d3142853f95bb80 has encoded, skip it
b51523fc03b0d797 has encoded, skip it
d417b15a41341779 has encoded, skip it
03cb0e5ef257ad9e has encoded, skip it
67690c947e54921e has encoded, skip it
9ba1e9092001d733 has encoded, skip it
0e8d55f67017c922 has encoded, skip it
29e6f784388bb2e9 has encoded, skip it
186d668b88451394 has encoded, skip it
c2cc34a1a8667c02 has encoded, skip it
ad08afb5c0f5bb34 has encoded, skip it
b64cfd923ee36e73 has encoded, skip it
3f244d0cd047e3b7 has encoded, skip it
cf5a7db2da4df56c has encoded, skip it
0a4abf0a8071b917 has encoded, skip it
f815b810f228a394 has encoded, skip it
19aaf40e64cdfb7b has encoded, skip it
a35b1b5130efacea has encoded, skip it
1e562f3c555fc643 has encoded, skip it
9b0912a0eba82777 has encoded, skip it
a008a70a141121a8 has encoded, skip it
6eea32d0b97025a4 has encoded, skip it
71bbe4e8fe561081 has encoded, skip it
40d86cb36246475d has encoded, skip it
93ff8fc106d9e401 has encoded, skip it
e918ca45aa73171c has encoded, skip it
ee5fc4c50bc988d9 has encoded, skip it
b07d9761a2fc0ca7 has encoded, skip it
496f2bb90818bbb2 has encoded, skip it
afdce00a2de98d56 has encoded, skip it
431b0c1b68adb093 has encoded, skip it
5a514c0f6e285a28 has encoded, skip it
286d3c000d8d3591 has encoded, skip it
f279c16c1a74a1d0 has encoded, skip it
eba5920642b995de has encoded, skip it
dfbb92ef729ab632 has encoded, skip it
64d5f1d775f84849 has encoded, skip it
d11b9261d4b2141f has encoded, skip it
0319faa662ff5d06 has encoded, skip it
d7deef955e16cc20 has encoded, skip it
e1ffa13fb120c12b has encoded, skip it
a818fe9b0a1eabfb has encoded, skip it
532c80c1cdd2eb92 has encoded, skip it
83c8fff6303c468a has encoded, skip it
2531bcca5953b20b has encoded, skip it
7eebbe8c84a1257a has encoded, skip it
b78fb2a194a80153 has encoded, skip it
26f72a4eb15ea8c0 has encoded, skip it
3bdd9ceedcfbd1c9 has encoded, skip it
753acbee8f23bd31 has encoded, skip it
0b03865ae0bc7ba9 has encoded, skip it
4cbde67a16108b62 has encoded, skip it
874f0a9275b8ed9b has encoded, skip it
775cbcfc9813d9b3 has encoded, skip it
13913ca70068b188 has encoded, skip it
eb9ebafb8cedaff4 has encoded, skip it
d6bdc197b5645e29 has encoded, skip it
4cb9fa0ab70c535c has encoded, skip it
b7afe7f61926fd50 has encoded, skip it
b98c07e8a6a093cf has encoded, skip it
f7107bf1f3806160 has encoded, skip it
4d1f9c7ec5be2a9e has encoded, skip it
4012fbff59fd6d8d has encoded, skip it
339b6ffa373c3368 has encoded, skip it
3a15e1a76f9b3ae3 has encoded, skip it
5688af831de73279 has encoded, skip it
8f4b7ac8f6546ecf has encoded, skip it
0b340a54d113070c has encoded, skip it
f24ca937211d91af has encoded, skip it
e2eb9b5eca496b1e has encoded, skip it
0ea983570605172a has encoded, skip it
5d827ffd2c956a34 has encoded, skip it
7596194352869e89 has encoded, skip it
44f9ecd5c0546901 has encoded, skip it
71037fe3d8da73aa has encoded, skip it
14f8f7fe6121ce8c has encoded, skip it
2de066ee1bedd343 has encoded, skip it
c640424ecb2a3a85 has encoded, skip it
71df72bf0f7b67ca has encoded, skip it
1f21356130ae0d10 has encoded, skip it
c0bb48412de1d11a has encoded, skip it
1da62a336ceb001c has encoded, skip it
e3698dc53dab2b16 has encoded, skip it
3956c6659dd2ee95 has encoded, skip it
306b7af742012239 has encoded, skip it
5b84ad6dc86cf357 has encoded, skip it
be901c9495811be0 has encoded, skip it
cf13fbb4095a9431 has encoded, skip it
8418f1fac7075c18 has encoded, skip it
fc14f1cce131d551 has encoded, skip it
a358a9eb26b043d3 has encoded, skip it
63321f1973f5cce9 has encoded, skip it
f0b05ef0bb73ce15 has encoded, skip it
f2f72fd080e27609 has encoded, skip it
5076fe95c0ea798d has encoded, skip it
b68ab20605e93c1c has encoded, skip it
9d42af30c97b8e32 has encoded, skip it
c4e1dfa2575bfd4e has encoded, skip it
d437ae14608ce131 has encoded, skip it
ae1483e4aa5f4c67 has encoded, skip it
ab766b388997d831 has encoded, skip it
6ed3f6a69a178c96 has encoded, skip it
2cd897e64610e5c8 has encoded, skip it
72d912496b71dc4d has encoded, skip it
46aa118cee4f86d9 has encoded, skip it
dc747e1d542bf243 has encoded, skip it
a01f7c0f247330cb has encoded, skip it
f28c3b624f35b3a9 has encoded, skip it
38e6fb3648352bf4 has encoded, skip it
b37629b16f6260a2 has encoded, skip it
e72fb3cca2f0df2f has encoded, skip it
44e011f4fc4b1384 has encoded, skip it
61ead689dba1ebc5 has encoded, skip it
8c6683a805390b7d has encoded, skip it
a6fe63aafa8d6e12 has encoded, skip it
8eef46bb7813da1b has encoded, skip it
eeffc04e09ba17e2 has encoded, skip it
a755888c48f89675 has encoded, skip it
0c46f797871ae5b8 has encoded, skip it
daefb1511511f2a3 has encoded, skip it
886691167aa8ddc0 has encoded, skip it
0cc10060985b5867 has encoded, skip it
2e5541c127c9af35 has encoded, skip it
39ddd29e653da449 has encoded, skip it
b809013feee5805a has encoded, skip it
c2194e65f5a3c4fa has encoded, skip it
1737db2bcdf4563e has encoded, skip it
02c94402476ac94c has encoded, skip it
0793f813de326890 has encoded, skip it
e1a180575166c37a has encoded, skip it
6d83767827cba4a3 has encoded, skip it
64b9dbca8f5c9269 has encoded, skip it
ccdde26daf772b7f has encoded, skip it
83dca34c4f8c2955 has encoded, skip it
1ea058c861be2955 has encoded, skip it
380b1df6687f0118 has encoded, skip it
b0670fed268da345 has encoded, skip it
baa7002f05951f28 has encoded, skip it
01877d79c356fad3 has encoded, skip it
28f45b12ee25ae19 has encoded, skip it
13ddf4347ccd2241 has encoded, skip it
01471c9fcf29869f has encoded, skip it
3c14ead402149b8d has encoded, skip it
02b2ab24e7e709cf has encoded, skip it
6280218c3acff468 has encoded, skip it
e9b707f0234531df has encoded, skip it
d7da5f50c3e9d0f7 has encoded, skip it
defb4911c2df3880 has encoded, skip it
0c5dc73c4cb7559b has encoded, skip it
5467dc4019314117 has encoded, skip it
9aff2fc0775d7f7a has encoded, skip it
a0c7116bba9ae463 has encoded, skip it
ccf9efe344a9809b has encoded, skip it
89b1e7d636e0c5f8 has encoded, skip it
f5c7a30fbf5f408a has encoded, skip it
a786939cd9a477a2 has encoded, skip it
2460ce1a3aa3db99 has encoded, skip it
75798b9525b6d72c has encoded, skip it
575747fa1487a81c has encoded, skip it
5a647c2f78289173 has encoded, skip it
a203f86bb6d6fa4b has encoded, skip it
eeaa0230b2a8ca57 has encoded, skip it
d40826311b5d4ab1 has encoded, skip it
f8234574d2285fbc has encoded, skip it
7e58d851f2604732 has encoded, skip it
9627e4edac0fc0f0 has encoded, skip it
0032257bf3cd56d0 has encoded, skip it
08b31c9f29c5d7b3 has encoded, skip it
34f6b7fadbe6754d has encoded, skip it
fcc91777b659e3bc has encoded, skip it
25a4fe18be8aa2af has encoded, skip it
627966f22178a187 has encoded, skip it
5fd30a5e3b4e35c4 has encoded, skip it
e12ad7a04e68b1da has encoded, skip it
3511d84ab70a6777 has encoded, skip it
f9afa582c14f54d3 has encoded, skip it
572f627b42ccd616 has encoded, skip it
650a5da733ff17fe has encoded, skip it
34d07537b64fabea has encoded, skip it
09a31536cef18a72 has encoded, skip it
dd7c6dbfee84e796 has encoded, skip it
244ccec336e98cd8 has encoded, skip it
78ce72d12e02ff66 has encoded, skip it
79a6209e9b93590d has encoded, skip it
5d061bbb7c065487 has encoded, skip it
c3955eabb2b204ee has encoded, skip it
d3ca845d4983b3b8 has encoded, skip it
a3898d7be48dded7 has encoded, skip it
279556606656ca95 has encoded, skip it
d06e68b5e99f576f has encoded, skip it
821121862a35df3d has encoded, skip it
126197043e0e77a9 has encoded, skip it
13ae16ba47e11f9b has encoded, skip it
5c321733e2693a5d has encoded, skip it
147ec0c28828bd0a has encoded, skip it
59011bcf68ffe4e7 has encoded, skip it
6e9dcdbee43b0346 has encoded, skip it
3e810338e95a9cee has encoded, skip it
2fbbee1ecc00b515 has encoded, skip it
e564c333faa60ddc has encoded, skip it
2497eb981b3417ac has encoded, skip it
5701b72c6bcbebb6 has encoded, skip it
176408ab2511fc17 has encoded, skip it
1beff2cde64b62ab has encoded, skip it
29fda09e47503273 has encoded, skip it
3dc6ad95cd7068ac has encoded, skip it
d1d7aa87e8b9a8ae has encoded, skip it
6049dabe7006460a has encoded, skip it
ee57ee7a37093f05 has encoded, skip it
a7e5d2727af4299d has encoded, skip it
4b1d8b33030b1706 has encoded, skip it
ef43a27b20cff616 has encoded, skip it
1f46a9399acfb6f3 has encoded, skip it
b36d49859827948b has encoded, skip it
cfdb8ad0e8c68054 has encoded, skip it
f997cd4800e1f483 has encoded, skip it
d0ac2231cb048520 has encoded, skip it
0645ce4ba1822080 has encoded, skip it
921b9fb5d9444994 has encoded, skip it
a6e26ac77fdf81e0 has encoded, skip it
27177e10a15ea68b has encoded, skip it
55551eecc1d1c5d4 has encoded, skip it
7ddb9aa2a981da52 has encoded, skip it
e7941e67475f6d2a has encoded, skip it
27f408e890ab9583 has encoded, skip it
565d2a1da9436e97 has encoded, skip it
b71767040f3f2952 has encoded, skip it
3c36b35792077022 has encoded, skip it
355c03cb2c4817df has encoded, skip it
5aa8658b290c02f1 has encoded, skip it
7653d12934b29cf3 has encoded, skip it
9f234cda6492ec6e has encoded, skip it
9fcc3b0c816e9362 has encoded, skip it
220dd0459513f089 has encoded, skip it
391d6cd82d708762 has encoded, skip it
d1dfd0aa534d1ba7 has encoded, skip it
399f0caa1c8d5a2d has encoded, skip it
79220d3b1f196fcd has encoded, skip it
a5dc9b8e19130d1e has encoded, skip it
9d3e594774e38bf2 has encoded, skip it
b0acd4e1ca08e425 has encoded, skip it
50cae92f70c64ddb has encoded, skip it
c927c6e1aa9254be has encoded, skip it
47ce52e7ac5c4a71 has encoded, skip it
dda97f6ea6576edb has encoded, skip it
fc1bfe886053765a has encoded, skip it
2bded1f9cb587843 has encoded, skip it
6f08df2b0fa17935 has encoded, skip it
d1d61f08ef8a2186 has encoded, skip it
7c3129a463fc94b1 has encoded, skip it
36a1e83753b40b12 has encoded, skip it
dff59b654d88d729 has encoded, skip it
644852bb9d7f21af has encoded, skip it
1b9eb52c0e2cf93c has encoded, skip it
1a42a0dba80e270b has encoded, skip it
a234b17c1813407c has encoded, skip it
4c990b92dfb48bcc has encoded, skip it
81574c970805e79e has encoded, skip it
116557a2d9bc5e70 has encoded, skip it
1abe12965ab9ac65 has encoded, skip it
4bd22ced20a97685 has encoded, skip it
e025ac134371043b has encoded, skip it
bf7592490fe2a470 has encoded, skip it
6b0c2674ffb60b2b has encoded, skip it
f4a7cc862da55bef has encoded, skip it
b788e10f91dcc8a5 has encoded, skip it
821ef4fb4ecc71cf has encoded, skip it
fa6408e3ae76a312 has encoded, skip it
21f8c88ebe002ba4 has encoded, skip it
0d1c49afcf00e948 has encoded, skip it
867b943f2c9db592 has encoded, skip it
c917f04d2f7c8806 has encoded, skip it
00ec74f564bd4425 has encoded, skip it
d2ed1063b63dfd3b has encoded, skip it
f81f32c967e41bc6 has encoded, skip it
a812045c2babdc96 has encoded, skip it
09a786d569d8a554 has encoded, skip it
014d85b26445629d has encoded, skip it
c312e3926778ebb4 has encoded, skip it
987744ee1fddcc0f has encoded, skip it
b3580ab1d65a603b has encoded, skip it
1e509ead0a7a1bd4 has encoded, skip it
e5c7a30583687191 has encoded, skip it
0bdabef3cf2a29d3 has encoded, skip it
8d279daa12ffc691 has encoded, skip it
cfbec9a293d2ee73 has encoded, skip it
172a9a6ce2fd2fe8 has encoded, skip it
ddd56ec6489b89e3 has encoded, skip it
5e0c148385ccd46a has encoded, skip it
9e990b1d5b809e80 has encoded, skip it
f758015f7db0f35a has encoded, skip it
bbe07c3a618b3a5a has encoded, skip it
105a43452aedeeb7 has encoded, skip it
d48c113849caf90d has encoded, skip it
d0c224239f713888 has encoded, skip it
8c5c8e7a603fac3e has encoded, skip it
d9e9a8b9befb3f51 has encoded, skip it
cbc3ed930937e60e has encoded, skip it
6504632e0dc25997 has encoded, skip it
f8147eb749b0c878 has encoded, skip it
f1b752d23cba8978 has encoded, skip it
de578e711d5d2712 has encoded, skip it
a1fcc6669ecd9336 has encoded, skip it
b04aaf03a668b92e has encoded, skip it
c6fb3e5bbd8b9427 has encoded, skip it
6d5331b50cdcee9d has encoded, skip it
ce9b4e6f163798d9 has encoded, skip it
164f6f826e8b1da8 has encoded, skip it
08cd15d3912ca157 has encoded, skip it
934b316736a84748 has encoded, skip it
d5e6795afde9b260 has encoded, skip it
ec2c862ec3b05de5 has encoded, skip it
d6b0b27ab1c3b8aa has encoded, skip it
3be26bc46c6a8c68 has encoded, skip it
3ec724375056fed7 has encoded, skip it
d21534a1cca6ec2d has encoded, skip it
a9b45d7dc57ec8fa has encoded, skip it
910c990714b92bcf has encoded, skip it
f5695a7aa78e2b49 has encoded, skip it
f310962552f623a2 has encoded, skip it
b93d920d9ec83cb0 has encoded, skip it
c79429a49c2a7547 has encoded, skip it
890a08ff48bf62d8 has encoded, skip it
aa12329f61ef0178 has encoded, skip it
18a3543a0a3f2659 has encoded, skip it
53397678dd980397 has encoded, skip it
d7b7fcb2ba39c31a has encoded, skip it
718c095fff3885ae has encoded, skip it
52913f2ccbc2834c has encoded, skip it
438118dbd16f942f has encoded, skip it
84d5be401d72ef8e has encoded, skip it
7c7db17e4e5ddd66 has encoded, skip it
dee23d060fb789ba has encoded, skip it
02717d30304f4849 has encoded, skip it
1cd04797f44a04a1 has encoded, skip it
daaec27252ed6223 has encoded, skip it
7313ab9a917e81a6 has encoded, skip it
bc45edf5e7f2405d has encoded, skip it
7894064ce2322d6f has encoded, skip it
ca5c310bba58bf91 has encoded, skip it
7582968e57449a6d has encoded, skip it
14dc34954fe89fc2 has encoded, skip it
a6a107bce048c683 has encoded, skip it
e33ccc1dba1e115f has encoded, skip it
4665365798de1f4a has encoded, skip it
322d9c0956597cc6 has encoded, skip it
7a6a53d315f5335f has encoded, skip it
04dcab3d8b615aa7 has encoded, skip it
4a0dbbd8e488f387 has encoded, skip it
955f4cedd9230c01 has encoded, skip it
f5f0106cdf31b21d has encoded, skip it
e82ac0b7cb82341c has encoded, skip it
df9cb342a2c613e4 has encoded, skip it
bd27b640aa21d82d has encoded, skip it
ed13e911537b7a05 has encoded, skip it
08214dada4f6b592 has encoded, skip it
553f5edfbf2780df has encoded, skip it
e9fdd0a41cb61da6 has encoded, skip it
61aea43609fdea93 has encoded, skip it
6816814aaab95799 has encoded, skip it
67109c8a23dd225b has encoded, skip it
cf017424cfdc910e has encoded, skip it
10f1e4ef22dba6ce has encoded, skip it
dcbec09cdb9e02e5 has encoded, skip it
898c816230f5cc32 has encoded, skip it
86659395ac46f0ba has encoded, skip it
c310d709fbef6597 has encoded, skip it
364e66425f4189e7 has encoded, skip it
5f542d5e9398f891 has encoded, skip it
3d7c1992e44fa547 has encoded, skip it
161a28fbe1153fe2 has encoded, skip it
d9da038f9de4239c has encoded, skip it
a1b2aaa386c68896 has encoded, skip it
079d97fafdc95e27 has encoded, skip it
319305414bb65188 has encoded, skip it
0cb33f584faea5e7 has encoded, skip it
9c82a5c9d884f154 has encoded, skip it
9e9042fbbdc7b831 has encoded, skip it
e3f991d2c5cafb5c has encoded, skip it
478b754a658f8c8c has encoded, skip it
5ea13fbbd1a1474f has encoded, skip it
04311ae05c027377 has encoded, skip it
f27f66644fa4e8b1 has encoded, skip it
56091be1873bf4c6 has encoded, skip it
5df956fd7823dba7 has encoded, skip it
bbc36005b3e7c892 has encoded, skip it
c40b8f2aedd7dbd9 has encoded, skip it
ffeac105c9e17568 has encoded, skip it
705cd0f2472a5424 has encoded, skip it
7ff331d7c17ed526 has encoded, skip it
0f78c692f5d67965 has encoded, skip it
ca7a6afb3ab1c97d has encoded, skip it
8fa5ad9fc2178522 has encoded, skip it
0bf3c8728eca257f has encoded, skip it
de2cc2501157a173 has encoded, skip it
f902f43b379d268c has encoded, skip it
21a608e465929e72 has encoded, skip it
d0a67c4b313808cd has encoded, skip it
f1278dbae97e2d31 has encoded, skip it
58118be978c88c76 has encoded, skip it
cf360428e39eff00 has encoded, skip it
ee920107e8522456 has encoded, skip it
9c7b837d3111dabd has encoded, skip it
1a04c113301b09f8 has encoded, skip it
00e0a53e14bf2447 has encoded, skip it
3ef5a2893b3df4a4 has encoded, skip it
01173219f4e54c35 has encoded, skip it
5226b8e2a7963878 has encoded, skip it
3d8682e13e9091ea has encoded, skip it
6cd42c16edae66ba has encoded, skip it
b8ebea0da56447ff has encoded, skip it
75b2e74a606c48e8 has encoded, skip it
dc5ab4cdd2404033 has encoded, skip it
4f7db69adf060f1b has encoded, skip it
11552341a0713a65 has encoded, skip it
e69b297ea2407406 has encoded, skip it
b655ede651e45487 has encoded, skip it
de6fcaa82966e367 has encoded, skip it
df61f7297c06866b has encoded, skip it
d46ed93ec5041c0c has encoded, skip it
4bb12838b691a7f6 has encoded, skip it
8ce73741c8472b54 has encoded, skip it
50e978e23c0308bf has encoded, skip it
d58367f87f3617ea has encoded, skip it
ac5945615b057cf0 has encoded, skip it
115618b978f8dc88 has encoded, skip it
cfae99f4ad4dfd04 has encoded, skip it
7e50247c78fa1213 has encoded, skip it
2ae7b29752f82465 has encoded, skip it
eb97d92532808dc6 has encoded, skip it
dae5b19765cd58bb has encoded, skip it
a4c7687ed90c5cf0 has encoded, skip it
d750ed238e3a82f8 has encoded, skip it
0eba2ca8a9d0ce95 has encoded, skip it
a6d53cc2cfa9b2d2 has encoded, skip it
27fec0e98c406a25 has encoded, skip it
ba3c48dc3aa1c5cb has encoded, skip it
de8db4e59aa87ae7 has encoded, skip it
7f13b5581a303c26 has encoded, skip it
efb4560e129ba18d has encoded, skip it
1109ae1bfb4efe78 has encoded, skip it
8949428dd55c36b4 has encoded, skip it
f029612bd0b6e86c has encoded, skip it
6057b8dde1cc1d93 has encoded, skip it
04074e1fe2f511b2 has encoded, skip it
5baa450e58281514 has encoded, skip it
c4c07dc66c889244 has encoded, skip it
fecaf926d5dfd8fa has encoded, skip it
7aec4e114e86e1e2 has encoded, skip it
9db467f04b3e007b has encoded, skip it
3c14d0bf2ce0fc43 has encoded, skip it
8f398f695bf85a80 has encoded, skip it
36f964cfbd107b1b has encoded, skip it
918243606f0960b7 has encoded, skip it
7aa0b17d541db028 has encoded, skip it
f87c796360471052 has encoded, skip it
219fd9fd05006e79 has encoded, skip it
c1c05b097eebe3a4 has encoded, skip it
f2a857d82894ff0d has encoded, skip it
799169960e340bc8 has encoded, skip it
e7ad0266dc06ef4e has encoded, skip it
dff6f60afdd03e92 has encoded, skip it
e75c523db74eab2a has encoded, skip it
1ddde50bb3c19b18 has encoded, skip it
24709fc10dd927b7 has encoded, skip it
38ae055918d85f4a has encoded, skip it
d6fbbdc769e359a3 has encoded, skip it
0add91a2efb3f33d has encoded, skip it
38d146c322d738ff has encoded, skip it
5deb90a9218564d0 has encoded, skip it
9fb7690d4ce00795 has encoded, skip it
da25f44af307b414 has encoded, skip it
28251670b2acb11c has encoded, skip it
fd5074482f030de1 has encoded, skip it
9d848059d846a9f2 has encoded, skip it
c07ce53cfb2eb416 has encoded, skip it
ce435b66bde6777d has encoded, skip it
040983ac9ee15126 has encoded, skip it
0b9b8845f1b27c1a has encoded, skip it
2f2039140c8b1f2b has encoded, skip it
246deae995613cdc has encoded, skip it
1dcb5c5f7b87bd90 has encoded, skip it
46b1e160e19f7080 has encoded, skip it
63831223d17a6da2 has encoded, skip it
c67125ffd5e8cde0 has encoded, skip it
b50e14a0661848e8 has encoded, skip it
169f5f789bdedd7d has encoded, skip it
13b6289aef7a24b7 has encoded, skip it
89f4232efc96a587 has encoded, skip it
62035dceb3350954 has encoded, skip it
6c277643925fdb38 has encoded, skip it
511fdff603b46cdc has encoded, skip it
b098f4ce07bc4c60 has encoded, skip it
26af455e39f4e978 has encoded, skip it
9b6a20366e3fad95 has encoded, skip it
32126dc3685ced28 has encoded, skip it
3ea30c64eaaacdec has encoded, skip it
906561029b0a6d59 has encoded, skip it
a18f3669c64970b1 has encoded, skip it
25014a69ec7349fc has encoded, skip it
8e8f68b08b407b44 has encoded, skip it
9268b2e1b1192f3c has encoded, skip it
98022a707cfd2874 has encoded, skip it
29ae2665a63aff96 has encoded, skip it
4e2c4c45ff11949a has encoded, skip it
40c3540c8c703e75 has encoded, skip it
59f9f4e9741794fc has encoded, skip it
06a4a9b49707a673 has encoded, skip it
6664c4becc3bcad7 has encoded, skip it
3899c607aca2a85c has encoded, skip it
0c19ba009c91e5bb has encoded, skip it
9d3fb9d9a0208a5e has encoded, skip it
bdb7dd6677c9e90e has encoded, skip it
f7bb0283e5f50e4c has encoded, skip it
8e6af2b8ff1d07f3 has encoded, skip it
14f20951f17a3a55 has encoded, skip it
5e5cddc86093e1b0 has encoded, skip it
b2a35835456b8f52 has encoded, skip it
150259a77919642e has encoded, skip it
5bef8f7f167e7677 has encoded, skip it
85788b2e228e3deb has encoded, skip it
cea38a4de93855f4 has encoded, skip it
fefe38527ef461ea has encoded, skip it
9fd3e2ed1ae7a13d has encoded, skip it
3cfd659e242be6f8 has encoded, skip it
e3847c796a5943b4 has encoded, skip it
af63d5a9f1b278a8 has encoded, skip it
368f0045b95affc3 has encoded, skip it
82b26dd4a353f9e8 has encoded, skip it
393883b7ab974313 has encoded, skip it
a27f8ecc9204f7ec has encoded, skip it
f43cb859f5e66127 has encoded, skip it
47ab0e73c33bdefd has encoded, skip it
83a9aa71072e0445 has encoded, skip it
dc65d9400783f2e7 has encoded, skip it
03646bb2f288eaae has encoded, skip it
78ca54b0caaec13d has encoded, skip it
b6a66886b60a81de has encoded, skip it
b8e377eb812ac085 has encoded, skip it
2a0905a2ff63f09e has encoded, skip it
4b99b3a87d7f12ce has encoded, skip it
203e9d889d5fd26d has encoded, skip it
67124135d482c846 has encoded, skip it
dd811fc4897cc2ed has encoded, skip it
a62462153630add0 has encoded, skip it
74350883a5f37a07 has encoded, skip it
d580089e29322da4 has encoded, skip it
5c6757756a6a067c has encoded, skip it
3b05534cd5c3e2c4 has encoded, skip it
e07438cdd4d9165a has encoded, skip it
16c34ed2d912946a has encoded, skip it
2ed000d799794d71 has encoded, skip it
2d7aeb9c4b50704f has encoded, skip it
0304f8dc46b713d7 has encoded, skip it
a40a460f086d1baa has encoded, skip it
4ad6955cadc6eafa has encoded, skip it
419d0f32d305cbd0 has encoded, skip it
4423bc3fc1f1ea56 has encoded, skip it
213be9690d212bb5 has encoded, skip it
4b9d0c69bc1db6bf has encoded, skip it
d5aa758dbd2f25b1 has encoded, skip it
c4f6a439a51b0ead has encoded, skip it
fc2b0d25e48249ce has encoded, skip it
ec79a8778111ef2b has encoded, skip it
48ab804c19536702 has encoded, skip it
e88ac690720d10aa has encoded, skip it
46a0cd25a1f06d65 has encoded, skip it
dfc9432963dc4c06 has encoded, skip it
cd17357fb8953737 has encoded, skip it
1046fa9a9cff0780 has encoded, skip it
51d504c4caf76111 has encoded, skip it
45fe1a95510f03bb has encoded, skip it
3b9a68b2f668f33d has encoded, skip it
d6db7584e8734c0d has encoded, skip it
f04dae2922aa1e6c has encoded, skip it
1d7929b66a611ea8 has encoded, skip it
2788147877e5ebb6 has encoded, skip it
994c08f855a499b2 has encoded, skip it
cc8f89ff8071d9c1 has encoded, skip it
0354aba2fc6c5903 has encoded, skip it
8a7c172790f00b16 has encoded, skip it
cfd04bd42a519b7e has encoded, skip it
c34337711e7fade0 has encoded, skip it
3353a84bca37a343 has encoded, skip it
a8b38dca0d1c1857 has encoded, skip it
ccd1dfa08a48a934 has encoded, skip it
cc1ba466237707a5 has encoded, skip it
bfc07bd7f3f0139d has encoded, skip it
bca63fad35443892 has encoded, skip it
73a95027d155bb92 has encoded, skip it
879be6d00e75b31f has encoded, skip it
1e3e39601b068e02 has encoded, skip it
ee15c590a266405e has encoded, skip it
328e732605a35403 has encoded, skip it
a75e2e990e336954 has encoded, skip it
5af3ec9467717642 has encoded, skip it
1d9f5af27ca2bb57 has encoded, skip it
a38ba8d9ebfe68c4 has encoded, skip it
77f1ce5dd3b7d6eb has encoded, skip it
446d0255587e7fce has encoded, skip it
74cdb58af07a1c57 has encoded, skip it
3a3d0cd3cd7ccfb3 has encoded, skip it
c02762cac9bb6268 has encoded, skip it
4aeacd5097937b8a has encoded, skip it
be19faa2e6112d40 has encoded, skip it
1c8c2f2fa82a60ab has encoded, skip it
74d9c3ea2244fe8f has encoded, skip it
61362bfc3e9f61c1 has encoded, skip it
8133cfcc95691f11 has encoded, skip it
d0bbfdd40af35fcc has encoded, skip it
2cab997e4187e1f1 has encoded, skip it
23c2c79a9febbf3e has encoded, skip it
0dce9e80f546efc6 has encoded, skip it
6087895e5aee45b6 has encoded, skip it
718a1e333d11e70f has encoded, skip it
a18b107925cc2d8e has encoded, skip it
2285e2bc33ba20f5 has encoded, skip it
805baf9650a12710 has encoded, skip it
063842dba3fcd6e1 has encoded, skip it
f6460d9cb14ab4ce has encoded, skip it
47ad0ec90d7757b3 has encoded, skip it
01a89173a0001efc has encoded, skip it
58aa6afce657af9a has encoded, skip it
7546e007f40fb1a9 has encoded, skip it
8535beba7fa530b1 has encoded, skip it
b2d9f62471971548 has encoded, skip it
83899a3afd34e883 has encoded, skip it
db9381b272deff53 has encoded, skip it
75f9c8cdd1cbec70 has encoded, skip it
47d14d071bcb8d11 has encoded, skip it
7f7176ad6460c0fa has encoded, skip it
399eb56dbffa49a2 has encoded, skip it
ef7fb2b510d5a2f4 has encoded, skip it
502b40f6e115b744 has encoded, skip it
417a41d1cb484a8a has encoded, skip it
ba23af3f3e3d0563 has encoded, skip it
bcbad3257899df67 has encoded, skip it
7e19197da3818c53 has encoded, skip it
cb3f53fbf104bd9a has encoded, skip it
87ea58fb7ed13387 has encoded, skip it
0069e8be6d4f66f0 has encoded, skip it
30afbea18ec67bc4 has encoded, skip it
5504fd460ae102e5 has encoded, skip it
3e43762f12c201ec has encoded, skip it
5e8b26ca06d6d575 has encoded, skip it
e8764046138cd63b has encoded, skip it
0d2d4e6cefec6f87 has encoded, skip it
17c3ed7860d160ed has encoded, skip it
7a33d582a590086f has encoded, skip it
4bf116ff301b761d has encoded, skip it
bca56c3602740ed2 has encoded, skip it
af8494836e6adc45 has encoded, skip it
34dca50ceb92d006 has encoded, skip it
c81bbc7e2b198262 has encoded, skip it
5d7b650efae831f9 has encoded, skip it
92c4c71c141773b1 has encoded, skip it
6c304280c24a90f8 has encoded, skip it
1384ebeb61565913 has encoded, skip it
1fc8f41dad194e06 has encoded, skip it
a90def9b4dddf21b has encoded, skip it
b56650b919a714cc has encoded, skip it
9a0226db191d3f4a has encoded, skip it
c5785ff1e9e009f0 has encoded, skip it
d0e92af446f49b94 has encoded, skip it
e096208509c18a78 has encoded, skip it
c5d2a96b6e845a4b has encoded, skip it
2f187eb60ee88bdb has encoded, skip it
b945f48f08029fe4 has encoded, skip it
58bfe4f1ce59d232 has encoded, skip it
baf5dd1e1790c5fd has encoded, skip it
8a175a768f4bda0e has encoded, skip it
1aefd062c80478d1 has encoded, skip it
4a4a49bcc1791edc has encoded, skip it
7c631e971ee97549 has encoded, skip it
1dd6acc2ebadd238 has encoded, skip it
0b2c23d6ee2b3801 has encoded, skip it
3297cd4765b3f3ed has encoded, skip it
61913593f0d5f28b has encoded, skip it
5b20a92677cfa018 has encoded, skip it
74d52b7bedaa7f47 has encoded, skip it
96bbedac8da6ae7a has encoded, skip it
3fb6fea9eaec1e89 has encoded, skip it
e3bf2841e4822068 has encoded, skip it
249f174ee917ab1d has encoded, skip it
11c5472ca6a0063f has encoded, skip it
70193f7825e12c5c has encoded, skip it
82ec287514404742 has encoded, skip it
e824f63e4ccf1913 has encoded, skip it
466c6ce044b8bd46 has encoded, skip it
81988b6d2a52ff05 has encoded, skip it
74596be8135c03f3 has encoded, skip it
8caa9569fcd835ad has encoded, skip it
15932ce01f712852 has encoded, skip it
88228244ca1150a0 has encoded, skip it
0c2b5f32c1b84db7 has encoded, skip it
9cbe18690768d242 has encoded, skip it
20b33e34a024a1c2 has encoded, skip it
85dd59ff7cf36d1b has encoded, skip it
2fc1c491b94667c7 has encoded, skip it
d32bbcdf514946aa has encoded, skip it
8501282229b53b86 has encoded, skip it
6539c64b0e5aa2e9 has encoded, skip it
de4dd2da4758c4c0 has encoded, skip it
a454d57fb0e7f456 has encoded, skip it
f420ee0b168de5f3 has encoded, skip it
94db4acb87c96181 has encoded, skip it
9aef214668a40012 has encoded, skip it
01125dd72c09cc5a has encoded, skip it
9913bc3a5ffdd64b has encoded, skip it
51338408532cad46 has encoded, skip it
535cd26dc4b0b157 has encoded, skip it
b3cd7618f9f85002 has encoded, skip it
52091ae4e804074f has encoded, skip it
2141362f418d3054 has encoded, skip it
6be5b825d7a638d6 has encoded, skip it
0e09767b7dab9237 has encoded, skip it
92c9a8c0ab4bea38 has encoded, skip it
bde24144940e4c70 has encoded, skip it
99a5f2675d442461 has encoded, skip it
2a64768abd5a9c65 has encoded, skip it
e306debdd4e9da9c has encoded, skip it
a7da64b7170e6819 has encoded, skip it
733abfb024695849 has encoded, skip it
5e2b6319dc62fc30 has encoded, skip it
4b39410d409f23c8 has encoded, skip it
1b7955584cea8e77 has encoded, skip it
cf81974e591f7825 has encoded, skip it
487815c82c579830 has encoded, skip it
be22b201ea63fd88 has encoded, skip it
e2c7ea356ccf3729 has encoded, skip it
b31c7d3a91c084a2 has encoded, skip it
b9984ba1b42427c4 has encoded, skip it
62c4e7ee53c87c4b has encoded, skip it
4e7f4119d1e0c7ca has encoded, skip it
1b0366e125f4e3db has encoded, skip it
1ab5db67d31e2038 has encoded, skip it
bd55ece1044ab937 has encoded, skip it
7d00af2927a57eeb has encoded, skip it
1c92fdf4ef1959ef has encoded, skip it
9f5120f3993bba7a has encoded, skip it
3f68d660d5fd07e5 has encoded, skip it
28a7c5694f411835 has encoded, skip it
f561f178bea6a00c has encoded, skip it
c124bc4726823b3a has encoded, skip it
ba09d9be1712ccc8 has encoded, skip it
cf634947ddcfcda3 has encoded, skip it
b426e52fccedea01 has encoded, skip it
98cad664b7d00a9c has encoded, skip it
0ff8dd7e1d0f6010 has encoded, skip it
5cedcea1bf8c9865 has encoded, skip it
4af30ade5ff3deb1 has encoded, skip it
6b3e04e28ad0c385 has encoded, skip it
1945f91b6f5311ed has encoded, skip it
57302e7dd367ecae has encoded, skip it
a9dc47961e3ffc92 has encoded, skip it
06a750ab18d6c617 has encoded, skip it
82560833eab971a5 has encoded, skip it
6ef26d875ac4caf2 has encoded, skip it
c9eb20fd8498d181 has encoded, skip it
81e659a829d44a47 has encoded, skip it
37be73f83c029f49 has encoded, skip it
23422c064e2b76c7 has encoded, skip it
7a0443f82b7074d1 has encoded, skip it
0eaa47db470ee6fa has encoded, skip it
061deef53b6c8df3 has encoded, skip it
13ab2b3daff530fe has encoded, skip it
0c08c1a56daae22a has encoded, skip it
15f0965b63397a40 has encoded, skip it
51d93439435b2c0f has encoded, skip it
b23ddfdbad4a9d66 has encoded, skip it
c86b8d2fe7d79306 has encoded, skip it
a7b7fb40b77bc929 has encoded, skip it
c21e33f1a8aa4a50 has encoded, skip it
8b031007bf62947a has encoded, skip it
969d53d50722a485 has encoded, skip it
2d4d36eeb26981c3 has encoded, skip it
df044a06cbaf5a0b has encoded, skip it
38a271bb4f1bb11a has encoded, skip it
f69609af2ed2af0a has encoded, skip it
828730b85c55e4ba has encoded, skip it
c751656c6c488ce4 has encoded, skip it
6f11f23cea22966f has encoded, skip it
c3660228523f4c17 has encoded, skip it
fd9ddaaed288ee16 has encoded, skip it
ae14a4a95fb9f7c2 has encoded, skip it
d93a9ec22d44e493 has encoded, skip it
6e3d672ac4832646 has encoded, skip it
44d7f6e58f18f75d has encoded, skip it
60f414af039ebc6e has encoded, skip it
ed37c41b16636962 has encoded, skip it
0b1b5201aa2c620f has encoded, skip it
8b25fb7c3a1063ad has encoded, skip it
98e6698057654eff has encoded, skip it
eb2de37b8d49d84b has encoded, skip it
e18f8379d3e272b5 has encoded, skip it
5109720f0b14681a has encoded, skip it
c8c1b88b4fdd188d has encoded, skip it
fd0420759eab58b2 has encoded, skip it
fce8194fab48c500 has encoded, skip it
37c3249719d6b720 has encoded, skip it
