load model path: ../weights/point4_lambda2_47999.pth

Evaluation of proposed methods for: X101
Settings ID: 4
VTM paramerters      : {'QP': 1, 'threads': 50}
Feature dump subsample ratio: 9
Loading pick3 ...
[ResizeShortestEdge(short_edge_length=(800, 800), max_size=1333, sample_style='choice')] ==================augmentations
pick3 Loaded
0.04689542483660131
0.024752928257686678
0.041890337423312884
0.035545023696682464
0.04996339677891654
0.05232771260997068
0.06029735682819383
0.02703857421875
0.04480698529411765
0.08858695652173913
0.04752798507462687
0.045616764275256225
0.0303955078125
0.039806002928257686
0.040968710493046775
0.03725490196078431
0.03765556368960468
0.023813868613138688
0.029703776041666668
0.024619074492099324
0.03376279239766082
0.0445556640625
0.04267178362573099
0.035115559895833336
0.036295572916666664
0.024135876042908223
0.038004557291666664
0.03602941176470588
0.01593585058871295
0.019866943359375
0.050597426470588236
0.039211200585651536
0.0279541015625
0.027547200520833332
0.0311279296875
0.032681297709923667
0.035359700520833336
0.03817365269461078
0.039347330729166664
0.05691800878477306
0.04249265785609398
0.03566964285714286
0.02338598901098901
0.031819661458333336
0.02459716796875
0.03482929515418502
0.04581489675516224
0.0430908203125
0.05499633967789166
0.04012628111273792
0.05377386634844869
0.053466796875
0.033476658476658476
0.037889194139194136
0.040865384615384616
0.03756405563689605
0.05765754132231405
0.035970052083333336
0.0697265625
0.034233940972222224
0.06629774305555555
0.05028367496339678
0.035888671875
0.08220381526104417
0.02655029296875
0.0406494140625
0.028556034482758622
0.03662109375
0.031751824817518245
0.035888671875
0.020345052083333332
0.046875
0.042805989583333336
0.03966874084919473
0.07763671875
0.05160845588235294
0.043863932291666664
0.026285807291666668
0.028321742313323572
0.038492838541666664
0.042279411764705885
0.045450846354166664
0.04438868613138686
0.04218521229868229
0.02182467057101025
0.038614163614163616
0.03940818584070797
0.0400805270863836
0.016082763671875
0.0625458211143695
0.0186767578125
0.024698893229166668
0.064650439238653
0.0496826171875
0.038616398243045386
0.028564453125
0.02580527086383602
0.02431350114416476
0.025336371527777776
0.03990818298969072
0.038777669270833336
0.035596632503660325
0.043619791666666664
0.048746744791666664
0.06794028340080972
0.026936848958333332
0.05394021739130435
0.03783857979502196
0.022258890086206896
0.02301025390625
0.0627287701317716
0.029191068814055636
0.035115559895833336
0.024007161458333332
0.0450439453125
0.038808997050147495
0.035916910688140555
0.022903924566768603
0.037801106770833336
0.04117862371888726
0.035929361979166664
0.0583029197080292
0.037592821782178217
0.057261029411764704
0.04456442166910688
0.028103298611111112
0.03797584187408492
0.048828125
0.046671549479166664
0.041666666666666664
0.034138997395833336
0.0503716744913928
0.035675182481751826
0.038025442477876106
0.04629088785046729
0.036946614583333336
0.05615234375
0.05435382916053019
0.04259699853587116
0.05825729927007299
0.050252278645833336
0.04213627049180328
0.02810623123123123
0.03742679355783309
0.038411458333333336
0.05029296875
0.06575807635829663
0.05367540029112081
0.040309297218155196
0.06945461200585651
0.046630859375
0.037638346354166664
0.028364375655823715
0.04177342606149341
0.031331380208333336
0.05322265625
0.032185872395833336
0.03732443820224719
0.0321044921875
0.040852864583333336
0.043701171875
0.031936813186813184
0.033487955729166664
0.03504758418740849
0.03152452415812591
0.05755856515373353
0.04387254901960784
0.03488901018922853
0.04186320754716981
0.030924479166666668
0.0369692532942899
0.0364990234375
0.04806985294117647
0.06488185975609756
0.03569107452339688
0.04603758169934641
0.015869140625
0.029693603515625
0.051798502604166664
0.05050998263888889
0.04935243328100471
0.04506771595900439
0.04689787701317716
0.03659119897959184
0.014969793887704336
0.04094985358711566
0.037150065104166664
0.017130533854166668
0.04351207906295754
0.0361328125
0.05504095163806552
0.046365710560625814
0.032145182291666664
0.0303955078125
0.05879769076305221
0.04588257016248154
0.04570827232796486
0.03910566298342542
0.02667221549636804
0.05098934550989345
0.03916544655929722
0.034498535871156664
0.034830729166666664
0.060601128472222224
0.048616202346041054
0.044230143229166664
0.050265762463343105
0.0517578125
0.023418398533007336
0.04094669117647059
0.06634333821376281
0.0367431640625
0.0380859375
0.06042654028436019
0.03286007025761124
0.02502745241581259
0.047489082969432314
0.060413005272407734
0.06442166910688141
0.044419970631424374
0.055656934306569344
0.0400805270863836
0.053548177083333336
0.04410688140556369
0.01906725888324873
0.03791360294117647
0.02980927552140505
0.02593994140625
0.0350030637254902
0.04345703125
0.032796223958333336
0.044108072916666664
0.0406021897810219
0.039835611979166664
0.06437866568914956
0.059342972181551976
0.05907914201183432
0.050537109375
0.055686773255813955
0.05506386861313869
0.03294289897510981
0.03813120860927152
0.026163736979166668
0.04201885565669701
0.026004196642685853
0.032092696629213484
0.021392822265625
0.029285714285714286
0.056847426470588235
0.04209370424597365
0.020721435546875
0.032023111979166664
0.037027994791666664
0.039021809895833336
0.0570095168374817
0.07042253521126761
0.049005681818181816
0.045939127604166664
0.033710995542347695
0.0436493411420205
0.03732837528604119
0.035563151041666664
0.046645220588235295
0.029459635416666668
0.046139705882352944
0.02072657393850659
0.03522478070175439
0.03934776207302709
0.049956369982547995
0.06497797356828194
0.019395342312008977
0.0279099560761347
0.03966874084919473
0.05273722627737226
0.03948572474377745
0.050832723279648606
0.06336932650073207
0.057283541341653664
0.056741071428571425
0.02547169811320755
0.053433357879234165
0.029374084919472913
0.0411376953125
0.05593065693430657
0.0357666015625
0.0389404296875
0.07291666666666667
0.049880690161527165
0.038330078125
0.04933470764617691
0.045433748169838944
0.02032470703125
0.048955382436260624
0.06309480234260614
0.029093424479166668
0.048543294270833336
0.036051432291666664
0.039510091145833336
0.037150065104166664
0.030303955078125
0.034993489583333336
0.06519160583941606
0.034464518229166664
0.040539383561643834
0.037638346354166664
0.03772522522522523
0.021916178623718887
0.05847364568081991
0.04685212298682284
0.046576433121019105
0.023885091145833332
0.041829427083333336
0.06736417033773862
0.0521240234375
0.046468098958333336
0.050130208333333336
0.04826158940397351
0.0403343023255814
0.0416259765625
0.040812174479166664
0.037109375
0.05490451388888889
0.05515785609397944
0.03376647144948756
0.029744466145833332
0.04918557833089312
0.039347330729166664
0.03604518855656697
0.040780431937172776
0.050740559895833336
0.04958100558659218
0.05556066176470588
0.04619169096209912
0.03384462759462759
0.018473307291666668
0.032307942708333336
0.04123900293255132
0.0364507299270073
0.03521205357142857
0.037272135416666664
0.05961749633967789
0.020876156217882837
0.033894856770833336
0.053440702781844804
0.04186493411420205
0.038614908854166664
0.04003149224806202
0.02880859375
0.030192057291666668
0.04976851851851852
0.0479736328125
0.03955078125
0.0247802734375
0.02246732026143791
0.04657118055555556
0.0257974372955289
0.036580403645833336
0.029378255208333332
0.0411376953125
0.0703696925329429
0.03345013037809648
0.020223279648609076
0.04997246696035242
0.05934044233807267
0.04360358711566618
0.05666058394160584
0.041178385416666664
0.037619134897360705
0.035807291666666664
0.042784926470588236
0.03465574374079529
0.04680636896046852
0.05
0.033487955729166664
0.057464454976303314
0.05925925925925926
0.026953631647211415
0.03298865300146413
0.021728515625
0.061127379209370426
0.053426106770833336
0.0618575624082232
0.046096041055718476
0.08504509018036072
0.023625886524822694
0.03225658857979502
0.03938419117647059
0.052730044345898
0.029134114583333332
0.03156180709534368
0.04958639705882353
0.0446101756954612
0.037801106770833336
0.048182624113475174
0.03490740740740741
0.049416579588993384
0.04636075949367088
0.03806198910081744
0.07647313691507798
0.03676226790450928
0.0593887262079063
0.026896158854166668
0.030826749435665914
0.06647157190635451
0.045483576642335766
0.04591275659824047
0.029511346998535873
0.03536522633744856
0.03612120211360634
0.039306640625
0.032568359375
0.035685221354166664
0.043131510416666664
0.0463406292749658
0.041748046875
0.0303955078125
0.08030469897209985
0.045925414364640885
0.039897510980966326
0.0411376953125
0.027180989583333332
0.035725911458333336
0.047309663250366035
0.03487868284228769
0.049926578560939794
0.03474745639534884
0.024169921875
0.01794236417033774
0.02030109489051095
0.016072591145833332
0.036905924479166664
0.043923865300146414
0.039306640625
0.0460205078125
0.03337418300653595
0.03021240234375
0.045525256222547585
0.03890117994100295
0.044392903645833336
0.03916544655929722
0.061392526964560865
0.03617503486750349
0.049641927083333336
0.04406112737920937
0.07109507640067912
0.05957174231332357
0.0171474358974359
0.053548177083333336
0.06991038602941177
0.04098761408083442
0.05248015873015873
0.033284505208333336
0.02192095588235294
0.037638346354166664
0.06282552083333333
0.04169721407624633
0.057873376623376625
0.04432855280312908
0.02783203125
0.0404052734375
0.022796630859375
0.021565755208333332
0.04964311859443631
0.053564882697947215
0.027269399707174232
0.04067852437417655
0.07035340314136125
0.05347324046920821
0.026763916015625
0.07481553819444445
0.03789427570093458
0.054768880208333336
0.047482503888024885
0.0411376953125
0.046211566617862375
0.04136163982430454
0.05830357142857143
0.0303955078125
0.042805989583333336
0.016687771345875544
0.04052734375
0.04744860499265786
0.024169921875
0.0524798682284041
0.06074380165289256
0.053918869309838476
0.025147738951695787
0.022216796875
0.0499267578125
0.038863636363636364
0.04888916015625
0.04236822840409956
0.031331380208333336
0.026603403141361257
0.0822610294117647
0.05579044117647059
0.0291501976284585
0.04717240117130307
0.03835818307905686
0.034505208333333336
0.03759765625
0.033487955729166664
0.038296120058565156
0.0461042600896861
0.061237373737373736
0.02703857421875
0.0367404831625183
0.0369873046875
0.041586166924265845
0.02965736914600551
0.04220124633431085
0.03984375
0.037312825520833336
0.044352213541666664
0.059136284722222224
0.040608723958333336
0.025717338217338216
0.042277018229166664
0.046416788856304986
0.04584553440702782
0.0465087890625
0.05810546875
0.032665375446960666
0.03797584187408492
0.056969026548672565
0.037126068376068376
0.03293585526315789
0.04102422907488987
0.05413602941176471
0.05966325036603221
0.038411458333333336
0.016031901041666668
0.026652018229166668
0.023193359375
0.05732850070721358
0.04526025835866261
0.03968108504398827
0.07121559633027523
0.02758114640883978
0.0406494140625
0.04079198473282443
0.06703629032258064
0.040904099560761346
0.04680616740088106
0.0399169921875
0.059937774524158126
0.05182368035190616
0.033840673575129536
0.019719985358711566
0.04407327586206897
0.02447509765625
0.043515512265512264
0.045113469985358715
0.055957174231332354
0.05330344070278185
0.05919117647058823
0.04830320600272851
0.050838192419825075
0.032805636896046854
0.062042459736456806
0.03982300884955752
0.03830295138888889
0.030927419354838708
0.023823051948051947
0.038167317708333336
0.0277014652014652
0.046590169270833336
0.060294117647058824
0.017991369710467706
0.023483365949119372
0.07771739130434782
0.034423828125
0.047932942708333336
0.017008463541666668
0.04457658569500675
0.045166015625
0.05345162429378531
0.05670955882352941
0.039713541666666664
0.05067274305555555
0.038890922401171306
0.03638196480938417
0.052275345622119815
0.00970458984375
0.03819444444444445
0.04241398243045388
0.041748046875
0.04564144736842105
0.043497721354166664
0.04245602165087957
0.039225260416666664
0.02681185944363104
0.05451642335766423
0.04214015151515151
0.06407608695652174
0.0362518355359765
0.030675388967468176
0.044255514705882355
0.061722181551976577
0.0641818576388889
0.018513997395833332
0.042317708333333336
0.043538411458333336
0.05536237188872621
0.031326312576312576
0.028472900390625
0.049734626647144946
0.028116861979166668
0.054484049479166664
0.046183268229166664
0.0219249001996008
0.045491536458333336
0.042399088541666664
0.0379300878477306
0.023030598958333332
0.036535493827160495
0.03937407680945347
0.03788433382137628
0.049528301886792456
0.040382922535211266
0.04575892857142857
0.03395797227036395
0.017634854771784232
0.045572916666666664
0.039998372395833336
0.018249752964426876
0.0328369140625
0.036092122395833336
0.07107300884955753
0.03414522058823529
0.038045247395833336
0.04881733425414365
0.038890922401171306
0.0423583984375
0.038289388020833336
0.032063802083333336
0.06190519765739385
0.03147843567251462
0.05458455344070278
0.022576402805611222
0.0388986013986014
0.025187174479166668
0.05861090775988287
0.022875528913963328
0.04075038580246913
0.0501006588579795
0.03354105571847507
0.045735677083333336
0.05600292825768668
0.021687825520833332
0.037841796875
0.0379638671875
0.037272135416666664
0.06602306002928257
0.04853429203539823
0.040852864583333336
0.036295572916666664
0.038775697503671075
0.04776720351390922
0.021735948477751756
0.07681746861924686
0.0116974043715847
0.06369485294117647
0.053994082840236685
0.026692708333333332
0.047159830729166664
0.020510693215339233
0.040364583333333336
0.027429214929214928
0.025173611111111112
0.04344291907514451
0.039103190104166664
0.06588447653429604
0.02232796486090776
0.03844026548672566
0.047770182291666664
0.07463592233009708
0.06588579795021962
0.0703125
0.0326929419525066
0.028076171875
0.0380859375
0.050609546703296704
0.07025156006240249
0.04459908963585434
0.045817057291666664
0.046630859375
0.0220947265625
0.041015625
0.032883986928104576
0.05602973568281938
0.039336622807017545
0.03460365853658537
0.0586987270155587
0.042643229166666664
0.034586588541666664
0.025137867647058824
0.04848345588235294
0.03962298682284041
0.031112737920937043
0.046494992846924176
0.03628294289897511
0.025547445255474453
0.047105457227138645
0.038045247395833336
0.0238037109375
0.04742485337243402
0.06048682284040996
0.05374816715542522
0.06266476274165202
0.037394205729166664
0.044026692708333336
0.052463503649635035
0.027951846965699207
0.037283621837549935
0.02900805270863836
0.025668412348401323
0.038204612005856516
0.034464518229166664
0.026123046875
0.031778971354166664
0.07133575883575884
0.050045955882352944
0.06700367647058823
0.041056315104166664
0.050252278645833336
0.05719610091743119
0.042236328125
0.030558268229166668
0.042643229166666664
0.0484375
0.0510492700729927
0.04836474501108647
0.04360852197070573
0.028139356814701377
0.03428357712765957
0.045166015625
0.056934931506849314
0.050048828125
0.044805194805194806
0.045616764275256225
0.05124450951683748
0.02546672077922078
0.04763233418367347
0.05936578171091445
0.026445827232796485
0.03976024890190337
0.05523681640625
0.036865234375
0.08580202312138728
0.03717830882352941
0.06245404411764706
0.03552803129074315
0.044840494791666664
0.033976236979166664
0.03716960352422907
0.044759114583333336
0.03262578616352201
0.036173502604166664
0.033894856770833336
0.05431002928257687
0.06641914191419142
0.03546554252199414
0.0326683748169839
0.040771484375
0.0484619140625
0.0145263671875
0.037882486979166664
0.04033590308370044
0.026825221238938053
0.042805989583333336
0.053440702781844804
0.030924479166666668
0.037027994791666664
0.050169245647969055
0.04971153846153846
0.02502745241581259
0.0650811209439528
0.04598279648609078
0.019857247437774523
0.04435930576070901
0.027099609375
0.029500325520833332
0.035888671875
0.02273682735426009
0.06497797356828194
0.07265473887814314
0.022257486979166668
0.053125
0.01397705078125
0.022829956188389924
0.05964095744680851
0.03200892857142857
0.047444661458333336
0.0390625
0.036783854166666664
0.03920664206642067
0.04614186217008798
0.04410688140556369
0.01580810546875
0.026234019886363636
0.04772534013605442
0.026570638020833332
0.04195644216691069
0.036828800557880056
0.024963289280469897
0.041246522948539636
0.08246527777777778
0.0556640625
0.06801470588235294
0.045817057291666664
0.01990498034076016
0.05306372549019608
0.04214154411764706
0.06833022388059702
0.033812225475841874
0.024298469387755102
0.04551144492131617
0.06015625
0.03984375
0.020172119140625
0.03261631165919283
0.023844401041666668
0.032536008230452676
0.02728271484375
0.037556966145833336
0.04616581259150805
0.04169721407624633
0.033732096354166664
0.04355783308931186
0.030804150453955903
0.0429047131147541
0.06112536656891496
0.039510091145833336
0.04209370424597365
0.0333251953125
0.03528101965601966
0.040812174479166664
0.06653420038535646
0.054355783308931184
0.051511498516320475
0.017459239130434782
0.04213945827232796
0.0662975841874085
0.032430013020833336
0.045104895104895106
0.030110677083333332
0.0416259765625
0.0381588579795022
0.0364990234375
0.04236822840409956
0.042032877604166664
0.03818139097744361
0.04566993464052287
0.041948529411764704
0.024139404296875
0.0676540798611111
0.046200980392156865
0.048787434895833336
0.036694729136163985
0.027547200520833332
0.042765299479166664
0.03594890510948905
0.021444281524926685
0.029256184895833332
0.028428819444444444
0.05040322580645161
0.039754231770833336
0.04852941176470588
0.05400051124744376
0.04917279411764706
0.05202232796486091
0.0467606149341142
0.047200520833333336
0.043863477653631286
0.034407027818448024
0.033284505208333336
0.028782894736842105
0.031941731770833336
0.038289388020833336
0.036539713541666664
0.04069663323782235
0.04063305412371134
0.030110677083333332
0.05489130434782609
0.044108072916666664
0.03511029411764706
0.06048682284040996
0.05183931185944363
0.027545481220657277
0.03070095168374817
0.042032877604166664
0.0419921875
0.0318603515625
0.03195529513888889
0.017726798748696558
0.05269428152492669
0.033854166666666664
0.047078450520833336
0.06497434017595308
0.0421142578125
0.040730794270833336
0.014204545454545454
0.03189124487004104
0.0593887262079063
0.029866536458333332
0.042765299479166664
0.046712239583333336
0.010091145833333334
0.04209558823529412
0.047810872395833336
0.03125
0.06018518518518518
0.05087316176470588
0.0364990234375
0.0498046875
0.033284505208333336
0.04227672035139092
0.029952686202686204
0.060349560761346996
0.03180066079295154
0.03281020558002937
0.03876678876678877
0.057238286969253295
0.04287152269399707
0.036295572916666664
0.05214442815249267
0.048136393229166664
0.033970348204570185
0.030379641909814323
0.036173502604166664
0.03829747774480712
0.047648111979166664
0.05064970717423133
0.024863138686131388
0.038330078125
0.04219890510948905
0.047149122807017545
0.04113562091503268
0.036458333333333336
0.030436197916666668
0.025390625
0.03042883211678832
0.050130208333333336
0.03518484626647145
0.056437174479166664
0.042195638020833336
0.059895833333333336
0.044108072916666664
0.04964311859443631
0.04954160789844852
0.034505208333333336
0.022613525390625
0.04818281938325991
0.06647047832585949
0.04169429708222812
0.0191650390625
0.06327554744525547
0.036633211678832114
0.06867679355783309
0.037991858887381276
0.027536134903640257
0.04968887262079063
0.04886530014641288
0.04268934081346423
0.045525256222547585
0.048095703125
0.060893906020558004
0.04241398243045388
0.060349560761346996
0.035505124450951685
0.038492838541666664
0.027018229166666668
0.05523595943837754
0.0535888671875
0.05930656934306569
0.0411376953125
0.027160904255319147
0.042769607843137256
0.05719253294289898
0.0481789897510981
0.024983723958333332
0.029134114583333332
0.049601236979166664
0.033528645833333336
0.0184326171875
0.02654753761969904
0.029052734375
0.0469893850658858
0.03628576807228916
0.047770182291666664
0.04230331599479844
0.03398692810457516
0.036580403645833336
0.041111680327868855
0.04717153284671533
0.039394216691068816
0.022723082595870206
0.043701171875
0.030426427525622256
0.022501627604166668
0.037394205729166664
0.029430379746835444
0.02447509765625
0.05076979472140762
0.025431315104166668
0.03251177658142665
0.06982217573221758
0.05431002928257687
0.039394216691068816
0.06886061946902655
0.03477306002928258
0.046737536656891496
0.031078296703296704
0.0629891304347826
0.05215959004392386
0.027587890625
0.027496337890625
0.04430901759530792
0.04832214765100671
0.030181884765625
0.019099162011173183
0.015838623046875
0.044374082232011745
0.035847981770833336
0.048421223958333336
0.037133356070941335
0.017852783203125
0.03568814055636896
0.042436770428015566
0.041748046875
0.0244140625
0.0291748046875
0.04593978102189781
0.0535888671875
0.04246794871794872
0.06240822320117474
0.026088169642857144
0.024739583333333332
0.02803129074315515
0.051839192708333336
0.023518880208333332
0.039306640625
0.03759765625
0.060828380386329865
0.0543212890625
0.041056315104166664
0.028727213541666668
0.03377242152466368
0.029022216796875
0.07751277683134583
0.041819180087847733
0.058485401459854015
0.033487955729166664
0.06593155197657394
0.05122800586510264
0.027435302734375
0.0592467008797654
0.03322030791788856
0.03082275390625
0.057041666666666664
0.04499633431085044
0.055419921875
0.032267252604166664
0.0369608918128655
0.06538778877887788
0.039785242290748896
0.053914388020833336
0.06357421875
0.026692708333333332
0.05040322580645161
0.02569365798414496
0.032430013020833336
0.04172767203513909
0.044427159590043924
0.0430189588688946
0.03876788036410923
0.03536567599067599
0.039591471354166664
0.042917276720351394
0.046948356807511735
0.02626281112737921
0.0614963503649635
0.029947916666666668
0.047200520833333336
0.035550878477306
0.045450846354166664
0.046050219941348974
0.04632352941176471
0.050008138020833336
0.038492838541666664
0.0657991202346041
0.0830078125
0.05237226277372263
0.024495442708333332
0.0330810546875
0.041910807291666664
0.047035139092240115
0.027538598574821854
0.04888523391812866
0.03296019900497513
0.03260869565217391
0.034383138020833336
0.050953079178885634
0.03207357247437775
0.0562744140625
0.03790849673202614
0.015237603305785124
0.04222520107238606
0.03907393850658858
0.02655029296875
0.041407393850658857
0.033823529411764704
0.047218155197657395
0.056551976573938505
0.0627287701317716
0.025988286969253295
0.043619791666666664
0.032079646017699116
0.038419117647058826
0.0401611328125
0.0469970703125
0.042073567708333336
0.040309297218155196
0.041344026548672565
0.08057646592709984
0.0478515625
0.018908846529814272
0.0335693359375
0.06006791483113069
0.029012044270833332
0.022577092511013214
0.03827913279132791
0.05103252923976608
0.050587467362924285
0.046346028645833336
0.02799152010050251
0.0599354103343465
0.02252252252252252
0.05577480670103093
0.038167317708333336
0.048115808823529414
0.029500325520833332
0.038029925187032416
0.046723300970873786
0.03756405563689605
0.039464285714285716
0.05005490483162518
0.04108711566617863
0.03145667989417989
0.04466261061946902
0.034138997395833336
0.029927507836990594
0.03276877761413844
0.024820963541666668
0.038370768229166664
0.04659845132743363
0.027303059895833332
0.030843098958333332
0.040812174479166664
0.048911054172767206
0.036573054331864904
0.037701317715959005
0.044718424479166664
0.023640950520833332
0.031707540263543194
0.04334677419354839
0.06181376689189189
0.04972426470588235
0.040730794270833336
0.03341503267973856
0.04004083484573503
0.04936859443631039
0.04419838945827233
0.015007320644216691
0.054972330729166664
0.01275634765625
0.03853155339805825
0.025594075520833332
0.0380859375
0.0357666015625
0.04726390922401171
0.0469893850658858
0.027867050067658997
0.052052919708029194
0.05476973684210526
0.05498533724340176
0.039876302083333336
0.04494929797191888
0.042825768667642754
0.05387298091042585
0.05509334415584415
0.038411458333333336
0.03069526627218935
0.04170935792349727
0.03658156911581569
0.03271484375
0.025283412887828163
0.038330078125
0.0322136563876652
0.04515922401171303
0.040492313323572476
0.05668923865300146
0.035115559895833336
0.038167317708333336
0.052527573529411765
0.038330078125
0.06541545189504373
0.02875149164677804
0.039306640625
0.046142578125
0.0426025390625
0.02836004932182491
0.05186950146627566
0.038899739583333336
0.027506510416666668
0.0269775390625
0.06387262079062958
0.03386012585812357
0.061952554744525545
0.03179229934924078
0.03718408469945355
0.05228102189781022
0.03167850146914789
0.07033029612756264
0.046120058565153735
0.03324122236671001
0.035725911458333336
0.026976495726495728
0.03079245973645681
0.031098300970873786
0.06176793557833089
0.04299726277372263
0.0578125
0.044335651537335284
0.028446691176470588
0.05456130690161527
0.038627199413489736
0.02969436310395315
0.031144781144781145
0.050537109375
0.04324817518248175
0.05549963396778917
0.05723057184750733
0.042928059895833336
0.039265950520833336
0.028523763020833332
0.06826500732064422
0.03745404411764706
0.02854258443465492
0.04052734375
0.029236822840409956
0.031453450520833336
0.033243815104166664
0.032063802083333336
0.052065496575342464
0.05289165446559297
0.0208740234375
0.04630307467057101
0.020660400390625
0.054741753472222224
0.059027777777777776
0.02642822265625
0.04641544117647059
0.021402994791666668
0.053995768229166664
0.05036360062893082
0.04997399445214979
0.032145182291666664
0.029825846354166668
0.05540644171779141
0.04155975073313783
0.029459635416666668
0.050211588541666664
0.050048828125
0.02640007320644217
0.07256944444444445
0.027587890625
0.0676899293286219
0.043237554904831624
0.04113286969253294
0.04149963556851312
0.04403202328966521
0.05220534407027819
0.07067807625649913
0.028523763020833332
0.024332682291666668
0.05536237188872621
0.0313720703125
0.054117838541666664
0.04698350694444445
0.021209716796875
0.03488372093023256
0.046427408854166664
0.024076617826617828
0.046305338541666664
0.022664388020833332
0.040323893229166664
0.04489889705882353
0.061218887262079066
0.04369325551232166
0.03298865300146413
0.026689520078354553
0.035110533159947985
0.041069878472222224
0.029693603515625
0.05687225475841874
0.05531358885017421
0.0322265625
0.04141104294478527
0.048636530014641285
0.0579833984375
0.05064970717423133
0.04478827361563518
0.029215494791666668
0.046305338541666664
0.03551136363636364
0.0636935763888889
0.04250549048316252
0.034993489583333336
0.016469038208168644
0.055355825958702067
0.04443807339449541
0.03622512437810945
0.03032817109144543
0.04680636896046852
0.009246826171875
0.042236328125
0.03962298682284041
0.03596266471449488
0.048665364583333336
0.07099018003273322
0.029835766423357665
0.038248697916666664
0.0384521484375
0.06687317784256559
0.0362548828125
0.022542317708333332
0.044840494791666664
0.025472005208333332
0.060532576866764276
0.03551762114537445
0.04815647482014389
0.05507215619694397
0.039388020833333336
0.051798502604166664
0.0347900390625
0.029134114583333332
0.0462646484375
0.036824544270833336
0.06781684027777778
0.03825036603221083
0.05942547723935389
0.033044258373205744
0.035196940104166664
0.024888676844783714
0.040690104166666664
0.030290570175438597
0.051350911458333336
0.03746947496947497
0.054056534508076355
0.026244438264738598
0.03907290279627164
0.0409850640113798
0.01416015625
0.034346479791395046
0.042404263005780346
0.05652573529411765
0.05752532561505065
0.040376106194690266
0.012939453125
0.029125816993464053
0.03758259911894273
0.024829234972677597
0.026896158854166668
0.045491536458333336
0.021026611328125
0.03783857979502196
0.0338134765625
0.020538330078125
0.031005859375
0.032147742818057455
0.03594771241830065
0.04333941605839416
0.035196940104166664
0.04854014598540146
0.06016522988505747
0.0360107421875
0.029571533203125
0.04581801470588235
0.03258076358296623
0.018798828125
0.031097412109375
0.0461902390438247
0.045735677083333336
0.05196428571428571
0.06395985401459854
0.038296120058565156
0.04403409090909091
0.0316162109375
0.035216572504708096
0.042073567708333336
0.047652714932126694
0.060120790629575406
0.04921875
0.043986002604166664
0.06661786237188873
0.036944241982507287
0.03076171875
0.049072265625
0.048779296875
0.04032258064516129
0.05283174486803519
0.07915581597222222
0.04927708638360176
0.05665204678362573
0.053759765625
0.031778971354166664
0.08148871527777778
0.042724609375
0.028301247288503254
0.038370768229166664
0.029248366013071896
0.035685221354166664
0.03463579795021962
0.030289165446559296
0.038330078125
0.025775547445255474
0.035001830161054175
0.05508784773060029
0.05800293685756241
0.0423549926578561
0.016021728515625
0.0234375
0.022786458333333332
0.037923177083333336
0.04368758915834522
0.03664897510980966
0.038248697916666664
0.05298316251830161
0.03676075268817204
0.0487060546875
0.03270755597014925
0.046028550512445095
0.038614908854166664
0.029703776041666668
0.039265950520833336
0.05856515373352855
0.032023111979166664
0.059407552083333336
0.02066532258064516
0.042230966325036604
0.06030380673499268
0.03513367052023121
0.049641927083333336
0.05249183006535948
0.029419838945827233
0.05202232796486091
0.037923177083333336
0.03074282147315855
0.04341042584434655
0.033365885416666664
0.035400390625
0.04090314136125654
0.03875366032210834
0.0159912109375
0.06332599118942732
0.046956380208333336
0.0302734375
0.056323746312684365
0.018890380859375
0.027872721354166668
0.050008138020833336
0.05023792093704246
0.033610026041666664
0.039388020833333336
0.05431002928257687
0.032063802083333336
0.024129231770833332
0.031331380208333336
0.07010360962566844
0.05615234375
0.04095833333333333
0.0513950073421439
0.0760889458272328
0.0386962890625
0.037298387096774195
0.01877558853633572
0.01959228515625
0.046427408854166664
0.017120361328125
0.035888671875
0.057222834067547725
0.034871419270833336
0.0406494140625
0.0367431640625
0.029144287109375
0.0457997803806735
0.046120058565153735
0.027618408203125
0.039998372395833336
0.0142822265625
0.040201822916666664
0.0244140625
0.0272216796875
0.04159007352941176
0.039754231770833336
0.0296630859375
0.050618489583333336
0.04296875
0.044352213541666664
0.05528492647058823
0.02952557200538358
0.06061580882352941
0.04909407027818448
0.0408935546875
0.05339494875549048
0.06353183962264151
0.031331380208333336
0.0347900390625
0.04276798825256975
0.05671806167400881
0.041015625
0.05636935763888889
0.0405982905982906
0.04470168374816984
0.05145985401459854
0.047812957540263545
0.036410923276983094
0.05449251247920133
0.058642578125
0.041259765625
0.028687774524158126
0.023284912109375
0.045084635416666664
0.05982013081395349
0.059402332361516035
0.027069091796875
0.035550878477306
0.027586206896551724
0.06800570962479609
0.04113286969253294
0.0866427951388889
0.04904831625183016
0.0433349609375
0.035354872881355935
0.055636896046852125
0.06149341142020498
0.028634361233480177
0.03851102941176471
0.047119140625
0.06542825768667643
0.04844890510948905
0.057329795021961935
0.06591796875
0.023396809895833332
0.03569711538461538
0.044189453125
0.03433098591549296
0.023356119791666668
0.033577533577533576
0.011810302734375
0.03341503267973856
0.047999617151607964
0.045128676470588235
0.057259316770186336
0.048953442879499216
0.02081298828125
0.04638671875
0.037150065104166664
0.04269230769230769
0.0636935763888889
0.046793619791666664
0.057344890510948904
0.0272216796875
0.05138126959247649
0.045369466145833336
0.043986002604166664
0.041300455729166664
0.034871419270833336
0.03931304664723032
0.05063868613138686
0.06149045521292217
0.045491536458333336
0.023525280898876403
0.0439453125
0.05801950998185118
0.04452433628318584
0.013580322265625
0.027255969101123597
0.045450846354166664
0.05585995542347697
0.0433349609375
0.027791341145833332
0.033772786458333336
0.047444661458333336
0.04904831625183016
0.038248697916666664
0.044427159590043924
0.0400390625
0.034122562674094706
0.0457997803806735
0.03520220588235294
0.03806734992679356
0.02203369140625
0.03575487012987013
0.022341008771929825
0.0525247175141243
0.033903733528550514
0.03426339285714286
0.051107247437774526
0.04278001464128843
0.04305453879941435
0.031046549479166668
0.040364583333333336
0.059407552083333336
0.022048982869379015
0.034098307291666664
0.028113799283154123
0.056021341463414635
0.027159926470588236
0.03069506104328524
0.015380859375
0.057582260371959945
0.04309032476319351
0.03396381578947368
0.07746156661786237
0.038248697916666664
0.0364990234375
0.043009440104166664
0.0458984375
0.04213945827232796
0.033650716145833336
0.0386962890625
0.042195638020833336
0.03361742424242424
0.03388456549935149
0.05856515373352855
0.05020190895741557
0.040812174479166664
0.030335771276595744
0.0405975073313783
0.04870248538011696
0.015097283406754772
0.06546717171717172
0.050832723279648606
0.035888671875
0.03502925877763329
0.04851973684210526
0.031859756097560976
0.04969676549865229
0.05094572368421053
0.03354538300104932
0.0343017578125
0.040079639889196675
0.037435316946959896
0.04584553440702782
0.0306396484375
0.04895680819912152
0.035322108345534405
0.045089285714285714
0.039989019033674966
0.0501006588579795
0.03394948755490483
0.04370551601423488
0.0479276750330251
0.018953402366863905
0.051595052083333336
0.04067634976525822
0.03129609144542773
0.02976190476190476
0.041834677419354836
0.06985294117647059
0.05138177159590044
0.049723307291666664
0.020263671875
0.06320652173913044
0.06420036764705882
0.0412701317715959
0.042584434654919234
0.033199541284403666
0.05600292825768668
0.032511393229166664
0.06608333333333333
0.030147058823529412
0.04894301470588235
0.03874080882352941
0.034261067708333336
0.05998352855051244
0.0365234375
0.024698893229166668
0.05026382823871907
0.056193033854166664
0.0379638671875
0.044026692708333336
0.04997680890538033
0.021514892578125
0.056893382352941176
0.04076683748169839
0.05591142020497804
0.05174780380673499
0.046556122448979595
0.038736979166666664
0.03076171875
0.042642752562225474
0.02685546875
0.033487955729166664
0.033162434895833336
0.03955078125
0.05362371888726208
0.044596354166666664
0.031005859375
0.03622512437810945
0.033823529411764704
0.037394205729166664
0.04181094182825485
0.027663308913308912
0.05063122332859175
0.06563683712121213
0.039497800586510264
0.04895680819912152
0.046549479166666664
0.026583089311859445
0.029012044270833332
0.06369837758112094
0.05810761346998536
0.03143301610541727
0.03614568081991215
0.04274965800273598
0.02661237249095097
0.04168191800878477
0.03367141812865497
0.018157958984375
0.05518465909090909
0.034383138020833336
0.03765556368960468
0.04758418740849195
0.048299153645833336
0.04345703125
0.04425215208034433
0.0389697950377562
0.041788736979166664
0.032430013020833336
0.017559871495327103
0.054950585651537334
0.0399169921875
0.039876302083333336
0.044026692708333336
0.04909407027818448
0.04822870778267254
0.045125325520833336
0.05632320644216691
0.017293294270833332
0.041300455729166664
0.02361314760508309
0.06208821376281113
0.041788736979166664
0.042598897535667965
0.045247395833333336
0.042561848958333336
0.035196940104166664
0.04790446559297218
0.030965169270833332
0.024341142020497804
0.022013346354166668
0.0457763671875
0.042236328125
0.04877936857562408
0.03697984395318596
0.03308553597650514
0.02862595419847328
0.02509404924760602
0.04910130718954248
0.04767922794117647
0.0641471449487555
0.037150065104166664
0.026082356770833332
0.057025547445255474
0.031778971354166664
0.06927159590043924
0.03300147492625369
0.043530058651026396
0.038296120058565156
0.048133235724743775
0.03486456808199122
0.0651355421686747
0.051961263020833336
0.034098307291666664
0.043701171875
0.05789233576642336
0.024424518201284797
0.05326286764705882
0.034505208333333336
0.024820963541666668
0.0318603515625
0.06158491947291362
0.042146381578947366
0.033121744791666664
0.02569580078125
0.0618575624082232
0.039754231770833336
0.029012044270833332
0.040510884831460675
0.045817057291666664
0.037803138373751786
0.044444444444444446
0.0546875
0.051015739385065886
0.034224011713030744
0.020319111424541608
0.05434782608695652
0.027673927178153444
0.01904296875
0.026652018229166668
0.028717041015625
0.046120058565153735
0.052734375
0.043253580729166664
0.040052083333333335
0.024658203125
0.030680338541666668
0.01806640625
0.040323893229166664
0.06236213235294118
0.04823133680555555
0.04144874476987448
0.046305338541666664
0.044596354166666664
0.0234375
0.021785248041775458
0.041341145833333336
0.02640007320644217
0.02387558411214953
0.02456103678929766
0.0379638671875
0.03342423349056604
0.029957533234859675
0.04630307467057101
0.040470566860465115
0.017740885416666668
0.02056884765625
0.031433553597650515
0.05781938325991189
0.038899739583333336
0.037516276041666664
0.043253580729166664
0.040486653645833336
0.04346632503660322
0.037745098039215684
0.04488469985358712
0.04218521229868229
0.02685546875
0.04883954678362573
0.018768310546875
0.032302342606149344
0.03994326500732064
0.037516276041666664
0.0405982905982906
0.036694729136163985
0.04411764705882353
0.047309027777777776
0.05064970717423133
0.0155029296875
0.0249449069539667
0.038120814732142856
0.0671875
0.04046828908554572
0.05171263345195729
0.05022488755622189
0.03361269614835949
0.045572916666666664
0.04767569546120059
0.02935791015625
0.04785871156661786
0.03531678082191781
0.05124450951683748
0.045084635416666664
0.05755856515373353
0.008056640625
0.024651972157772623
0.032376802884615384
0.042073567708333336
0.03791058394160584
0.033812225475841874
0.043782552083333336
0.05666893115942029
0.023712158203125
0.035196940104166664
0.029425182481751824
0.0386962890625
0.05353139013452915
0.026702880859375
0.05732729138166895
0.03622715404699739
0.02105712890625
0.027487151248164463
0.03537515566625156
0.027791341145833332
0.039754231770833336
0.05723057184750733
0.040812174479166664
0.024739583333333332
0.04339599609375
0.03340782983970407
0.03545937042459736
0.06369134897360704
0.046223958333333336
0.018798828125
0.031402587890625
0.057080078125
0.0377197265625
0.05767223382045929
0.042277018229166664
0.04756011315417256
0.03496696035242291
0.037949346405228755
0.042230966325036604
0.05043135095447871
0.0372314453125
0.051011029411764705
0.031778971354166664
0.052833333333333336
0.0358199860724234
0.04296303074670571
0.0303955078125
0.024366740088105725
0.041951497395833336
0.02484130859375
0.06597730600292825
0.04296303074670571
0.04204795021961932
0.041219075520833336
0.035059931506849315
0.045084635416666664
0.038289388020833336
0.0506591796875
0.02962283044058745
0.012603759765625
0.05320385126162019
0.052667025862068964
0.02374267578125
0.0479502196193265
0.03962298682284041
0.034627278645833336
0.06616449511400652
0.053610703812316716
0.040771484375
0.043782552083333336
0.030218520782396088
0.042521158854166664
0.06681965442764579
0.0426025390625
0.029296875
0.039302708638360176
0.06240849194729136
0.0407807917888563
0.054469530102790015
0.02655559646539028
0.055126953125
0.04237196180555555
0.018269856770833332
0.04440065982404692
0.03987701908957415
0.02322860962566845
0.04526654411764706
0.044270833333333336
0.04584553440702782
0.05426427525622255
0.029203869047619048
0.07239963503649635
0.0570068359375
0.0047265625
0.044840494791666664
0.030935929648241205
0.046071953010279
0.06309480234260614
0.031453450520833336
0.04204795021961932
0.045084635416666664
0.04128482404692082
0.05870225694444445
0.04959736456808199
0.025105794270833332
0.018717447916666668
0.05367647058823529
0.0235595703125
0.046079282407407406
0.02240015560165975
0.04945255474452555
0.0455322265625
0.05431002928257687
0.04579662261380323
0.030637254901960783
0.0411376953125
0.04271235521235521
0.046956380208333336
0.044637044270833336
0.050862630208333336
0.037760416666666664
0.041707356770833336
0.03756405563689605
0.01965725806451613
0.04679459691252144
0.04991686819830713
0.045939127604166664
0.047688802083333336
0.024203879941434848
0.04470168374816984
0.04749267935578331
0.0536694729136164
0.05609443631039532
0.03890117994100295
0.04406112737920937
0.034349173553719005
0.041070117474302496
0.01611328125
0.023274739583333332
0.06449331275720165
0.05481332357247438
0.0186767578125
0.04410688140556369
0.044840494791666664
0.02062351895734597
0.06236203090507726
0.024341142020497804
0.041315885797950216
0.055078125
0.055453879941434844
0.014862060546875
0.034727306002928254
0.0296630859375
0.03436413673232908
0.039176626826029216
0.0283203125
0.04710276967930029
0.0459070796460177
0.05115414710485133
0.0328369140625
0.0447998046875
0.025726318359375
0.04833984375
0.04526143790849673
0.040079752604166664
0.024861653645833332
0.063134765625
0.036214192708333336
0.0179443359375
0.05060997171145686
0.04426093155893536
0.030843098958333332
0.04849926793557833
0.05751568100358423
0.026153564453125
0.02507320644216691
0.047468932748538015
0.04832516339869281
0.044427159590043924
0.02973568281938326
0.06213396778916545
0.05497408293460925
0.05920571010248902
0.035888671875
0.03369140625
0.038741186839012925
0.05394832605531295
0.029083251953125
0.027099609375
0.033121744791666664
0.0377197265625
0.029012044270833332
0.0322265625
0.038167317708333336
0.05577415812591508
0.036051432291666664
0.04561306901615272
0.036295572916666664
0.04182389937106918
0.05220534407027819
0.03738103953147877
0.05438966275659824
0.035196940104166664
0.058336383601756955
0.0579703513909224
0.026580810546875
0.07142203513909225
0.044244143484626644
0.01918377321603128
0.043416341145833336
0.050740559895833336
0.03404099560761347
0.04263032305433186
0.05050143266475645
0.0384521484375
0.0562744140625
0.037903817914831134
0.02909324522760646
0.041829427083333336
0.029746423927178155
0.03497314453125
0.04901603498542274
0.0325473137973138
0.02297165200391007
0.03527635431918009
0.030284926470588235
0.047200520833333336
0.039143880208333336
0.029508797653958946
0.05380673499267936
0.040323893229166664
0.07739212007504691
0.052877565982404694
0.03907393850658858
0.030929721815519767
0.0289306640625
0.045113469985358715
0.03481173677069199
0.03838762811127379
0.03902818448023426
0.0380952380952381
0.028279622395833332
0.030262063227953412
0.029776299879081015
0.060029282576866766
0.03925695461200586
0.030791788856304986
0.039268695014662756
0.0269775390625
0.050699869791666664
0.046028550512445095
0.05374488752556237
0.01910400390625
0.05397727272727273
0.0250244140625
0.045024964336661914
0.025221306471306472
0.04311766862170088
0.03758116883116883
0.0338134765625
0.026862026862026864
0.06298828125
0.049231332357247436
0.042277018229166664
0.0555911420204978
0.02125
0.03571428571428571
0.03475765306122449
0.05125497017892644
0.04094669117647059
0.03612012987012987
0.050924231332357246
0.020955882352941175
0.05222099853157122
0.035929361979166664
0.034871419270833336
0.0379638671875
0.04470168374816984
0.039957682291666664
0.040400805270863836
0.047403971354166664
0.028238932291666668
0.040400805270863836
0.04881386861313869
0.05961749633967789
0.044148763020833336
0.045939127604166664
0.03381598240469208
0.03736811254396249
0.015731915933528837
0.02688419117647059
0.05798017107309487
0.03842360114777618
0.013189338235294118
0.02069091796875
0.03895488980716254
0.027759129967776585
0.02978515625
0.05291970802919708
0.03321379781420765
0.058153367496339675
0.05312042459736457
0.036092122395833336
0.030606617647058822
0.02797558494404883
0.05769582723279649
0.03860294117647059
0.035970052083333336
0.05133601756954612
0.04191176470588235
0.0455710102489019
0.022110472541507026
0.0537109375
0.033534595300261094
0.0361328125
0.042805989583333336
0.03525995575221239
0.045572916666666664
0.03344144460028051
0.019083658854166668
0.033707002457002457
0.06217972181551976
0.07362196180555555
0.03687315634218289
0.05846927162367223
0.04287152269399707
0.06783681214421253
0.039469401041666664
0.03611417033773862
0.0260009765625
0.0135498046875
0.030232747395833332
0.055112092391304345
0.04061586257309942
0.027223645680819912
0.07298913043478261
0.053349194729136164
0.028717041015625
0.042805989583333336
0.03070095168374817
0.06493924889543447
0.04355783308931186
0.036008418740849195
0.036946614583333336
0.047218155197657395
0.046549479166666664
0.030950239808153476
0.0296630859375
0.022283272283272284
0.033243815104166664
0.016693115234375
0.07033862876254181
0.0394640234948605
0.03557441253263707
0.03527635431918009
0.04852941176470588
0.033154296875
0.04479319180087848
0.05107378854625551
0.04827459618208517
0.027099609375
0.060294117647058824
0.02311002994011976
0.04038915094339623
0.05691800878477306
0.03738103953147877
0.0427150974025974
0.0555709534368071
0.016425695461200585
0.049330029368575626
0.026733038348082595
0.05431002928257687
0.036539713541666664
0.037163628472222224
0.03797584187408492
0.034871419270833336
0.06397492625368732
0.06007503660322108
0.06514464594127807
0.039735639686684074
0.037109375
0.03337912087912088
0.0675845521023766
0.029724850597609563
0.06423357664233577
0.029014598540145986
0.03057861328125
0.06176793557833089
0.03451320638820639
0.057055270863836015
0.049601236979166664
0.05600292825768668
0.04067532942898975
0.05089703588143526
0.06263686131386861
0.03788793103448276
0.044930453879941434
0.04132736156351791
0.0377197265625
0.04963497150997151
0.0524031432748538
0.05002170138888889
0.027833500501504512
0.043660481770833336
0.032145182291666664
0.0423583984375
0.035074869791666664
0.040852864583333336
0.05110294117647059
0.02223133198789102
0.024617513020833332
0.019205729166666668
0.03391506189821183
0.02565954773869347
0.0466188524590164
0.020349660249150622
0.04033001474926254
0.01739501953125
0.036702473958333336
0.047159830729166664
0.027448381696428572
0.042317708333333336
0.05802919708029197
0.05023792093704246
0.024739583333333332
0.032318115234375
0.02219332855093257
0.0574951171875
0.038370768229166664
0.051875
0.045553935860058306
0.06176793557833089
0.05677621861152142
0.039989019033674966
0.050537109375
0.044962565104166664
0.03464147286821705
0.040995607613469986
0.050009150805270866
0.044840494791666664
0.04776720351390922
0.041407393850658857
0.05170204978038068
0.04886530014641288
0.04767857142857143
0.027681185944363106
0.020721435546875
0.017361111111111112
0.0423583984375
0.038736979166666664
0.020721435546875
0.041829427083333336
0.060082872928176795
0.0572509765625
0.042317708333333336
0.05009920634920635
0.048624674479166664
0.04065111420612813
0.05090565286624204
0.06622242647058824
0.06332599118942732
0.08062065972222222
0.05869360902255639
0.03912550403225806
0.0182648401826484
0.04414464023494861
0.051094890510948905
0.0501282991202346
0.031982421875
0.055453879941434844
0.0419921875
0.047159830729166664
0.05517935578330893
0.035319010416666664
0.026467250324254215
0.030929721815519767
0.039998372395833336
0.0337037037037037
0.023791152263374485
0.0453056768558952
0.052754392386530014
0.01683648111332008
0.04733376511226252
0.05753676470588235
0.05769582723279649
0.01751708984375
0.04545068027210884
0.028279622395833332
0.0106201171875
0.046875
0.03574706314243759
0.019744873046875
0.07269965277777778
0.042154947916666664
0.034175877763329
0.0699207227138643
0.049951550387596896
0.030471991701244813
0.027069091796875
0.056969026548672565
0.024832589285714284
0.04730280312907432
0.0364990234375
0.04708089311859444
0.03454428989751098
0.034505208333333336
0.030472181551976573
0.05419921875
0.02664085545722714
0.04062957540263543
0.056826500732064425
0.06222547584187409
0.054102422907488984
0.04488469985358712
0.044015373352855054
0.0458984375
0.010650634765625
0.054229678638941396
0.052845900439238654
0.0637905604719764
0.03531021897810219
0.03810270805812417
0.041259765625
0.029374084919472913
0.04790748898678414
0.024169921875
0.03109903381642512
0.048258463541666664
0.033162434895833336
0.048502604166666664
0.03369140625
0.043055555555555555
0.033045977011494254
0.025482177734375
0.04189784595300261
0.038330078125
0.048258463541666664
0.05679595827900913
0.04177342606149341
0.042928059895833336
0.048421223958333336
0.058383882149046794
0.04442508710801394
0.042765299479166664
0.024605938416422286
0.042399088541666664
0.0627287701317716
0.048304738562091505
0.053955078125
0.054280598958333336
0.026652018229166668
0.04329044117647059
0.024820963541666668
0.04439338235294118
0.02397510980966325
0.043822886297376094
0.025244140625
0.04632352941176471
0.055957174231332354
0.046028550512445095
0.03249446902654867
0.015655517578125
0.06099011713030747
0.06510416666666667
0.030558268229166668
0.06401209677419355
0.018229166666666668
0.0436493411420205
0.03452653997378768
0.028401692708333332
0.04643777614138439
0.05295521292217328
0.07149122807017544
0.039835611979166664
0.027192571785268415
0.04638671875
0.046211566617862375
0.05398975109809663
0.029740117130307466
0.040120442708333336
0.054491899852724596
0.03977272727272727
0.046549479166666664
0.037679036458333336
0.029703776041666668
0.04491899852724595
0.041097005208333336
0.0295617816091954
0.030563689604685213
0.038296120058565156
0.032633463541666664
0.044189453125
0.027058919270833332
0.045491536458333336
0.04544339005235602
0.02752685546875
0.024137298091042585
0.01743228404099561
0.0408935546875
0.041259765625
0.012481689453125
0.04827049780380673
0.0234375
0.03994326500732064
0.04298452220726783
0.030975475841874087
0.0389404296875
0.021001098096632503
0.03354779411764706
0.07310177705977383
0.04995404411764706
0.03974358974358974
0.042765299479166664
0.028605143229166668
0.030975475841874087
0.0428466796875
0.03386738578680203
0.034871419270833336
0.048728038067349926
0.05185287610619469
0.024890190336749635
0.043660481770833336
0.034423828125
0.027099609375
0.030147058823529412
0.02288818359375
0.06769930675909878
0.03709025117071094
0.03973935389133627
0.04651683381088825
0.040995607613469986
0.036921151439299124
0.04942468619246862
0.06670937042459736
0.05380673499267936
0.07655164930555555
0.02909263959390863
0.0447998046875
0.029378255208333332
0.026949121522694
0.0666796267496112
0.032470703125
0.029191068814055636
0.0259222333000997
0.04694363103953148
0.06144611436950147
0.024916056166056168
0.04163616398243045
0.033447265625
0.03262867647058824
0.03271484375
0.048095703125
0.04006057268722467
0.039754231770833336
0.039591471354166664
0.061539165446559296
0.042317708333333336
0.02004646282973621
0.014250505561172902
0.046440336749633965
0.04205949284785435
0.032307942708333336
0.02922794117647059
0.02170753286147624
0.040857380688124306
0.0260009765625
0.06735703812316715
0.040730794270833336
0.016571044921875
0.04951358296622614
0.026702680525164113
0.0299072265625
0.04191068814055637
0.03716092375366569
0.04403409090909091
0.024762426900584795
0.04084429824561404
0.04638671875
0.043212890625
0.017333984375
0.04799597364568082
0.06970447870778267
0.047218155197657395
0.030914306640625
0.041707356770833336
0.0299072265625
0.04007352941176471
0.034464518229166664
0.049112955729166664
0.038799414348462666
0.04900256222547584
0.040730794270833336
0.05499454148471616
0.057741581259150805
0.04717221467391304
0.033195970695970696
0.02981651376146789
0.038981119791666664
0.01708984375
0.017415364583333332
0.02822136563876652
0.0491943359375
0.038248697916666664
0.022732204861111112
0.03499634502923977
0.02909640762463343
0.052734375
0.030680338541666668
0.035845588235294115
0.023356119791666668
0.035431338028169015
0.062042459736456806
0.024725274725274724
0.057741581259150805
0.034423828125
0.037573313782991204
0.023406982421875
0.04565110966057441
0.03125
0.049798976608187134
0.036438067444876786
0.05755856515373353
0.044738605898123326
0.046531844802342605
0.038248697916666664
0.04868228404099561
0.021280924479166668
0.0428466796875
0.047037760416666664
0.06815217391304348
0.051519033674963396
0.0484619140625
0.04692760942760943
0.033365885416666664
0.054836152219873154
0.04335126112759644
0.05865666178623719
0.030558268229166668
0.0382080078125
0.049967447916666664
0.04647969374167776
0.024718237704918034
0.04981751824817518
0.05430879712746858
0.038330078125
0.019561767578125
0.040283203125
0.044465859030837
0.023247496423462088
0.029233870967741934
0.044840494791666664
0.01727294921875
0.03732638888888889
0.054871323529411764
0.03926043219076006
0.030109489051094892
0.033125915080527084
0.055133601756954614
0.03408722438391699
0.04017203513909224
0.05531661786237189
0.041707356770833336
0.02881595477386935
0.0469893850658858
0.05271139705882353
0.04103860294117647
0.05027573529411765
0.019209558823529413
0.0257568359375
0.027587890625
0.030598958333333332
0.02100480109739369
0.05625
0.028279622395833332
0.042521158854166664
0.031204971181556195
0.0399169921875
0.043122759856630825
0.037345201238390094
0.061962237093690246
0.06199670571010249
0.03061368778280543
0.06358695652173912
0.0272216796875
0.0426025390625
0.03292046936114733
0.05744485294117647
0.038777669270833336
0.030543785310734463
0.05092114325068871
0.0224609375
0.051319648093841645
0.034614675516224186
0.053852489019033674
0.044489146706586824
0.026407877604166668
0.04094454072790295
0.041585286458333336
0.05215959004392386
0.05627828054298643
0.04485887096774194
0.040852864583333336
0.030314127604166668
0.044596354166666664
0.040486653645833336
0.06713935574229692
0.0240478515625
0.07627196193265007
0.044244143484626644
0.040585063897763576
0.045125325520833336
0.04163616398243045
0.043416341145833336
0.044376816860465115
0.030476888020833332
0.037150065104166664
0.06540915915915915
0.06648060029282576
0.03827092511013216
0.034749348958333336
0.055728404099560765
0.047309027777777776
0.035359700520833336
0.04125184365781711
0.0487060546875
0.042538546255506605
0.02544751213592233
0.0446101756954612
0.02014947245017585
0.031778971354166664
0.031941731770833336
0.05600292825768668
0.035319010416666664
0.03857064421669107
0.021158854166666668
0.038492838541666664
0.0433349609375
0.035725911458333336
0.021809895833333332
0.05748056994818653
0.049153645833333336
0.03675660792951542
0.0333251953125
0.05312042459736457
0.024932861328125
0.03189055636896047
0.02798694779116466
0.02277309384164223
0.056048682284040995
0.0625
0.0443115234375
0.07045454545454545
0.03051470588235294
0.049479166666666664
0.05499633967789166
0.031941731770833336
0.0208740234375
0.037923177083333336
0.03720773381294964
0.042825768667642754
0.0426025390625
0.044642857142857144
0.017970737913486006
0.04950221238938053
0.06422811059907835
0.036092122395833336
0.04955161054172767
0.030095759233926128
0.024820963541666668
0.050420937042459736
0.0330810546875
0.05170036764705882
0.08555453431372549
0.06865875912408759
0.023647616136919316
0.040904099560761346
0.06318933823529412
0.015922401171303075
0.04248046875
0.04191068814055637
0.07119326500732065
0.04988954344624448
0.059609030837004404
0.04052734375
0.036539713541666664
0.038522228320526895
0.0357666015625
0.045694986979166664
0.039776917404129794
0.0374755859375
0.0412701317715959
0.035970052083333336
0.06829044117647058
0.038899739583333336
0.039326358296622614
0.05102136431784108
0.019272648083623695
0.038918963254593174
0.025936800894854586
0.037027994791666664
0.04287152269399707
0.037516276041666664
0.038822992700729926
0.03489483747609943
0.052602639296187685
0.047119140625
0.06735799701046338
0.04331864904552129
0.0364990234375
0.031656901041666664
0.041829427083333336
0.046101888020833336
0.03240582191780822
0.01361083984375
0.030680338541666668
0.04900256222547584
0.04788602941176471
0.0396728515625
0.0524798682284041
0.039469401041666664
0.03156806615776082
0.041341145833333336
0.056777539341917024
0.05507875605815832
0.04609831871345029
0.044921875
0.0518798828125
0.052281891495601175
0.039021809895833336
0.019092345505617978
0.062316715542521994
0.05658532041728763
0.02753303964757709
0.040987017310253
0.028617216117216116
0.038370768229166664
0.035888671875
0.03713503649635037
0.03359030837004405
0.020833333333333332
0.0166015625
0.041829427083333336
0.0439453125
0.06732855902777778
0.06282552083333333
0.0567807467057101
0.03657186648501362
0.042032877604166664
0.036214192708333336
0.05300516224188791
0.04492989056087551
0.028230234260614936
0.027374031007751938
0.06670937042459736
0.05087847730600293
0.047526041666666664
0.044427159590043924
0.049357096354166664
0.06439887152777778
0.039347330729166664
0.03943014705882353
0.04076683748169839
0.057459677419354836
0.04108711566617863
0.0613103953147877
0.032511393229166664
0.03895925110132158
0.03120424597364568
0.0624541788856305
0.04839154411764706
0.025518558951965066
0.0587388558692422
0.031119791666666667
0.04025342987804878
0.05179227941176471
0.04012628111273792
0.07685185185185185
0.03722794959908362
0.03177458033573141
0.039469401041666664
0.04803921568627451
0.04195644216691069
0.05019216691068814
0.050420937042459736
0.026611328125
0.03623718887262079
0.04955161054172767
0.034407027818448024
0.03230698529411765
0.05189977973568282
0.06559466019417476
0.04387811127379209
0.0642233455882353
0.03190274151436032
0.02739537444933921
0.0186767578125
0.02540260736196319
0.030680338541666668
0.02841282894736842
0.04191068814055637
0.02581787109375
0.021931966145833332
0.04451174743024963
0.042236328125
0.04936859443631039
0.055656934306569344
0.025797526041666668
0.032227835723598434
0.0272216796875
0.0357796486090776
0.021453857421875
0.0567807467057101
0.04159040995607614
0.041407393850658857
0.04053806734992679
0.033284505208333336
0.037679036458333336
0.046549479166666664
0.03039327676240209
0.02182467057101025
0.04547540381791483
0.05508784773060029
0.05126953125
0.055094401041666664
0.03367496339677892
0.04666910688140556
0.029831625183016106
0.029465592972181553
0.026814778645833332
0.03806734992679356
0.049918300653594774
0.028138726207906296
0.04964311859443631
0.06814449917898194
0.023356119791666668
0.05330344070278185
0.03447690217391304
0.024088541666666668
0.055453879941434844
0.0328369140625
0.030212483399734397
0.036444256756756756
0.059880514705882355
0.05386029411764706
0.03504758418740849
0.04044642857142857
0.06424689440993789
0.03345264317180617
0.033447265625
0.05498709439528024
0.03487068965517241
0.0344116568914956
0.03248399146211313
0.03868613138686131
0.020833333333333332
0.0314787701317716
0.054797191887675505
0.019490559895833332
0.03192138671875
0.036216381418092906
0.034993489583333336
0.04931640625
0.039306640625
0.05359877488514548
0.023060029282576867
0.041951497395833336
0.043741861979166664
0.05289165446559297
0.03758259911894273
0.04133064516129032
0.035550878477306
0.04351207906295754
0.038296120058565156
0.05618594436310395
0.06642287234042553
0.017364501953125
0.05555037313432836
0.036526505235602094
0.0729014598540146
0.042734260614934114
0.03859214390602056
0.024883540372670807
0.05321691176470588
0.04732387140902873
0.04259699853587116
0.05600292825768668
0.01311080947680158
0.040283203125
0.048828125
0.04302045728038508
0.023773193359375
0.05651978417266187
0.04520985401459854
0.047035139092240115
0.0345458984375
0.04694130127298444
0.051427525622254756
0.036695338512763596
0.04396961932650073
0.04159040995607614
0.0632608695652174
0.019287109375
0.06625258799171843
0.04706477732793522
0.043050130208333336
0.047566731770833336
0.030314127604166668
0.03696498054474708
0.040323893229166664
0.047078450520833336
0.049505856515373356
0.041748046875
0.04637656033287101
0.034972426470588236
0.05535479632063075
0.05618594436310395
0.03045099431818182
0.025634765625
0.019938151041666668
0.051567492012779555
0.05906844802342606
0.03257686676427526
0.0389404296875
0.047526041666666664
0.0725264657980456
0.032063802083333336
0.032796223958333336
0.02557650073206442
0.0394287109375
0.04011987625676721
0.0527086383601757
0.025838216145833332
0.02157846715328467
0.0369692532942899
0.018538913362701907
0.038113103953147875
0.03207357247437775
0.019353953147877013
0.03759124087591241
0.06222547584187409
0.05159883720930233
0.03239051094890511
0.05611313868613139
0.0484375
0.053349743150684935
0.021881103515625
0.02804721815519766
0.048458149779735685
0.03483252762430939
0.033365885416666664
0.02435753493013972
0.03828125
0.05517935578330893
0.03847381864623244
0.04400224215246637
0.059563142437591775
0.0435791015625
0.059516059027777776
0.03173828125
0.06018109540636042
0.07312753036437247
0.05343967013888889
0.037150065104166664
0.022039956011730207
0.0306396484375
0.03326282751091703
0.060120790629575406
0.04525073206442167
0.05036764705882353
0.0659090909090909
0.045616764275256225
0.048258463541666664
0.041259765625
0.025227864583333332
0.050211588541666664
0.05650622254758419
0.053304036458333336
0.035847981770833336
0.0416259765625
0.054972627737226276
0.044881184895833336
0.04506771595900439
0.028079710144927536
0.033854166666666664
0.026906028368794327
0.05874266862170088
0.034423828125
0.05246385083713851
0.06763253638253638
0.026808375634517767
0.04886506935687263
0.03662109375
0.034854014598540144
0.026065022421524663
0.03355457227138643
0.039957682291666664
0.02749816983894583
0.03593134034165572
0.0460205078125
0.06327895894428152
0.060666780354706684
0.04125548245614035
0.01690673828125
0.06693814055636896
0.032430013020833336
0.04790446559297218
0.052408854166666664
0.03394160583941606
0.031494140625
0.03439050868486352
0.03808737151248164
0.043375651041666664
0.059525988286969256
0.014851888020833334
0.031112737920937043
0.032511393229166664
0.03866215226939971
0.034627278645833336
0.04872311827956989
0.035550878477306
0.053110328638497656
0.039934510250569474
0.04692095588235294
0.046346028645833336
0.05298316251830161
0.01470947265625
0.032939189189189186
0.022867838541666668
0.035660282258064516
0.049370659722222224
0.049231332357247436
0.050130208333333336
0.04035505124450952
0.050089518229166664
0.03192934782608696
0.03545937042459736
0.05472181551976574
0.05037518301610542
0.04819157392686804
0.041986476608187134
0.047607421875
0.02068081991215227
0.014363606770833334
0.04749317871759891
0.02261229022704837
0.04726505139500734
0.04865731939163498
0.028116861979166668
0.05096998535871157
0.038878676470588236
0.036923499267935575
0.031941731770833336
0.05644311797752809
0.05322265625
0.018798828125
0.05036360062893082
0.034727306002928254
0.0408935546875
0.037252565982404694
0.05224609375
0.03384462759462759
0.055291970802919706
0.029754638671875
0.037316849816849816
0.07269385026737968
0.05286343612334802
0.035623409669211195
0.041300455729166664
0.029622395833333332
0.06273216939078752
0.0414481351981352
0.049845377604166664
0.042642752562225474
0.03491327751196172
0.05636935763888889
0.039353907637655415
0.039361702127659576
0.02392214640198511
0.05088495575221239
0.056826500732064425
0.038214809384164224
0.04598279648609078
0.01806640625
0.055908203125
0.012736002604166666
0.04978038067349927
0.04044655929721815
0.05758994126284875
0.0325927734375
0.07051595052083333
0.05490483162518302
0.039302708638360176
0.028420439414114516
0.05199306759098787
0.028754340277777776
0.0695529513888889
0.05408125915080527
0.035685221354166664
0.0323486328125
0.05133601756954612
0.024864130434782607
0.05055819912152269
0.019859192348565355
0.03385797950219619
0.044718424479166664
0.0855786219081272
0.03962298682284041
0.039143880208333336
0.0247802734375
0.07215073529411764
0.04249265785609398
0.07026654411764706
0.0592041015625
0.038330078125
0.043863932291666664
0.032395701643489254
0.02857142857142857
0.04348890339425587
0.039794921875
0.05301094890510949
0.023884911894273126
0.05148678414096916
0.055724557522123894
0.05897177419354839
0.03706928152492669
0.02402086383601757
0.013641133263378805
0.046630859375
0.040445963541666664
0.016989695780176645
0.026763916015625
0.04338235294117647
0.024426679586563308
0.04259699853587116
0.033203125
0.033203125
0.032162408759124086
0.05115300146412884
0.05438966275659824
0.01556396484375
0.04145220588235294
0.04419838945827233
0.0326316644993498
0.06336805555555555
0.03381598240469208
0.024236387782204515
0.018269856770833332
0.035784313725490194
0.038867474302496326
0.05264598540145985
0.053760980966325034
0.035813630041724616
0.043538411458333336
0.07499084919472913
0.05480769230769231
0.047037760416666664
0.034627278645833336
0.0306203605514316
0.04978038067349927
0.05353412256267409
0.028645833333333332
0.05654519543973941
0.038899739583333336
0.03424911137440758
0.06011029411764706
0.02060215404699739
0.02197265625
0.03758125677139762
0.02838235294117647
0.03376647144948756
0.0537109375
0.0264892578125
0.0341796875
0.05314533622559653
0.03646595900439239
0.034464003164556965
0.026814778645833332
0.039306640625
0.044575309491059145
0.047291050295857985
0.039835611979166664
0.020134839650145772
0.02099609375
0.07810212298682284
0.0281320067264574
0.0250244140625
0.042437252311756934
0.036824544270833336
0.029622395833333332
0.04106886657101865
0.044446480938416424
0.0284423828125
0.028361002604166668
0.041951497395833336
0.03518484626647145
0.053507486979166664
0.037150065104166664
0.053198313782991204
0.03909313725490196
0.034818814055636894
0.025108381502890173
0.03902818448023426
0.041666666666666664
0.025604248046875
0.04916263812154696
0.03019919590643275
0.049845377604166664
0.014434814453125
0.06271331058020478
0.038605563480741796
0.0333251953125
0.045939127604166664
0.0573301329394387
0.038004557291666664
0.04785583941605839
0.03945197947214076
0.059646332335329344
0.040730794270833336
0.047037760416666664
0.037272135416666664
0.03289246196403873
0.0542859765051395
0.04660667107001321
0.058101173020527856
0.035346097201767304
0.02960205078125
0.02990107913669065
0.035364029255319146
0.029256184895833332
0.0367503259452412
0.022614569083447333
0.039806002928257686
0.05019358407079646
0.01894685039370079
0.0343017578125
0.052408854166666664
0.06065538194444445
0.031453450520833336
0.032583841463414635
0.05233616504854369
0.037410394265232974
0.06295620437956205
0.043050130208333336
0.04218928164196123
0.03659326424870466
0.050984700520833336
0.042236328125
0.06518871753246754
0.04175844346549192
0.03759057971014493
0.05604383680555555
0.038140190972222224
0.018768310546875
0.048583984375
0.024943033854166668
0.028889973958333332
0.049034926470588235
0.04918557833089312
0.048136393229166664
0.037434895833333336
0.03330592105263158
0.037801106770833336
0.033365885416666664
0.03234809663250366
0.04491045321637427
0.036865234375
0.029215494791666668
0.047932942708333336
0.03413250366032211
0.036642699115044246
0.02987231182795699
0.046120058565153735
0.042887369791666664
0.06413755458515284
0.04888451443569554
0.06876017915309446
0.0577392578125
0.04885110294117647
0.032511393229166664
0.024932861328125
0.041558159722222224
0.060022865853658534
0.035888671875
0.030761082138200783
0.031290690104166664
0.036694729136163985
0.040730794270833336
0.08214285714285714
0.036702473958333336
0.044427159590043924
0.07131578947368421
0.046671549479166664
0.039145318021201414
0.03384657434402332
0.049560546875
0.024078369140625
0.06300403225806452
0.05797697368421053
0.056277252906976744
0.030886098981077147
0.02232796486090776
0.041463216145833336
0.03863413838120104
0.0153023598820059
0.03733528550512445
0.019674231332357246
0.04698246217331499
0.0717121335504886
0.028116861979166668
0.0245361328125
0.047566731770833336
0.036376953125
0.027263563049853373
0.03735315712187959
0.06006578947368421
0.020843505859375
0.0452880859375
0.027366682974559686
0.04830607476635514
0.034871419270833336
0.04070723684210526
0.01422119140625
0.041414650537634407
0.04680636896046852
0.05472181551976574
0.02546965317919075
0.030558268229166668
0.033162434895833336
0.0291748046875
0.052815755208333336
0.03188868613138686
0.042399088541666664
0.02795571010248902
0.040875912408759124
0.05014641288433382
0.02030608755129959
0.0481789897510981
0.0294189453125
0.026007536041939713
0.02420264175257732
0.018368617683686177
0.043538411458333336
0.07511930983847283
0.038705268389662026
0.05118709415584415
0.045939127604166664
0.040974934895833336
0.05674619932432432
0.0333251953125
0.0552496328928047
0.036539713541666664
0.028729838709677418
0.029825846354166668
0.03094482421875
0.0656616568914956
0.01739501953125
0.04071691176470588
0.041315885797950216
0.043050130208333336
0.0625
0.05931712962962963
0.03930235745614035
0.03514479472140762
0.0615234375
0.02905380673499268
0.032511393229166664
0.055453879941434844
0.02203369140625
0.02180028129395218
0.046061197916666664
0.049842297476759626
0.0281982421875
0.041910807291666664
0.09526646447140381
0.04241398243045388
0.040400805270863836
0.04156511142061281
0.037921348314606744
0.033447265625
0.04812412342215989
0.05905330882352941
0.06769301470588235
0.06781340057636888
0.041422526041666664
0.030793795620437957
0.05625
0.07633463541666667
0.025275735294117647
0.08349609375
0.0421142578125
0.042032877604166664
0.05474486049926579
0.04398939808481532
0.05508784773060029
0.030599671412924426
0.04657846715328467
0.027425130208333332
0.048136393229166664
0.017913818359375
0.053955078125
0.06808199121522694
0.06001838235294118
0.057238286969253295
0.031707540263543194
0.04726390922401171
0.05181173312883436
0.049153645833333336
0.057329795021961935
0.039143880208333336
0.05161054172767204
0.024444265463917526
0.032688492063492065
0.06995790629575403
0.030314127604166668
0.0565345080763583
0.021026611328125
0.019434306569343064
0.05532477341389728
0.029433936403508772
0.042322474377745244
0.024576822916666668
0.028767903645833332
0.04308296783625731
0.047218155197657395
0.04506771595900439
0.036417643229166664
0.0255126953125
0.0379300878477306
0.06890556368960468
0.04835219707057257
0.03079245973645681
0.033935546875
0.034138997395833336
0.016754150390625
0.03140508684863524
0.013929618768328446
0.0377197265625
0.0474216472303207
0.03289714494875549
0.04474325337331334
0.048177083333333336
0.032210834553440704
0.050980392156862744
0.032210834553440704
0.0675998263888889
0.044026692708333336
0.041468108504398825
0.02630856515373353
0.024871826171875
0.05531661786237189
0.050551470588235295
0.05560661764705882
0.05153267254038179
0.040608723958333336
0.0626073883161512
0.034138997395833336
0.04252897350993377
0.050821940104166664
0.021063790560471977
0.021443684895833332
0.04955161054172767
0.030734454314720813
0.03646595900439239
0.0378505369928401
0.048014322916666664
0.032958984375
0.03504758418740849
0.013916015625
0.046712239583333336
0.052022058823529414
0.054355783308931184
0.03667279411764706
0.0615320796460177
0.031209309895833332
0.025146484375
0.057750759878419454
0.026336669921875
0.044596354166666664
0.05379398826979472
0.015886699507389163
0.055204116059379214
0.045247395833333336
0.032674153645833336
0.03079044117647059
0.035319010416666664
0.043619791666666664
0.07612885462555066
0.04494485294117647
0.039874031007751935
0.0323051948051948
0.06350364963503649
0.05206808199121523
0.022420247395833332
0.041422526041666664
0.054709885386819486
0.029134114583333332
0.062337239583333336
0.035074869791666664
0.07070096685082873
0.041819291819291816
0.06387262079062958
0.03568814055636896
0.040625
0.0523586637298091
0.07395
0.038614908854166664
0.02955710102489019
0.057583789329685366
0.052205403645833336
0.033487955729166664
0.03359375
0.087265625
0.04931640625
0.048133235724743775
0.043923865300146414
0.05165629575402635
0.04213945827232796
0.057950367647058826
0.04827049780380673
0.034594941348973604
0.049886067708333336
0.021728515625
0.036458333333333336
0.04618011435832275
0.0195822454308094
0.02604794933655006
0.037775735294117645
0.04296875
0.05874499332443257
0.047678046989721
0.0335693359375
0.05124450951683748
0.054859077598828694
0.0313720703125
0.035001830161054175
0.06553308823529412
0.03907393850658858
0.03706076134699854
0.04345703125
0.02638582966226138
0.05276479750778816
0.024658203125
0.04578993055555555
0.015909830729166668
0.028965643274853802
0.04172767203513909
0.049414348462664716
0.031901041666666664
0.02630615234375
0.019500732421875
0.036417643229166664
0.0257568359375
0.0369873046875
0.05970080763582966
0.03850446428571429
0.047309663250366035
0.05019216691068814
0.047721449487554905
0.07405598958333333
0.047282963446475194
0.0312041788856305
0.0447998046875
0.05549812030075188
0.0323486328125
0.0413913362701909
0.047262773722627736
0.06300329428989751
0.04053806734992679
0.057291666666666664
0.05838213762811127
0.04265808344198175
0.050752569750367106
0.056372549019607844
0.019591346153846154
0.031453450520833336
0.029763926630434784
0.06030380673499268
0.04085603112840467
0.05527086383601757
0.02685546875
0.033308931185944364
0.051676432291666664
0.02374267578125
0.01706288343558282
0.04648609077598829
0.015347633136094675
0.053662109375
0.04402573529411765
0.04277234636871508
0.05206808199121523
0.04108621987951807
0.04657759882869693
0.0308837890625
0.0555708516886931
0.04817518248175182
0.048624674479166664
0.02745241581259151
0.03806734992679356
0.053263346354166664
0.03819023058252427
0.019561767578125
0.02156113537117904
0.033267457180500656
0.046915690104166664
0.033121744791666664
0.04080742385786802
0.039033882783882784
0.061791012216404886
0.048746744791666664
0.04406112737920937
0.06080212922173275
0.05568265007320644
0.023852482678983832
0.04259699853587116
0.032240634005763685
0.029825846354166668
0.045406331592689295
0.05703268876611418
0.0343612737920937
0.05161054172767204
0.07144988066825776
0.04367690058479532
0.07427153716216216
0.04767569546120059
0.05252562225475842
0.05897693997071742
0.021517412935323384
0.025797526041666668
0.044108072916666664
0.017181396484375
0.03879123263888889
0.03687315634218289
0.0350341796875
0.05069546120058565
0.035916910688140555
0.03875366032210834
0.046549479166666664
0.04012628111273792
0.047526041666666664
0.057942708333333336
0.0306457182320442
0.0418701171875
0.025191326530612245
0.03466796875
0.0418701171875
0.05975475841874085
0.025753997093023256
0.018210102489019032
0.031575520833333336
0.02611400462962963
0.040445963541666664
0.0426025390625
0.042230966325036604
0.032145182291666664
0.044158496732026147
0.0516357421875
0.035725911458333336
0.06231698389458273
0.04195205479452055
0.04102891156462585
0.047218155197657395
0.028289794921875
0.03581305309734513
0.0318603515625
0.044741189427312776
0.058430989583333336
0.07029896013864818
0.03369140625
0.02734375
0.021036783854166668
0.023300438596491228
0.031982421875
0.05241935483870968
0.021443684895833332
0.010467529296875
0.035322108345534405
0.028663500678426053
0.033610026041666664
0.039884868421052634
0.049414348462664716
0.030975475841874087
0.02328310276679842
0.02033832644628099
0.05048076923076923
0.04894301470588235
0.03950991189427313
0.02464481555333998
0.048583984375
0.06387262079062958
0.036173502604166664
0.028523763020833332
0.028523763020833332
0.04306066176470588
0.047410714285714285
0.040364583333333336
0.0283203125
0.03955580029368576
0.04168165467625899
0.04120342548076923
0.036366959064327485
0.033121744791666664
0.019368489583333332
0.032670454545454544
0.05897693997071742
0.03612741712707182
0.035319010416666664
0.027543923865300145
0.0419921875
0.044244143484626644
0.04827049780380673
0.040217789165446556
0.05312042459736457
0.025467687074829933
0.055976277372262774
0.051107247437774526
0.022664388020833332
0.033162434895833336
0.03716098748261474
0.024495442708333332
0.05604719764011799
0.04447824483775811
0.0126953125
0.0345458984375
0.04777173913043478
0.054653679653679656
0.03639285714285714
0.029947916666666668
0.04227672035139092
0.032552083333333336
0.027090964590964592
0.04278001464128843
0.033623417721518986
0.06754772393538913
0.04360250737463127
0.04443359375
0.028035481770833332
0.05752737226277372
0.04955161054172767
0.022125244140625
0.05990008156606851
0.044293879056047196
0.042317708333333336
0.04406112737920937
0.0355224609375
0.038808997050147495
0.0410413616398243
0.023733211233211232
0.037638346354166664
0.03646595900439239
0.050821940104166664
0.02044677734375
0.05334131075110456
0.031290690104166664
0.041552734375
0.029947916666666668
0.05526901294498382
0.061167279411764704
0.036229897660818716
0.043835034013605445
0.038113103953147875
0.039876302083333336
0.045848540145985404
0.022125244140625
0.035237630208333336
0.033806471306471304
0.04248046875
0.03308150183150183
0.027587890625
0.0482177734375
0.030721028645833332
0.038316813509544786
0.04250549048316252
0.01513671875
0.032918294270833336
0.05459558823529412
0.04808748169838946
0.04680616740088106
0.03588472834067548
0.021931966145833332
0.03708941605839416
0.038248697916666664
0.025227864583333332
0.058748169838945825
0.01953125
0.024772838899803536
0.05018322475570033
0.015640640640640642
0.06181368960468521
0.033162434895833336
0.0262451171875
0.023030598958333332
0.0646897810218978
0.034383138020833336
0.024943033854166668
0.037434895833333336
0.029459635416666668
0.06895616319444445
0.025472005208333332
0.05787884333821376
0.03763830347734457
0.0328125
0.02459077380952381
0.046468098958333336
0.025325392927308447
0.013142903645833334
0.05481332357247438
0.08957219251336898
0.020069648093841642
0.046712239583333336
0.04936859443631039
0.049112955729166664
0.009574915824915825
0.053597650513950074
0.057383849557522126
0.052236070381231674
0.058777573529411764
0.052129020467836254
0.05220588235294118
0.03216911764705882
0.06785322108345535
0.0562683284457478
0.05370809037900875
0.04963235294117647
0.040460043988269793
0.03023407022106632
0.055835308056872035
0.05775897226753671
0.04581925675675676
0.036907536907536904
0.025431315104166668
0.033243815104166664
0.05300564236111111
0.04355783308931186
0.046139705882352944
0.052083333333333336
0.04236733931240658
0.029937744140625
0.050125
0.030309507523939808
0.016082763671875
0.03911870503597122
0.046714860907759885
0.0330810546875
0.037027994791666664
0.0084228515625
0.039743172951885564
0.046223958333333336
0.055718315972222224
0.06810591603053436
0.05789233576642336
0.03644436997319035
0.0369692532942899
0.02112907465825447
0.022867838541666668
0.04283088235294118
0.02699586513994911
0.03120424597364568
0.030030433225921947
0.046468098958333336
0.02750855188141391
0.056772360703812315
0.0233934611048478
0.030069986979166668
0.0513916015625
0.049641927083333336
0.03545937042459736
0.06698389458272327
0.061009064885496185
0.019866943359375
0.04881386861313869
0.0183935072815534
0.048224743777452415
0.031290690104166664
0.052734375
0.07109375
0.032389322916666664
0.0651079795021962
0.035115559895833336
0.019622802734375
0.049763997395833336
0.05088975694444445
0.04122437774524158
0.0321044921875
0.052101200686106346
0.0426751138952164
0.02764892578125
0.056372549019607844
0.022420247395833332
0.02783203125
0.025716145833333332
0.04011194029850746
0.053751627604166664
0.027772693997071742
0.032623291015625
0.046211566617862375
0.038614908854166664
0.031087239583333332
0.028849283854166668
0.04708029197080292
0.021026611328125
0.04367404513888889
0.05231077147016012
0.040809768637532134
0.046668502202643174
0.018890380859375
0.0283203125
0.027180989583333332
0.05546875
0.0213623046875
0.03616005873715125
0.04667721518987342
0.02880859375
0.027872721354166668
0.036923499267935575
0.0439453125
0.041097005208333336
0.03655051622418879
0.05314343657817109
0.04733591445427729
0.042277018229166664
0.04283604135893648
0.043834206586826345
0.057779947916666664
0.038332858769931664
0.042016423357664236
0.033487955729166664
0.03140262515262515
0.04406112737920937
0.040730794270833336
0.045939127604166664
0.04712591240875912
0.03929093567251462
0.06474853157121879
0.044677734375
0.034952799479166664
0.043253580729166664
0.019622093023255814
0.04338235294117647
0.031046549479166668
0.043329062957540264
0.029508797653958946
0.03399770341207349
0.04685397039030956
0.017862955729166668
0.033894856770833336
0.0240478515625
0.03479465449804433
0.04311816939890711
0.036824544270833336
0.07641423357664233
0.0431164089347079
0.04413035961272476
0.039794921875
0.059171195652173915
0.04222328244274809
0.040445963541666664
0.022003173828125
0.05618594436310395
0.027547200520833332
0.03474922239502333
0.0367431640625
0.021077473958333332
0.030517578125
0.024755501222493887
0.06776171303074671
0.033539687924016286
0.07549826689774697
0.06565457413249211
0.0457997803806735
0.03074670571010249
0.051392806770098734
0.050823434125269976
0.0511474609375
0.043329062957540264
0.043534482758620686
0.06938325991189427
0.0250244140625
0.03353770131771596
0.053446771378708555
0.05495192307692308
0.045694986979166664
0.038289388020833336
0.04419838945827233
0.02604843953185956
0.027068014705882354
0.04154465592972181
0.030354817708333332
0.03857421875
0.03445616883116883
0.06805249632892804
0.04539161392405063
0.053059895833333336
0.04597826086956522
0.06007503660322108
0.036946614583333336
0.03728953147877013
0.040608723958333336
0.045450846354166664
0.0426885065885798
0.05851939970717423
0.03763686131386861
0.047586270190895744
0.052509124087591244
0.0242919921875
0.02288027656477438
0.033243815104166664
0.042264344262295084
0.036376953125
0.04802389705882353
0.022135416666666668
0.037679036458333336
0.033365885416666664
0.015368852459016393
0.0294189453125
0.04082935967302452
0.048616202346041054
0.0414989019033675
0.040364583333333336
0.040364583333333336
0.045616764275256225
0.048636530014641285
0.03662249283667622
0.06817349926793558
0.037882486979166664
0.05860113421550094
0.032755533854166664
0.04528061224489796
0.031036376953125
0.0372314453125
0.042683919270833336
0.016013909224011712
0.02293192918192918
0.0211181640625
0.036092122395833336
0.013631184895833334
0.042538546255506605
0.029541015625
0.05856515373352855
0.04286504424778761
0.0779896013864818
0.06336805555555555
0.05037518301610542
0.046712239583333336
0.0262451171875
0.04464869281045752
0.03897058823529412
0.054942507418397624
0.039143880208333336
0.033576642335766425
0.05591142020497804
0.026163736979166668
0.049630086313193586
0.027303059895833332
0.026539760914760915
0.025100954478707783
0.045449918566775244
0.03976024890190337
0.03237734487734488
0.03564238653001464
0.0531005859375
0.0279099560761347
0.04203615279672578
0.042724609375
0.04052734375
0.0272216796875
0.05120759587020649
0.035563151041666664
0.053821942446043165
0.057238286969253295
0.025177401746724892
0.0301513671875
0.0689607771260997
0.048974609375
0.022648243045387994
0.03728505291005291
0.029329978813559324
0.017333984375
0.04313509544787078
0.057244744744744745
0.052845900439238654
0.037272135416666664
0.045021961932650074
0.03531021897810219
0.07286458333333333
0.03625307881773399
0.061539165446559296
0.05627745241581259
0.028157552083333332
0.051066080729166664
0.07107954545454545
0.026905293367346938
0.029701760104302477
0.028594970703125
0.039794921875
0.047200520833333336
0.06240849194729136
0.035888671875
0.04058382137628111
0.0472412109375
0.044881184895833336
0.02014739663093415
0.05899298597194389
0.06834922010398614
0.041490326481257556
0.039143880208333336
0.036545924967658475
0.028367496339677892
0.02886029411764706
0.028525840597758405
0.027267555266579976
0.047875816993464056
0.0621787812041116
0.047150735294117646
0.01666259765625
0.0408935546875
0.05025773195876289
0.043131510416666664
0.045113469985358715
0.031074191279887482
0.05301094890510949
0.05318952802359882
0.040771484375
0.017862955729166668
0.054102422907488984
0.041707356770833336
0.03759765625
0.037760416666666664
0.03165938864628821
0.03435672514619883
0.026537335285505125
0.02680467091295117
0.05546418128654971
0.06944444444444445
0.026285807291666668
0.017171223958333332
0.040486653645833336
0.08444940476190477
0.04542991329479769
0.035725911458333336
0.0230712890625
0.05690161527165932
0.041544596354166664
0.045937042459736455
0.036539713541666664
0.0536694729136164
0.05061490455212922
0.06158088235294118
0.05031061746987952
0.031941731770833336
0.04666910688140556
0.06332599118942732
0.025309244791666668
0.043330536912751676
0.038248697916666664
0.048224743777452415
0.032089438339438336
0.043294270833333336
0.05378120411160059
0.030010259917920657
0.060753676470588235
0.038492838541666664
0.07035818713450293
0.047607421875
0.043212890625
0.06056985294117647
0.022125244140625
0.05174780380673499
0.020263671875
0.04331864904552129
0.024566650390625
0.050700589970501475
0.039957682291666664
0.04717240117130307
0.0413913362701909
0.050374348958333336
0.05577415812591508
0.0501708984375
0.02032470703125
0.0639183748169839
0.0469200288184438
0.053952205882352944
0.04419838945827233
0.031575520833333336
0.07950606585788561
0.05971715328467153
0.049560546875
0.017569546120058566
0.0463931718061674
0.05519301470588235
0.04084067547723935
0.029021739130434782
0.046167883211678834
0.033528645833333336
0.02631821533923304
0.027998938428874735
0.0384521484375
0.04405381944444445
0.041788736979166664
0.04554195804195804
0.02182467057101025
0.041766467065868264
0.037068684895833336
0.0252685546875
0.06327104499274311
0.058244875549048315
0.03070175438596491
0.02726063829787234
0.044419970631424374
0.05280014641288434
0.0399169921875
0.04033590308370044
0.0761891592920354
0.03100935093509351
0.0430033185840708
0.026120689655172415
0.04053806734992679
0.057203389830508475
0.017364501953125
0.026595016429353777
0.04345703125
0.05632320644216691
0.04740117130307467
0.047078450520833336
0.056551976573938505
0.040492313323572476
0.022225536992840095
0.0610816251830161
0.07842327459618209
0.030354817708333332
0.04311131386861314
0.019948755490483163
0.030208333333333334
0.04287152269399707
0.048909505208333336
0.04345703125
0.047566731770833336
0.0406085092348285
0.05910425844346549
0.025060386473429952
0.045979817708333336
0.042724609375
0.034027777777777775
0.024932861328125
0.046590169270833336
0.042917276720351394
0.05382709251101322
0.02761437908496732
0.040698746312684365
0.032267252604166664
0.047699780058651026
0.041178385416666664
0.05130323054331865
0.06466806220095694
0.0457997803806735
0.0372314453125
0.03271842878120411
0.041748046875
0.04885643115942029
0.030347047738693466
0.048772169167803546
0.04378660322108346
0.04255124450951684
0.04733455882352941
0.020660400390625
0.0655241935483871
0.026123046875
0.026866749174917492
0.03375546647230321
0.026407877604166668
0.03485265544041451
0.032674153645833336
0.05901810584958217
0.0708729868228404
0.0439453125
0.0413818359375
0.034727306002928254
0.034018456375838925
0.020909590043923867
0.043538411458333336
0.042683919270833336
0.06504549393414212
0.036702473958333336
0.038310494652406414
0.051717122395833336
0.02562225475841874
0.057454427083333336
0.028916544655929723
0.02290744837758112
0.04048713235294118
0.0477294921875
0.06930738304093567
0.058931185944363106
0.06305309734513274
0.02984619140625
0.019348205383848453
0.03157027818448024
0.0357796486090776
0.038799414348462666
0.06673728813559322
0.027913411458333332
0.03269867549668874
0.032023111979166664
0.02384020618556701
0.012828947368421053
0.0245699121522694
0.020751953125
0.032023111979166664
0.035319010416666664
0.03466352405721716
0.033772786458333336
0.05659773060029283
0.048990885416666664
0.03228654791154791
0.0498046875
0.012898763020833334
0.039347330729166664
0.0559573002754821
0.05191605839416059
0.025759516837481698
0.06809059633027523
0.0325348751835536
0.036661783854166664
0.05929721815519766
0.05048734610123119
0.0343612737920937
0.015665690104166668
0.02863987414187643
0.019744873046875
0.036661783854166664
0.02403846153846154
0.05898722627737226
0.038879751461988306
0.029598017621145375
0.036603221083455345
0.043619791666666664
0.0375
0.0472412109375
0.026041666666666668
0.038627199413489736
0.051612609329446064
0.038853236607142856
0.04868759177679882
0.0377197265625
0.04366379310344828
0.0471976401179941
0.035970052083333336
0.037272135416666664
0.02557650073206442
0.0313720703125
0.05443548387096774
0.041707356770833336
0.011489967462039046
0.05055031446540881
0.01992515756302521
0.03803034371643394
0.05791788856304985
0.047607421875
0.062445746527777776
0.07008547008547009
0.03814052795031056
0.03964416058394161
0.04799597364568082
0.024084944751381215
0.030929721815519767
0.06561127379209371
0.04777973395931143
0.033629209370424594
0.057833089311859445
0.042439778645833336
0.047322591145833336
0.03152533039647577
0.04428989751098097
0.025210468521229868
0.02466259640102828
0.03216508052708638
0.02510055693069307
0.030609443631039533
0.041788736979166664
0.054890950520833336
0.055121527777777776
0.03992290748898678
0.03237159653465346
0.039681208053691276
0.054035505124450954
0.018253058103975536
0.05742521367521367
0.061279296875
0.051273826979472144
0.05264846041055719
0.023365257595772786
0.04833984375
0.022501627604166668
0.027384440104166668
0.036214192708333336
0.07205703883495146
0.0509033203125
0.049505856515373356
0.034261067708333336
0.0275749063670412
0.036661783854166664
0.05102790014684288
0.038330078125
0.032063802083333336
0.040079752604166664
0.060262044270833336
0.024871826171875
0.005533484676503973
0.028971354166666668
0.03210499316005472
0.031707540263543194
0.07474662162162163
0.051762114537444934
0.052083333333333336
0.03555534055727554
0.05353826151560178
0.021613023952095807
0.050821940104166664
0.039826642335766424
0.026348720800889878
0.02581787109375
0.037773722627737226
0.041748046875
0.020279588766298897
0.053263346354166664
0.045979817708333336
0.05469890510948905
0.04849926793557833
0.029012044270833332
0.0389404296875
0.06535766961651918
0.036923499267935575
0.0313720703125
0.046183268229166664
0.04817518248175182
0.047127386196769455
0.033203125
0.0440673828125
0.031290690104166664
0.038655598958333336
0.028116861979166668
0.06229096989966555
0.05265347633136094
0.04708089311859444
0.0343017578125
0.036924552429667516
0.03369140625
0.0512902635431918
0.031412760416666664
0.042928059895833336
0.048060344827586206
0.050293685756240825
0.037773722627737226
0.037516276041666664
0.036015300829875516
0.048621323529411765
0.053852489019033674
0.037903817914831134
0.060221354166666664
0.044825072886297376
0.027140299479166668
0.0299072265625
0.022542317708333332
0.0362548828125
0.014689127604166666
0.059027777777777776
0.05326286764705882
0.021458638360175697
0.04394244868035191
0.029239766081871343
0.06922332185886403
0.045572916666666664
0.042225346020761244
0.04065217391304348
0.04497620790629575
0.01650246305418719
0.04808748169838946
0.030802408854166668
0.045206705729166664
0.0255307467057101
0.024094827586206898
0.0524948024948025
0.033125915080527084
0.05635095447870778
0.045100415512465374
0.028916544655929723
0.04345703125
0.045450846354166664
0.037516276041666664
0.0394287109375
0.03662109375
0.037901785714285714
0.041285569105691054
0.0416259765625
0.057332356770833336
0.04598017621145375
0.06098568281938326
0.0397875816993464
0.06515373352855051
0.04453812316715543
0.020833333333333332
0.07112630208333333
0.040283203125
0.03071895424836601
0.03177623056994819
0.052236070381231674
0.041259765625
0.038718553459119495
0.046440336749633965
0.017866035856573707
0.03207599118942731
0.020294189453125
0.04010280678851175
0.041468108504398825
0.04117268041237113
0.04227672035139092
0.06569343065693431
0.039957682291666664
0.0325927734375
0.05398220486111111
0.03358453473132372
0.040703010279001466
0.061368778280542984
0.060349560761346996
0.014678955078125
0.034138997395833336
0.06181569343065693
0.040364583333333336
0.04259699853587116
0.039510091145833336
0.018157958984375
0.03469776995305164
0.027549342105263157
0.04455763582966226
0.0469893850658858
0.04062957540263543
0.03902818448023426
0.04180340095465394
0.04435483870967742
0.028279622395833332
0.042784926470588236
0.04311766862170088
0.033314977973568284
0.045082720588235294
0.0330810546875
0.0625
0.05267857142857143
0.036539713541666664
0.052083333333333336
0.0452880859375
0.032796223958333336
0.08742559523809523
0.0701409224011713
0.04318576388888889
0.017706808199121522
0.03662683823529412
0.03125
0.027681185944363106
0.03609332884097035
0.04154411764705882
0.03263070692194404
0.037760416666666664
0.0380859375
0.043660481770833336
0.01849756267409471
0.042655109489051095
0.06030380673499268
0.05956744868035191
0.0205078125
0.031941731770833336
0.030598958333333332
0.05531661786237189
0.0440673828125
0.04522058823529412
0.04037408759124088
0.03285373900293255
0.0599585843373494
0.036865234375
0.025960286458333332
0.024698893229166668
0.058797200520833336
0.03216297078493488
0.041544596354166664
0.032063802083333336
0.043253580729166664
0.029599201474201475
0.027736884368308352
0.06396412884333821
0.04232708933717579
0.0230712890625
0.035807291666666664
0.03551762114537445
0.04244255150554675
0.049640486725663714
0.054606119791666664
0.02936857562408223
0.02700206855791962
0.033162434895833336
0.024687118437118436
0.04974302496328928
0.06287911611785095
0.059582817017761254
0.045483576642335766
0.028778076171875
0.050329428989751096
0.0399169921875
0.06255425347222222
0.014797794117647058
0.07041544655929721
0.019242803504380474
0.04132908950617284
0.036290322580645164
0.02651654411764706
0.035400390625
0.039603960396039604
0.03267883480825959
0.05702039930555555
0.029321743388834476
0.04509196696696697
0.044230143229166664
0.032918294270833336
0.02813946759259259
0.03271484375
0.026270772238514175
0.04453125
0.05955014749262537
0.035400390625
0.043172200520833336
0.04946010248901903
0.03831994645247657
0.04913321167883212
0.023115808823529413
0.041707356770833336
0.0404052734375
0.04586397058823529
0.02251476377952756
0.052327473958333336
0.036417643229166664
0.033284505208333336
0.03908029612756264
0.05596374045801527
0.04685205580029369
0.06617132867132867
0.045694986979166664
0.04859077598828697
0.03118131868131868
0.05055292259083728
0.03739904552129222
0.05713105726872247
0.05752737226277372
0.02392578125
0.0382080078125
0.04248046875
0.049826134699853586
0.059185606060606064
0.018009985734664766
0.029581705729166668
0.0213623046875
0.06526548672566372
0.041463216145833336
0.033812225475841874
0.046622613803230545
0.052300347222222224
0.03471209912536443
0.05372242647058824
0.031021229868228403
0.027609427609427608
0.04909407027818448
0.04769536019536019
0.06800570962479609
0.04868228404099561
0.04886530014641288
0.029703776041666668
0.02906021897810219
0.031819661458333336
0.035074869791666664
0.04120879120879121
0.05658039647577093
0.055679563492063495
0.048502604166666664
0.018164348462664716
0.043244485294117646
0.012176513671875
0.042734260614934114
0.04248046875
0.01806640625
0.0341796875
0.041219075520833336
0.026285807291666668
0.05659773060029283
0.03125
0.04792888563049853
0.0501741202346041
0.03881682389937107
0.058200354609929075
0.026652018229166668
0.02655029296875
0.07899305555555555
0.03725626740947075
0.03106508875739645
0.03033447265625
0.04716149506346968
0.04352022058823529
0.03993566176470588
0.04377753303964758
0.05791788856304985
0.03093065693430657
0.013631184895833334
0.017374363867684477
0.02664233576642336
0.03006993006993007
0.028055555555555556
0.053426106770833336
0.06741504854368932
0.040079752604166664
0.029577349869451697
0.06498893805309734
0.05872764530551416
0.05391304347826087
0.04052734375
0.023673289738430584
0.06672443674176777
0.03223064853556486
0.03477306002928258
0.05215959004392386
0.036417643229166664
0.05154875366568915
0.04154368358913813
0.0412701317715959
0.03157027818448024
0.018563329646017698
0.053629557291666664
0.06976996527777778
0.03596266471449488
0.050048828125
0.05838213762811127
0.039713541666666664
0.039851756954612
0.03843338213762811
0.02718712029161604
0.037272135416666664
0.02978515625
0.07415069686411149
0.037767163212435235
0.04505813953488372
0.060441068814055636
0.04474743777452416
0.02373533724340176
0.04499080882352941
0.0296630859375
0.05573181049069374
0.04456442166910688
0.061722181551976577
0.05312042459736457
0.04893663194444445
0.03235456553755523
0.04367412746585736
0.040771484375
0.0567807467057101
0.04262980085348506
0.038899739583333336
0.056048682284040995
0.0484619140625
0.0435791015625
0.05471632841328413
0.04836200585651537
0.026163736979166668
0.02570129469790382
0.018513997395833332
0.034912109375
0.04639458272327965
0.026064610866372982
0.02685546875
0.042642752562225474
0.04546552835051546
0.025663154069767442
0.037068684895833336
0.03742679355783309
0.018878299120234605
0.03265398550724638
0.056070963541666664
0.03333635703918723
0.0155029296875
0.04758036935704514
0.040995607613469986
0.049072265625
0.050102599179206564
0.027216427640156454
0.0311279296875
0.046096041055718476
0.032755533854166664
0.047037760416666664
0.05857007575757576
0.046714860907759885
0.03079245973645681
0.046028550512445095
0.033894856770833336
0.055636896046852125
0.038289388020833336
0.0516264619883041
0.043050130208333336
0.042277018229166664
0.019927978515625
0.048343267882187936
0.023712158203125
0.034138997395833336
0.06273045722713864
0.039021809895833336
0.0279099560761347
0.01800537109375
0.036173502604166664
0.05454963235294118
0.022419472913616397
0.01898193359375
0.045125325520833336
0.051472981770833336
0.04213945827232796
0.05950846833578792
0.038370768229166664
0.035596632503660325
0.04547950219619327
0.049031575520833336
0.053263346354166664
0.06458672638436481
0.05740571776155718
0.057071167883211676
0.031112737920937043
0.06244584055459272
0.06542825768667643
0.03930572851805728
0.037923177083333336
0.05363051470588235
0.024707174231332358
0.03946374622356495
0.039388020833333336
0.030110677083333332
0.035929361979166664
0.03687774524158126
0.04017253044654939
0.05849004424778761
0.06353081597222222
0.05278592375366569
0.03417825768667643
0.016403958944281524
0.05031158357771261
0.03143011527377522
0.03125
0.031364468864468864
0.030517578125
0.049886067708333336
0.033528645833333336
0.04009347507331378
0.04017203513909224
0.04113286969253294
0.05005490483162518
0.034993489583333336
0.016262070815450645
0.04630139500734214
0.0433349609375
0.030517935578330893
0.038655598958333336
0.0499267578125
0.035001830161054175
0.06254588839941262
0.01809934017595308
0.048636530014641285
0.030498633879781422
0.047932942708333336
0.030965169270833332
0.0333251953125
0.05113636363636364
0.02603454172366621
0.04949722607489598
0.03955078125
0.05710102489019034
0.02910958904109589
0.047721449487554905
0.035196940104166664
0.019483805668016194
0.03587115666178624
0.04764416315049227
0.04515922401171303
0.03170955882352941
0.0618562734082397
0.034498535871156664
0.04053806734992679
0.0362548828125
0.05126510574018127
0.037150065104166664
0.043782552083333336
0.04740117130307467
0.046370967741935484
0.027262369791666668
0.029740117130307466
0.03041056166056166
0.033203125
0.039897510980966326
0.06754912663755458
0.041341145833333336
0.023478190104166668
0.044343065693430654
0.044270833333333336
0.034098307291666664
0.061722181551976577
0.036661783854166664
0.04298020527859238
0.022595202769535114
0.037701317715959005
0.028275988286969252
0.037923177083333336
0.043146046852122984
0.038929738562091504
0.03759765625
0.06130642361111111
0.026445827232796485
0.039021809895833336
0.03579295154185022
0.0360107421875
0.022482014388489208
0.0413818359375
0.0499267578125
0.03523060029282577
0.05383109619686801
Inference time: Process: 38347.679636812  Perf ctr: 26572.44935759902
